3.4182 	WARNING 	We strongly recommend you activate the PTB sound engine in PsychoPy prefs as the preferred audio engine. Its timing is vastly superior. Your prefs are currently set to use ['sounddevice', 'PTB', 'pyo', 'pygame'] (in that order).
9.0869 	EXP 	Created window1 = Window(allowGUI=False, allowStencil=False, autoLog=True, backendConf=UNKNOWN, bitsMode=UNKNOWN, blendMode='avg', bpc=(8, 8, 8), color=array([1, 1, 1]), colorSpace='rgb', depthBits=8, fullscr=<method-wrapper '__getattribute__' of attributeSetter object at 0x00000141EFDD2FD0>, gamma=None, gammaErrorPolicy='raise', lms=UNKNOWN, monitor=<psychopy.monitors.calibTools.Monitor object at 0x00000141EFDB0400>, multiSample=False, name='window1', numSamples=2, pos=None, screen=0, size=array([3440, 1440]), stencilBits=0, stereo=False, units='height', useFBO=True, useRetina=False, viewOri=0.0, viewPos=None, viewScale=None, waitBlanking=True, winType='glfw')
9.0875 	EXP 	window1: mouseVisible = True
9.0875 	EXP 	window1: recordFrameIntervals = False
9.2534 	EXP 	window1: recordFrameIntervals = True
9.4370 	EXP 	window1: recordFrameIntervals = False
10.3185 	EXP 	Created text = TextStim(__class__=<class 'psychopy.visual.text.TextStim'>, alignHoriz=method-wrapper(...), alignText='center', alignVert=method-wrapper(...), anchorHoriz='center', anchorVert='center', antialias=True, autoLog=True, bold=False, color=array([-1., -1., -1.]), colorSpace='rgb', contrast=1.0, depth=0.0, flipHoriz=False, flipVert=False, font='Open Sans', fontFiles=[], height=0.03, italic=False, languageStyle='LTR', name='text', opacity=1, ori=0.0, pos=array([0., 0.]), rgb=UNKNOWN, text=str(...), units='height', win=Window(...), wrapWidth=1)
10.3211 	EXP 	Created polygon_2 = ShapeStim(__class__=<class 'psychopy.visual.shape.ShapeStim'>, autoDraw=False, autoLog=True, closeShape=True, color=method-wrapper(...), colorSpace='rgb', contrast=None, depth=0.0, fillColor=array([-1, -1, -1]), fillColorSpace='rgb', fillRGB=array([-1, -1, -1]), interpolate=True, lineColor=array([0., 0., 0.]), lineColorSpace='rgb', lineRGB=array([0, 0, 0]), lineWidth=0.001, name='polygon_2', opacity=0.5, ori=0.0, pos=array([0., 0.]), size=array([0.1, 0.1]), units='height', vertices=ndarray(...), win=Window(...), windingRule=None)
10.3380 	EXP 	Created text_8 = TextStim(__class__=<class 'psychopy.visual.text.TextStim'>, alignHoriz=method-wrapper(...), alignText='center', alignVert=method-wrapper(...), anchorHoriz='center', anchorVert='center', antialias=True, autoLog=True, bold=False, color=array([-1., -1., -1.]), colorSpace='rgb', contrast=1.0, depth=0.0, flipHoriz=False, flipVert=False, font='Open Sans', fontFiles=[], height=0.1, italic=False, languageStyle='LTR', name='text_8', opacity=1, ori=0.0, pos=array([0., 0.]), rgb=UNKNOWN, text='Gör dig redo att memorera NAMN.', units='height', win=Window(...), wrapWidth=1)
10.3401 	EXP 	Created polygon_5 = ShapeStim(__class__=<class 'psychopy.visual.shape.ShapeStim'>, autoDraw=False, autoLog=True, closeShape=True, color=method-wrapper(...), colorSpace='rgb', contrast=None, depth=-1.0, fillColor=array([-1, -1, -1]), fillColorSpace='rgb', fillRGB=array([-1, -1, -1]), interpolate=True, lineColor=array([0., 0., 0.]), lineColorSpace='rgb', lineRGB=array([0, 0, 0]), lineWidth=0.001, name='polygon_5', opacity=0.5, ori=0.0, pos=array([0., 0.]), size=array([0.1, 0.1]), units='height', vertices=ndarray(...), win=Window(...), windingRule=None)
10.3454 	EXP 	Created image = ImageStim(__class__=<class 'psychopy.visual.image.ImageStim'>, autoLog=True, color=array([1., 1., 1.]), colorSpace='rgb', contrast=1.0, depth=-1.0, flipHoriz=False, flipVert=False, image='sin', interpolate=True, mask=None, maskParams=None, name='image', opacity=1, ori=0.0, pos=array([0.   , 0.125]), size=array([0.743, 0.75 ]), texRes=128.0, units='height', win=Window(...))
10.3467 	EXP 	Created text_4 = TextStim(__class__=<class 'psychopy.visual.text.TextStim'>, alignHoriz=method-wrapper(...), alignText='center', alignVert=method-wrapper(...), anchorHoriz='center', anchorVert='center', antialias=True, autoLog=True, bold=False, color=array([-1., -1., -1.]), colorSpace='rgb', contrast=1.0, depth=-2.0, flipHoriz=False, flipVert=False, font='Open Sans', fontFiles=[], height=0.1, italic=False, languageStyle='LTR', name='text_4', opacity=1, ori=0.0, pos=array([ 0.   , -0.375]), rgb=UNKNOWN, text='', units='height', win=Window(...), wrapWidth=1)
10.3488 	EXP 	Created polygon_6 = ShapeStim(__class__=<class 'psychopy.visual.shape.ShapeStim'>, autoDraw=False, autoLog=True, closeShape=True, color=method-wrapper(...), colorSpace='rgb', contrast=None, depth=0.0, fillColor=array([-1, -1, -1]), fillColorSpace='rgb', fillRGB=array([-1, -1, -1]), interpolate=True, lineColor=array([0., 0., 0.]), lineColorSpace='rgb', lineRGB=array([0, 0, 0]), lineWidth=0.001, name='polygon_6', opacity=0.5, ori=0.0, pos=array([0., 0.]), size=array([0.1, 0.1]), units='height', vertices=ndarray(...), win=Window(...), windingRule=None)
10.3699 	EXP 	Created text_7 = TextStim(__class__=<class 'psychopy.visual.text.TextStim'>, alignHoriz=method-wrapper(...), alignText='center', alignVert=method-wrapper(...), anchorHoriz='center', anchorVert='center', antialias=True, autoLog=True, bold=False, color=array([-1., -1., -1.]), colorSpace='rgb', contrast=1.0, depth=0.0, flipHoriz=False, flipVert=False, font='Open Sans', fontFiles=[], height=0.1, italic=False, languageStyle='LTR', name='text_7', opacity=1, ori=0.0, pos=array([0., 0.]), rgb=UNKNOWN, text=str(...), units='height', win=Window(...), wrapWidth=1)
10.3721 	EXP 	Created polygon_3 = ShapeStim(__class__=<class 'psychopy.visual.shape.ShapeStim'>, autoDraw=False, autoLog=True, closeShape=True, color=method-wrapper(...), colorSpace='rgb', contrast=None, depth=-1.0, fillColor=array([-1, -1, -1]), fillColorSpace='rgb', fillRGB=array([-1, -1, -1]), interpolate=True, lineColor=array([0., 0., 0.]), lineColorSpace='rgb', lineRGB=array([0, 0, 0]), lineWidth=0.001, name='polygon_3', opacity=0.5, ori=0.0, pos=array([0., 0.]), size=array([0.1, 0.1]), units='height', vertices=ndarray(...), win=Window(...), windingRule=None)
10.3781 	EXP 	Created image_3 = ImageStim(__class__=<class 'psychopy.visual.image.ImageStim'>, autoLog=True, color=array([1., 1., 1.]), colorSpace='rgb', contrast=1.0, depth=-1.0, flipHoriz=False, flipVert=False, image='sin', interpolate=True, mask=None, maskParams=None, name='image_3', opacity=1, ori=0.0, pos=array([0.   , 0.125]), size=array([0.743, 0.75 ]), texRes=128.0, units='height', win=Window(...))
10.3792 	EXP 	Created text_6 = TextStim(__class__=<class 'psychopy.visual.text.TextStim'>, alignHoriz=method-wrapper(...), alignText='center', alignVert=method-wrapper(...), anchorHoriz='center', anchorVert='center', antialias=True, autoLog=True, bold=False, color=array([-1., -1., -1.]), colorSpace='rgb', contrast=1.0, depth=-2.0, flipHoriz=False, flipVert=False, font='Open Sans', fontFiles=[], height=0.1, italic=False, languageStyle='LTR', name='text_6', opacity=1, ori=0.0, pos=array([ 0.   , -0.375]), rgb=UNKNOWN, text='', units='height', win=Window(...), wrapWidth=1)
10.3811 	EXP 	Created polygon = ShapeStim(__class__=<class 'psychopy.visual.shape.ShapeStim'>, autoDraw=False, autoLog=True, closeShape=True, color=method-wrapper(...), colorSpace='rgb', contrast=None, depth=0.0, fillColor=array([-1, -1, -1]), fillColorSpace='rgb', fillRGB=array([-1, -1, -1]), interpolate=True, lineColor=array([0., 0., 0.]), lineColorSpace='rgb', lineRGB=array([0, 0, 0]), lineWidth=0.1, name='polygon', opacity=0.5, ori=0.0, pos=array([0., 0.]), size=array([0.1, 0.1]), units='height', vertices=ndarray(...), win=Window(...), windingRule=None)
10.4754 	EXP 	Created Circle = ImageStim(__class__=<class 'psychopy.visual.image.ImageStim'>, autoLog=True, color=array([1., 1., 1.]), colorSpace='rgb', contrast=1.0, depth=-1.0, flipHoriz=False, flipVert=False, image='Circle.png', interpolate=True, mask=None, maskParams=None, name='Circle', opacity=1, ori=0.0, pos=array([0., 0.]), size=array([0.1, 0.1]), texRes=128.0, units='height', win=Window(...))
10.4868 	EXP 	Created text_9 = TextStim(__class__=<class 'psychopy.visual.text.TextStim'>, alignHoriz=method-wrapper(...), alignText='center', alignVert=method-wrapper(...), anchorHoriz='center', anchorVert='center', antialias=True, autoLog=True, bold=False, color=array([1., 1., 1.]), colorSpace='rgb', contrast=1.0, depth=0.0, flipHoriz=False, flipVert=False, font='Open Sans', fontFiles=[], height=0.1, italic=False, languageStyle='LTR', name='text_9', opacity=1, ori=0.0, pos=array([0., 0.]), rgb=UNKNOWN, text='Gör dig redo att memorera YRKE', units='height', win=Window(...), wrapWidth=1)
10.4889 	EXP 	Created polygon_4 = ShapeStim(__class__=<class 'psychopy.visual.shape.ShapeStim'>, autoDraw=False, autoLog=True, closeShape=True, color=method-wrapper(...), colorSpace='rgb', contrast=None, depth=-1.0, fillColor=array([-1, -1, -1]), fillColorSpace='rgb', fillRGB=array([-1, -1, -1]), interpolate=True, lineColor=array([0., 0., 0.]), lineColorSpace='rgb', lineRGB=array([0, 0, 0]), lineWidth=0.001, name='polygon_4', opacity=0.5, ori=0.0, pos=array([0., 0.]), size=array([0.1, 0.1]), units='height', vertices=ndarray(...), win=Window(...), windingRule=None)
10.4936 	EXP 	Created image = ImageStim(__class__=<class 'psychopy.visual.image.ImageStim'>, autoLog=True, color=array([1., 1., 1.]), colorSpace='rgb', contrast=1.0, depth=-1.0, flipHoriz=False, flipVert=False, image='sin', interpolate=True, mask=None, maskParams=None, name='image', opacity=1, ori=0.0, pos=array([0.   , 0.125]), size=array([0.743, 0.75 ]), texRes=128.0, units='height', win=Window(...))
10.4951 	EXP 	Created text_4 = TextStim(__class__=<class 'psychopy.visual.text.TextStim'>, alignHoriz=method-wrapper(...), alignText='center', alignVert=method-wrapper(...), anchorHoriz='center', anchorVert='center', antialias=True, autoLog=True, bold=False, color=array([-1., -1., -1.]), colorSpace='rgb', contrast=1.0, depth=-2.0, flipHoriz=False, flipVert=False, font='Open Sans', fontFiles=[], height=0.1, italic=False, languageStyle='LTR', name='text_4', opacity=1, ori=0.0, pos=array([ 0.   , -0.375]), rgb=UNKNOWN, text='', units='height', win=Window(...), wrapWidth=1)
10.4973 	EXP 	Created polygon_6 = ShapeStim(__class__=<class 'psychopy.visual.shape.ShapeStim'>, autoDraw=False, autoLog=True, closeShape=True, color=method-wrapper(...), colorSpace='rgb', contrast=None, depth=0.0, fillColor=array([-1, -1, -1]), fillColorSpace='rgb', fillRGB=array([-1, -1, -1]), interpolate=True, lineColor=array([0., 0., 0.]), lineColorSpace='rgb', lineRGB=array([0, 0, 0]), lineWidth=0.001, name='polygon_6', opacity=0.5, ori=0.0, pos=array([0., 0.]), size=array([0.1, 0.1]), units='height', vertices=ndarray(...), win=Window(...), windingRule=None)
10.5095 	EXP 	Created text_7 = TextStim(__class__=<class 'psychopy.visual.text.TextStim'>, alignHoriz=method-wrapper(...), alignText='center', alignVert=method-wrapper(...), anchorHoriz='center', anchorVert='center', antialias=True, autoLog=True, bold=False, color=array([-1., -1., -1.]), colorSpace='rgb', contrast=1.0, depth=0.0, flipHoriz=False, flipVert=False, font='Open Sans', fontFiles=[], height=0.1, italic=False, languageStyle='LTR', name='text_7', opacity=1, ori=0.0, pos=array([0., 0.]), rgb=UNKNOWN, text=str(...), units='height', win=Window(...), wrapWidth=1)
10.5116 	EXP 	Created polygon_3 = ShapeStim(__class__=<class 'psychopy.visual.shape.ShapeStim'>, autoDraw=False, autoLog=True, closeShape=True, color=method-wrapper(...), colorSpace='rgb', contrast=None, depth=-1.0, fillColor=array([-1, -1, -1]), fillColorSpace='rgb', fillRGB=array([-1, -1, -1]), interpolate=True, lineColor=array([0., 0., 0.]), lineColorSpace='rgb', lineRGB=array([0, 0, 0]), lineWidth=0.001, name='polygon_3', opacity=0.5, ori=0.0, pos=array([0., 0.]), size=array([0.1, 0.1]), units='height', vertices=ndarray(...), win=Window(...), windingRule=None)
10.5153 	EXP 	Created image_3 = ImageStim(__class__=<class 'psychopy.visual.image.ImageStim'>, autoLog=True, color=array([1., 1., 1.]), colorSpace='rgb', contrast=1.0, depth=-1.0, flipHoriz=False, flipVert=False, image='sin', interpolate=True, mask=None, maskParams=None, name='image_3', opacity=1, ori=0.0, pos=array([0.   , 0.125]), size=array([0.743, 0.75 ]), texRes=128.0, units='height', win=Window(...))
10.5167 	EXP 	Created text_6 = TextStim(__class__=<class 'psychopy.visual.text.TextStim'>, alignHoriz=method-wrapper(...), alignText='center', alignVert=method-wrapper(...), anchorHoriz='center', anchorVert='center', antialias=True, autoLog=True, bold=False, color=array([-1., -1., -1.]), colorSpace='rgb', contrast=1.0, depth=-2.0, flipHoriz=False, flipVert=False, font='Open Sans', fontFiles=[], height=0.1, italic=False, languageStyle='LTR', name='text_6', opacity=1, ori=0.0, pos=array([ 0.   , -0.375]), rgb=UNKNOWN, text='', units='height', win=Window(...), wrapWidth=1)
10.5186 	EXP 	Created polygon = ShapeStim(__class__=<class 'psychopy.visual.shape.ShapeStim'>, autoDraw=False, autoLog=True, closeShape=True, color=method-wrapper(...), colorSpace='rgb', contrast=None, depth=0.0, fillColor=array([-1, -1, -1]), fillColorSpace='rgb', fillRGB=array([-1, -1, -1]), interpolate=True, lineColor=array([0., 0., 0.]), lineColorSpace='rgb', lineRGB=array([0, 0, 0]), lineWidth=0.1, name='polygon', opacity=0.5, ori=0.0, pos=array([0., 0.]), size=array([0.1, 0.1]), units='height', vertices=ndarray(...), win=Window(...), windingRule=None)
10.6066 	EXP 	Created Circle = ImageStim(__class__=<class 'psychopy.visual.image.ImageStim'>, autoLog=True, color=array([1., 1., 1.]), colorSpace='rgb', contrast=1.0, depth=-1.0, flipHoriz=False, flipVert=False, image='Circle.png', interpolate=True, mask=None, maskParams=None, name='Circle', opacity=1, ori=0.0, pos=array([0., 0.]), size=array([0.1, 0.1]), texRes=128.0, units='height', win=Window(...))
10.6275 	EXP 	Created text_2 = TextStim(__class__=<class 'psychopy.visual.text.TextStim'>, alignHoriz=method-wrapper(...), alignText='center', alignVert=method-wrapper(...), anchorHoriz='center', anchorVert='center', antialias=True, autoLog=True, bold=False, color=array([-1., -1., -1.]), colorSpace='rgb', contrast=1.0, depth=0.0, flipHoriz=False, flipVert=False, font='Open Sans', fontFiles=[], height=0.1, italic=False, languageStyle='LTR', name='text_2', opacity=1, ori=0.0, pos=array([0., 0.]), rgb=UNKNOWN, text=str(...), units='height', win=Window(...), wrapWidth=1)
10.8108 	EXP 	text: autoDraw = True
11.9525 	DATA 	Keypress: 1
11.9629 	EXP 	text: autoDraw = False
11.9629 	EXP 	polygon_2: autoDraw = True
12.0844 	DATA 	Keypress: 1
30.4650 	DATA 	Keypress: s
30.4665 	DATA 	Keypress: s
30.4728 	EXP 	polygon_2: autoDraw = False
30.4728 	EXP 	text_8: autoDraw = True
35.4618 	EXP 	polygon_5: autoDraw = True
35.4785 	EXP 	text_8: autoDraw = False
37.4537 	EXP 	Imported TrialRows.xlsx as conditions, 5 conditions, 2 params
37.4541 	EXP 	Created sequence: random, trialTypes=5, nReps=1, seed=None
37.4543 	EXP 	New trial (rep=0, index=0): {'TrialRows_Name': '12:18', 'TrialRows_Proffession': '42:48'}
37.4738 	EXP 	Imported Encoding.xlsx as conditions, 2 conditions, 8 params
37.4742 	EXP 	Created sequence: random, trialTypes=2, nReps=1, seed=None
37.4744 	EXP 	New trial (rep=0, index=0): {'Task': 'encoding_name', 'corrAns': 3, 'StimFile': 'Images_Faces/O32.jpg', 'Name': 'John', 'Proffession': 0, 'Letter1': 'O.', 'Letter2': 'I.', 'Letter3': 'J.'}
37.5052 	EXP 	polygon_5: autoDraw = False
37.5052 	EXP 	text_8: autoDraw = False
37.5052 	EXP 	polygon_5: autoDraw = False
37.5052 	EXP 	image: image = 'Images_Faces/O32.jpg'
37.5052 	EXP 	text_4: text = ''
37.5052 	EXP 	text_4: text = 'John'
37.5052 	EXP 	image: autoDraw = True
37.5052 	EXP 	text_4: autoDraw = True
38.5946 	DATA 	Keypress: 1
38.7786 	DATA 	Keypress: 1
41.4764 	EXP 	image: autoDraw = False
41.4764 	EXP 	text_4: autoDraw = False
41.4764 	EXP 	polygon_6: autoDraw = True
50.9723 	EXP 	New trial (rep=0, index=1): {'Task': 'encoding_name', 'corrAns': 3, 'StimFile': 'Images_Faces/O33.jpg', 'Name': 'Mattias', 'Proffession': 0, 'Letter1': 'T', 'Letter2': 'E.', 'Letter3': 'M.'}
50.9882 	EXP 	polygon_6: autoDraw = False
50.9882 	EXP 	polygon_6: autoDraw = False
50.9882 	EXP 	image: image = 'Images_Faces/O33.jpg'
50.9882 	EXP 	text_4: text = ''
50.9882 	EXP 	text_4: text = 'Mattias'
50.9882 	EXP 	image: autoDraw = True
50.9882 	EXP 	text_4: autoDraw = True
54.9928 	EXP 	image: autoDraw = False
54.9928 	EXP 	text_4: autoDraw = False
54.9928 	EXP 	polygon_6: autoDraw = True
64.2534 	EXP 	polygon_6: autoDraw = False
64.2534 	EXP 	polygon_6: autoDraw = False
64.2534 	EXP 	text_7: autoDraw = True
69.2257 	EXP 	polygon_3: autoDraw = True
69.2591 	EXP 	text_7: autoDraw = False
71.2348 	EXP 	Imported Encoding.xlsx as conditions, 6 conditions, 8 params
71.2352 	EXP 	Created sequence: random, trialTypes=6, nReps=1, seed=None
71.2355 	EXP 	New trial (rep=0, index=0): {'Task': 'encoding_name', 'corrAns': 1, 'StimFile': 'Images_Faces/O44.jpg', 'Name': 'Viktor', 'Proffession': 0, 'Letter1': 'V.', 'Letter2': 'C.', 'Letter3': 'F.'}
71.2684 	DATA 	Keypress: 2
71.2704 	EXP 	polygon_3: autoDraw = False
71.2704 	EXP 	text_7: autoDraw = False
71.2704 	EXP 	polygon_3: autoDraw = False
71.2704 	EXP 	image_3: image = 'Images_Faces/O44.jpg'
71.2704 	EXP 	text_6: text = 'V.\t\t\t\t\t\tC.\t\t\t\t\t\tF.'
71.2704 	EXP 	image_3: autoDraw = True
71.2704 	EXP 	text_6: autoDraw = True
71.4429 	DATA 	Keypress: 2
73.1280 	DATA 	Keypress: 1
73.3112 	DATA 	Keypress: 1
75.2581 	EXP 	image_3: autoDraw = False
75.2581 	EXP 	text_6: autoDraw = False
75.2581 	EXP 	polygon: autoDraw = True
79.3629 	EXP 	Circle: autoDraw = True
80.3640 	EXP 	Circle: autoDraw = False
84.5042 	EXP 	New trial (rep=0, index=1): {'Task': 'encoding_name', 'corrAns': 2, 'StimFile': 'Images_Faces/O46.jpg', 'Name': 'Emil', 'Proffession': 0, 'Letter1': 'E.', 'Letter2': 'E.', 'Letter3': 'R.'}
84.5198 	EXP 	polygon: autoDraw = False
84.5198 	EXP 	polygon: autoDraw = False
84.5198 	EXP 	Circle: autoDraw = False
84.5198 	EXP 	image_3: image = 'Images_Faces/O46.jpg'
84.5198 	EXP 	text_6: text = 'E.\t\t\t\t\t\tE.\t\t\t\t\t\tR.'
84.5198 	EXP 	image_3: autoDraw = True
84.5198 	EXP 	text_6: autoDraw = True
85.8927 	DATA 	Keypress: 1
86.0599 	DATA 	Keypress: 1
88.5243 	EXP 	image_3: autoDraw = False
88.5243 	EXP 	text_6: autoDraw = False
88.5243 	EXP 	polygon: autoDraw = True
92.6290 	EXP 	Circle: autoDraw = True
93.5186 	DATA 	Keypress: 3
93.6302 	EXP 	Circle: autoDraw = False
93.7325 	DATA 	Keypress: 3
94.5836 	DATA 	Keypress: 2
94.7836 	DATA 	Keypress: 2
97.7710 	EXP 	New trial (rep=0, index=2): {'Task': 'encoding_name', 'corrAns': 3, 'StimFile': 'Images_Faces/O43.jpg', 'Name': 'David', 'Proffession': 0, 'Letter1': 'B.', 'Letter2': 'H.', 'Letter3': 'D.'}
97.7867 	EXP 	polygon: autoDraw = False
97.7867 	EXP 	polygon: autoDraw = False
97.7867 	EXP 	Circle: autoDraw = False
97.7867 	EXP 	image_3: image = 'Images_Faces/O43.jpg'
97.7867 	EXP 	text_6: text = 'B.\t\t\t\t\t\tH.\t\t\t\t\t\tD.'
97.7867 	EXP 	image_3: autoDraw = True
97.7867 	EXP 	text_6: autoDraw = True
98.3427 	DATA 	Keypress: 1
98.6598 	DATA 	Keypress: 1
99.3266 	DATA 	Keypress: 1
99.5441 	DATA 	Keypress: 1
101.7912 	EXP 	image_3: autoDraw = False
101.7912 	EXP 	text_6: autoDraw = False
101.7912 	EXP 	polygon: autoDraw = True
105.8959 	EXP 	Circle: autoDraw = True
106.8970 	EXP 	Circle: autoDraw = False
111.0369 	EXP 	New trial (rep=0, index=3): {'Task': 'encoding_name', 'corrAns': 2, 'StimFile': 'Images_Faces/O47.jpg', 'Name': 'Niklas', 'Proffession': 0, 'Letter1': 'R.', 'Letter2': 'N.', 'Letter3': 'E.'}
111.0519 	EXP 	polygon: autoDraw = False
111.0519 	EXP 	polygon: autoDraw = False
111.0519 	EXP 	Circle: autoDraw = False
111.0519 	EXP 	image_3: image = 'Images_Faces/O47.jpg'
111.0519 	EXP 	text_6: text = 'R.\t\t\t\t\t\tN.\t\t\t\t\t\tE.'
111.0519 	EXP 	image_3: autoDraw = True
111.0519 	EXP 	text_6: autoDraw = True
111.8744 	DATA 	Keypress: 1
112.0751 	DATA 	Keypress: 1
115.0565 	EXP 	image_3: autoDraw = False
115.0565 	EXP 	text_6: autoDraw = False
115.0565 	EXP 	polygon: autoDraw = True
119.1612 	EXP 	Circle: autoDraw = True
120.1623 	EXP 	Circle: autoDraw = False
124.3027 	EXP 	New trial (rep=0, index=4): {'Task': 'encoding_name', 'corrAns': 2, 'StimFile': 'Images_Faces/O45.jpg', 'Name': 'Marcus', 'Proffession': 0, 'Letter1': 'T.', 'Letter2': 'M.', 'Letter3': 'B.'}
124.3195 	EXP 	polygon: autoDraw = False
124.3195 	EXP 	polygon: autoDraw = False
124.3195 	EXP 	Circle: autoDraw = False
124.3195 	EXP 	image_3: image = 'Images_Faces/O45.jpg'
124.3195 	EXP 	text_6: text = 'T.\t\t\t\t\t\tM.\t\t\t\t\t\tB.'
124.3195 	EXP 	image_3: autoDraw = True
124.3195 	EXP 	text_6: autoDraw = True
125.2587 	DATA 	Keypress: 1
125.4597 	DATA 	Keypress: 1
128.3239 	EXP 	image_3: autoDraw = False
128.3239 	EXP 	text_6: autoDraw = False
128.3239 	EXP 	polygon: autoDraw = True
132.4286 	EXP 	Circle: autoDraw = True
133.4297 	EXP 	Circle: autoDraw = False
137.5696 	EXP 	New trial (rep=0, index=5): {'Task': 'encoding_name', 'corrAns': 2, 'StimFile': 'Images_Faces/O48.jpg', 'Name': 'Bertil', 'Proffession': 0, 'Letter1': 'S.', 'Letter2': 'B.', 'Letter3': 'A.'}
137.5850 	EXP 	polygon: autoDraw = False
137.5850 	EXP 	polygon: autoDraw = False
137.5850 	EXP 	Circle: autoDraw = False
137.5850 	EXP 	image_3: image = 'Images_Faces/O48.jpg'
137.5850 	EXP 	text_6: text = 'S.\t\t\t\t\t\tB.\t\t\t\t\t\tA.'
137.5850 	EXP 	image_3: autoDraw = True
137.5850 	EXP 	text_6: autoDraw = True
141.5895 	EXP 	image_3: autoDraw = False
141.5895 	EXP 	text_6: autoDraw = False
141.5895 	EXP 	polygon: autoDraw = True
145.6942 	EXP 	Circle: autoDraw = True
146.6953 	EXP 	Circle: autoDraw = False
150.8352 	EXP 	New trial (rep=0, index=1): {'TrialRows_Name': '6:12', 'TrialRows_Proffession': '36:42'}
150.8552 	EXP 	Imported Encoding.xlsx as conditions, 2 conditions, 8 params
150.8556 	EXP 	Created sequence: random, trialTypes=2, nReps=1, seed=None
150.8558 	EXP 	New trial (rep=0, index=0): {'Task': 'encoding_name', 'corrAns': 3, 'StimFile': 'Images_Faces/O32.jpg', 'Name': 'John', 'Proffession': 0, 'Letter1': 'O.', 'Letter2': 'I.', 'Letter3': 'J.'}
150.8706 	EXP 	polygon: autoDraw = False
150.8706 	EXP 	polygon: autoDraw = False
150.8706 	EXP 	Circle: autoDraw = False
150.8706 	EXP 	image: image = 'Images_Faces/O32.jpg'
150.8706 	EXP 	text_4: text = ''
150.8706 	EXP 	text_4: text = 'John'
150.8706 	EXP 	image: autoDraw = True
150.8706 	EXP 	text_4: autoDraw = True
154.8586 	EXP 	image: autoDraw = False
154.8586 	EXP 	text_4: autoDraw = False
154.8586 	EXP 	polygon_6: autoDraw = True
157.5966 	EXP 	New trial (rep=0, index=1): {'Task': 'encoding_name', 'corrAns': 3, 'StimFile': 'Images_Faces/O33.jpg', 'Name': 'Mattias', 'Proffession': 0, 'Letter1': 'T', 'Letter2': 'E.', 'Letter3': 'M.'}
157.6116 	EXP 	polygon_6: autoDraw = False
157.6116 	EXP 	polygon_6: autoDraw = False
157.6116 	EXP 	image: image = 'Images_Faces/O33.jpg'
157.6116 	EXP 	text_4: text = ''
157.6116 	EXP 	text_4: text = 'Mattias'
157.6116 	EXP 	image: autoDraw = True
157.6116 	EXP 	text_4: autoDraw = True
161.6163 	EXP 	image: autoDraw = False
161.6163 	EXP 	text_4: autoDraw = False
161.6163 	EXP 	polygon_6: autoDraw = True
165.8711 	EXP 	polygon_6: autoDraw = False
165.8711 	EXP 	polygon_6: autoDraw = False
165.8711 	EXP 	text_7: autoDraw = True
170.8434 	EXP 	polygon_3: autoDraw = True
170.8768 	EXP 	text_7: autoDraw = False
172.8507 	EXP 	Imported Encoding.xlsx as conditions, 6 conditions, 8 params
172.8511 	EXP 	Created sequence: random, trialTypes=6, nReps=1, seed=None
172.8513 	EXP 	New trial (rep=0, index=0): {'Task': 'encoding_name', 'corrAns': 2, 'StimFile': 'Images_Faces/O42.jpg', 'Name': 'Robert', 'Proffession': 0, 'Letter1': 'D.', 'Letter2': 'R.', 'Letter3': 'J.'}
172.8662 	EXP 	polygon_3: autoDraw = False
172.8662 	EXP 	text_7: autoDraw = False
172.8662 	EXP 	polygon_3: autoDraw = False
172.8662 	EXP 	image_3: image = 'Images_Faces/O42.jpg'
172.8662 	EXP 	text_6: text = 'D.\t\t\t\t\t\tR.\t\t\t\t\t\tJ.'
172.8662 	EXP 	image_3: autoDraw = True
172.8662 	EXP 	text_6: autoDraw = True
176.8709 	EXP 	image_3: autoDraw = False
176.8709 	EXP 	text_6: autoDraw = False
176.8709 	EXP 	image_3: autoDraw = False
176.8709 	EXP 	text_6: autoDraw = False
176.8709 	EXP 	polygon: autoDraw = True
178.4726 	EXP 	Circle: autoDraw = True
179.4737 	EXP 	Circle: autoDraw = False
181.1115 	EXP 	New trial (rep=0, index=1): {'Task': 'encoding_name', 'corrAns': 3, 'StimFile': 'Images_Faces/O39.jpg', 'Name': 'Björn', 'Proffession': 0, 'Letter1': 'J.', 'Letter2': 'R.', 'Letter3': 'B.'}
181.1271 	EXP 	polygon: autoDraw = False
181.1271 	EXP 	polygon: autoDraw = False
181.1271 	EXP 	Circle: autoDraw = False
181.1271 	EXP 	image_3: image = 'Images_Faces/O39.jpg'
181.1271 	EXP 	text_6: text = 'J.\t\t\t\t\t\tR.\t\t\t\t\t\tB.'
181.1271 	EXP 	image_3: autoDraw = True
181.1271 	EXP 	text_6: autoDraw = True
185.1316 	EXP 	image_3: autoDraw = False
185.1316 	EXP 	text_6: autoDraw = False
185.1316 	EXP 	polygon: autoDraw = True
186.7334 	EXP 	Circle: autoDraw = True
187.7346 	EXP 	Circle: autoDraw = False
189.3715 	EXP 	New trial (rep=0, index=2): {'Task': 'encoding_name', 'corrAns': 2, 'StimFile': 'Images_Faces/O41.jpg', 'Name': 'Christian', 'Proffession': 0, 'Letter1': 'V.', 'Letter2': 'C.', 'Letter3': 'H.'}
189.3873 	EXP 	polygon: autoDraw = False
189.3873 	EXP 	polygon: autoDraw = False
189.3873 	EXP 	Circle: autoDraw = False
189.3873 	EXP 	image_3: image = 'Images_Faces/O41.jpg'
189.3873 	EXP 	text_6: text = 'V.\t\t\t\t\t\tC.\t\t\t\t\t\tH.'
189.3873 	EXP 	image_3: autoDraw = True
189.3873 	EXP 	text_6: autoDraw = True
193.3918 	EXP 	image_3: autoDraw = False
193.3918 	EXP 	text_6: autoDraw = False
193.3918 	EXP 	polygon: autoDraw = True
194.9936 	EXP 	Circle: autoDraw = True
195.9948 	EXP 	Circle: autoDraw = False
197.6322 	EXP 	New trial (rep=0, index=3): {'Task': 'encoding_name', 'corrAns': 3, 'StimFile': 'Images_Faces/O37.jpg', 'Name': 'Ulf', 'Proffession': 0, 'Letter1': 'N.', 'Letter2': 'K.', 'Letter3': 'U.'}
197.6482 	EXP 	polygon: autoDraw = False
197.6482 	EXP 	polygon: autoDraw = False
197.6482 	EXP 	Circle: autoDraw = False
197.6482 	EXP 	image_3: image = 'Images_Faces/O37.jpg'
197.6482 	EXP 	text_6: text = 'N.\t\t\t\t\t\tK.\t\t\t\t\t\tU.'
197.6482 	EXP 	image_3: autoDraw = True
197.6482 	EXP 	text_6: autoDraw = True
201.6528 	EXP 	image_3: autoDraw = False
201.6528 	EXP 	text_6: autoDraw = False
201.6528 	EXP 	polygon: autoDraw = True
203.2546 	EXP 	Circle: autoDraw = True
204.2557 	EXP 	Circle: autoDraw = False
205.8928 	EXP 	New trial (rep=0, index=4): {'Task': 'encoding_name', 'corrAns': 1, 'StimFile': 'Images_Faces/O40.jpg', 'Name': 'Axel', 'Proffession': 0, 'Letter1': 'A.', 'Letter2': 'M.', 'Letter3': 'B.'}
205.9076 	EXP 	polygon: autoDraw = False
205.9076 	EXP 	polygon: autoDraw = False
205.9076 	EXP 	Circle: autoDraw = False
205.9076 	EXP 	image_3: image = 'Images_Faces/O40.jpg'
205.9076 	EXP 	text_6: text = 'A.\t\t\t\t\t\tM.\t\t\t\t\t\tB.'
205.9076 	EXP 	image_3: autoDraw = True
205.9076 	EXP 	text_6: autoDraw = True
209.9122 	EXP 	image_3: autoDraw = False
209.9122 	EXP 	text_6: autoDraw = False
209.9122 	EXP 	polygon: autoDraw = True
211.5141 	EXP 	Circle: autoDraw = True
212.5152 	EXP 	Circle: autoDraw = False
214.1530 	EXP 	New trial (rep=0, index=5): {'Task': 'encoding_name', 'corrAns': 2, 'StimFile': 'Images_Faces/O38.jpg', 'Name': 'Leif', 'Proffession': 0, 'Letter1': 'J.', 'Letter2': 'L.', 'Letter3': 'E.'}
214.1690 	EXP 	polygon: autoDraw = False
214.1690 	EXP 	polygon: autoDraw = False
214.1690 	EXP 	Circle: autoDraw = False
214.1690 	EXP 	image_3: image = 'Images_Faces/O38.jpg'
214.1690 	EXP 	text_6: text = 'J.\t\t\t\t\t\tL.\t\t\t\t\t\tE.'
214.1690 	EXP 	image_3: autoDraw = True
214.1690 	EXP 	text_6: autoDraw = True
218.1735 	EXP 	image_3: autoDraw = False
218.1735 	EXP 	text_6: autoDraw = False
218.1735 	EXP 	polygon: autoDraw = True
219.7754 	EXP 	Circle: autoDraw = True
220.7765 	EXP 	Circle: autoDraw = False
222.4134 	EXP 	New trial (rep=0, index=2): {'TrialRows_Name': '18:24', 'TrialRows_Proffession': '48:54'}
222.4324 	EXP 	Imported Encoding.xlsx as conditions, 2 conditions, 8 params
222.4327 	EXP 	Created sequence: random, trialTypes=2, nReps=1, seed=None
222.4329 	EXP 	New trial (rep=0, index=0): {'Task': 'encoding_name', 'corrAns': 3, 'StimFile': 'Images_Faces/O33.jpg', 'Name': 'Mattias', 'Proffession': 0, 'Letter1': 'T', 'Letter2': 'E.', 'Letter3': 'M.'}
222.4490 	EXP 	polygon: autoDraw = False
222.4490 	EXP 	polygon: autoDraw = False
222.4490 	EXP 	Circle: autoDraw = False
222.4490 	EXP 	image: image = 'Images_Faces/O33.jpg'
222.4490 	EXP 	text_4: text = ''
222.4490 	EXP 	text_4: text = 'Mattias'
222.4490 	EXP 	image: autoDraw = True
222.4490 	EXP 	text_4: autoDraw = True
226.4369 	EXP 	image: autoDraw = False
226.4369 	EXP 	text_4: autoDraw = False
226.4369 	EXP 	polygon_6: autoDraw = True
231.9285 	EXP 	New trial (rep=0, index=1): {'Task': 'encoding_name', 'corrAns': 3, 'StimFile': 'Images_Faces/O32.jpg', 'Name': 'John', 'Proffession': 0, 'Letter1': 'O.', 'Letter2': 'I.', 'Letter3': 'J.'}
231.9431 	EXP 	polygon_6: autoDraw = False
231.9431 	EXP 	polygon_6: autoDraw = False
231.9431 	EXP 	image: image = 'Images_Faces/O32.jpg'
231.9431 	EXP 	text_4: text = ''
231.9431 	EXP 	text_4: text = 'John'
231.9431 	EXP 	image: autoDraw = True
231.9431 	EXP 	text_4: autoDraw = True
233.9172 	DATA 	Keypress: esc
234.2175 	EXP 	window1: mouseVisible = True
