3.9169 	WARNING 	We strongly recommend you activate the PTB sound engine in PsychoPy prefs as the preferred audio engine. Its timing is vastly superior. Your prefs are currently set to use ['sounddevice', 'PTB', 'pyo', 'pygame'] (in that order).
9.9789 	EXP 	Created window1 = Window(allowGUI=False, allowStencil=False, autoLog=True, backendConf=UNKNOWN, bitsMode=UNKNOWN, blendMode='avg', bpc=(8, 8, 8), color=array([1, 1, 1]), colorSpace='rgb', depthBits=8, fullscr=<method-wrapper '__getattribute__' of attributeSetter object at 0x0000016B63972B38>, gamma=None, gammaErrorPolicy='raise', lms=UNKNOWN, monitor=<psychopy.monitors.calibTools.Monitor object at 0x0000016B63951F60>, multiSample=False, name='window1', numSamples=2, pos=None, screen=0, size=array([3440, 1440]), stencilBits=0, stereo=False, units='height', useFBO=True, useRetina=False, viewOri=0.0, viewPos=None, viewScale=None, waitBlanking=True, winType='glfw')
9.9798 	EXP 	window1: mouseVisible = True
9.9799 	EXP 	window1: recordFrameIntervals = False
10.1454 	EXP 	window1: recordFrameIntervals = True
10.3291 	EXP 	window1: recordFrameIntervals = False
11.2847 	EXP 	Created text = TextStim(__class__=<class 'psychopy.visual.text.TextStim'>, alignHoriz=method-wrapper(...), alignText='center', alignVert=method-wrapper(...), anchorHoriz='center', anchorVert='center', antialias=True, autoLog=True, bold=False, color=array([-1., -1., -1.]), colorSpace='rgb', contrast=1.0, depth=0.0, flipHoriz=False, flipVert=False, font='Open Sans', fontFiles=[], height=0.03, italic=False, languageStyle='LTR', name='text', opacity=1, ori=0.0, pos=array([0., 0.]), rgb=UNKNOWN, text=str(...), units='height', win=Window(...), wrapWidth=1)
11.2874 	EXP 	Created polygon_2 = ShapeStim(__class__=<class 'psychopy.visual.shape.ShapeStim'>, autoDraw=False, autoLog=True, closeShape=True, color=method-wrapper(...), colorSpace='rgb', contrast=None, depth=0.0, fillColor=array([-1, -1, -1]), fillColorSpace='rgb', fillRGB=array([-1, -1, -1]), interpolate=True, lineColor=array([0., 0., 0.]), lineColorSpace='rgb', lineRGB=array([0, 0, 0]), lineWidth=0.001, name='polygon_2', opacity=0.5, ori=0.0, pos=array([0., 0.]), size=array([0.1, 0.1]), units='height', vertices=ndarray(...), win=Window(...), windingRule=None)
11.2934 	EXP 	Created image = ImageStim(__class__=<class 'psychopy.visual.image.ImageStim'>, autoLog=True, color=array([1., 1., 1.]), colorSpace='rgb', contrast=1.0, depth=-1.0, flipHoriz=False, flipVert=False, image='sin', interpolate=True, mask=None, maskParams=None, name='image', opacity=1, ori=0.0, pos=array([0.   , 0.125]), size=array([0.743, 0.75 ]), texRes=128.0, units='height', win=Window(...))
11.2961 	EXP 	Created text_4 = TextStim(__class__=<class 'psychopy.visual.text.TextStim'>, alignHoriz=method-wrapper(...), alignText='center', alignVert=method-wrapper(...), anchorHoriz='center', anchorVert='center', antialias=True, autoLog=True, bold=False, color=array([-1., -1., -1.]), colorSpace='rgb', contrast=1.0, depth=-2.0, flipHoriz=False, flipVert=False, font='Open Sans', fontFiles=[], height=0.1, italic=False, languageStyle='LTR', name='text_4', opacity=1, ori=0.0, pos=array([ 0.   , -0.375]), rgb=UNKNOWN, text='', units='height', win=Window(...), wrapWidth=1)
11.2982 	EXP 	Created polygon = ShapeStim(__class__=<class 'psychopy.visual.shape.ShapeStim'>, autoDraw=False, autoLog=True, closeShape=True, color=method-wrapper(...), colorSpace='rgb', contrast=None, depth=0.0, fillColor=array([-1, -1, -1]), fillColorSpace='rgb', fillRGB=array([-1, -1, -1]), interpolate=True, lineColor=array([0., 0., 0.]), lineColorSpace='rgb', lineRGB=array([0, 0, 0]), lineWidth=0.1, name='polygon', opacity=0.5, ori=0.0, pos=array([0., 0.]), size=array([0.1, 0.1]), units='height', vertices=ndarray(...), win=Window(...), windingRule=None)
11.3025 	EXP 	Created polygon_3 = ShapeStim(__class__=<class 'psychopy.visual.shape.ShapeStim'>, autoDraw=False, autoLog=True, closeShape=True, color=method-wrapper(...), colorSpace='rgb', contrast=None, depth=0.0, fillColor=array([0, 0, 0]), fillColorSpace='rgb', fillRGB=array([0, 0, 0]), interpolate=True, lineColor=array([-1., -1., -1.]), lineColorSpace='rgb', lineRGB=array([-1, -1, -1]), lineWidth=1.0, name='polygon_3', opacity=0.5, ori=0.0, pos=array([0., 0.]), size=array([0.1, 0.1]), units='height', vertices=ndarray(...), win=Window(...), windingRule=None)
11.3075 	EXP 	Created image_3 = ImageStim(__class__=<class 'psychopy.visual.image.ImageStim'>, autoLog=True, color=array([1., 1., 1.]), colorSpace='rgb', contrast=1.0, depth=-1.0, flipHoriz=False, flipVert=False, image='sin', interpolate=True, mask=None, maskParams=None, name='image_3', opacity=1, ori=0.0, pos=array([0., 0.]), size=array([0.5, 0.5]), texRes=128.0, units='height', win=Window(...))
11.3086 	EXP 	Created text_6 = TextStim(__class__=<class 'psychopy.visual.text.TextStim'>, alignHoriz=method-wrapper(...), alignText='center', alignVert=method-wrapper(...), anchorHoriz='center', anchorVert='center', antialias=True, autoLog=True, bold=False, color=array([-1., -1., -1.]), colorSpace='rgb', contrast=1.0, depth=-2.0, flipHoriz=False, flipVert=False, font='Open Sans', fontFiles=[], height=0.1, italic=False, languageStyle='LTR', name='text_6', opacity=1, ori=0.0, pos=array([ 0.   , -0.375]), rgb=UNKNOWN, text='', units='height', win=Window(...), wrapWidth=1)
11.3106 	EXP 	Created polygon = ShapeStim(__class__=<class 'psychopy.visual.shape.ShapeStim'>, autoDraw=False, autoLog=True, closeShape=True, color=method-wrapper(...), colorSpace='rgb', contrast=None, depth=0.0, fillColor=array([-1, -1, -1]), fillColorSpace='rgb', fillRGB=array([-1, -1, -1]), interpolate=True, lineColor=array([0., 0., 0.]), lineColorSpace='rgb', lineRGB=array([0, 0, 0]), lineWidth=0.1, name='polygon', opacity=0.5, ori=0.0, pos=array([0., 0.]), size=array([0.1, 0.1]), units='height', vertices=ndarray(...), win=Window(...), windingRule=None)
11.3155 	EXP 	Created polygon_3 = ShapeStim(__class__=<class 'psychopy.visual.shape.ShapeStim'>, autoDraw=False, autoLog=True, closeShape=True, color=method-wrapper(...), colorSpace='rgb', contrast=None, depth=0.0, fillColor=array([0, 0, 0]), fillColorSpace='rgb', fillRGB=array([0, 0, 0]), interpolate=True, lineColor=array([-1., -1., -1.]), lineColorSpace='rgb', lineRGB=array([-1, -1, -1]), lineWidth=1.0, name='polygon_3', opacity=0.5, ori=0.0, pos=array([0., 0.]), size=array([0.1, 0.1]), units='height', vertices=ndarray(...), win=Window(...), windingRule=None)
11.3216 	EXP 	Created image = ImageStim(__class__=<class 'psychopy.visual.image.ImageStim'>, autoLog=True, color=array([1., 1., 1.]), colorSpace='rgb', contrast=1.0, depth=-1.0, flipHoriz=False, flipVert=False, image='sin', interpolate=True, mask=None, maskParams=None, name='image', opacity=1, ori=0.0, pos=array([0.   , 0.125]), size=array([0.743, 0.75 ]), texRes=128.0, units='height', win=Window(...))
11.3229 	EXP 	Created text_4 = TextStim(__class__=<class 'psychopy.visual.text.TextStim'>, alignHoriz=method-wrapper(...), alignText='center', alignVert=method-wrapper(...), anchorHoriz='center', anchorVert='center', antialias=True, autoLog=True, bold=False, color=array([-1., -1., -1.]), colorSpace='rgb', contrast=1.0, depth=-2.0, flipHoriz=False, flipVert=False, font='Open Sans', fontFiles=[], height=0.1, italic=False, languageStyle='LTR', name='text_4', opacity=1, ori=0.0, pos=array([ 0.   , -0.375]), rgb=UNKNOWN, text='', units='height', win=Window(...), wrapWidth=1)
11.3249 	EXP 	Created polygon = ShapeStim(__class__=<class 'psychopy.visual.shape.ShapeStim'>, autoDraw=False, autoLog=True, closeShape=True, color=method-wrapper(...), colorSpace='rgb', contrast=None, depth=0.0, fillColor=array([-1, -1, -1]), fillColorSpace='rgb', fillRGB=array([-1, -1, -1]), interpolate=True, lineColor=array([0., 0., 0.]), lineColorSpace='rgb', lineRGB=array([0, 0, 0]), lineWidth=0.1, name='polygon', opacity=0.5, ori=0.0, pos=array([0., 0.]), size=array([0.1, 0.1]), units='height', vertices=ndarray(...), win=Window(...), windingRule=None)
11.3299 	EXP 	Created polygon_3 = ShapeStim(__class__=<class 'psychopy.visual.shape.ShapeStim'>, autoDraw=False, autoLog=True, closeShape=True, color=method-wrapper(...), colorSpace='rgb', contrast=None, depth=0.0, fillColor=array([0, 0, 0]), fillColorSpace='rgb', fillRGB=array([0, 0, 0]), interpolate=True, lineColor=array([-1., -1., -1.]), lineColorSpace='rgb', lineRGB=array([-1, -1, -1]), lineWidth=1.0, name='polygon_3', opacity=0.5, ori=0.0, pos=array([0., 0.]), size=array([0.1, 0.1]), units='height', vertices=ndarray(...), win=Window(...), windingRule=None)
11.3352 	EXP 	Created image_3 = ImageStim(__class__=<class 'psychopy.visual.image.ImageStim'>, autoLog=True, color=array([1., 1., 1.]), colorSpace='rgb', contrast=1.0, depth=-1.0, flipHoriz=False, flipVert=False, image='sin', interpolate=True, mask=None, maskParams=None, name='image_3', opacity=1, ori=0.0, pos=array([0., 0.]), size=array([0.5, 0.5]), texRes=128.0, units='height', win=Window(...))
11.3364 	EXP 	Created text_6 = TextStim(__class__=<class 'psychopy.visual.text.TextStim'>, alignHoriz=method-wrapper(...), alignText='center', alignVert=method-wrapper(...), anchorHoriz='center', anchorVert='center', antialias=True, autoLog=True, bold=False, color=array([-1., -1., -1.]), colorSpace='rgb', contrast=1.0, depth=-2.0, flipHoriz=False, flipVert=False, font='Open Sans', fontFiles=[], height=0.1, italic=False, languageStyle='LTR', name='text_6', opacity=1, ori=0.0, pos=array([ 0.   , -0.375]), rgb=UNKNOWN, text='', units='height', win=Window(...), wrapWidth=1)
11.3384 	EXP 	Created polygon = ShapeStim(__class__=<class 'psychopy.visual.shape.ShapeStim'>, autoDraw=False, autoLog=True, closeShape=True, color=method-wrapper(...), colorSpace='rgb', contrast=None, depth=0.0, fillColor=array([-1, -1, -1]), fillColorSpace='rgb', fillRGB=array([-1, -1, -1]), interpolate=True, lineColor=array([0., 0., 0.]), lineColorSpace='rgb', lineRGB=array([0, 0, 0]), lineWidth=0.1, name='polygon', opacity=0.5, ori=0.0, pos=array([0., 0.]), size=array([0.1, 0.1]), units='height', vertices=ndarray(...), win=Window(...), windingRule=None)
11.3429 	EXP 	Created polygon_3 = ShapeStim(__class__=<class 'psychopy.visual.shape.ShapeStim'>, autoDraw=False, autoLog=True, closeShape=True, color=method-wrapper(...), colorSpace='rgb', contrast=None, depth=0.0, fillColor=array([0, 0, 0]), fillColorSpace='rgb', fillRGB=array([0, 0, 0]), interpolate=True, lineColor=array([-1., -1., -1.]), lineColorSpace='rgb', lineRGB=array([-1, -1, -1]), lineWidth=1.0, name='polygon_3', opacity=0.5, ori=0.0, pos=array([0., 0.]), size=array([0.1, 0.1]), units='height', vertices=ndarray(...), win=Window(...), windingRule=None)
11.3779 	EXP 	Created text_2 = TextStim(__class__=<class 'psychopy.visual.text.TextStim'>, alignHoriz=method-wrapper(...), alignText='center', alignVert=method-wrapper(...), anchorHoriz='center', anchorVert='center', antialias=True, autoLog=True, bold=False, color=array([-1., -1., -1.]), colorSpace='rgb', contrast=1.0, depth=0.0, flipHoriz=False, flipVert=False, font='Open Sans', fontFiles=[], height=0.1, italic=False, languageStyle='LTR', name='text_2', opacity=1, ori=0.0, pos=array([0., 0.]), rgb=UNKNOWN, text=str(...), units='height', win=Window(...), wrapWidth=1)
11.5394 	EXP 	text: autoDraw = True
12.1642 	DATA 	Keypress: 2
12.1745 	EXP 	text: autoDraw = False
12.1745 	EXP 	polygon_2: autoDraw = True
12.2961 	DATA 	Keypress: 2
28.1516 	EXP 	Imported TrialRows.xlsx as conditions, 5 conditions, 2 params
28.1519 	EXP 	Created sequence: random, trialTypes=5, nReps=1, seed=None
28.1521 	EXP 	New trial (rep=0, index=0): {'TrialRows_Name': '12:18', 'TrialRows_Proffession': '42:48'}
28.1687 	EXP 	Imported Encoding.xlsx as conditions, 6 conditions, 8 params
28.1690 	EXP 	Created sequence: random, trialTypes=6, nReps=1, seed=None
28.1692 	EXP 	New trial (rep=0, index=0): {'Task': 'encoding_name', 'corrAns': 3, 'StimFile': 'Images_Faces/O48.jpg', 'Name': 'Bertil', 'Proffession': 0, 'Letter1': 'B.', 'Letter2': 'P.', 'Letter3': 'C.'}
28.2024 	DATA 	Keypress: s
28.2037 	DATA 	Keypress: s
28.2063 	EXP 	polygon_2: autoDraw = False
28.2063 	EXP 	image: image = 'Images_Faces/O48.jpg'
28.2063 	EXP 	text_4: text = ''
28.2063 	EXP 	text_4: text = 'Bertil'
28.2063 	EXP 	image: autoDraw = True
28.2063 	EXP 	text_4: autoDraw = True
30.2289 	DATA 	Keypress: 2
30.3968 	DATA 	Keypress: 2
32.1772 	EXP 	image: autoDraw = False
32.1772 	EXP 	text_4: autoDraw = False
32.1772 	EXP 	polygon: autoDraw = True
38.1840 	EXP 	polygon: autoDraw = False
38.1840 	EXP 	polygon: autoDraw = False
38.1840 	EXP 	polygon_3: autoDraw = True
38.6703 	EXP 	New trial (rep=0, index=1): {'Task': 'encoding_name', 'corrAns': 3, 'StimFile': 'Images_Faces/O44.jpg', 'Name': 'Viktor', 'Proffession': 0, 'Letter1': 'V.', 'Letter2': 'N.', 'Letter3': 'E.'}
38.7052 	EXP 	polygon_3: autoDraw = False
38.7052 	EXP 	polygon_3: autoDraw = False
38.7052 	EXP 	image: image = 'Images_Faces/O44.jpg'
38.7052 	EXP 	text_4: text = ''
38.7052 	EXP 	text_4: text = 'Viktor'
38.7052 	EXP 	image: autoDraw = True
38.7052 	EXP 	text_4: autoDraw = True
42.6926 	EXP 	image: autoDraw = False
42.6926 	EXP 	text_4: autoDraw = False
42.6926 	EXP 	polygon: autoDraw = True
51.2027 	EXP 	polygon: autoDraw = False
51.2027 	EXP 	polygon: autoDraw = False
51.2027 	EXP 	polygon_3: autoDraw = True
51.6885 	EXP 	New trial (rep=0, index=2): {'Task': 'encoding_name', 'corrAns': 2, 'StimFile': 'Images_Faces/O43.jpg', 'Name': 'David', 'Proffession': 0, 'Letter1': 'D.', 'Letter2': 'N.', 'Letter3': 'F.'}
51.7059 	EXP 	polygon_3: autoDraw = False
51.7059 	EXP 	polygon_3: autoDraw = False
51.7059 	EXP 	image: image = 'Images_Faces/O43.jpg'
51.7059 	EXP 	text_4: text = ''
51.7059 	EXP 	text_4: text = 'David'
51.7059 	EXP 	image: autoDraw = True
51.7059 	EXP 	text_4: autoDraw = True
55.7111 	EXP 	image: autoDraw = False
55.7111 	EXP 	text_4: autoDraw = False
55.7111 	EXP 	polygon: autoDraw = True
64.2209 	EXP 	polygon: autoDraw = False
64.2209 	EXP 	polygon: autoDraw = False
64.2209 	EXP 	polygon_3: autoDraw = True
64.7067 	EXP 	New trial (rep=0, index=3): {'Task': 'encoding_name', 'corrAns': 2, 'StimFile': 'Images_Faces/O46.jpg', 'Name': 'Emil', 'Proffession': 0, 'Letter1': 'E.', 'Letter2': 'O.', 'Letter3': 'D.'}
64.7250 	EXP 	polygon_3: autoDraw = False
64.7250 	EXP 	polygon_3: autoDraw = False
64.7250 	EXP 	image: image = 'Images_Faces/O46.jpg'
64.7250 	EXP 	text_4: text = ''
64.7250 	EXP 	text_4: text = 'Emil'
64.7250 	EXP 	image: autoDraw = True
64.7250 	EXP 	text_4: autoDraw = True
68.7297 	EXP 	image: autoDraw = False
68.7297 	EXP 	text_4: autoDraw = False
68.7297 	EXP 	polygon: autoDraw = True
72.7370 	DATA 	Keypress: 2
72.8539 	DATA 	Keypress: 2
75.2370 	EXP 	polygon: autoDraw = False
75.2370 	EXP 	polygon: autoDraw = False
75.2370 	EXP 	polygon_3: autoDraw = True
75.7226 	EXP 	New trial (rep=0, index=4): {'Task': 'encoding_name', 'corrAns': 1, 'StimFile': 'Images_Faces/O45.jpg', 'Name': 'Marcus', 'Proffession': 0, 'Letter1': 'M.', 'Letter2': 'O.', 'Letter3': 'E.'}
75.7582 	EXP 	polygon_3: autoDraw = False
75.7582 	EXP 	polygon_3: autoDraw = False
75.7582 	EXP 	image: image = 'Images_Faces/O45.jpg'
75.7582 	EXP 	text_4: text = ''
75.7582 	EXP 	text_4: text = 'Marcus'
75.7582 	EXP 	image: autoDraw = True
75.7582 	EXP 	text_4: autoDraw = True
79.7461 	EXP 	image: autoDraw = False
79.7461 	EXP 	text_4: autoDraw = False
79.7461 	EXP 	polygon: autoDraw = True
83.2501 	EXP 	polygon: autoDraw = False
83.2501 	EXP 	polygon: autoDraw = False
83.2501 	EXP 	polygon_3: autoDraw = True
83.7362 	EXP 	New trial (rep=0, index=5): {'Task': 'encoding_name', 'corrAns': 1, 'StimFile': 'Images_Faces/O47.jpg', 'Name': 'Niklas', 'Proffession': 0, 'Letter1': 'N.', 'Letter2': 'P.', 'Letter3': 'D.'}
83.7713 	EXP 	polygon_3: autoDraw = False
83.7713 	EXP 	polygon_3: autoDraw = False
83.7713 	EXP 	image: image = 'Images_Faces/O47.jpg'
83.7713 	EXP 	text_4: text = ''
83.7713 	EXP 	text_4: text = 'Niklas'
83.7713 	EXP 	image: autoDraw = True
83.7713 	EXP 	text_4: autoDraw = True
85.2613 	DATA 	Keypress: 2
85.4281 	DATA 	Keypress: 2
87.7589 	EXP 	image: autoDraw = False
87.7589 	EXP 	text_4: autoDraw = False
87.7589 	EXP 	polygon: autoDraw = True
91.2629 	EXP 	polygon: autoDraw = False
91.2629 	EXP 	polygon: autoDraw = False
91.2629 	EXP 	polygon_3: autoDraw = True
91.7669 	EXP 	Imported Encoding.xlsx as conditions, 6 conditions, 8 params
91.7673 	EXP 	Created sequence: random, trialTypes=6, nReps=1, seed=None
91.7675 	EXP 	New trial (rep=0, index=0): {'Task': 'encoding_name', 'corrAns': 3, 'StimFile': 'Images_Faces/O44.jpg', 'Name': 'Viktor', 'Proffession': 0, 'Letter1': 'V.', 'Letter2': 'N.', 'Letter3': 'E.'}
91.8047 	EXP 	polygon_3: autoDraw = False
91.8047 	EXP 	polygon_3: autoDraw = False
91.8047 	EXP 	image_3: image = 'Images_Faces/O44.jpg'
91.8047 	EXP 	text_6: text = 'V.\t\t\t\t\t\tN.\t\t\t\t\t\tE.'
91.8047 	EXP 	image_3: autoDraw = True
91.8047 	EXP 	text_6: autoDraw = True
91.8923 	DATA 	Keypress: 3
92.0433 	DATA 	Keypress: 3
93.4823 	DATA 	Keypress: 1
93.6343 	DATA 	Keypress: 1
95.7801 	EXP 	image_3: autoDraw = False
95.7801 	EXP 	text_6: autoDraw = False
95.7801 	EXP 	polygon: autoDraw = True
99.2843 	EXP 	polygon: autoDraw = False
99.2843 	EXP 	polygon: autoDraw = False
99.2843 	EXP 	polygon_3: autoDraw = True
99.7705 	EXP 	New trial (rep=0, index=1): {'Task': 'encoding_name', 'corrAns': 1, 'StimFile': 'Images_Faces/O45.jpg', 'Name': 'Marcus', 'Proffession': 0, 'Letter1': 'M.', 'Letter2': 'O.', 'Letter3': 'E.'}
99.7868 	EXP 	polygon_3: autoDraw = False
99.7868 	EXP 	polygon_3: autoDraw = False
99.7868 	EXP 	image_3: image = 'Images_Faces/O45.jpg'
99.7868 	EXP 	text_6: text = 'M.\t\t\t\t\t\tO.\t\t\t\t\t\tE.'
99.7868 	EXP 	image_3: autoDraw = True
99.7868 	EXP 	text_6: autoDraw = True
100.5423 	DATA 	Keypress: 3
100.6927 	DATA 	Keypress: 3
103.7913 	EXP 	image_3: autoDraw = False
103.7913 	EXP 	text_6: autoDraw = False
103.7913 	EXP 	polygon: autoDraw = True
107.2954 	EXP 	polygon: autoDraw = False
107.2954 	EXP 	polygon: autoDraw = False
107.2954 	EXP 	polygon_3: autoDraw = True
107.7815 	EXP 	New trial (rep=0, index=2): {'Task': 'encoding_name', 'corrAns': 2, 'StimFile': 'Images_Faces/O46.jpg', 'Name': 'Emil', 'Proffession': 0, 'Letter1': 'E.', 'Letter2': 'O.', 'Letter3': 'D.'}
107.7969 	EXP 	polygon_3: autoDraw = False
107.7969 	EXP 	polygon_3: autoDraw = False
107.7969 	EXP 	image_3: image = 'Images_Faces/O46.jpg'
107.7969 	EXP 	text_6: text = 'E.\t\t\t\t\t\tO.\t\t\t\t\t\tD.'
107.7969 	EXP 	image_3: autoDraw = True
107.7969 	EXP 	text_6: autoDraw = True
108.4877 	DATA 	Keypress: 1
108.6538 	DATA 	Keypress: 1
111.8020 	EXP 	image_3: autoDraw = False
111.8020 	EXP 	text_6: autoDraw = False
111.8020 	EXP 	polygon: autoDraw = True
115.3066 	EXP 	polygon: autoDraw = False
115.3066 	EXP 	polygon: autoDraw = False
115.3066 	EXP 	polygon_3: autoDraw = True
115.7922 	EXP 	New trial (rep=0, index=3): {'Task': 'encoding_name', 'corrAns': 2, 'StimFile': 'Images_Faces/O43.jpg', 'Name': 'David', 'Proffession': 0, 'Letter1': 'D.', 'Letter2': 'N.', 'Letter3': 'F.'}
115.8088 	EXP 	polygon_3: autoDraw = False
115.8088 	EXP 	polygon_3: autoDraw = False
115.8088 	EXP 	image_3: image = 'Images_Faces/O43.jpg'
115.8088 	EXP 	text_6: text = 'D.\t\t\t\t\t\tN.\t\t\t\t\t\tF.'
115.8088 	EXP 	image_3: autoDraw = True
115.8088 	EXP 	text_6: autoDraw = True
116.4144 	DATA 	Keypress: 2
116.5812 	DATA 	Keypress: 2
119.8132 	EXP 	image_3: autoDraw = False
119.8132 	EXP 	text_6: autoDraw = False
119.8132 	EXP 	polygon: autoDraw = True
123.3188 	EXP 	polygon: autoDraw = False
123.3188 	EXP 	polygon: autoDraw = False
123.3188 	EXP 	polygon_3: autoDraw = True
123.8182 	EXP 	New trial (rep=0, index=4): {'Task': 'encoding_name', 'corrAns': 1, 'StimFile': 'Images_Faces/O47.jpg', 'Name': 'Niklas', 'Proffession': 0, 'Letter1': 'N.', 'Letter2': 'P.', 'Letter3': 'D.'}
123.8388 	EXP 	polygon_3: autoDraw = False
123.8388 	EXP 	image_3: image = 'Images_Faces/O47.jpg'
123.8388 	EXP 	text_6: text = 'N.\t\t\t\t\t\tP.\t\t\t\t\t\tD.'
123.8388 	EXP 	image_3: autoDraw = True
123.8388 	EXP 	text_6: autoDraw = True
124.4445 	DATA 	Keypress: 2
124.5603 	DATA 	Keypress: 2
127.8256 	EXP 	image_3: autoDraw = False
127.8256 	EXP 	text_6: autoDraw = False
127.8256 	EXP 	polygon: autoDraw = True
131.3294 	EXP 	polygon: autoDraw = False
131.3294 	EXP 	polygon: autoDraw = False
131.3294 	EXP 	polygon_3: autoDraw = True
131.8147 	EXP 	New trial (rep=0, index=5): {'Task': 'encoding_name', 'corrAns': 3, 'StimFile': 'Images_Faces/O48.jpg', 'Name': 'Bertil', 'Proffession': 0, 'Letter1': 'B.', 'Letter2': 'P.', 'Letter3': 'C.'}
131.8318 	EXP 	polygon_3: autoDraw = False
131.8318 	EXP 	polygon_3: autoDraw = False
131.8318 	EXP 	image_3: image = 'Images_Faces/O48.jpg'
131.8318 	EXP 	text_6: text = 'B.\t\t\t\t\t\tP.\t\t\t\t\t\tC.'
131.8318 	EXP 	image_3: autoDraw = True
131.8318 	EXP 	text_6: autoDraw = True
133.4050 	DATA 	Keypress: 1
133.5890 	DATA 	Keypress: 1
135.8364 	EXP 	image_3: autoDraw = False
135.8364 	EXP 	text_6: autoDraw = False
135.8364 	EXP 	polygon: autoDraw = True
139.3404 	EXP 	polygon: autoDraw = False
139.3404 	EXP 	polygon: autoDraw = False
139.3404 	EXP 	polygon_3: autoDraw = True
139.8263 	EXP 	New trial (rep=0, index=1): {'TrialRows_Name': '6:12', 'TrialRows_Proffession': '36:42'}
139.8442 	EXP 	Imported Encoding.xlsx as conditions, 6 conditions, 8 params
139.8445 	EXP 	Created sequence: random, trialTypes=6, nReps=1, seed=None
139.8447 	EXP 	New trial (rep=0, index=0): {'Task': 'encoding_name', 'corrAns': 3, 'StimFile': 'Images_Faces/O39.jpg', 'Name': 'Björn', 'Proffession': 0, 'Letter1': 'B.', 'Letter2': 'M.', 'Letter3': 'H.'}
139.8786 	EXP 	polygon_3: autoDraw = False
139.8786 	EXP 	polygon_3: autoDraw = False
139.8786 	EXP 	image: image = 'Images_Faces/O39.jpg'
139.8786 	EXP 	text_4: text = ''
139.8786 	EXP 	text_4: text = 'Björn'
139.8786 	EXP 	image: autoDraw = True
139.8786 	EXP 	text_4: autoDraw = True
141.6022 	DATA 	Keypress: 2
141.7686 	DATA 	Keypress: 2
143.8491 	EXP 	image: autoDraw = False
143.8491 	EXP 	text_4: autoDraw = False
143.8491 	EXP 	polygon: autoDraw = True
149.6063 	EXP 	polygon: autoDraw = False
149.6063 	EXP 	polygon: autoDraw = False
149.6063 	EXP 	polygon_3: autoDraw = True
150.0925 	EXP 	New trial (rep=0, index=1): {'Task': 'encoding_name', 'corrAns': 3, 'StimFile': 'Images_Faces/O41.jpg', 'Name': 'Christian', 'Proffession': 0, 'Letter1': 'C.', 'Letter2': 'M.', 'Letter3': 'G.'}
150.1272 	EXP 	polygon_3: autoDraw = False
150.1272 	EXP 	polygon_3: autoDraw = False
150.1272 	EXP 	image: image = 'Images_Faces/O41.jpg'
150.1272 	EXP 	text_4: text = ''
150.1272 	EXP 	text_4: text = 'Christian'
150.1272 	EXP 	image: autoDraw = True
150.1272 	EXP 	text_4: autoDraw = True
154.1153 	EXP 	image: autoDraw = False
154.1153 	EXP 	text_4: autoDraw = False
154.1153 	EXP 	polygon: autoDraw = True
163.1253 	EXP 	polygon: autoDraw = False
163.1253 	EXP 	polygon: autoDraw = False
163.1253 	EXP 	polygon_3: autoDraw = True
163.6115 	EXP 	New trial (rep=0, index=2): {'Task': 'encoding_name', 'corrAns': 2, 'StimFile': 'Images_Faces/O40.jpg', 'Name': 'Axel', 'Proffession': 0, 'Letter1': 'A.', 'Letter2': 'M.', 'Letter3': 'G.'}
163.6286 	EXP 	polygon_3: autoDraw = False
163.6286 	EXP 	polygon_3: autoDraw = False
163.6286 	EXP 	image: image = 'Images_Faces/O40.jpg'
163.6286 	EXP 	text_4: text = ''
163.6286 	EXP 	text_4: text = 'Axel'
163.6286 	EXP 	image: autoDraw = True
163.6286 	EXP 	text_4: autoDraw = True
167.6337 	EXP 	image: autoDraw = False
167.6337 	EXP 	text_4: autoDraw = False
167.6337 	EXP 	polygon: autoDraw = True
176.8942 	EXP 	polygon: autoDraw = False
176.8942 	EXP 	polygon: autoDraw = False
176.8942 	EXP 	polygon_3: autoDraw = True
177.3804 	EXP 	New trial (rep=0, index=3): {'Task': 'encoding_name', 'corrAns': 1, 'StimFile': 'Images_Faces/O42.jpg', 'Name': 'Robert', 'Proffession': 0, 'Letter1': 'R.', 'Letter2': 'M.', 'Letter3': 'G.'}
177.3981 	EXP 	polygon_3: autoDraw = False
177.3981 	EXP 	polygon_3: autoDraw = False
177.3981 	EXP 	image: image = 'Images_Faces/O42.jpg'
177.3981 	EXP 	text_4: text = ''
177.3981 	EXP 	text_4: text = 'Robert'
177.3981 	EXP 	image: autoDraw = True
177.3981 	EXP 	text_4: autoDraw = True
181.4022 	EXP 	image: autoDraw = False
181.4022 	EXP 	text_4: autoDraw = False
181.4022 	EXP 	polygon: autoDraw = True
191.1639 	EXP 	polygon: autoDraw = False
191.1639 	EXP 	polygon: autoDraw = False
191.1639 	EXP 	polygon_3: autoDraw = True
191.6498 	EXP 	New trial (rep=0, index=4): {'Task': 'encoding_name', 'corrAns': 1, 'StimFile': 'Images_Faces/O38.jpg', 'Name': 'Leif', 'Proffession': 0, 'Letter1': 'L.', 'Letter2': 'M.', 'Letter3': 'H.'}
191.6669 	EXP 	polygon_3: autoDraw = False
191.6669 	EXP 	polygon_3: autoDraw = False
191.6669 	EXP 	image: image = 'Images_Faces/O38.jpg'
191.6669 	EXP 	text_4: text = ''
191.6669 	EXP 	text_4: text = 'Leif'
191.6669 	EXP 	image: autoDraw = True
191.6669 	EXP 	text_4: autoDraw = True
195.6721 	EXP 	image: autoDraw = False
195.6721 	EXP 	text_4: autoDraw = False
195.6721 	EXP 	polygon: autoDraw = True
203.1804 	EXP 	polygon: autoDraw = False
203.1804 	EXP 	polygon: autoDraw = False
203.1804 	EXP 	polygon_3: autoDraw = True
203.6672 	EXP 	New trial (rep=0, index=5): {'Task': 'encoding_name', 'corrAns': 2, 'StimFile': 'Images_Faces/O37.jpg', 'Name': 'Ulf', 'Proffession': 0, 'Letter1': 'U.', 'Letter2': 'M.', 'Letter3': 'H.'}
203.6832 	EXP 	polygon_3: autoDraw = False
203.6832 	EXP 	polygon_3: autoDraw = False
203.6832 	EXP 	image: image = 'Images_Faces/O37.jpg'
203.6832 	EXP 	text_4: text = ''
203.6832 	EXP 	text_4: text = 'Ulf'
203.6832 	EXP 	image: autoDraw = True
203.6832 	EXP 	text_4: autoDraw = True
207.6878 	EXP 	image: autoDraw = False
207.6878 	EXP 	text_4: autoDraw = False
207.6878 	EXP 	polygon: autoDraw = True
213.6947 	EXP 	polygon: autoDraw = False
213.6947 	EXP 	polygon: autoDraw = False
213.6947 	EXP 	polygon_3: autoDraw = True
214.1978 	EXP 	Imported Encoding.xlsx as conditions, 6 conditions, 8 params
214.1981 	EXP 	Created sequence: random, trialTypes=6, nReps=1, seed=None
214.1984 	EXP 	New trial (rep=0, index=0): {'Task': 'encoding_name', 'corrAns': 3, 'StimFile': 'Images_Faces/O41.jpg', 'Name': 'Christian', 'Proffession': 0, 'Letter1': 'C.', 'Letter2': 'M.', 'Letter3': 'G.'}
214.2328 	EXP 	polygon_3: autoDraw = False
214.2328 	EXP 	polygon_3: autoDraw = False
214.2328 	EXP 	image_3: image = 'Images_Faces/O41.jpg'
214.2328 	EXP 	text_6: text = 'C.\t\t\t\t\t\tM.\t\t\t\t\t\tG.'
214.2328 	EXP 	image_3: autoDraw = True
214.2328 	EXP 	text_6: autoDraw = True
218.2039 	EXP 	image_3: autoDraw = False
218.2039 	EXP 	text_6: autoDraw = False
218.2039 	EXP 	polygon: autoDraw = True
224.2108 	EXP 	polygon: autoDraw = False
224.2108 	EXP 	polygon: autoDraw = False
224.2108 	EXP 	polygon_3: autoDraw = True
224.6973 	EXP 	New trial (rep=0, index=1): {'Task': 'encoding_name', 'corrAns': 2, 'StimFile': 'Images_Faces/O37.jpg', 'Name': 'Ulf', 'Proffession': 0, 'Letter1': 'U.', 'Letter2': 'M.', 'Letter3': 'H.'}
224.7142 	EXP 	polygon_3: autoDraw = False
224.7142 	EXP 	polygon_3: autoDraw = False
224.7142 	EXP 	image_3: image = 'Images_Faces/O37.jpg'
224.7142 	EXP 	text_6: text = 'U.\t\t\t\t\t\tM.\t\t\t\t\t\tH.'
224.7142 	EXP 	image_3: autoDraw = True
224.7142 	EXP 	text_6: autoDraw = True
228.7188 	EXP 	image_3: autoDraw = False
228.7188 	EXP 	text_6: autoDraw = False
228.7188 	EXP 	polygon: autoDraw = True
234.7254 	EXP 	polygon: autoDraw = False
234.7254 	EXP 	polygon: autoDraw = False
234.7254 	EXP 	polygon_3: autoDraw = True
235.2119 	EXP 	New trial (rep=0, index=2): {'Task': 'encoding_name', 'corrAns': 3, 'StimFile': 'Images_Faces/O39.jpg', 'Name': 'Björn', 'Proffession': 0, 'Letter1': 'B.', 'Letter2': 'M.', 'Letter3': 'H.'}
235.2280 	EXP 	polygon_3: autoDraw = False
235.2280 	EXP 	polygon_3: autoDraw = False
235.2280 	EXP 	image_3: image = 'Images_Faces/O39.jpg'
235.2280 	EXP 	text_6: text = 'B.\t\t\t\t\t\tM.\t\t\t\t\t\tH.'
235.2280 	EXP 	image_3: autoDraw = True
235.2280 	EXP 	text_6: autoDraw = True
239.2330 	EXP 	image_3: autoDraw = False
239.2330 	EXP 	text_6: autoDraw = False
239.2330 	EXP 	polygon: autoDraw = True
245.2397 	EXP 	polygon: autoDraw = False
245.2397 	EXP 	polygon: autoDraw = False
245.2397 	EXP 	polygon_3: autoDraw = True
245.7264 	EXP 	New trial (rep=0, index=3): {'Task': 'encoding_name', 'corrAns': 2, 'StimFile': 'Images_Faces/O40.jpg', 'Name': 'Axel', 'Proffession': 0, 'Letter1': 'A.', 'Letter2': 'M.', 'Letter3': 'G.'}
245.7609 	EXP 	polygon_3: autoDraw = False
245.7609 	EXP 	polygon_3: autoDraw = False
245.7609 	EXP 	image_3: image = 'Images_Faces/O40.jpg'
245.7609 	EXP 	text_6: text = 'A.\t\t\t\t\t\tM.\t\t\t\t\t\tG.'
245.7609 	EXP 	image_3: autoDraw = True
245.7609 	EXP 	text_6: autoDraw = True
246.9008 	DATA 	Keypress: 2
246.9859 	DATA 	Keypress: 2
249.7489 	EXP 	image_3: autoDraw = False
249.7489 	EXP 	text_6: autoDraw = False
249.7489 	EXP 	polygon: autoDraw = True
255.7557 	EXP 	polygon: autoDraw = False
255.7557 	EXP 	polygon: autoDraw = False
255.7557 	EXP 	polygon_3: autoDraw = True
256.2419 	EXP 	New trial (rep=0, index=4): {'Task': 'encoding_name', 'corrAns': 1, 'StimFile': 'Images_Faces/O38.jpg', 'Name': 'Leif', 'Proffession': 0, 'Letter1': 'L.', 'Letter2': 'M.', 'Letter3': 'H.'}
256.2582 	EXP 	polygon_3: autoDraw = False
256.2582 	EXP 	polygon_3: autoDraw = False
256.2582 	EXP 	image_3: image = 'Images_Faces/O38.jpg'
256.2582 	EXP 	text_6: text = 'L.\t\t\t\t\t\tM.\t\t\t\t\t\tH.'
256.2582 	EXP 	image_3: autoDraw = True
256.2582 	EXP 	text_6: autoDraw = True
260.2625 	EXP 	image_3: autoDraw = False
260.2625 	EXP 	text_6: autoDraw = False
260.2625 	EXP 	polygon: autoDraw = True
266.2696 	EXP 	polygon: autoDraw = False
266.2696 	EXP 	polygon: autoDraw = False
266.2696 	EXP 	polygon_3: autoDraw = True
266.7555 	EXP 	New trial (rep=0, index=5): {'Task': 'encoding_name', 'corrAns': 1, 'StimFile': 'Images_Faces/O42.jpg', 'Name': 'Robert', 'Proffession': 0, 'Letter1': 'R.', 'Letter2': 'M.', 'Letter3': 'G.'}
266.7728 	EXP 	polygon_3: autoDraw = False
266.7728 	EXP 	polygon_3: autoDraw = False
266.7728 	EXP 	image_3: image = 'Images_Faces/O42.jpg'
266.7728 	EXP 	text_6: text = 'R.\t\t\t\t\t\tM.\t\t\t\t\t\tG.'
266.7728 	EXP 	image_3: autoDraw = True
266.7728 	EXP 	text_6: autoDraw = True
270.7776 	EXP 	image_3: autoDraw = False
270.7776 	EXP 	text_6: autoDraw = False
270.7776 	EXP 	polygon: autoDraw = True
276.7844 	EXP 	polygon: autoDraw = False
276.7844 	EXP 	polygon: autoDraw = False
276.7844 	EXP 	polygon_3: autoDraw = True
277.2704 	EXP 	New trial (rep=0, index=2): {'TrialRows_Name': '0:6', 'TrialRows_Proffession': '30:36'}
277.2898 	EXP 	Imported Encoding.xlsx as conditions, 6 conditions, 8 params
277.2902 	EXP 	Created sequence: random, trialTypes=6, nReps=1, seed=None
277.2904 	EXP 	New trial (rep=0, index=0): {'Task': 'encoding_name', 'corrAns': 1, 'StimFile': 'Images_Faces/O36.jpg', 'Name': 'Jonas', 'Proffession': 0, 'Letter1': 'J.', 'Letter2': 'M.', 'Letter3': 'I.'}
277.3077 	EXP 	polygon_3: autoDraw = False
277.3077 	EXP 	polygon_3: autoDraw = False
277.3077 	EXP 	image: image = 'Images_Faces/O36.jpg'
277.3077 	EXP 	text_4: text = ''
277.3077 	EXP 	text_4: text = 'Jonas'
277.3077 	EXP 	image: autoDraw = True
277.3077 	EXP 	text_4: autoDraw = True
281.2967 	EXP 	image: autoDraw = False
281.2967 	EXP 	text_4: autoDraw = False
281.2967 	EXP 	polygon: autoDraw = True
290.8073 	EXP 	polygon: autoDraw = False
290.8073 	EXP 	polygon: autoDraw = False
290.8073 	EXP 	polygon_3: autoDraw = True
291.2940 	EXP 	New trial (rep=0, index=1): {'Task': 'encoding_name', 'corrAns': 3, 'StimFile': 'Images_Faces/O35.jpg', 'Name': 'Henrik', 'Proffession': 0, 'Letter1': 'H.', 'Letter2': 'L.', 'Letter3': 'J.'}
291.3281 	EXP 	polygon_3: autoDraw = False
291.3281 	EXP 	polygon_3: autoDraw = False
291.3281 	EXP 	image: image = 'Images_Faces/O35.jpg'
291.3281 	EXP 	text_4: text = ''
291.3281 	EXP 	text_4: text = 'Henrik'
291.3281 	EXP 	image: autoDraw = True
291.3281 	EXP 	text_4: autoDraw = True
295.3164 	EXP 	image: autoDraw = False
295.3164 	EXP 	text_4: autoDraw = False
295.3164 	EXP 	polygon: autoDraw = True
301.5736 	EXP 	polygon: autoDraw = False
301.5736 	EXP 	polygon: autoDraw = False
301.5736 	EXP 	polygon_3: autoDraw = True
302.0594 	EXP 	New trial (rep=0, index=2): {'Task': 'encoding_name', 'corrAns': 2, 'StimFile': 'Images_Faces/O33.jpg', 'Name': 'Mattias', 'Proffession': 0, 'Letter1': 'M.', 'Letter2': 'L.', 'Letter3': 'J.'}
302.0776 	EXP 	polygon_3: autoDraw = False
302.0776 	EXP 	polygon_3: autoDraw = False
302.0776 	EXP 	image: image = 'Images_Faces/O33.jpg'
302.0776 	EXP 	text_4: text = ''
302.0776 	EXP 	text_4: text = 'Mattias'
302.0776 	EXP 	image: autoDraw = True
302.0776 	EXP 	text_4: autoDraw = True
306.0824 	EXP 	image: autoDraw = False
306.0824 	EXP 	text_4: autoDraw = False
306.0824 	EXP 	polygon: autoDraw = True
311.3384 	EXP 	polygon: autoDraw = False
311.3384 	EXP 	polygon: autoDraw = False
311.3384 	EXP 	polygon_3: autoDraw = True
311.8247 	EXP 	New trial (rep=0, index=3): {'Task': 'encoding_name', 'corrAns': 3, 'StimFile': 'Images_Faces/O31.jpg', 'Name': 'Mohamed', 'Proffession': 0, 'Letter1': 'M.', 'Letter2': 'K.', 'Letter3': 'J.'}
311.8419 	EXP 	polygon_3: autoDraw = False
311.8419 	EXP 	polygon_3: autoDraw = False
311.8419 	EXP 	image: image = 'Images_Faces/O31.jpg'
311.8419 	EXP 	text_4: text = ''
311.8419 	EXP 	text_4: text = 'Mohamed'
311.8419 	EXP 	image: autoDraw = True
311.8419 	EXP 	text_4: autoDraw = True
315.8467 	EXP 	image: autoDraw = False
315.8467 	EXP 	text_4: autoDraw = False
315.8467 	EXP 	polygon: autoDraw = True
324.6066 	EXP 	polygon: autoDraw = False
324.6066 	EXP 	polygon: autoDraw = False
324.6066 	EXP 	polygon_3: autoDraw = True
325.0925 	EXP 	New trial (rep=0, index=4): {'Task': 'encoding_name', 'corrAns': 1, 'StimFile': 'Images_Faces/O32.jpg', 'Name': 'John', 'Proffession': 0, 'Letter1': 'J.', 'Letter2': 'K.', 'Letter3': 'J.'}
325.1098 	EXP 	polygon_3: autoDraw = False
325.1098 	EXP 	polygon_3: autoDraw = False
325.1098 	EXP 	image: image = 'Images_Faces/O32.jpg'
325.1098 	EXP 	text_4: text = ''
325.1098 	EXP 	text_4: text = 'John'
325.1098 	EXP 	image: autoDraw = True
325.1098 	EXP 	text_4: autoDraw = True
328.7855 	DATA 	Keypress: 2
328.9196 	DATA 	Keypress: 2
329.1148 	EXP 	image: autoDraw = False
329.1148 	EXP 	text_4: autoDraw = False
329.1148 	EXP 	polygon: autoDraw = True
336.6233 	EXP 	polygon: autoDraw = False
336.6233 	EXP 	polygon: autoDraw = False
336.6233 	EXP 	polygon_3: autoDraw = True
337.1091 	EXP 	New trial (rep=0, index=5): {'Task': 'encoding_name', 'corrAns': 2, 'StimFile': 'Images_Faces/O34.jpg', 'Name': 'Mats', 'Proffession': 0, 'Letter1': 'M.', 'Letter2': 'L.', 'Letter3': 'J.'}
337.1268 	EXP 	polygon_3: autoDraw = False
337.1268 	EXP 	polygon_3: autoDraw = False
337.1268 	EXP 	image: image = 'Images_Faces/O34.jpg'
337.1268 	EXP 	text_4: text = ''
337.1268 	EXP 	text_4: text = 'Mats'
337.1268 	EXP 	image: autoDraw = True
337.1268 	EXP 	text_4: autoDraw = True
341.1308 	EXP 	image: autoDraw = False
341.1308 	EXP 	text_4: autoDraw = False
341.1308 	EXP 	polygon: autoDraw = True
348.8901 	EXP 	polygon: autoDraw = False
348.8901 	EXP 	polygon: autoDraw = False
348.8901 	EXP 	polygon_3: autoDraw = True
349.3936 	EXP 	Imported Encoding.xlsx as conditions, 6 conditions, 8 params
349.3939 	EXP 	Created sequence: random, trialTypes=6, nReps=1, seed=None
349.3942 	EXP 	New trial (rep=0, index=0): {'Task': 'encoding_name', 'corrAns': 3, 'StimFile': 'Images_Faces/O31.jpg', 'Name': 'Mohamed', 'Proffession': 0, 'Letter1': 'M.', 'Letter2': 'K.', 'Letter3': 'J.'}
349.4280 	EXP 	polygon_3: autoDraw = False
349.4280 	EXP 	polygon_3: autoDraw = False
349.4280 	EXP 	image_3: image = 'Images_Faces/O31.jpg'
349.4280 	EXP 	text_6: text = 'M.\t\t\t\t\t\tK.\t\t\t\t\t\tJ.'
349.4280 	EXP 	image_3: autoDraw = True
349.4280 	EXP 	text_6: autoDraw = True
353.3993 	EXP 	image_3: autoDraw = False
353.3993 	EXP 	text_6: autoDraw = False
353.3993 	EXP 	polygon: autoDraw = True
361.1580 	EXP 	polygon: autoDraw = False
361.1580 	EXP 	polygon: autoDraw = False
361.1580 	EXP 	polygon_3: autoDraw = True
361.6445 	EXP 	New trial (rep=0, index=1): {'Task': 'encoding_name', 'corrAns': 2, 'StimFile': 'Images_Faces/O34.jpg', 'Name': 'Mats', 'Proffession': 0, 'Letter1': 'M.', 'Letter2': 'L.', 'Letter3': 'J.'}
361.6617 	EXP 	polygon_3: autoDraw = False
361.6617 	EXP 	polygon_3: autoDraw = False
361.6617 	EXP 	image_3: image = 'Images_Faces/O34.jpg'
361.6617 	EXP 	text_6: text = 'M.\t\t\t\t\t\tL.\t\t\t\t\t\tJ.'
361.6617 	EXP 	image_3: autoDraw = True
361.6617 	EXP 	text_6: autoDraw = True
365.6661 	EXP 	image_3: autoDraw = False
365.6661 	EXP 	text_6: autoDraw = False
365.6661 	EXP 	polygon: autoDraw = True
373.4251 	EXP 	polygon: autoDraw = False
373.4251 	EXP 	polygon: autoDraw = False
373.4251 	EXP 	polygon_3: autoDraw = True
373.9112 	EXP 	New trial (rep=0, index=2): {'Task': 'encoding_name', 'corrAns': 3, 'StimFile': 'Images_Faces/O35.jpg', 'Name': 'Henrik', 'Proffession': 0, 'Letter1': 'H.', 'Letter2': 'L.', 'Letter3': 'J.'}
373.9275 	EXP 	polygon_3: autoDraw = False
373.9275 	EXP 	polygon_3: autoDraw = False
373.9275 	EXP 	image_3: image = 'Images_Faces/O35.jpg'
373.9275 	EXP 	text_6: text = 'H.\t\t\t\t\t\tL.\t\t\t\t\t\tJ.'
373.9275 	EXP 	image_3: autoDraw = True
373.9275 	EXP 	text_6: autoDraw = True
376.3026 	DATA 	Keypress: 2
376.4203 	DATA 	Keypress: 2
377.9333 	EXP 	image_3: autoDraw = False
377.9333 	EXP 	text_6: autoDraw = False
377.9333 	EXP 	polygon: autoDraw = True
385.6921 	EXP 	polygon: autoDraw = False
385.6921 	EXP 	polygon: autoDraw = False
385.6921 	EXP 	polygon_3: autoDraw = True
386.1776 	EXP 	New trial (rep=0, index=3): {'Task': 'encoding_name', 'corrAns': 2, 'StimFile': 'Images_Faces/O33.jpg', 'Name': 'Mattias', 'Proffession': 0, 'Letter1': 'M.', 'Letter2': 'L.', 'Letter3': 'J.'}
386.1952 	EXP 	polygon_3: autoDraw = False
386.1952 	EXP 	polygon_3: autoDraw = False
386.1952 	EXP 	image_3: image = 'Images_Faces/O33.jpg'
386.1952 	EXP 	text_6: text = 'M.\t\t\t\t\t\tL.\t\t\t\t\t\tJ.'
386.1952 	EXP 	image_3: autoDraw = True
386.1952 	EXP 	text_6: autoDraw = True
390.1999 	EXP 	image_3: autoDraw = False
390.1999 	EXP 	text_6: autoDraw = False
390.1999 	EXP 	polygon: autoDraw = True
397.9585 	EXP 	polygon: autoDraw = False
397.9585 	EXP 	polygon: autoDraw = False
397.9585 	EXP 	polygon_3: autoDraw = True
398.4451 	EXP 	New trial (rep=0, index=4): {'Task': 'encoding_name', 'corrAns': 1, 'StimFile': 'Images_Faces/O36.jpg', 'Name': 'Jonas', 'Proffession': 0, 'Letter1': 'J.', 'Letter2': 'M.', 'Letter3': 'I.'}
398.4613 	EXP 	polygon_3: autoDraw = False
398.4613 	EXP 	polygon_3: autoDraw = False
398.4613 	EXP 	image_3: image = 'Images_Faces/O36.jpg'
398.4613 	EXP 	text_6: text = 'J.\t\t\t\t\t\tM.\t\t\t\t\t\tI.'
398.4613 	EXP 	image_3: autoDraw = True
398.4613 	EXP 	text_6: autoDraw = True
402.4670 	EXP 	image_3: autoDraw = False
402.4670 	EXP 	text_6: autoDraw = False
402.4670 	EXP 	polygon: autoDraw = True
410.2259 	EXP 	polygon: autoDraw = False
410.2259 	EXP 	polygon: autoDraw = False
410.2259 	EXP 	polygon_3: autoDraw = True
410.7113 	EXP 	New trial (rep=0, index=5): {'Task': 'encoding_name', 'corrAns': 1, 'StimFile': 'Images_Faces/O32.jpg', 'Name': 'John', 'Proffession': 0, 'Letter1': 'J.', 'Letter2': 'K.', 'Letter3': 'J.'}
410.7289 	EXP 	polygon_3: autoDraw = False
410.7289 	EXP 	polygon_3: autoDraw = False
410.7289 	EXP 	image_3: image = 'Images_Faces/O32.jpg'
410.7289 	EXP 	text_6: text = 'J.\t\t\t\t\t\tK.\t\t\t\t\t\tJ.'
410.7289 	EXP 	image_3: autoDraw = True
410.7289 	EXP 	text_6: autoDraw = True
414.7339 	EXP 	image_3: autoDraw = False
414.7339 	EXP 	text_6: autoDraw = False
414.7339 	EXP 	polygon: autoDraw = True
422.4927 	EXP 	polygon: autoDraw = False
422.4927 	EXP 	polygon: autoDraw = False
422.4927 	EXP 	polygon_3: autoDraw = True
422.9791 	EXP 	New trial (rep=0, index=3): {'TrialRows_Name': '18:24', 'TrialRows_Proffession': '48:54'}
422.9960 	EXP 	Imported Encoding.xlsx as conditions, 6 conditions, 8 params
422.9963 	EXP 	Created sequence: random, trialTypes=6, nReps=1, seed=None
422.9966 	EXP 	New trial (rep=0, index=0): {'Task': 'encoding_name', 'corrAns': 1, 'StimFile': 'Images_Faces/O52.jpg', 'Name': 'Håkan', 'Proffession': 0, 'Letter1': 'H.', 'Letter2': 'R.', 'Letter3': 'B.'}
423.0306 	EXP 	polygon_3: autoDraw = False
423.0306 	EXP 	polygon_3: autoDraw = False
423.0306 	EXP 	image: image = 'Images_Faces/O52.jpg'
423.0306 	EXP 	text_4: text = ''
423.0306 	EXP 	text_4: text = 'Håkan'
423.0306 	EXP 	image: autoDraw = True
423.0306 	EXP 	text_4: autoDraw = True
427.0016 	EXP 	image: autoDraw = False
427.0016 	EXP 	text_4: autoDraw = False
427.0016 	EXP 	polygon: autoDraw = True
429.7549 	EXP 	polygon: autoDraw = False
429.7549 	EXP 	polygon: autoDraw = False
429.7549 	EXP 	polygon_3: autoDraw = True
430.2414 	EXP 	New trial (rep=0, index=1): {'Task': 'encoding_name', 'corrAns': 3, 'StimFile': 'Images_Faces/O54.jpg', 'Name': 'Rickard', 'Proffession': 0, 'Letter1': 'R.', 'Letter2': 'S.', 'Letter3': 'B.'}
430.2773 	EXP 	polygon_3: autoDraw = False
430.2773 	EXP 	polygon_3: autoDraw = False
430.2773 	EXP 	image: image = 'Images_Faces/O54.jpg'
430.2773 	EXP 	text_4: text = ''
430.2773 	EXP 	text_4: text = 'Rickard'
430.2773 	EXP 	image: autoDraw = True
430.2773 	EXP 	text_4: autoDraw = True
434.2652 	EXP 	image: autoDraw = False
434.2652 	EXP 	text_4: autoDraw = False
434.2652 	EXP 	polygon: autoDraw = True
442.0241 	EXP 	polygon: autoDraw = False
442.0241 	EXP 	polygon: autoDraw = False
442.0241 	EXP 	polygon_3: autoDraw = True
442.5097 	EXP 	New trial (rep=0, index=2): {'Task': 'encoding_name', 'corrAns': 2, 'StimFile': 'Images_Faces/O50.jpg', 'Name': 'Patrik', 'Proffession': 0, 'Letter1': 'P.', 'Letter2': 'R.', 'Letter3': 'C.'}
442.5264 	EXP 	polygon_3: autoDraw = False
442.5264 	EXP 	polygon_3: autoDraw = False
442.5264 	EXP 	image: image = 'Images_Faces/O50.jpg'
442.5264 	EXP 	text_4: text = ''
442.5264 	EXP 	text_4: text = 'Patrik'
442.5264 	EXP 	image: autoDraw = True
442.5264 	EXP 	text_4: autoDraw = True
446.5320 	EXP 	image: autoDraw = False
446.5320 	EXP 	text_4: autoDraw = False
446.5320 	EXP 	polygon: autoDraw = True
450.0360 	EXP 	polygon: autoDraw = False
450.0360 	EXP 	polygon: autoDraw = False
450.0360 	EXP 	polygon_3: autoDraw = True
450.5225 	EXP 	New trial (rep=0, index=3): {'Task': 'encoding_name', 'corrAns': 1, 'StimFile': 'Images_Faces/O53.jpg', 'Name': 'Christoffer', 'Proffession': 0, 'Letter1': 'C.', 'Letter2': 'S.', 'Letter3': 'B.'}
450.5572 	EXP 	polygon_3: autoDraw = False
450.5572 	EXP 	polygon_3: autoDraw = False
450.5572 	EXP 	image: image = 'Images_Faces/O53.jpg'
450.5572 	EXP 	text_4: text = ''
450.5572 	EXP 	text_4: text = 'Christoffer'
450.5572 	EXP 	image: autoDraw = True
450.5572 	EXP 	text_4: autoDraw = True
454.5448 	EXP 	image: autoDraw = False
454.5448 	EXP 	text_4: autoDraw = False
454.5448 	EXP 	polygon: autoDraw = True
462.5542 	EXP 	polygon: autoDraw = False
462.5542 	EXP 	polygon: autoDraw = False
462.5542 	EXP 	polygon_3: autoDraw = True
463.0402 	EXP 	New trial (rep=0, index=4): {'Task': 'encoding_name', 'corrAns': 1, 'StimFile': 'Images_Faces/O51.jpg', 'Name': 'Ingemar', 'Proffession': 0, 'Letter1': 'I.', 'Letter2': 'R.', 'Letter3': 'B.'}
463.0577 	EXP 	polygon_3: autoDraw = False
463.0577 	EXP 	polygon_3: autoDraw = False
463.0577 	EXP 	image: image = 'Images_Faces/O51.jpg'
463.0577 	EXP 	text_4: text = ''
463.0577 	EXP 	text_4: text = 'Ingemar'
463.0577 	EXP 	image: autoDraw = True
463.0577 	EXP 	text_4: autoDraw = True
467.0620 	EXP 	image: autoDraw = False
467.0620 	EXP 	text_4: autoDraw = False
467.0620 	EXP 	polygon: autoDraw = True
472.3182 	EXP 	polygon: autoDraw = False
472.3182 	EXP 	polygon: autoDraw = False
472.3182 	EXP 	polygon_3: autoDraw = True
472.8046 	EXP 	New trial (rep=0, index=5): {'Task': 'encoding_name', 'corrAns': 1, 'StimFile': 'Images_Faces/O49.jpg', 'Name': 'Arne', 'Proffession': 0, 'Letter1': 'A.', 'Letter2': 'P.', 'Letter3': 'C.'}
472.8210 	EXP 	polygon_3: autoDraw = False
472.8210 	EXP 	polygon_3: autoDraw = False
472.8210 	EXP 	image: image = 'Images_Faces/O49.jpg'
472.8210 	EXP 	text_4: text = ''
472.8210 	EXP 	text_4: text = 'Arne'
472.8210 	EXP 	image: autoDraw = True
472.8210 	EXP 	text_4: autoDraw = True
476.8267 	EXP 	image: autoDraw = False
476.8267 	EXP 	text_4: autoDraw = False
476.8267 	EXP 	polygon: autoDraw = True
481.3317 	EXP 	polygon: autoDraw = False
481.3317 	EXP 	polygon: autoDraw = False
481.3317 	EXP 	polygon_3: autoDraw = True
481.8356 	EXP 	Imported Encoding.xlsx as conditions, 6 conditions, 8 params
481.8359 	EXP 	Created sequence: random, trialTypes=6, nReps=1, seed=None
481.8361 	EXP 	New trial (rep=0, index=0): {'Task': 'encoding_name', 'corrAns': 2, 'StimFile': 'Images_Faces/O50.jpg', 'Name': 'Patrik', 'Proffession': 0, 'Letter1': 'P.', 'Letter2': 'R.', 'Letter3': 'C.'}
481.8526 	EXP 	polygon_3: autoDraw = False
481.8526 	EXP 	polygon_3: autoDraw = False
481.8526 	EXP 	image_3: image = 'Images_Faces/O50.jpg'
481.8526 	EXP 	text_6: text = 'P.\t\t\t\t\t\tR.\t\t\t\t\t\tC.'
481.8526 	EXP 	image_3: autoDraw = True
481.8526 	EXP 	text_6: autoDraw = True
484.1940 	DATA 	Keypress: 3
484.2946 	DATA 	Keypress: 3
485.8406 	EXP 	image_3: autoDraw = False
485.8406 	EXP 	text_6: autoDraw = False
485.8406 	EXP 	polygon: autoDraw = True
490.3459 	EXP 	polygon: autoDraw = False
490.3459 	EXP 	polygon: autoDraw = False
490.3459 	EXP 	polygon_3: autoDraw = True
490.8320 	EXP 	New trial (rep=0, index=1): {'Task': 'encoding_name', 'corrAns': 1, 'StimFile': 'Images_Faces/O53.jpg', 'Name': 'Christoffer', 'Proffession': 0, 'Letter1': 'C.', 'Letter2': 'S.', 'Letter3': 'B.'}
490.8489 	EXP 	polygon_3: autoDraw = False
490.8489 	EXP 	polygon_3: autoDraw = False
490.8489 	EXP 	image_3: image = 'Images_Faces/O53.jpg'
490.8489 	EXP 	text_6: text = 'C.\t\t\t\t\t\tS.\t\t\t\t\t\tB.'
490.8489 	EXP 	image_3: autoDraw = True
490.8489 	EXP 	text_6: autoDraw = True
494.8536 	EXP 	image_3: autoDraw = False
494.8536 	EXP 	text_6: autoDraw = False
494.8536 	EXP 	polygon: autoDraw = True
499.3592 	EXP 	polygon: autoDraw = False
499.3592 	EXP 	polygon: autoDraw = False
499.3592 	EXP 	polygon_3: autoDraw = True
499.8452 	EXP 	New trial (rep=0, index=2): {'Task': 'encoding_name', 'corrAns': 3, 'StimFile': 'Images_Faces/O54.jpg', 'Name': 'Rickard', 'Proffession': 0, 'Letter1': 'R.', 'Letter2': 'S.', 'Letter3': 'B.'}
499.8803 	EXP 	polygon_3: autoDraw = False
499.8803 	EXP 	polygon_3: autoDraw = False
499.8803 	EXP 	image_3: image = 'Images_Faces/O54.jpg'
499.8803 	EXP 	text_6: text = 'R.\t\t\t\t\t\tS.\t\t\t\t\t\tB.'
499.8803 	EXP 	image_3: autoDraw = True
499.8803 	EXP 	text_6: autoDraw = True
503.8681 	EXP 	image_3: autoDraw = False
503.8681 	EXP 	text_6: autoDraw = False
503.8681 	EXP 	polygon: autoDraw = True
508.3731 	EXP 	polygon: autoDraw = False
508.3731 	EXP 	polygon: autoDraw = False
508.3731 	EXP 	polygon_3: autoDraw = True
508.8585 	EXP 	New trial (rep=0, index=3): {'Task': 'encoding_name', 'corrAns': 1, 'StimFile': 'Images_Faces/O49.jpg', 'Name': 'Arne', 'Proffession': 0, 'Letter1': 'A.', 'Letter2': 'P.', 'Letter3': 'C.'}
508.8763 	EXP 	polygon_3: autoDraw = False
508.8763 	EXP 	polygon_3: autoDraw = False
508.8763 	EXP 	image_3: image = 'Images_Faces/O49.jpg'
508.8763 	EXP 	text_6: text = 'A.\t\t\t\t\t\tP.\t\t\t\t\t\tC.'
508.8763 	EXP 	image_3: autoDraw = True
508.8763 	EXP 	text_6: autoDraw = True
512.8813 	EXP 	image_3: autoDraw = False
512.8813 	EXP 	text_6: autoDraw = False
512.8813 	EXP 	polygon: autoDraw = True
517.3865 	EXP 	polygon: autoDraw = False
517.3865 	EXP 	polygon: autoDraw = False
517.3865 	EXP 	polygon_3: autoDraw = True
517.8722 	EXP 	New trial (rep=0, index=4): {'Task': 'encoding_name', 'corrAns': 1, 'StimFile': 'Images_Faces/O52.jpg', 'Name': 'Håkan', 'Proffession': 0, 'Letter1': 'H.', 'Letter2': 'R.', 'Letter3': 'B.'}
517.8889 	EXP 	polygon_3: autoDraw = False
517.8889 	EXP 	polygon_3: autoDraw = False
517.8889 	EXP 	image_3: image = 'Images_Faces/O52.jpg'
517.8889 	EXP 	text_6: text = 'H.\t\t\t\t\t\tR.\t\t\t\t\t\tB.'
517.8889 	EXP 	image_3: autoDraw = True
517.8889 	EXP 	text_6: autoDraw = True
521.8946 	EXP 	image_3: autoDraw = False
521.8946 	EXP 	text_6: autoDraw = False
521.8946 	EXP 	polygon: autoDraw = True
526.3996 	EXP 	polygon: autoDraw = False
526.3996 	EXP 	polygon: autoDraw = False
526.3996 	EXP 	polygon_3: autoDraw = True
526.8861 	EXP 	New trial (rep=0, index=5): {'Task': 'encoding_name', 'corrAns': 1, 'StimFile': 'Images_Faces/O51.jpg', 'Name': 'Ingemar', 'Proffession': 0, 'Letter1': 'I.', 'Letter2': 'R.', 'Letter3': 'B.'}
526.9034 	EXP 	polygon_3: autoDraw = False
526.9034 	EXP 	polygon_3: autoDraw = False
526.9034 	EXP 	image_3: image = 'Images_Faces/O51.jpg'
526.9034 	EXP 	text_6: text = 'I.\t\t\t\t\t\tR.\t\t\t\t\t\tB.'
526.9034 	EXP 	image_3: autoDraw = True
526.9034 	EXP 	text_6: autoDraw = True
529.4112 	DATA 	Keypress: 1
529.5118 	DATA 	Keypress: 1
530.9082 	EXP 	image_3: autoDraw = False
530.9082 	EXP 	text_6: autoDraw = False
530.9082 	EXP 	polygon: autoDraw = True
535.4133 	EXP 	polygon: autoDraw = False
535.4133 	EXP 	polygon: autoDraw = False
535.4133 	EXP 	polygon_3: autoDraw = True
535.8992 	EXP 	New trial (rep=0, index=4): {'TrialRows_Name': '24:30', 'TrialRows_Proffession': '54:60'}
535.9168 	EXP 	Imported Encoding.xlsx as conditions, 6 conditions, 8 params
535.9171 	EXP 	Created sequence: random, trialTypes=6, nReps=1, seed=None
535.9173 	EXP 	New trial (rep=0, index=0): {'Task': 'encoding_name', 'corrAns': 2, 'StimFile': 'Images_Faces/O55.jpg', 'Name': 'Kjell', 'Proffession': 0, 'Letter1': 'K.', 'Letter2': 'S.', 'Letter3': 'Å.'}
535.9523 	EXP 	polygon_3: autoDraw = False
535.9523 	EXP 	polygon_3: autoDraw = False
535.9523 	EXP 	image: image = 'Images_Faces/O55.jpg'
535.9523 	EXP 	text_4: text = ''
535.9523 	EXP 	text_4: text = 'Kjell'
535.9523 	EXP 	image: autoDraw = True
535.9523 	EXP 	text_4: autoDraw = True
539.9233 	EXP 	image: autoDraw = False
539.9233 	EXP 	text_4: autoDraw = False
539.9233 	EXP 	polygon: autoDraw = True
546.1806 	EXP 	polygon: autoDraw = False
546.1806 	EXP 	polygon: autoDraw = False
546.1806 	EXP 	polygon_3: autoDraw = True
546.6670 	EXP 	New trial (rep=0, index=1): {'Task': 'encoding_name', 'corrAns': 3, 'StimFile': 'Images_Faces/O56.jpg', 'Name': 'William', 'Proffession': 0, 'Letter1': 'W.', 'Letter2': 'T.', 'Letter3': 'A.'}
546.6851 	EXP 	polygon_3: autoDraw = False
546.6851 	EXP 	polygon_3: autoDraw = False
546.6851 	EXP 	image: image = 'Images_Faces/O56.jpg'
546.6851 	EXP 	text_4: text = ''
546.6851 	EXP 	text_4: text = 'William'
546.6851 	EXP 	image: autoDraw = True
546.6851 	EXP 	text_4: autoDraw = True
550.6896 	EXP 	image: autoDraw = False
550.6896 	EXP 	text_4: autoDraw = False
550.6896 	EXP 	polygon: autoDraw = True
554.1937 	EXP 	polygon: autoDraw = False
554.1937 	EXP 	polygon: autoDraw = False
554.1937 	EXP 	polygon_3: autoDraw = True
554.6796 	EXP 	New trial (rep=0, index=2): {'Task': 'encoding_name', 'corrAns': 1, 'StimFile': 'Images_Faces/O59.jpg', 'Name': 'Rolf', 'Proffession': 0, 'Letter1': 'R.', 'Letter2': 'W.', 'Letter3': 'A.'}
554.6970 	EXP 	polygon_3: autoDraw = False
554.6970 	EXP 	polygon_3: autoDraw = False
554.6970 	EXP 	image: image = 'Images_Faces/O59.jpg'
554.6970 	EXP 	text_4: text = ''
554.6970 	EXP 	text_4: text = 'Rolf'
554.6970 	EXP 	image: autoDraw = True
554.6970 	EXP 	text_4: autoDraw = True
558.7018 	EXP 	image: autoDraw = False
558.7018 	EXP 	text_4: autoDraw = False
558.7018 	EXP 	polygon: autoDraw = True
565.9601 	EXP 	polygon: autoDraw = False
565.9601 	EXP 	polygon: autoDraw = False
565.9601 	EXP 	polygon_3: autoDraw = True
566.4464 	EXP 	New trial (rep=0, index=3): {'Task': 'encoding_name', 'corrAns': 3, 'StimFile': 'Images_Faces/O58.jpg', 'Name': 'Stig', 'Proffession': 0, 'Letter1': 'S.', 'Letter2': 'V.', 'Letter3': 'A.'}
566.4637 	EXP 	polygon_3: autoDraw = False
566.4637 	EXP 	polygon_3: autoDraw = False
566.4637 	EXP 	image: image = 'Images_Faces/O58.jpg'
566.4637 	EXP 	text_4: text = ''
566.4637 	EXP 	text_4: text = 'Stig'
566.4637 	EXP 	image: autoDraw = True
566.4637 	EXP 	text_4: autoDraw = True
570.4687 	EXP 	image: autoDraw = False
570.4687 	EXP 	text_4: autoDraw = False
570.4687 	EXP 	polygon: autoDraw = True
574.2229 	EXP 	polygon: autoDraw = False
574.2229 	EXP 	polygon: autoDraw = False
574.2229 	EXP 	polygon_3: autoDraw = True
574.7092 	EXP 	New trial (rep=0, index=4): {'Task': 'encoding_name', 'corrAns': 3, 'StimFile': 'Images_Faces/O60.jpg', 'Name': 'Wilhelm', 'Proffession': 0, 'Letter1': 'W.', 'Letter2': 'K.', 'Letter3': 'A.'}
574.7267 	EXP 	polygon_3: autoDraw = False
574.7267 	EXP 	polygon_3: autoDraw = False
574.7267 	EXP 	image: image = 'Images_Faces/O60.jpg'
574.7267 	EXP 	text_4: text = ''
574.7267 	EXP 	text_4: text = 'Wilhelm'
574.7267 	EXP 	image: autoDraw = True
574.7267 	EXP 	text_4: autoDraw = True
578.7311 	EXP 	image: autoDraw = False
578.7311 	EXP 	text_4: autoDraw = False
578.7311 	EXP 	polygon: autoDraw = True
582.4853 	EXP 	polygon: autoDraw = False
582.4853 	EXP 	polygon: autoDraw = False
582.4853 	EXP 	polygon_3: autoDraw = True
582.9712 	EXP 	New trial (rep=0, index=5): {'Task': 'encoding_name', 'corrAns': 1, 'StimFile': 'Images_Faces/O57.jpg', 'Name': 'Joakim', 'Proffession': 0, 'Letter1': 'J.', 'Letter2': 'U.', 'Letter3': 'A.'}
582.9889 	EXP 	polygon_3: autoDraw = False
582.9889 	EXP 	polygon_3: autoDraw = False
582.9889 	EXP 	image: image = 'Images_Faces/O57.jpg'
582.9889 	EXP 	text_4: text = ''
582.9889 	EXP 	text_4: text = 'Joakim'
582.9889 	EXP 	image: autoDraw = True
582.9889 	EXP 	text_4: autoDraw = True
586.9938 	EXP 	image: autoDraw = False
586.9938 	EXP 	text_4: autoDraw = False
586.9938 	EXP 	polygon: autoDraw = True
595.7534 	EXP 	polygon: autoDraw = False
595.7534 	EXP 	polygon: autoDraw = False
595.7534 	EXP 	polygon_3: autoDraw = True
596.2565 	EXP 	Imported Encoding.xlsx as conditions, 6 conditions, 8 params
596.2568 	EXP 	Created sequence: random, trialTypes=6, nReps=1, seed=None
596.2570 	EXP 	New trial (rep=0, index=0): {'Task': 'encoding_name', 'corrAns': 3, 'StimFile': 'Images_Faces/O56.jpg', 'Name': 'William', 'Proffession': 0, 'Letter1': 'W.', 'Letter2': 'T.', 'Letter3': 'A.'}
596.2915 	EXP 	polygon_3: autoDraw = False
596.2915 	EXP 	polygon_3: autoDraw = False
596.2915 	EXP 	image_3: image = 'Images_Faces/O56.jpg'
596.2915 	EXP 	text_6: text = 'W.\t\t\t\t\t\tT.\t\t\t\t\t\tA.'
596.2915 	EXP 	image_3: autoDraw = True
596.2915 	EXP 	text_6: autoDraw = True
599.0164 	DATA 	Keypress: 3
599.1333 	DATA 	Keypress: 3
600.2626 	EXP 	image_3: autoDraw = False
600.2626 	EXP 	text_6: autoDraw = False
600.2626 	EXP 	polygon: autoDraw = True
609.0222 	EXP 	polygon: autoDraw = False
609.0222 	EXP 	polygon: autoDraw = False
609.0222 	EXP 	polygon_3: autoDraw = True
609.5093 	EXP 	New trial (rep=0, index=1): {'Task': 'encoding_name', 'corrAns': 3, 'StimFile': 'Images_Faces/O58.jpg', 'Name': 'Stig', 'Proffession': 0, 'Letter1': 'S.', 'Letter2': 'V.', 'Letter3': 'A.'}
609.5436 	EXP 	polygon_3: autoDraw = False
609.5436 	EXP 	polygon_3: autoDraw = False
609.5436 	EXP 	image_3: image = 'Images_Faces/O58.jpg'
609.5436 	EXP 	text_6: text = 'S.\t\t\t\t\t\tV.\t\t\t\t\t\tA.'
609.5436 	EXP 	image_3: autoDraw = True
609.5436 	EXP 	text_6: autoDraw = True
613.5317 	EXP 	image_3: autoDraw = False
613.5317 	EXP 	text_6: autoDraw = False
613.5317 	EXP 	polygon: autoDraw = True
622.2917 	EXP 	polygon: autoDraw = False
622.2917 	EXP 	polygon: autoDraw = False
622.2917 	EXP 	polygon_3: autoDraw = True
622.7771 	EXP 	New trial (rep=0, index=2): {'Task': 'encoding_name', 'corrAns': 1, 'StimFile': 'Images_Faces/O57.jpg', 'Name': 'Joakim', 'Proffession': 0, 'Letter1': 'J.', 'Letter2': 'U.', 'Letter3': 'A.'}
622.7946 	EXP 	polygon_3: autoDraw = False
622.7946 	EXP 	polygon_3: autoDraw = False
622.7946 	EXP 	image_3: image = 'Images_Faces/O57.jpg'
622.7946 	EXP 	text_6: text = 'J.\t\t\t\t\t\tU.\t\t\t\t\t\tA.'
622.7946 	EXP 	image_3: autoDraw = True
622.7946 	EXP 	text_6: autoDraw = True
626.7990 	EXP 	image_3: autoDraw = False
626.7990 	EXP 	text_6: autoDraw = False
626.7990 	EXP 	polygon: autoDraw = True
635.5592 	EXP 	polygon: autoDraw = False
635.5592 	EXP 	polygon: autoDraw = False
635.5592 	EXP 	polygon_3: autoDraw = True
636.0452 	EXP 	New trial (rep=0, index=3): {'Task': 'encoding_name', 'corrAns': 3, 'StimFile': 'Images_Faces/O60.jpg', 'Name': 'Wilhelm', 'Proffession': 0, 'Letter1': 'W.', 'Letter2': 'K.', 'Letter3': 'A.'}
636.0621 	EXP 	polygon_3: autoDraw = False
636.0621 	EXP 	polygon_3: autoDraw = False
636.0621 	EXP 	image_3: image = 'Images_Faces/O60.jpg'
636.0621 	EXP 	text_6: text = 'W.\t\t\t\t\t\tK.\t\t\t\t\t\tA.'
636.0621 	EXP 	image_3: autoDraw = True
636.0621 	EXP 	text_6: autoDraw = True
640.0671 	EXP 	image_3: autoDraw = False
640.0671 	EXP 	text_6: autoDraw = False
640.0671 	EXP 	polygon: autoDraw = True
648.8272 	EXP 	polygon: autoDraw = False
648.8272 	EXP 	polygon: autoDraw = False
648.8272 	EXP 	polygon_3: autoDraw = True
649.3131 	EXP 	New trial (rep=0, index=4): {'Task': 'encoding_name', 'corrAns': 2, 'StimFile': 'Images_Faces/O55.jpg', 'Name': 'Kjell', 'Proffession': 0, 'Letter1': 'K.', 'Letter2': 'S.', 'Letter3': 'Å.'}
649.3306 	EXP 	polygon_3: autoDraw = False
649.3306 	EXP 	polygon_3: autoDraw = False
649.3306 	EXP 	image_3: image = 'Images_Faces/O55.jpg'
649.3306 	EXP 	text_6: text = 'K.\t\t\t\t\t\tS.\t\t\t\t\t\tÅ.'
649.3306 	EXP 	image_3: autoDraw = True
649.3306 	EXP 	text_6: autoDraw = True
653.3353 	EXP 	image_3: autoDraw = False
653.3353 	EXP 	text_6: autoDraw = False
653.3353 	EXP 	polygon: autoDraw = True
662.0953 	EXP 	polygon: autoDraw = False
662.0953 	EXP 	polygon: autoDraw = False
662.0953 	EXP 	polygon_3: autoDraw = True
662.5814 	EXP 	New trial (rep=0, index=5): {'Task': 'encoding_name', 'corrAns': 1, 'StimFile': 'Images_Faces/O59.jpg', 'Name': 'Rolf', 'Proffession': 0, 'Letter1': 'R.', 'Letter2': 'W.', 'Letter3': 'A.'}
662.5984 	EXP 	polygon_3: autoDraw = False
662.5984 	EXP 	polygon_3: autoDraw = False
662.5984 	EXP 	image_3: image = 'Images_Faces/O59.jpg'
662.5984 	EXP 	text_6: text = 'R.\t\t\t\t\t\tW.\t\t\t\t\t\tA.'
662.5984 	EXP 	image_3: autoDraw = True
662.5984 	EXP 	text_6: autoDraw = True
666.6032 	EXP 	image_3: autoDraw = False
666.6032 	EXP 	text_6: autoDraw = False
666.6032 	EXP 	polygon: autoDraw = True
675.3635 	EXP 	polygon: autoDraw = False
675.3635 	EXP 	polygon: autoDraw = False
675.3635 	EXP 	polygon_3: autoDraw = True
675.8540 	EXP 	Imported TrialRows.xlsx as conditions, 5 conditions, 2 params
675.8543 	EXP 	Created sequence: random, trialTypes=5, nReps=1, seed=None
675.8545 	EXP 	New trial (rep=0, index=0): {'TrialRows_Name': '6:12', 'TrialRows_Proffession': '36:42'}
675.8717 	EXP 	Imported Encoding.xlsx as conditions, 6 conditions, 8 params
675.8720 	EXP 	Created sequence: random, trialTypes=6, nReps=1, seed=None
675.8723 	EXP 	New trial (rep=0, index=0): {'Task': 'encoding_proffession', 'corrAns': 3, 'StimFile': 'Images_Faces/SH41.png', 'Name': 0, 'Proffession': 'Säkerhetsvakt', 'Letter1': 'S.', 'Letter2': 'I.', 'Letter3': 'R.'}
676.5830 	EXP 	window1: mouseVisible = True
