1.8171 	WARNING 	We strongly recommend you activate the PTB sound engine in PsychoPy prefs as the preferred audio engine. Its timing is vastly superior. Your prefs are currently set to use ['sounddevice', 'PTB', 'pyo', 'pygame'] (in that order).
5.3951 	EXP 	Created window1 = Window(allowGUI=True, allowStencil=False, autoLog=True, backendConf=UNKNOWN, bitsMode=UNKNOWN, blendMode='avg', bpc=(8, 8, 8), color=array([1, 1, 1]), colorSpace='rgb', depthBits=8, fullscr=<method-wrapper '__getattribute__' of attributeSetter object at 0x00000166B4B5B310>, gamma=None, gammaErrorPolicy='raise', lms=UNKNOWN, monitor=<psychopy.monitors.calibTools.Monitor object at 0x00000166BAF857F0>, multiSample=False, name='window1', numSamples=2, pos=(0, 1200), screen=0, size=array([1920, 1080]), stencilBits=0, stereo=False, units='height', useFBO=True, useRetina=False, viewOri=0.0, viewPos=None, viewScale=None, waitBlanking=True, winType='pyglet')
5.3952 	EXP 	window1: mouseVisible = True
5.3953 	EXP 	window1: mouseVisible = False
5.3953 	EXP 	window1: Attempting to measure frame rate of screen (0) ...
5.3953 	EXP 	window1: recordFrameIntervals = False
5.5619 	EXP 	window1: recordFrameIntervals = True
5.7458 	EXP 	Screen (0) actual frame rate measured at 59.89Hz
5.7458 	EXP 	window1: recordFrameIntervals = False
7.5933 	EXP 	Created text = TextStim(__class__=<class 'psychopy.visual.text.TextStim'>, alignHoriz=method-wrapper(...), alignText='center', alignVert=method-wrapper(...), anchorHoriz='center', anchorVert='center', antialias=True, autoDraw=False, autoLog=True, bold=False, color=array([-1, -1, -1]), colorSpace='rgb', contrast=1.0, depth=0.0, flipHoriz=False, flipVert=False, font='Open Sans', fontFiles=[], height=0.03, italic=False, languageStyle='LTR', name='text', opacity=1.0, ori=0.0, pos=array([0., 0.]), rgb=UNKNOWN, text=str(...), units='height', win=Window(...), wrapWidth=1)
7.6039 	EXP 	Created text_3 = TextStim(__class__=<class 'psychopy.visual.text.TextStim'>, alignHoriz=method-wrapper(...), alignText='center', alignVert=method-wrapper(...), anchorHoriz='center', anchorVert='center', antialias=True, autoDraw=False, autoLog=True, bold=False, color=array([-1, -1, -1]), colorSpace='rgb', contrast=1.0, depth=-1.0, flipHoriz=False, flipVert=False, font='Open Sans', fontFiles=[], height=0.07, italic=False, languageStyle='LTR', name='text_3', opacity=1.0, ori=0.0, pos=array([0., 0.]), rgb=UNKNOWN, text='Snart börjar experimentet', units='height', win=Window(...), wrapWidth=1)
7.6169 	EXP 	Created memorera_text = TextStim(__class__=<class 'psychopy.visual.text.TextStim'>, alignHoriz=method-wrapper(...), alignText='center', alignVert=method-wrapper(...), anchorHoriz='center', anchorVert='center', antialias=True, autoDraw=False, autoLog=True, bold=False, color=array([-1, -1, -1]), colorSpace='rgb', contrast=1.0, depth=0.0, flipHoriz=False, flipVert=False, font='Open Sans', fontFiles=[], height=0.1, italic=False, languageStyle='LTR', name='memorera_text', opacity=1.0, ori=0.0, pos=array([0., 0.]), rgb=UNKNOWN, text='These are letters ankflnadskl', units='height', win=Window(...), wrapWidth=1)
7.6192 	EXP 	Created polygon = ShapeStim(__class__=<class 'psychopy.visual.shape.ShapeStim'>, anchor=('center', 'center'), autoDraw=False, autoLog=True, closeShape=True, color=method-wrapper(...), colorSpace='rgb', contrast=None, depth=0.0, fillColor=array([-1, -1, -1]), fillColorSpace='rgb', fillRGB=array([-1, -1, -1]), interpolate=True, lineColor=array([0, 0, 0]), lineColorSpace='rgb', lineRGB=array([0, 0, 0]), lineWidth=0.1, name='polygon', opacity=0.5, ori=0.0, pos=array([0., 0.]), size=array([0.1, 0.1]), units='height', vertices=ndarray(...), win=Window(...), windingRule=None)
7.6197 	EXP 	Created tap = TextStim(__class__=<class 'psychopy.visual.text.TextStim'>, alignHoriz=method-wrapper(...), alignText='center', alignVert=method-wrapper(...), anchorHoriz='center', anchorVert='center', antialias=True, autoDraw=False, autoLog=True, bold=False, color=array([-1, -1, -1]), colorSpace='rgb', contrast=1.0, depth=0.0, flipHoriz=False, flipVert=False, font='Open Sans', fontFiles=[], height=0.1, italic=False, languageStyle='LTR', name='tap', opacity=1.0, ori=0.0, pos=array([ 0.   , -0.375]), rgb=UNKNOWN, text='', units='height', win=Window(...), wrapWidth=1)
7.6403 	EXP 	Created text_2 = TextStim(__class__=<class 'psychopy.visual.text.TextStim'>, alignHoriz=method-wrapper(...), alignText='center', alignVert=method-wrapper(...), anchorHoriz='center', anchorVert='center', antialias=True, autoDraw=False, autoLog=True, bold=False, color=array([-1, -1, -1]), colorSpace='rgb', contrast=1.0, depth=0.0, flipHoriz=False, flipVert=False, font='Open Sans', fontFiles=[], height=0.1, italic=False, languageStyle='LTR', name='text_2', opacity=1.0, ori=0.0, pos=array([0., 0.]), rgb=UNKNOWN, text=str(...), units='height', win=Window(...), wrapWidth=1)
7.6427 	EXP 	text: autoDraw = True
8.8674 	DATA 	Keypress: space
8.8809 	EXP 	text: autoDraw = False
8.8809 	EXP 	text_3: autoDraw = True
16.6177 	DATA 	Keypress: s
16.8212 	EXP 	text_3: autoDraw = False
16.8212 	EXP 	memorera_text: autoDraw = True
20.8100 	EXP 	Created sequence: random, trialTypes=1, nReps=30, seed=None
20.8102 	EXP 	New trial (rep=0, index=0): None
20.8239 	EXP 	memorera_text: autoDraw = False
20.8239 	EXP 	memorera_text: autoDraw = False
20.8239 	EXP 	polygon: autoDraw = True
22.8257 	EXP 	polygon: autoDraw = False
22.8257 	EXP 	polygon: autoDraw = False
22.8257 	EXP 	tap: height = 0.1
22.8257 	EXP 	tap: height = 0.1
22.8257 	EXP 	tap: height = 0.1
22.8257 	EXP 	tap: text = 'Tap'
22.8257 	EXP 	tap: autoDraw = True
26.8133 	EXP 	New trial (rep=1, index=0): None
26.8295 	EXP 	tap: autoDraw = False
26.8295 	EXP 	polygon: autoDraw = True
28.8312 	EXP 	polygon: autoDraw = False
28.8312 	EXP 	polygon: autoDraw = False
28.8312 	EXP 	tap: text = 'Tap'
28.8312 	EXP 	tap: autoDraw = True
32.8183 	EXP 	New trial (rep=2, index=0): None
32.8346 	EXP 	tap: autoDraw = False
32.8346 	EXP 	polygon: autoDraw = True
39.6904 	EXP 	polygon: autoDraw = False
39.6904 	EXP 	polygon: autoDraw = False
39.6904 	EXP 	tap: text = 'Tap'
39.6904 	EXP 	tap: autoDraw = True
43.6763 	EXP 	New trial (rep=3, index=0): None
43.6927 	EXP 	tap: autoDraw = False
43.6927 	EXP 	polygon: autoDraw = True
44.3447 	DATA 	Keypress: escape
45.0010 	EXP 	window1: mouseVisible = True
