3.6532 	WARNING 	We strongly recommend you activate the PTB sound engine in PsychoPy prefs as the preferred audio engine. Its timing is vastly superior. Your prefs are currently set to use ['sounddevice', 'PTB', 'pyo', 'pygame'] (in that order).
11.0791 	WARNING 	Couldn't measure a consistent frame rate.
  - Is your graphics card set to sync to vertical blank?
  - Are you running other processes on your computer?

11.0793 	EXP 	Created window1 = Window(allowGUI=True, allowStencil=False, autoLog=True, backendConf=UNKNOWN, bitsMode=UNKNOWN, blendMode='avg', bpc=(8, 8, 8), color=array([0, 0, 0]), colorSpace='rgb', depthBits=8, fullscr=<method-wrapper '__getattribute__' of attributeSetter object at 0x000001E22B9AE198>, gamma=None, gammaErrorPolicy='raise', lms=UNKNOWN, monitor=<psychopy.monitors.calibTools.Monitor object at 0x000001E22BA7F5C0>, multiSample=False, name='window1', numSamples=2, pos=[760.0, 180.0], screen=0, size=array([1920, 1080]), stencilBits=0, stereo=False, units='height', useFBO=True, useRetina=False, viewOri=0.0, viewPos=None, viewScale=None, waitBlanking=True, winType='glfw')
11.0794 	EXP 	window1: mouseVisible = True
11.0794 	EXP 	window1: recordFrameIntervals = False
11.3630 	EXP 	window1: recordFrameIntervals = True
11.5861 	WARNING 	t of last frame was 73.37ms (=1/13)
11.7244 	WARNING 	t of last frame was 78.54ms (=1/12)
11.8638 	WARNING 	t of last frame was 83.10ms (=1/12)
12.0009 	WARNING 	t of last frame was 87.87ms (=1/11)
12.1417 	WARNING 	Multiple dropped frames have occurred - I'll stop bothering you about them!
14.4980 	WARNING 	Couldn't measure a consistent frame rate.
  - Is your graphics card set to sync to vertical blank?
  - Are you running other processes on your computer?

14.8741 	EXP 	Created text = TextStim(__class__=<class 'psychopy.visual.text.TextStim'>, alignHoriz=method-wrapper(...), alignText='center', alignVert=method-wrapper(...), anchorHoriz='center', anchorVert='center', antialias=True, autoLog=True, bold=False, color=array([1., 1., 1.]), colorSpace='rgb', contrast=1.0, depth=0.0, flipHoriz=False, flipVert=False, font='Open Sans', fontFiles=[], height=0.1, italic=False, languageStyle='LTR', name='text', opacity=1, ori=0.0, pos=array([0., 0.]), rgb=UNKNOWN, text='Instructions:', units='height', win=Window(...), wrapWidth=1)
14.8794 	EXP 	Created image = ImageStim(__class__=<class 'psychopy.visual.image.ImageStim'>, autoLog=True, color=array([1., 1., 1.]), colorSpace='rgb', contrast=1.0, depth=-1.0, flipHoriz=False, flipVert=False, image='sin', interpolate=True, mask=None, maskParams=None, name='image', opacity=1, ori=0.0, pos=array([0., 0.]), size=array([0.75, 0.75]), texRes=128.0, units='height', win=Window(...))
14.8835 	EXP 	Created Arrow = ImageStim(__class__=<class 'psychopy.visual.image.ImageStim'>, autoLog=True, color=array([1., 1., 1.]), colorSpace='rgb', contrast=1.0, depth=-2.0, flipHoriz=False, flipVert=False, image='sin', interpolate=True, mask=None, maskParams=None, name='Arrow', opacity=1, ori=0.0, pos=array([ 0. , -0.5]), size=array([0.25, 0.25]), texRes=128.0, units='height', win=Window(...))
14.8860 	EXP 	Created polygon = ShapeStim(__class__=<class 'psychopy.visual.shape.ShapeStim'>, autoDraw=False, autoLog=True, closeShape=True, color=method-wrapper(...), colorSpace='rgb', contrast=None, depth=0.0, fillColor=array([1, 1, 1]), fillColorSpace='rgb', fillRGB=array([1, 1, 1]), interpolate=True, lineColor=array([1., 1., 1.]), lineColorSpace='rgb', lineRGB=array([1, 1, 1]), lineWidth=1.0, name='polygon', opacity=1, ori=0.0, pos=array([0., 0.]), size=array([0.5, 0.5]), units='height', vertices=ndarray(...), win=Window(...), windingRule=None)
15.0399 	EXP 	text: autoDraw = True
15.9683 	EXP 	Imported OneShotLearning.xlsx as conditions, 49 conditions, 7 params
15.9689 	EXP 	Created sequence: random, trialTypes=49, nReps=1, seed=None
15.9692 	EXP 	New trial (rep=0, index=0): {'NumberLetter': None, 'corrAns': 3, 'StimFile': 'bus.jpg', 'ImgType': 'Vehicles', 'ArrowImg': 'ArrowRight.png', 'False_StimFile': None, 'DurationTrial': None}
16.0120 	DATA 	Keypress: 1
16.0134 	EXP 	text: autoDraw = False
16.0134 	EXP 	image: image = 'bus.jpg'
16.0134 	EXP 	Arrow: image = 'ArrowRight.png'
16.0134 	EXP 	image: autoDraw = True
16.0134 	EXP 	Arrow: autoDraw = True
16.1288 	DATA 	Keypress: 1
19.0195 	EXP 	image: autoDraw = False
19.0195 	EXP 	Arrow: autoDraw = False
25.1664 	DATA 	Keypress: 2
25.1859 	EXP 	image: autoDraw = False
25.1859 	EXP 	Arrow: autoDraw = False
25.1859 	EXP 	polygon: autoDraw = True
25.4042 	DATA 	Keypress: 2
26.2372 	EXP 	New trial (rep=0, index=1): {'NumberLetter': None, 'corrAns': 3, 'StimFile': 'elephant.jpg', 'ImgType': 'Animal', 'ArrowImg': 'ArrowRight.png', 'False_StimFile': None, 'DurationTrial': None}
26.2698 	EXP 	polygon: autoDraw = False
26.2698 	EXP 	image: image = 'elephant.jpg'
26.2698 	EXP 	Arrow: image = 'ArrowRight.png'
26.2698 	EXP 	image: autoDraw = True
26.2698 	EXP 	Arrow: autoDraw = True
29.2714 	EXP 	image: autoDraw = False
29.2714 	EXP 	Arrow: autoDraw = False
31.3527 	DATA 	Keypress: esc
31.4775 	DATA 	Keypress: esc
31.4976 	EXP 	window1: mouseVisible = True
