2.3065 	WARNING 	We strongly recommend you activate the PTB sound engine in PsychoPy prefs as the preferred audio engine. Its timing is vastly superior. Your prefs are currently set to use ['sounddevice', 'PTB', 'pyo', 'pygame'] (in that order).
5.4412 	ERROR 	'0.0000, 0.0000, 0.0000' is not a valid rgb color
6.6791 	EXP 	Created window1 = Window(allowGUI=True, allowStencil=False, autoLog=True, backendConf=UNKNOWN, bitsMode=UNKNOWN, blendMode='avg', bpc=(8, 8, 8), color=array([0, 0, 0]), colorSpace='rgb', depthBits=8, fullscr=<method-wrapper '__getattribute__' of attributeSetter object at 0x000002566EF2C908>, gamma=None, gammaErrorPolicy='raise', lms=UNKNOWN, monitor=<psychopy.monitors.calibTools.Monitor object at 0x000002566EE93CF8>, multiSample=False, name='window1', numSamples=2, pos=[760.0, 180.0], screen=0, size=array([1920, 1080]), stencilBits=0, stereo=False, units='height', useFBO=True, useRetina=False, viewOri=0.0, viewPos=None, viewScale=None, waitBlanking=True, winType='glfw')
6.6791 	EXP 	window1: mouseVisible = True
6.6791 	EXP 	window1: recordFrameIntervals = False
6.8454 	EXP 	window1: recordFrameIntervals = True
7.0293 	EXP 	window1: recordFrameIntervals = False
7.4113 	EXP 	Created text = TextStim(__class__=<class 'psychopy.visual.text.TextStim'>, alignHoriz=method-wrapper(...), alignText='center', alignVert=method-wrapper(...), anchorHoriz='center', anchorVert='center', antialias=True, autoLog=True, bold=False, color=array([1., 1., 1.]), colorSpace='rgb', contrast=1.0, depth=0.0, flipHoriz=False, flipVert=False, font='Open Sans', fontFiles=[], height=0.04, italic=False, languageStyle='LTR', name='text', opacity=1, ori=0.0, pos=array([0., 0.]), rgb=UNKNOWN, text=str(...), units='height', win=Window(...), wrapWidth=1)
7.4161 	EXP 	Created image = ImageStim(__class__=<class 'psychopy.visual.image.ImageStim'>, autoLog=True, color=array([1., 1., 1.]), colorSpace='rgb', contrast=1.0, depth=-1.0, flipHoriz=False, flipVert=False, image='sin', interpolate=True, mask=None, maskParams=None, name='image', opacity=1, ori=0.0, pos=array([ 0.   , -0.125]), size=array([1.  , 0.75]), texRes=128.0, units='height', win=Window(...))
7.4193 	EXP 	Created Arrow = ImageStim(__class__=<class 'psychopy.visual.image.ImageStim'>, autoLog=True, color=array([1., 1., 1.]), colorSpace='rgb', contrast=1.0, depth=-2.0, flipHoriz=False, flipVert=False, image='sin', interpolate=True, mask=None, maskParams=None, name='Arrow', opacity=1, ori=0.0, pos=array([0.   , 0.375]), size=array([0.25, 0.25]), texRes=128.0, units='height', win=Window(...))
7.4218 	EXP 	Created polygon = ShapeStim(__class__=<class 'psychopy.visual.shape.ShapeStim'>, autoDraw=False, autoLog=True, closeShape=True, color=method-wrapper(...), colorSpace='rgb', contrast=None, depth=0.0, fillColor=array([1, 1, 1]), fillColorSpace='rgb', fillRGB=array([1, 1, 1]), interpolate=True, lineColor=array([1., 1., 1.]), lineColorSpace='rgb', lineRGB=array([1, 1, 1]), lineWidth=1.0, name='polygon', opacity=1, ori=0.0, pos=array([0., 0.]), size=array([0.5, 0.5]), units='height', vertices=ndarray(...), win=Window(...), windingRule=None)
7.4313 	EXP 	Created image_2 = ImageStim(__class__=<class 'psychopy.visual.image.ImageStim'>, autoLog=True, color=array([1., 1., 1.]), colorSpace='rgb', contrast=1.0, depth=-1.0, flipHoriz=False, flipVert=False, image='sin', interpolate=True, mask=None, maskParams=None, name='image_2', opacity=1, ori=0.0, pos=array([0.   , 0.125]), size=array([1.  , 0.75]), texRes=128.0, units='height', win=Window(...))
7.4840 	EXP 	Created direction_options = ImageStim(__class__=<class 'psychopy.visual.image.ImageStim'>, autoLog=True, color=array([1., 1., 1.]), colorSpace='rgb', contrast=1.0, depth=-3.0, flipHoriz=False, flipVert=False, image='Gallery_arrowoptions.png', interpolate=True, mask=None, maskParams=None, name='direction_options', opacity=1, ori=0.0, pos=array([ 0.   , -0.375]), size=array([1.  , 0.25]), texRes=128.0, units='height', win=Window(...))
7.4860 	EXP 	Created polygon = ShapeStim(__class__=<class 'psychopy.visual.shape.ShapeStim'>, autoDraw=False, autoLog=True, closeShape=True, color=method-wrapper(...), colorSpace='rgb', contrast=None, depth=0.0, fillColor=array([1, 1, 1]), fillColorSpace='rgb', fillRGB=array([1, 1, 1]), interpolate=True, lineColor=array([1., 1., 1.]), lineColorSpace='rgb', lineRGB=array([1, 1, 1]), lineWidth=1.0, name='polygon', opacity=1, ori=0.0, pos=array([0., 0.]), size=array([0.5, 0.5]), units='height', vertices=ndarray(...), win=Window(...), windingRule=None)
7.5094 	EXP 	Created text_2 = TextStim(__class__=<class 'psychopy.visual.text.TextStim'>, alignHoriz=method-wrapper(...), alignText='center', alignVert=method-wrapper(...), anchorHoriz='center', anchorVert='center', antialias=True, autoLog=True, bold=False, color=array([1., 1., 1.]), colorSpace='rgb', contrast=1.0, depth=0.0, flipHoriz=False, flipVert=False, font='Open Sans', fontFiles=[], height=0.1, italic=False, languageStyle='LTR', name='text_2', opacity=1, ori=0.0, pos=array([0., 0.]), rgb=UNKNOWN, text=str(...), units='height', win=Window(...), wrapWidth=1)
7.6036 	EXP 	text: autoDraw = True
8.0599 	DATA 	Keypress: 1
8.0790 	EXP 	Imported OneShotLearning.xlsx as conditions, 48 conditions, 8 params
8.0795 	EXP 	Created sequence: random, trialTypes=48, nReps=1, seed=None
8.0797 	EXP 	New trial (rep=0, index=0): {'NumberLetter': None, 'corrAns': 2, 'StimFile': 'kangaroo.jpg', 'ImgType': 'Animal', 'ArrowImg': 'ArrowUp.png', 'ImgOrientation': None, 'Congruency': None, 'Direction': None}
8.0815 	EXP 	New trial (rep=0, index=1): {'NumberLetter': None, 'corrAns': 2, 'StimFile': 'bed.jpg', 'ImgType': 'Furniture', 'ArrowImg': 'ArrowUp.png', 'ImgOrientation': None, 'Congruency': None, 'Direction': None}
8.0830 	EXP 	New trial (rep=0, index=2): {'NumberLetter': None, 'corrAns': 1, 'StimFile': 'plane.jpg', 'ImgType': 'Vehicles', 'ArrowImg': 'ArrowLeft.png', 'ImgOrientation': None, 'Congruency': None, 'Direction': None}
8.0845 	EXP 	New trial (rep=0, index=3): {'NumberLetter': None, 'corrAns': 2, 'StimFile': 'cat.jpg', 'ImgType': 'Animal', 'ArrowImg': 'ArrowUp.png', 'ImgOrientation': None, 'Congruency': None, 'Direction': 'ArrowUp.png'}
8.0860 	EXP 	New trial (rep=0, index=4): {'NumberLetter': None, 'corrAns': 2, 'StimFile': 'paragliding.jpg', 'ImgType': 'Vehicles', 'ArrowImg': 'ArrowUp.png', 'ImgOrientation': None, 'Congruency': None, 'Direction': None}
8.0875 	EXP 	New trial (rep=0, index=5): {'NumberLetter': None, 'corrAns': 3, 'StimFile': 'motorbike.jpg', 'ImgType': 'Vehicles', 'ArrowImg': 'ArrowRight.png', 'ImgOrientation': None, 'Congruency': None, 'Direction': None}
8.0889 	EXP 	New trial (rep=0, index=6): {'NumberLetter': None, 'corrAns': 1, 'StimFile': 'Chest_of_drawers.jpg', 'ImgType': 'Furniture', 'ArrowImg': 'ArrowLeft.png', 'ImgOrientation': None, 'Congruency': None, 'Direction': None}
8.0904 	EXP 	New trial (rep=0, index=7): {'NumberLetter': None, 'corrAns': 2, 'StimFile': 'train', 'ImgType': 'Vehicles', 'ArrowImg': 'ArrowUp.png', 'ImgOrientation': None, 'Congruency': None, 'Direction': None}
8.0920 	EXP 	New trial (rep=0, index=8): {'NumberLetter': None, 'corrAns': 3, 'StimFile': 'snake.jpg', 'ImgType': 'Animal', 'ArrowImg': 'ArrowRight.png', 'ImgOrientation': None, 'Congruency': None, 'Direction': None}
8.0934 	EXP 	New trial (rep=0, index=9): {'NumberLetter': None, 'corrAns': 2, 'StimFile': 'tapir.jpg', 'ImgType': 'Animal', 'ArrowImg': 'ArrowUp.png', 'ImgOrientation': None, 'Congruency': None, 'Direction': None}
8.0949 	EXP 	New trial (rep=0, index=10): {'NumberLetter': None, 'corrAns': 1, 'StimFile': 'cheetah.jpg', 'ImgType': 'Animal', 'ArrowImg': 'ArrowLeft.png', 'ImgOrientation': None, 'Congruency': None, 'Direction': None}
8.0964 	EXP 	New trial (rep=0, index=11): {'NumberLetter': None, 'corrAns': 3, 'StimFile': 'scooter.jpg', 'ImgType': 'Vehicles', 'ArrowImg': 'ArrowRight.png', 'ImgOrientation': None, 'Congruency': None, 'Direction': None}
8.0979 	EXP 	New trial (rep=0, index=12): {'NumberLetter': None, 'corrAns': 3, 'StimFile': 'bus.jpg', 'ImgType': 'Vehicles', 'ArrowImg': 'ArrowRight.png', 'ImgOrientation': None, 'Congruency': None, 'Direction': None}
8.0994 	EXP 	New trial (rep=0, index=13): {'NumberLetter': None, 'corrAns': 1, 'StimFile': 'skateboard.jpg', 'ImgType': 'Vehicles', 'ArrowImg': 'ArrowLeft.png', 'ImgOrientation': None, 'Congruency': None, 'Direction': None}
8.1008 	EXP 	New trial (rep=0, index=14): {'NumberLetter': None, 'corrAns': 3, 'StimFile': 'armchair.jpg', 'ImgType': 'Furniture', 'ArrowImg': 'ArrowRight.png', 'ImgOrientation': None, 'Congruency': None, 'Direction': None}
8.1023 	EXP 	New trial (rep=0, index=15): {'NumberLetter': None, 'corrAns': 3, 'StimFile': 'tractor.jpg', 'ImgType': 'Vehicles', 'ArrowImg': 'ArrowRight.png', 'ImgOrientation': None, 'Congruency': None, 'Direction': None}
8.1038 	EXP 	New trial (rep=0, index=16): {'NumberLetter': None, 'corrAns': 2, 'StimFile': 'crocodile.jpg', 'ImgType': 'Animal', 'ArrowImg': 'ArrowUp.png', 'ImgOrientation': 'right', 'Congruency': 'Incongruent - perpendicular', 'Direction': None}
8.1053 	EXP 	New trial (rep=0, index=17): {'NumberLetter': None, 'corrAns': 2, 'StimFile': 'chair.jpg', 'ImgType': 'Furniture', 'ArrowImg': 'ArrowUp.png', 'ImgOrientation': None, 'Congruency': None, 'Direction': None}
8.1068 	EXP 	New trial (rep=0, index=18): {'NumberLetter': None, 'corrAns': 2, 'StimFile': 'zebra.jpg', 'ImgType': 'Animal', 'ArrowImg': 'ArrowUp.png', 'ImgOrientation': None, 'Congruency': None, 'Direction': None}
8.1083 	EXP 	New trial (rep=0, index=19): {'NumberLetter': None, 'corrAns': 3, 'StimFile': 'couch.jpg', 'ImgType': 'Furniture', 'ArrowImg': 'ArrowRight.png', 'ImgOrientation': None, 'Congruency': None, 'Direction': None}
8.1098 	EXP 	New trial (rep=0, index=20): {'NumberLetter': None, 'corrAns': 3, 'StimFile': 'turtle.jpg', 'ImgType': 'Animal', 'ArrowImg': 'ArrowRight.png', 'ImgOrientation': None, 'Congruency': None, 'Direction': None}
8.1113 	EXP 	New trial (rep=0, index=21): {'NumberLetter': None, 'corrAns': 1, 'StimFile': 'lamp.jpg', 'ImgType': 'Furniture', 'ArrowImg': 'ArrowLeft.png', 'ImgOrientation': None, 'Congruency': None, 'Direction': None}
8.1127 	EXP 	New trial (rep=0, index=22): {'NumberLetter': None, 'corrAns': 2, 'StimFile': 'platypus.jpg', 'ImgType': 'Animal', 'ArrowImg': 'ArrowUp.png', 'ImgOrientation': None, 'Congruency': None, 'Direction': None}
8.1142 	EXP 	New trial (rep=0, index=23): {'NumberLetter': None, 'corrAns': 1, 'StimFile': 'bedside_table.jpg', 'ImgType': 'Furniture', 'ArrowImg': 'ArrowLeft.png', 'ImgOrientation': None, 'Congruency': None, 'Direction': None}
8.1157 	EXP 	New trial (rep=0, index=24): {'NumberLetter': None, 'corrAns': 1, 'StimFile': 'van.jpg', 'ImgType': 'Vehicles', 'ArrowImg': 'ArrowLeft.png', 'ImgOrientation': None, 'Congruency': None, 'Direction': None}
8.1172 	EXP 	New trial (rep=0, index=25): {'NumberLetter': None, 'corrAns': 1, 'StimFile': 'rhino.jpg', 'ImgType': 'Animal', 'ArrowImg': 'ArrowLeft.png', 'ImgOrientation': None, 'Congruency': None, 'Direction': None}
8.1187 	EXP 	New trial (rep=0, index=26): {'NumberLetter': None, 'corrAns': 1, 'StimFile': 'armadillo.jpg', 'ImgType': 'Animal', 'ArrowImg': 'ArrowLeft.png', 'ImgOrientation': 'left', 'Congruency': 'Congruent', 'Direction': 'ArrowLeft.png'}
8.1202 	EXP 	New trial (rep=0, index=27): {'NumberLetter': None, 'corrAns': 1, 'StimFile': 'tiger.jpg', 'ImgType': 'Animal', 'ArrowImg': 'ArrowLeft.png', 'ImgOrientation': None, 'Congruency': None, 'Direction': None}
8.1217 	EXP 	New trial (rep=0, index=28): {'NumberLetter': None, 'corrAns': 1, 'StimFile': 'sofa.jpg', 'ImgType': 'Furniture', 'ArrowImg': 'ArrowLeft.png', 'ImgOrientation': None, 'Congruency': None, 'Direction': None}
8.1232 	EXP 	New trial (rep=0, index=29): {'NumberLetter': None, 'corrAns': 2, 'StimFile': 'ship.jpg', 'ImgType': 'Vehicles', 'ArrowImg': 'ArrowUp.png', 'ImgOrientation': None, 'Congruency': None, 'Direction': None}
8.1247 	EXP 	New trial (rep=0, index=30): {'NumberLetter': None, 'corrAns': 3, 'StimFile': 'lynx.jpg', 'ImgType': 'Animal', 'ArrowImg': 'ArrowRight.png', 'ImgOrientation': None, 'Congruency': None, 'Direction': None}
8.1261 	EXP 	New trial (rep=0, index=31): {'NumberLetter': None, 'corrAns': 3, 'StimFile': 'lectern.jpg', 'ImgType': 'Furniture', 'ArrowImg': 'ArrowRight.png', 'ImgOrientation': None, 'Congruency': None, 'Direction': None}
8.1276 	EXP 	New trial (rep=0, index=32): {'NumberLetter': None, 'corrAns': 3, 'StimFile': 'stool.jpg', 'ImgType': 'Furniture', 'ArrowImg': 'ArrowRight.png', 'ImgOrientation': None, 'Congruency': None, 'Direction': None}
8.1291 	EXP 	New trial (rep=0, index=33): {'NumberLetter': None, 'corrAns': 3, 'StimFile': 'bookcase.jpg', 'ImgType': 'Furniture', 'ArrowImg': 'ArrowRight.png', 'ImgOrientation': 'neutral', 'Congruency': 'neutral', 'Direction': None}
8.1306 	EXP 	New trial (rep=0, index=34): {'NumberLetter': None, 'corrAns': 3, 'StimFile': 'elephant.jpg', 'ImgType': 'Animal', 'ArrowImg': 'ArrowRight.png', 'ImgOrientation': None, 'Congruency': None, 'Direction': None}
8.1321 	EXP 	New trial (rep=0, index=35): {'NumberLetter': None, 'corrAns': 1, 'StimFile': 'lioness.jpg', 'ImgType': 'Animal', 'ArrowImg': 'ArrowLeft.png', 'ImgOrientation': None, 'Congruency': None, 'Direction': None}
8.1337 	EXP 	New trial (rep=0, index=36): {'NumberLetter': None, 'corrAns': 3, 'StimFile': 'bat.jpg', 'ImgType': 'Animal', 'ArrowImg': 'ArrowRight.png', 'ImgOrientation': 'left', 'Congruency': 'Incongruent - opposite', 'Direction': 'ArrowRight.png'}
8.1351 	EXP 	New trial (rep=0, index=37): {'NumberLetter': None, 'corrAns': 2, 'StimFile': 'rocking_chair.jpg', 'ImgType': 'Furniture', 'ArrowImg': 'ArrowUp.png', 'ImgOrientation': None, 'Congruency': None, 'Direction': None}
8.1366 	EXP 	New trial (rep=0, index=38): {'NumberLetter': None, 'corrAns': 2, 'StimFile': 'table.jpg', 'ImgType': 'Furniture', 'ArrowImg': 'ArrowUp.png', 'ImgOrientation': None, 'Congruency': None, 'Direction': None}
8.1380 	EXP 	New trial (rep=0, index=39): {'NumberLetter': None, 'corrAns': 1, 'StimFile': 'dromedary.jpg', 'ImgType': 'Animal', 'ArrowImg': 'ArrowLeft.png', 'ImgOrientation': None, 'Congruency': None, 'Direction': None}
8.1395 	EXP 	New trial (rep=0, index=40): {'NumberLetter': None, 'corrAns': 3, 'StimFile': 'horse.jpg', 'ImgType': 'Animal', 'ArrowImg': 'ArrowRight.png', 'ImgOrientation': None, 'Congruency': None, 'Direction': None}
8.1410 	EXP 	New trial (rep=0, index=41): {'NumberLetter': None, 'corrAns': 2, 'StimFile': 'filling_cabinet.jpg', 'ImgType': 'Furniture', 'ArrowImg': 'ArrowUp.png', 'ImgOrientation': None, 'Congruency': None, 'Direction': None}
8.1425 	EXP 	New trial (rep=0, index=42): {'NumberLetter': None, 'corrAns': 1, 'StimFile': 'cart.jpg', 'ImgType': 'Vehicles', 'ArrowImg': 'ArrowLeft.png', 'ImgOrientation': None, 'Congruency': None, 'Direction': None}
8.1440 	EXP 	New trial (rep=0, index=43): {'NumberLetter': None, 'corrAns': 2, 'StimFile': 'giraffe.jpg', 'ImgType': 'Animal', 'ArrowImg': 'ArrowUp.png', 'ImgOrientation': None, 'Congruency': None, 'Direction': None}
8.1455 	EXP 	New trial (rep=0, index=44): {'NumberLetter': None, 'corrAns': 3, 'StimFile': 'cow.jpg', 'ImgType': 'Animal', 'ArrowImg': 'ArrowRight.png', 'ImgOrientation': None, 'Congruency': None, 'Direction': None}
8.1470 	EXP 	New trial (rep=0, index=45): {'NumberLetter': None, 'corrAns': 1, 'StimFile': 'boat.jpg', 'ImgType': 'Vehicles', 'ArrowImg': 'ArrowLeft.png', 'ImgOrientation': None, 'Congruency': None, 'Direction': None}
8.1484 	EXP 	New trial (rep=0, index=46): {'NumberLetter': None, 'corrAns': 2, 'StimFile': 'car.jpg', 'ImgType': 'Vehicles', 'ArrowImg': 'ArrowUp.png', 'ImgOrientation': None, 'Congruency': None, 'Direction': None}
8.1499 	EXP 	New trial (rep=0, index=47): {'NumberLetter': None, 'corrAns': 1, 'StimFile': 'hippopotamus.jpg', 'ImgType': 'Animal', 'ArrowImg': 'ArrowLeft.png', 'ImgOrientation': None, 'Congruency': None, 'Direction': None}
8.1554 	EXP 	Imported OneShotLearning_conditions.xlsx as conditions, 12 conditions, 1 params
8.1557 	EXP 	Created sequence: random, trialTypes=12, nReps=1, seed=None
8.1559 	EXP 	New trial (rep=0, index=0): {'Condition_rows': '24:28'}
8.1681 	EXP 	Imported OneShotLearning.xlsx as conditions, 4 conditions, 8 params
8.1685 	EXP 	Created sequence: random, trialTypes=4, nReps=1, seed=None
8.1689 	EXP 	New trial (rep=0, index=0): {'NumberLetter': None, 'corrAns': 2, 'StimFile': 'paragliding.jpg', 'ImgType': 'Vehicles', 'ArrowImg': 'ArrowUp.png', 'ImgOrientation': None, 'Congruency': None, 'Direction': None}
8.1858 	EXP 	window1: mouseVisible = True
