2.3232 	WARNING 	We strongly recommend you activate the PTB sound engine in PsychoPy prefs as the preferred audio engine. Its timing is vastly superior. Your prefs are currently set to use ['sounddevice', 'PTB', 'pyo', 'pygame'] (in that order).
5.3821 	ERROR 	'0.0000, 0.0000, 0.0000' is not a valid rgb color
9.1649 	WARNING 	Couldn't measure a consistent frame rate.
  - Is your graphics card set to sync to vertical blank?
  - Are you running other processes on your computer?

9.1651 	EXP 	Created window1 = Window(allowGUI=True, allowStencil=False, autoLog=True, backendConf=UNKNOWN, bitsMode=UNKNOWN, blendMode='avg', bpc=(8, 8, 8), color=array([0, 0, 0]), colorSpace='rgb', depthBits=8, fullscr=<method-wrapper '__getattribute__' of attributeSetter object at 0x00000188DF9BF668>, gamma=None, gammaErrorPolicy='raise', lms=UNKNOWN, monitor=<psychopy.monitors.calibTools.Monitor object at 0x00000188DF922A90>, multiSample=False, name='window1', numSamples=2, pos=[760.0, 180.0], screen=0, size=array([1920, 1080]), stencilBits=0, stereo=False, units='height', useFBO=True, useRetina=False, viewOri=0.0, viewPos=None, viewScale=None, waitBlanking=True, winType='glfw')
9.1651 	EXP 	window1: mouseVisible = True
9.1652 	EXP 	window1: recordFrameIntervals = False
9.4650 	EXP 	window1: recordFrameIntervals = True
9.5765 	WARNING 	t of last frame was 78.27ms (=1/12)
9.7140 	WARNING 	t of last frame was 82.23ms (=1/12)
9.8524 	WARNING 	t of last frame was 87.20ms (=1/11)
9.9906 	WARNING 	t of last frame was 75.65ms (=1/13)
10.1291 	WARNING 	Multiple dropped frames have occurred - I'll stop bothering you about them!
12.3829 	WARNING 	Couldn't measure a consistent frame rate.
  - Is your graphics card set to sync to vertical blank?
  - Are you running other processes on your computer?

12.7713 	EXP 	Created text = TextStim(__class__=<class 'psychopy.visual.text.TextStim'>, alignHoriz=method-wrapper(...), alignText='center', alignVert=method-wrapper(...), anchorHoriz='center', anchorVert='center', antialias=True, autoLog=True, bold=False, color=array([1., 1., 1.]), colorSpace='rgb', contrast=1.0, depth=0.0, flipHoriz=False, flipVert=False, font='Open Sans', fontFiles=[], height=0.04, italic=False, languageStyle='LTR', name='text', opacity=1, ori=0.0, pos=array([0., 0.]), rgb=UNKNOWN, text=str(...), units='height', win=Window(...), wrapWidth=1)
12.7771 	EXP 	Created image = ImageStim(__class__=<class 'psychopy.visual.image.ImageStim'>, autoLog=True, color=array([1., 1., 1.]), colorSpace='rgb', contrast=1.0, depth=-1.0, flipHoriz=False, flipVert=False, image='sin', interpolate=True, mask=None, maskParams=None, name='image', opacity=1, ori=0.0, pos=array([ 0.   , -0.125]), size=array([1.  , 0.75]), texRes=128.0, units='height', win=Window(...))
12.7804 	EXP 	Created Arrow = ImageStim(__class__=<class 'psychopy.visual.image.ImageStim'>, autoLog=True, color=array([1., 1., 1.]), colorSpace='rgb', contrast=1.0, depth=-2.0, flipHoriz=False, flipVert=False, image='sin', interpolate=True, mask=None, maskParams=None, name='Arrow', opacity=1, ori=0.0, pos=array([0.   , 0.375]), size=array([0.25, 0.25]), texRes=128.0, units='height', win=Window(...))
12.7827 	EXP 	Created polygon = ShapeStim(__class__=<class 'psychopy.visual.shape.ShapeStim'>, autoDraw=False, autoLog=True, closeShape=True, color=method-wrapper(...), colorSpace='rgb', contrast=None, depth=0.0, fillColor=array([1, 1, 1]), fillColorSpace='rgb', fillRGB=array([1, 1, 1]), interpolate=True, lineColor=array([1., 1., 1.]), lineColorSpace='rgb', lineRGB=array([1, 1, 1]), lineWidth=1.0, name='polygon', opacity=1, ori=0.0, pos=array([0., 0.]), size=array([0.5, 0.5]), units='height', vertices=ndarray(...), win=Window(...), windingRule=None)
12.7907 	EXP 	Created image_2 = ImageStim(__class__=<class 'psychopy.visual.image.ImageStim'>, autoLog=True, color=array([1., 1., 1.]), colorSpace='rgb', contrast=1.0, depth=-1.0, flipHoriz=False, flipVert=False, image='sin', interpolate=True, mask=None, maskParams=None, name='image_2', opacity=1, ori=0.0, pos=array([0.   , 0.125]), size=array([1.  , 0.75]), texRes=128.0, units='height', win=Window(...))
12.8403 	EXP 	Created direction_options = ImageStim(__class__=<class 'psychopy.visual.image.ImageStim'>, autoLog=True, color=array([1., 1., 1.]), colorSpace='rgb', contrast=1.0, depth=-3.0, flipHoriz=False, flipVert=False, image='Gallery_arrowoptions.png', interpolate=True, mask=None, maskParams=None, name='direction_options', opacity=1, ori=0.0, pos=array([ 0.   , -0.375]), size=array([1.  , 0.25]), texRes=128.0, units='height', win=Window(...))
12.8424 	EXP 	Created polygon = ShapeStim(__class__=<class 'psychopy.visual.shape.ShapeStim'>, autoDraw=False, autoLog=True, closeShape=True, color=method-wrapper(...), colorSpace='rgb', contrast=None, depth=0.0, fillColor=array([1, 1, 1]), fillColorSpace='rgb', fillRGB=array([1, 1, 1]), interpolate=True, lineColor=array([1., 1., 1.]), lineColorSpace='rgb', lineRGB=array([1, 1, 1]), lineWidth=1.0, name='polygon', opacity=1, ori=0.0, pos=array([0., 0.]), size=array([0.5, 0.5]), units='height', vertices=ndarray(...), win=Window(...), windingRule=None)
12.8656 	EXP 	Created text_2 = TextStim(__class__=<class 'psychopy.visual.text.TextStim'>, alignHoriz=method-wrapper(...), alignText='center', alignVert=method-wrapper(...), anchorHoriz='center', anchorVert='center', antialias=True, autoLog=True, bold=False, color=array([1., 1., 1.]), colorSpace='rgb', contrast=1.0, depth=0.0, flipHoriz=False, flipVert=False, font='Open Sans', fontFiles=[], height=0.1, italic=False, languageStyle='LTR', name='text_2', opacity=1, ori=0.0, pos=array([0., 0.]), rgb=UNKNOWN, text=str(...), units='height', win=Window(...), wrapWidth=1)
12.9857 	EXP 	text: autoDraw = True
14.3753 	EXP 	Imported OneShotLearning_conditions.xlsx as conditions, 12 conditions, 1 params
14.3757 	EXP 	Created sequence: random, trialTypes=12, nReps=1, seed=None
14.3759 	EXP 	New trial (rep=0, index=0): {'Condition_rows': '16:20'}
14.3814 	EXP 	Imported OneShotLearning_Shuffled.csv as conditions, 4 conditions, 4 params
14.3817 	EXP 	Created sequence: random, trialTypes=4, nReps=1, seed=None
14.3819 	EXP 	New trial (rep=0, index=0): OrderedDict([('StimFile', 'Images/turtle.jpg'), ('ImgType', 'Animal'), ('ArrowImg', 'ArrowRight.png'), ('Direction', 'neutral')])
14.4642 	DATA 	Keypress: 1
14.4664 	EXP 	text: autoDraw = False
14.4664 	EXP 	image: image = 'Images/turtle.jpg'
14.4664 	EXP 	Arrow: image = 'ArrowRight.png'
14.4664 	EXP 	image: autoDraw = True
14.4664 	EXP 	Arrow: autoDraw = True
14.6017 	DATA 	Keypress: 1
15.5696 	DATA 	Keypress: 3
15.7083 	DATA 	Keypress: 3
17.3850 	EXP 	image: autoDraw = False
17.3850 	EXP 	Arrow: autoDraw = False
17.3850 	EXP 	polygon: autoDraw = True
18.3710 	EXP 	New trial (rep=0, index=1): OrderedDict([('StimFile', 'Images/tapir.jpg'), ('ImgType', 'Animal'), ('ArrowImg', 'ArrowRight.png'), ('Direction', 'neutral')])
18.3880 	EXP 	polygon: autoDraw = False
18.3880 	EXP 	polygon: autoDraw = False
18.3880 	EXP 	image: image = 'Images/tapir.jpg'
18.3880 	EXP 	Arrow: image = 'ArrowRight.png'
18.3880 	EXP 	image: autoDraw = True
18.3880 	EXP 	Arrow: autoDraw = True
19.3219 	DATA 	Keypress: 3
19.5005 	DATA 	Keypress: 3
21.4219 	EXP 	image: autoDraw = False
21.4219 	EXP 	Arrow: autoDraw = False
21.4219 	EXP 	polygon: autoDraw = True
22.3880 	EXP 	New trial (rep=0, index=2): OrderedDict([('StimFile', 'Images/snake.jpg'), ('ImgType', 'Animal'), ('ArrowImg', 'ArrowLeft.png'), ('Direction', 'neutral')])
22.4058 	EXP 	polygon: autoDraw = False
22.4058 	EXP 	image: image = 'Images/snake.jpg'
22.4058 	EXP 	Arrow: image = 'ArrowLeft.png'
22.4058 	EXP 	image: autoDraw = True
22.4058 	EXP 	Arrow: autoDraw = True
22.9858 	DATA 	Keypress: 1
23.2589 	DATA 	Keypress: 1
25.3895 	EXP 	image: autoDraw = False
25.3895 	EXP 	Arrow: autoDraw = False
25.3895 	EXP 	polygon: autoDraw = True
26.4434 	EXP 	New trial (rep=0, index=3): OrderedDict([('StimFile', 'Images/tiger.jpg'), ('ImgType', 'Animal'), ('ArrowImg', 'ArrowUp.png'), ('Direction', 'neutral')])
26.4718 	EXP 	polygon: autoDraw = False
26.4718 	EXP 	image: image = 'Images/tiger.jpg'
26.4718 	EXP 	Arrow: image = 'ArrowUp.png'
26.4718 	EXP 	image: autoDraw = True
26.4718 	EXP 	Arrow: autoDraw = True
26.9945 	DATA 	Keypress: 2
27.2718 	DATA 	Keypress: 2
29.3908 	EXP 	image: autoDraw = False
29.3908 	EXP 	Arrow: autoDraw = False
29.3908 	EXP 	polygon: autoDraw = True
30.4447 	EXP 	Imported OneShotLearning_Shuffled.csv as conditions, 4 conditions, 4 params
30.4449 	EXP 	Created sequence: random, trialTypes=4, nReps=1, seed=None
30.4451 	EXP 	New trial (rep=0, index=0): OrderedDict([('StimFile', 'Images/turtle.jpg'), ('ImgType', 'Animal'), ('ArrowImg', 'ArrowRight.png'), ('Direction', 'neutral')])
30.4753 	EXP 	polygon: autoDraw = False
30.4753 	EXP 	image_2: image = 'Images/turtle.jpg'
30.4753 	EXP 	image_2: autoDraw = True
30.4753 	EXP 	direction_options: autoDraw = True
31.4075 	DATA 	Keypress: 3
31.6060 	DATA 	Keypress: 3
32.1401 	DATA 	Keypress: esc
32.3109 	EXP 	window1: mouseVisible = True
