7.9938 	WARNING 	We strongly recommend you activate the PTB sound engine in PsychoPy prefs as the preferred audio engine. Its timing is vastly superior. Your prefs are currently set to use ['sounddevice', 'PTB', 'pyo', 'pygame'] (in that order).
10.6424 	ERROR 	'0.0000, 0.0000, 0.0000' is not a valid rgb color
11.6262 	EXP 	Created window1 = Window(allowGUI=True, allowStencil=False, autoLog=True, backendConf=UNKNOWN, bitsMode=UNKNOWN, blendMode='avg', bpc=(8, 8, 8), color=array([0, 0, 0]), colorSpace='rgb', depthBits=8, fullscr=<method-wrapper '__getattribute__' of attributeSetter object at 0x00000266071E7978>, gamma=None, gammaErrorPolicy='raise', lms=UNKNOWN, monitor=<psychopy.monitors.calibTools.Monitor object at 0x000002660720ADA0>, multiSample=False, name='window1', numSamples=2, pos=[0.0, 0.0], screen=0, size=array([1920, 1055]), stencilBits=0, stereo=False, units='height', useFBO=True, useRetina=False, viewOri=0.0, viewPos=None, viewScale=None, waitBlanking=True, winType='glfw')
11.6263 	EXP 	window1: mouseVisible = True
11.6263 	EXP 	window1: recordFrameIntervals = False
11.6956 	EXP 	window1: recordFrameIntervals = True
11.7717 	EXP 	window1: recordFrameIntervals = False
12.1159 	EXP 	Created text = TextStim(__class__=<class 'psychopy.visual.text.TextStim'>, alignHoriz=method-wrapper(...), alignText='center', alignVert=method-wrapper(...), anchorHoriz='center', anchorVert='center', antialias=True, autoLog=True, bold=False, color=array([1., 1., 1.]), colorSpace='rgb', contrast=1.0, depth=0.0, flipHoriz=False, flipVert=False, font='Open Sans', fontFiles=[], height=0.1, italic=False, languageStyle='LTR', name='text', opacity=1, ori=0.0, pos=array([0., 0.]), rgb=UNKNOWN, text='Instructions:', units='height', win=Window(...), wrapWidth=1)
12.1192 	EXP 	Created image = ImageStim(__class__=<class 'psychopy.visual.image.ImageStim'>, autoLog=True, color=array([1., 1., 1.]), colorSpace='rgb', contrast=1.0, depth=-1.0, flipHoriz=False, flipVert=False, image='sin', interpolate=True, mask=None, maskParams=None, name='image', opacity=1, ori=0.0, pos=array([0.   , 0.125]), size=array([1.  , 0.75]), texRes=128.0, units='height', win=Window(...))
12.1219 	EXP 	Created Arrow = ImageStim(__class__=<class 'psychopy.visual.image.ImageStim'>, autoLog=True, color=array([1., 1., 1.]), colorSpace='rgb', contrast=1.0, depth=-2.0, flipHoriz=False, flipVert=False, image='sin', interpolate=True, mask=None, maskParams=None, name='Arrow', opacity=1, ori=0.0, pos=array([ 0.   , -0.375]), size=array([0.25, 0.25]), texRes=128.0, units='height', win=Window(...))
12.1256 	EXP 	Created polygon = ShapeStim(__class__=<class 'psychopy.visual.shape.ShapeStim'>, autoDraw=False, autoLog=True, closeShape=True, color=method-wrapper(...), colorSpace='rgb', contrast=None, depth=0.0, fillColor=array([1, 1, 1]), fillColorSpace='rgb', fillRGB=array([1, 1, 1]), interpolate=True, lineColor=array([1., 1., 1.]), lineColorSpace='rgb', lineRGB=array([1, 1, 1]), lineWidth=1.0, name='polygon', opacity=1, ori=0.0, pos=array([0., 0.]), size=array([0.5, 0.5]), units='height', vertices=ndarray(...), win=Window(...), windingRule=None)
12.1286 	EXP 	Created image_2 = ImageStim(__class__=<class 'psychopy.visual.image.ImageStim'>, autoLog=True, color=array([1., 1., 1.]), colorSpace='rgb', contrast=1.0, depth=-1.0, flipHoriz=False, flipVert=False, image='sin', interpolate=True, mask=None, maskParams=None, name='image_2', opacity=1, ori=0.0, pos=array([0.   , 0.125]), size=array([1.  , 0.75]), texRes=128.0, units='height', win=Window(...))
12.1533 	EXP 	Created direction_options = ImageStim(__class__=<class 'psychopy.visual.image.ImageStim'>, autoLog=True, color=array([1., 1., 1.]), colorSpace='rgb', contrast=1.0, depth=-3.0, flipHoriz=False, flipVert=False, image='Gallery_arrowoptions.png', interpolate=True, mask=None, maskParams=None, name='direction_options', opacity=1, ori=0.0, pos=array([ 0.   , -0.375]), size=array([0.83030303, 0.25      ]), texRes=128.0, units='height', win=Window(...))
12.1551 	EXP 	Created polygon = ShapeStim(__class__=<class 'psychopy.visual.shape.ShapeStim'>, autoDraw=False, autoLog=True, closeShape=True, color=method-wrapper(...), colorSpace='rgb', contrast=None, depth=0.0, fillColor=array([1, 1, 1]), fillColorSpace='rgb', fillRGB=array([1, 1, 1]), interpolate=True, lineColor=array([1., 1., 1.]), lineColorSpace='rgb', lineRGB=array([1, 1, 1]), lineWidth=1.0, name='polygon', opacity=1, ori=0.0, pos=array([0., 0.]), size=array([0.5, 0.5]), units='height', vertices=ndarray(...), win=Window(...), windingRule=None)
12.1782 	EXP 	Created text_2 = TextStim(__class__=<class 'psychopy.visual.text.TextStim'>, alignHoriz=method-wrapper(...), alignText='center', alignVert=method-wrapper(...), anchorHoriz='center', anchorVert='center', antialias=True, autoLog=True, bold=False, color=array([1., 1., 1.]), colorSpace='rgb', contrast=1.0, depth=0.0, flipHoriz=False, flipVert=False, font='Open Sans', fontFiles=[], height=0.1, italic=False, languageStyle='LTR', name='text_2', opacity=1, ori=0.0, pos=array([0., 0.]), rgb=UNKNOWN, text=str(...), units='height', win=Window(...), wrapWidth=1)
12.2093 	EXP 	text: autoDraw = True
13.5880 	DATA 	Keypress: 1
13.5973 	EXP 	Imported OneShotLearning_conditions.xlsx as conditions, 12 conditions, 1 params
13.5977 	EXP 	Created sequence: random, trialTypes=12, nReps=1, seed=None
13.5979 	EXP 	New trial (rep=0, index=0): {'Condition_rows': '44:48'}
13.6092 	EXP 	Imported OneShotLearning.xlsx as conditions, 4 conditions, 7 params
13.6095 	EXP 	Created sequence: random, trialTypes=4, nReps=1, seed=None
13.6097 	EXP 	New trial (rep=0, index=0): {'NumberLetter': None, 'corrAns': 1, 'StimFile': 'sofa.jpg', 'ImgType': 'Furniture', 'ArrowImg': 'ArrowLeft.png', 'False_StimFile': None, 'DurationTrial': None}
13.6525 	EXP 	text: autoDraw = False
13.6525 	EXP 	image: image = 'sofa.jpg'
13.6525 	EXP 	Arrow: image = 'ArrowLeft.png'
13.6525 	EXP 	image: autoDraw = True
13.6525 	EXP 	Arrow: autoDraw = True
13.7764 	DATA 	Keypress: 1
16.6098 	EXP 	image: autoDraw = False
16.6098 	EXP 	Arrow: autoDraw = False
16.6098 	EXP 	polygon: autoDraw = True
17.5987 	EXP 	New trial (rep=0, index=1): {'NumberLetter': None, 'corrAns': 2, 'StimFile': 'rocking_chair.jpg', 'ImgType': 'Furniture', 'ArrowImg': 'ArrowUp.png', 'False_StimFile': None, 'DurationTrial': None}
17.6183 	EXP 	polygon: autoDraw = False
17.6183 	EXP 	image: image = 'rocking_chair.jpg'
17.6183 	EXP 	Arrow: image = 'ArrowUp.png'
17.6183 	EXP 	image: autoDraw = True
17.6183 	EXP 	Arrow: autoDraw = True
19.1293 	DATA 	Keypress: 2
19.3935 	DATA 	Keypress: 2
20.6051 	EXP 	image: autoDraw = False
20.6051 	EXP 	Arrow: autoDraw = False
20.6051 	EXP 	polygon: autoDraw = True
21.5982 	EXP 	New trial (rep=0, index=2): {'NumberLetter': None, 'corrAns': 3, 'StimFile': 'stool.jpg', 'ImgType': 'Furniture', 'ArrowImg': 'ArrowRight.png', 'False_StimFile': None, 'DurationTrial': None}
21.6110 	EXP 	polygon: autoDraw = False
21.6110 	EXP 	image: image = 'stool.jpg'
21.6110 	EXP 	Arrow: image = 'ArrowRight.png'
21.6110 	EXP 	image: autoDraw = True
21.6110 	EXP 	Arrow: autoDraw = True
22.3375 	DATA 	Keypress: 3
22.6297 	DATA 	Keypress: 3
24.6119 	EXP 	image: autoDraw = False
24.6119 	EXP 	Arrow: autoDraw = False
24.6119 	EXP 	polygon: autoDraw = True
25.5978 	EXP 	New trial (rep=0, index=3): {'NumberLetter': None, 'corrAns': 2, 'StimFile': 'table.jpg', 'ImgType': 'Furniture', 'ArrowImg': 'ArrowUp.png', 'False_StimFile': None, 'DurationTrial': None}
25.6110 	EXP 	polygon: autoDraw = False
25.6110 	EXP 	image: image = 'table.jpg'
25.6110 	EXP 	Arrow: image = 'ArrowUp.png'
25.6110 	EXP 	image: autoDraw = True
25.6110 	EXP 	Arrow: autoDraw = True
26.5041 	DATA 	Keypress: 2
26.7477 	DATA 	Keypress: 2
28.6095 	EXP 	image: autoDraw = False
28.6095 	EXP 	Arrow: autoDraw = False
28.6095 	EXP 	polygon: autoDraw = True
29.6099 	EXP 	Imported OneShotLearning.xlsx as conditions, 4 conditions, 7 params
29.6102 	EXP 	Created sequence: random, trialTypes=4, nReps=1, seed=None
29.6105 	EXP 	New trial (rep=0, index=0): {'NumberLetter': None, 'corrAns': 2, 'StimFile': 'table.jpg', 'ImgType': 'Furniture', 'ArrowImg': 'ArrowUp.png', 'False_StimFile': None, 'DurationTrial': None}
29.6257 	EXP 	polygon: autoDraw = False
29.6257 	EXP 	image_2: image = 'table.jpg'
29.6257 	EXP 	image_2: autoDraw = True
29.6257 	EXP 	direction_options: autoDraw = True
31.8941 	DATA 	Keypress: esc
32.1152 	DATA 	Keypress: esc
32.1384 	EXP 	window1: mouseVisible = True
