4.2951 	WARNING 	We strongly recommend you activate the PTB sound engine in PsychoPy prefs as the preferred audio engine. Its timing is vastly superior. Your prefs are currently set to use ['sounddevice', 'PTB', 'pyo', 'pygame'] (in that order).
8.1035 	ERROR 	'0.0000, 0.0000, 0.0000' is not a valid rgb color
9.1493 	EXP 	Created window1 = Window(allowGUI=True, allowStencil=False, autoLog=True, backendConf=UNKNOWN, bitsMode=UNKNOWN, blendMode='avg', bpc=(8, 8, 8), color=array([0, 0, 0]), colorSpace='rgb', depthBits=8, fullscr=<method-wrapper '__getattribute__' of attributeSetter object at 0x00000237253F7940>, gamma=None, gammaErrorPolicy='raise', lms=UNKNOWN, monitor=<psychopy.monitors.calibTools.Monitor object at 0x000002372541AD68>, multiSample=False, name='window1', numSamples=2, pos=[0.0, 0.0], screen=0, size=array([1920, 1055]), stencilBits=0, stereo=False, units='height', useFBO=True, useRetina=False, viewOri=0.0, viewPos=None, viewScale=None, waitBlanking=True, winType='glfw')
9.1494 	EXP 	window1: mouseVisible = True
9.1494 	EXP 	window1: recordFrameIntervals = False
9.2187 	EXP 	window1: recordFrameIntervals = True
9.2950 	EXP 	window1: recordFrameIntervals = False
9.6742 	EXP 	Created text = TextStim(__class__=<class 'psychopy.visual.text.TextStim'>, alignHoriz=method-wrapper(...), alignText='center', alignVert=method-wrapper(...), anchorHoriz='center', anchorVert='center', antialias=True, autoLog=True, bold=False, color=array([1., 1., 1.]), colorSpace='rgb', contrast=1.0, depth=0.0, flipHoriz=False, flipVert=False, font='Open Sans', fontFiles=[], height=0.04, italic=False, languageStyle='LTR', name='text', opacity=1, ori=0.0, pos=array([0., 0.]), rgb=UNKNOWN, text=str(...), units='height', win=Window(...), wrapWidth=1)
9.6773 	EXP 	Created image = ImageStim(__class__=<class 'psychopy.visual.image.ImageStim'>, autoLog=True, color=array([1., 1., 1.]), colorSpace='rgb', contrast=1.0, depth=-1.0, flipHoriz=False, flipVert=False, image='sin', interpolate=True, mask=None, maskParams=None, name='image', opacity=1, ori=0.0, pos=array([ 0.   , -0.125]), size=array([1.  , 0.75]), texRes=128.0, units='height', win=Window(...))
9.6801 	EXP 	Created Arrow = ImageStim(__class__=<class 'psychopy.visual.image.ImageStim'>, autoLog=True, color=array([1., 1., 1.]), colorSpace='rgb', contrast=1.0, depth=-2.0, flipHoriz=False, flipVert=False, image='sin', interpolate=True, mask=None, maskParams=None, name='Arrow', opacity=1, ori=0.0, pos=array([0.   , 0.375]), size=array([0.25, 0.25]), texRes=128.0, units='height', win=Window(...))
9.6825 	EXP 	Created polygon = ShapeStim(__class__=<class 'psychopy.visual.shape.ShapeStim'>, autoDraw=False, autoLog=True, closeShape=True, color=method-wrapper(...), colorSpace='rgb', contrast=None, depth=0.0, fillColor=array([1, 1, 1]), fillColorSpace='rgb', fillRGB=array([1, 1, 1]), interpolate=True, lineColor=array([1., 1., 1.]), lineColorSpace='rgb', lineRGB=array([1, 1, 1]), lineWidth=1.0, name='polygon', opacity=1, ori=0.0, pos=array([0., 0.]), size=array([0.5, 0.5]), units='height', vertices=ndarray(...), win=Window(...), windingRule=None)
9.6854 	EXP 	Created image_2 = ImageStim(__class__=<class 'psychopy.visual.image.ImageStim'>, autoLog=True, color=array([1., 1., 1.]), colorSpace='rgb', contrast=1.0, depth=-1.0, flipHoriz=False, flipVert=False, image='sin', interpolate=True, mask=None, maskParams=None, name='image_2', opacity=1, ori=0.0, pos=array([0.   , 0.125]), size=array([1.  , 0.75]), texRes=128.0, units='height', win=Window(...))
9.7110 	EXP 	Created direction_options = ImageStim(__class__=<class 'psychopy.visual.image.ImageStim'>, autoLog=True, color=array([1., 1., 1.]), colorSpace='rgb', contrast=1.0, depth=-3.0, flipHoriz=False, flipVert=False, image='Gallery_arrowoptions.png', interpolate=True, mask=None, maskParams=None, name='direction_options', opacity=1, ori=0.0, pos=array([ 0.   , -0.375]), size=array([1.  , 0.25]), texRes=128.0, units='height', win=Window(...))
9.7128 	EXP 	Created polygon = ShapeStim(__class__=<class 'psychopy.visual.shape.ShapeStim'>, autoDraw=False, autoLog=True, closeShape=True, color=method-wrapper(...), colorSpace='rgb', contrast=None, depth=0.0, fillColor=array([1, 1, 1]), fillColorSpace='rgb', fillRGB=array([1, 1, 1]), interpolate=True, lineColor=array([1., 1., 1.]), lineColorSpace='rgb', lineRGB=array([1, 1, 1]), lineWidth=1.0, name='polygon', opacity=1, ori=0.0, pos=array([0., 0.]), size=array([0.5, 0.5]), units='height', vertices=ndarray(...), win=Window(...), windingRule=None)
9.7362 	EXP 	Created text_2 = TextStim(__class__=<class 'psychopy.visual.text.TextStim'>, alignHoriz=method-wrapper(...), alignText='center', alignVert=method-wrapper(...), anchorHoriz='center', anchorVert='center', antialias=True, autoLog=True, bold=False, color=array([1., 1., 1.]), colorSpace='rgb', contrast=1.0, depth=0.0, flipHoriz=False, flipVert=False, font='Open Sans', fontFiles=[], height=0.1, italic=False, languageStyle='LTR', name='text_2', opacity=1, ori=0.0, pos=array([0., 0.]), rgb=UNKNOWN, text=str(...), units='height', win=Window(...), wrapWidth=1)
9.7673 	EXP 	text: autoDraw = True
10.4035 	DATA 	Keypress: 1
10.4130 	EXP 	Imported OneShotLearning_conditions.xlsx as conditions, 12 conditions, 1 params
10.4134 	EXP 	Created sequence: random, trialTypes=12, nReps=1, seed=None
10.4135 	EXP 	New trial (rep=0, index=0): {'Condition_rows': '40:44'}
10.4246 	EXP 	Imported OneShotLearning.xlsx as conditions, 48 conditions, 7 params
10.4249 	EXP 	Created sequence: random, trialTypes=48, nReps=0, seed=None
10.4361 	EXP 	Imported OneShotLearning.xlsx as conditions, 48 conditions, 7 params
10.4365 	EXP 	Created sequence: random, trialTypes=48, nReps=0, seed=None
10.4367 	EXP 	New trial (rep=0, index=1): {'Condition_rows': '8:12'}
10.4481 	EXP 	Imported OneShotLearning.xlsx as conditions, 48 conditions, 7 params
10.4485 	EXP 	Created sequence: random, trialTypes=48, nReps=0, seed=None
10.4599 	EXP 	Imported OneShotLearning.xlsx as conditions, 48 conditions, 7 params
10.4602 	EXP 	Created sequence: random, trialTypes=48, nReps=0, seed=None
10.4605 	EXP 	New trial (rep=0, index=2): {'Condition_rows': '36:40'}
10.4715 	EXP 	Imported OneShotLearning.xlsx as conditions, 48 conditions, 7 params
10.4719 	EXP 	Created sequence: random, trialTypes=48, nReps=0, seed=None
10.4834 	EXP 	Imported OneShotLearning.xlsx as conditions, 48 conditions, 7 params
10.4837 	EXP 	Created sequence: random, trialTypes=48, nReps=0, seed=None
10.4840 	EXP 	New trial (rep=0, index=3): {'Condition_rows': '12:16'}
10.4969 	EXP 	Imported OneShotLearning.xlsx as conditions, 48 conditions, 7 params
10.4972 	EXP 	Created sequence: random, trialTypes=48, nReps=0, seed=None
10.5091 	EXP 	Imported OneShotLearning.xlsx as conditions, 48 conditions, 7 params
10.5094 	EXP 	Created sequence: random, trialTypes=48, nReps=0, seed=None
10.5097 	EXP 	New trial (rep=0, index=4): {'Condition_rows': '0:4'}
10.5215 	EXP 	Imported OneShotLearning.xlsx as conditions, 48 conditions, 7 params
10.5218 	EXP 	Created sequence: random, trialTypes=48, nReps=0, seed=None
10.5343 	EXP 	Imported OneShotLearning.xlsx as conditions, 48 conditions, 7 params
10.5347 	EXP 	Created sequence: random, trialTypes=48, nReps=0, seed=None
10.5349 	EXP 	New trial (rep=0, index=5): {'Condition_rows': '16:20'}
10.5466 	EXP 	Imported OneShotLearning.xlsx as conditions, 48 conditions, 7 params
10.5470 	EXP 	Created sequence: random, trialTypes=48, nReps=0, seed=None
10.5585 	EXP 	Imported OneShotLearning.xlsx as conditions, 48 conditions, 7 params
10.5588 	EXP 	Created sequence: random, trialTypes=48, nReps=0, seed=None
10.5590 	EXP 	New trial (rep=0, index=6): {'Condition_rows': '28:32'}
10.5702 	EXP 	Imported OneShotLearning.xlsx as conditions, 48 conditions, 7 params
10.5705 	EXP 	Created sequence: random, trialTypes=48, nReps=0, seed=None
10.5816 	EXP 	Imported OneShotLearning.xlsx as conditions, 48 conditions, 7 params
10.5819 	EXP 	Created sequence: random, trialTypes=48, nReps=0, seed=None
10.5821 	EXP 	New trial (rep=0, index=7): {'Condition_rows': '44:48'}
10.5932 	EXP 	Imported OneShotLearning.xlsx as conditions, 48 conditions, 7 params
10.5935 	EXP 	Created sequence: random, trialTypes=48, nReps=0, seed=None
10.6047 	EXP 	Imported OneShotLearning.xlsx as conditions, 48 conditions, 7 params
10.6050 	EXP 	Created sequence: random, trialTypes=48, nReps=0, seed=None
10.6053 	EXP 	New trial (rep=0, index=8): {'Condition_rows': '24:28'}
10.6177 	EXP 	Imported OneShotLearning.xlsx as conditions, 48 conditions, 7 params
10.6180 	EXP 	Created sequence: random, trialTypes=48, nReps=0, seed=None
10.6296 	EXP 	Imported OneShotLearning.xlsx as conditions, 48 conditions, 7 params
10.6299 	EXP 	Created sequence: random, trialTypes=48, nReps=0, seed=None
10.6303 	EXP 	New trial (rep=0, index=9): {'Condition_rows': '32:36'}
10.6418 	EXP 	Imported OneShotLearning.xlsx as conditions, 48 conditions, 7 params
10.6421 	EXP 	Created sequence: random, trialTypes=48, nReps=0, seed=None
10.6538 	EXP 	Imported OneShotLearning.xlsx as conditions, 48 conditions, 7 params
10.6541 	EXP 	Created sequence: random, trialTypes=48, nReps=0, seed=None
10.6544 	EXP 	New trial (rep=0, index=10): {'Condition_rows': '4:8'}
10.6665 	EXP 	Imported OneShotLearning.xlsx as conditions, 48 conditions, 7 params
10.6668 	EXP 	Created sequence: random, trialTypes=48, nReps=0, seed=None
10.6784 	EXP 	Imported OneShotLearning.xlsx as conditions, 48 conditions, 7 params
10.6788 	EXP 	Created sequence: random, trialTypes=48, nReps=0, seed=None
10.6790 	EXP 	New trial (rep=0, index=11): {'Condition_rows': '20:24'}
10.6906 	EXP 	Imported OneShotLearning.xlsx as conditions, 48 conditions, 7 params
10.6909 	EXP 	Created sequence: random, trialTypes=48, nReps=0, seed=None
10.7022 	EXP 	Imported OneShotLearning.xlsx as conditions, 48 conditions, 7 params
10.7025 	EXP 	Created sequence: random, trialTypes=48, nReps=0, seed=None
10.7083 	DATA 	Keypress: 1
10.7098 	EXP 	text: autoDraw = False
10.7098 	EXP 	text_2: autoDraw = True
13.5216 	DATA 	Keypress: 1
13.7304 	DATA 	Keypress: 1
14.7169 	DATA 	Keypress: 2
14.9651 	DATA 	Keypress: 2
15.6330 	DATA 	Keypress: esc
15.8607 	EXP 	window1: mouseVisible = True
