4.6378 	WARNING 	We strongly recommend you activate the PTB sound engine in PsychoPy prefs as the preferred audio engine. Its timing is vastly superior. Your prefs are currently set to use ['sounddevice', 'PTB', 'pyo', 'pygame'] (in that order).
12.5696 	WARNING 	Couldn't measure a consistent frame rate.
  - Is your graphics card set to sync to vertical blank?
  - Are you running other processes on your computer?

12.5700 	EXP 	Created window1 = Window(allowGUI=True, allowStencil=False, autoLog=True, backendConf=UNKNOWN, bitsMode=UNKNOWN, blendMode='avg', bpc=(8, 8, 8), color=array([1, 1, 1]), colorSpace='rgb', depthBits=8, fullscr=<method-wrapper '__getattribute__' of attributeSetter object at 0x0000022DDE03CA90>, gamma=None, gammaErrorPolicy='raise', lms=UNKNOWN, monitor=<psychopy.monitors.calibTools.Monitor object at 0x0000022DDDFDFE80>, multiSample=False, name='window1', numSamples=2, pos=[760.0, 180.0], screen=0, size=array([1920, 1080]), stencilBits=0, stereo=False, units='height', useFBO=True, useRetina=False, viewOri=0.0, viewPos=None, viewScale=None, waitBlanking=True, winType='glfw')
12.5701 	EXP 	window1: mouseVisible = True
12.5702 	EXP 	window1: recordFrameIntervals = False
12.7369 	EXP 	window1: recordFrameIntervals = True
13.1601 	WARNING 	t of last frame was 122.04ms (=1/8)
13.1861 	WARNING 	t of last frame was 25.91ms (=1/38)
13.2375 	WARNING 	t of last frame was 32.25ms (=1/31)
13.2891 	WARNING 	t of last frame was 33.41ms (=1/29)
13.3357 	WARNING 	Multiple dropped frames have occurred - I'll stop bothering you about them!
14.5715 	WARNING 	Couldn't measure a consistent frame rate.
  - Is your graphics card set to sync to vertical blank?
  - Are you running other processes on your computer?

15.2562 	EXP 	Created text = TextStim(__class__=<class 'psychopy.visual.text.TextStim'>, alignHoriz=method-wrapper(...), alignText='center', alignVert=method-wrapper(...), anchorHoriz='center', anchorVert='center', antialias=True, autoLog=True, bold=False, color=array([1., 1., 1.]), colorSpace='rgb', contrast=1.0, depth=0.0, flipHoriz=False, flipVert=False, font='Open Sans', fontFiles=[], height=0.1, italic=False, languageStyle='LTR', name='text', opacity=1, ori=0.0, pos=array([0., 0.]), rgb=UNKNOWN, text='Instructions:', units='height', win=Window(...), wrapWidth=1)
15.2667 	EXP 	Created image = ImageStim(__class__=<class 'psychopy.visual.image.ImageStim'>, autoLog=True, color=array([1., 1., 1.]), colorSpace='rgb', contrast=1.0, depth=-1.0, flipHoriz=False, flipVert=False, image='sin', interpolate=True, mask=None, maskParams=None, name='image', opacity=1, ori=0.0, pos=array([0.   , 0.125]), size=array([1.  , 0.75]), texRes=128.0, units='height', win=Window(...))
15.2750 	EXP 	Created Arrow = ImageStim(__class__=<class 'psychopy.visual.image.ImageStim'>, autoLog=True, color=array([1., 1., 1.]), colorSpace='rgb', contrast=1.0, depth=-2.0, flipHoriz=False, flipVert=False, image='sin', interpolate=True, mask=None, maskParams=None, name='Arrow', opacity=1, ori=0.0, pos=array([ 0.   , -0.375]), size=array([0.25, 0.25]), texRes=128.0, units='height', win=Window(...))
15.2801 	EXP 	Created polygon = ShapeStim(__class__=<class 'psychopy.visual.shape.ShapeStim'>, autoDraw=False, autoLog=True, closeShape=True, color=method-wrapper(...), colorSpace='rgb', contrast=None, depth=0.0, fillColor=array([1, 1, 1]), fillColorSpace='rgb', fillRGB=array([1, 1, 1]), interpolate=True, lineColor=array([1., 1., 1.]), lineColorSpace='rgb', lineRGB=array([1, 1, 1]), lineWidth=1.0, name='polygon', opacity=1, ori=0.0, pos=array([0., 0.]), size=array([0.5, 0.5]), units='height', vertices=ndarray(...), win=Window(...), windingRule=None)
15.2926 	EXP 	Created image_2 = ImageStim(__class__=<class 'psychopy.visual.image.ImageStim'>, autoLog=True, color=array([1., 1., 1.]), colorSpace='rgb', contrast=1.0, depth=-1.0, flipHoriz=False, flipVert=False, image='sin', interpolate=True, mask=None, maskParams=None, name='image_2', opacity=1, ori=0.0, pos=array([0.   , 0.125]), size=array([1.  , 0.75]), texRes=128.0, units='height', win=Window(...))
15.2973 	EXP 	Created polygon = ShapeStim(__class__=<class 'psychopy.visual.shape.ShapeStim'>, autoDraw=False, autoLog=True, closeShape=True, color=method-wrapper(...), colorSpace='rgb', contrast=None, depth=0.0, fillColor=array([1, 1, 1]), fillColorSpace='rgb', fillRGB=array([1, 1, 1]), interpolate=True, lineColor=array([1., 1., 1.]), lineColorSpace='rgb', lineRGB=array([1, 1, 1]), lineWidth=1.0, name='polygon', opacity=1, ori=0.0, pos=array([0., 0.]), size=array([0.5, 0.5]), units='height', vertices=ndarray(...), win=Window(...), windingRule=None)
15.3390 	EXP 	Created text_2 = TextStim(__class__=<class 'psychopy.visual.text.TextStim'>, alignHoriz=method-wrapper(...), alignText='center', alignVert=method-wrapper(...), anchorHoriz='center', anchorVert='center', antialias=True, autoLog=True, bold=False, color=array([1., 1., 1.]), colorSpace='rgb', contrast=1.0, depth=0.0, flipHoriz=False, flipVert=False, font='Open Sans', fontFiles=[], height=0.1, italic=False, languageStyle='LTR', name='text_2', opacity=1, ori=0.0, pos=array([0., 0.]), rgb=UNKNOWN, text=str(...), units='height', win=Window(...), wrapWidth=1)
15.3869 	DATA 	Keypress: 1
15.3872 	DATA 	Keypress: 1
15.3885 	EXP 	text: autoDraw = True
16.9034 	DATA 	Keypress: 2
16.9163 	EXP 	Imported OneShotLearning_conditions.xlsx as conditions, 12 conditions, 1 params
16.9170 	EXP 	Created sequence: random, trialTypes=12, nReps=1, seed=None
16.9173 	EXP 	New trial (rep=0, index=0): {'Condition_rows': '44:48'}
16.9428 	EXP 	Imported OneShotLearning.xlsx as conditions, 4 conditions, 7 params
16.9435 	EXP 	Created sequence: random, trialTypes=4, nReps=1, seed=None
16.9440 	EXP 	New trial (rep=0, index=0): {'NumberLetter': None, 'corrAns': 2, 'StimFile': 'table.jpg', 'ImgType': 'Furniture', 'ArrowImg': 'ArrowUp.png', 'False_StimFile': None, 'DurationTrial': None}
17.0201 	EXP 	text: autoDraw = False
17.0201 	EXP 	image: image = 'table.jpg'
17.0201 	EXP 	Arrow: image = 'ArrowUp.png'
17.0201 	EXP 	image: autoDraw = True
17.0201 	EXP 	Arrow: autoDraw = True
17.1030 	DATA 	Keypress: 2
19.3871 	DATA 	Keypress: 2
19.6368 	DATA 	Keypress: 2
19.9382 	EXP 	image: autoDraw = False
19.9382 	EXP 	Arrow: autoDraw = False
19.9382 	EXP 	polygon: autoDraw = True
20.9399 	EXP 	New trial (rep=0, index=1): {'NumberLetter': None, 'corrAns': 1, 'StimFile': 'sofa.jpg', 'ImgType': 'Furniture', 'ArrowImg': 'ArrowLeft.png', 'False_StimFile': None, 'DurationTrial': None}
20.9901 	EXP 	polygon: autoDraw = False
20.9901 	EXP 	image: image = 'sofa.jpg'
20.9901 	EXP 	Arrow: image = 'ArrowLeft.png'
20.9901 	EXP 	image: autoDraw = True
20.9901 	EXP 	Arrow: autoDraw = True
23.9425 	EXP 	image: autoDraw = False
23.9425 	EXP 	Arrow: autoDraw = False
23.9425 	EXP 	polygon: autoDraw = True
24.9092 	EXP 	New trial (rep=0, index=2): {'NumberLetter': None, 'corrAns': 2, 'StimFile': 'rocking_chair.jpg', 'ImgType': 'Furniture', 'ArrowImg': 'ArrowUp.png', 'False_StimFile': None, 'DurationTrial': None}
24.9574 	EXP 	polygon: autoDraw = False
24.9574 	EXP 	image: image = 'rocking_chair.jpg'
24.9574 	EXP 	Arrow: image = 'ArrowUp.png'
24.9574 	EXP 	image: autoDraw = True
24.9574 	EXP 	Arrow: autoDraw = True
25.6565 	DATA 	Keypress: 2
25.8404 	DATA 	Keypress: 2
27.9422 	EXP 	image: autoDraw = False
27.9422 	EXP 	Arrow: autoDraw = False
27.9422 	EXP 	polygon: autoDraw = True
28.9260 	EXP 	New trial (rep=0, index=3): {'NumberLetter': None, 'corrAns': 3, 'StimFile': 'stool.jpg', 'ImgType': 'Furniture', 'ArrowImg': 'ArrowRight.png', 'False_StimFile': None, 'DurationTrial': None}
28.9757 	EXP 	polygon: autoDraw = False
28.9757 	EXP 	image: image = 'stool.jpg'
28.9757 	EXP 	Arrow: image = 'ArrowRight.png'
28.9757 	EXP 	image: autoDraw = True
28.9757 	EXP 	Arrow: autoDraw = True
29.5107 	DATA 	Keypress: 3
29.7927 	DATA 	Keypress: 3
31.9449 	EXP 	image: autoDraw = False
31.9449 	EXP 	Arrow: autoDraw = False
31.9449 	EXP 	polygon: autoDraw = True
32.9354 	EXP 	Imported OneShotLearning.xlsx as conditions, 4 conditions, 7 params
32.9360 	EXP 	Created sequence: random, trialTypes=4, nReps=1, seed=None
32.9365 	EXP 	New trial (rep=0, index=0): {'NumberLetter': None, 'corrAns': 1, 'StimFile': 'sofa.jpg', 'ImgType': 'Furniture', 'ArrowImg': 'ArrowLeft.png', 'False_StimFile': None, 'DurationTrial': None}
32.9973 	EXP 	polygon: autoDraw = False
32.9973 	EXP 	image_2: image = 'sofa.jpg'
32.9973 	EXP 	image_2: autoDraw = True
35.1788 	DATA 	Keypress: 1
35.3463 	DATA 	Keypress: 1
35.9472 	EXP 	image_2: autoDraw = False
35.9472 	EXP 	polygon: autoDraw = True
36.9150 	EXP 	New trial (rep=0, index=1): {'NumberLetter': None, 'corrAns': 2, 'StimFile': 'table.jpg', 'ImgType': 'Furniture', 'ArrowImg': 'ArrowUp.png', 'False_StimFile': None, 'DurationTrial': None}
36.9466 	EXP 	polygon: autoDraw = False
36.9466 	EXP 	image_2: image = 'table.jpg'
36.9466 	EXP 	image_2: autoDraw = True
39.9328 	EXP 	image_2: autoDraw = False
39.9328 	EXP 	polygon: autoDraw = True
40.9148 	EXP 	New trial (rep=0, index=2): {'NumberLetter': None, 'corrAns': 2, 'StimFile': 'rocking_chair.jpg', 'ImgType': 'Furniture', 'ArrowImg': 'ArrowUp.png', 'False_StimFile': None, 'DurationTrial': None}
40.9332 	EXP 	polygon: autoDraw = False
40.9332 	EXP 	image_2: image = 'rocking_chair.jpg'
40.9332 	EXP 	image_2: autoDraw = True
41.5635 	DATA 	Keypress: 3
41.8148 	DATA 	Keypress: 3
43.9510 	EXP 	image_2: autoDraw = False
43.9510 	EXP 	polygon: autoDraw = True
44.9351 	EXP 	New trial (rep=0, index=3): {'NumberLetter': None, 'corrAns': 3, 'StimFile': 'stool.jpg', 'ImgType': 'Furniture', 'ArrowImg': 'ArrowRight.png', 'False_StimFile': None, 'DurationTrial': None}
44.9848 	EXP 	polygon: autoDraw = False
44.9848 	EXP 	image_2: image = 'stool.jpg'
44.9848 	EXP 	image_2: autoDraw = True
45.6998 	DATA 	Keypress: 2
46.0189 	DATA 	Keypress: 2
47.9513 	EXP 	image_2: autoDraw = False
47.9513 	EXP 	polygon: autoDraw = True
48.9188 	EXP 	New trial (rep=0, index=1): {'Condition_rows': '40:44'}
48.9436 	EXP 	Imported OneShotLearning.xlsx as conditions, 4 conditions, 7 params
48.9443 	EXP 	Created sequence: random, trialTypes=4, nReps=1, seed=None
48.9448 	EXP 	New trial (rep=0, index=0): {'NumberLetter': None, 'corrAns': 2, 'StimFile': 'filling_cabinet.jpg', 'ImgType': 'Furniture', 'ArrowImg': 'ArrowUp.png', 'False_StimFile': None, 'DurationTrial': None}
48.9860 	EXP 	polygon: autoDraw = False
48.9860 	EXP 	image: image = 'filling_cabinet.jpg'
48.9860 	EXP 	Arrow: image = 'ArrowUp.png'
48.9860 	EXP 	image: autoDraw = True
48.9860 	EXP 	Arrow: autoDraw = True
50.2702 	DATA 	Keypress: 2
50.5179 	DATA 	Keypress: 2
51.9375 	EXP 	image: autoDraw = False
51.9375 	EXP 	Arrow: autoDraw = False
51.9375 	EXP 	polygon: autoDraw = True
52.9369 	EXP 	New trial (rep=0, index=1): {'NumberLetter': None, 'corrAns': 3, 'StimFile': 'lectern.jpg', 'ImgType': 'Furniture', 'ArrowImg': 'ArrowRight.png', 'False_StimFile': None, 'DurationTrial': None}
52.9719 	EXP 	polygon: autoDraw = False
52.9719 	EXP 	image: image = 'lectern.jpg'
52.9719 	EXP 	Arrow: image = 'ArrowRight.png'
52.9719 	EXP 	image: autoDraw = True
52.9719 	EXP 	Arrow: autoDraw = True
54.3051 	DATA 	Keypress: 3
54.5874 	DATA 	Keypress: 3
55.9538 	EXP 	image: autoDraw = False
55.9538 	EXP 	Arrow: autoDraw = False
55.9538 	EXP 	polygon: autoDraw = True
56.9241 	EXP 	New trial (rep=0, index=2): {'NumberLetter': None, 'corrAns': 1, 'StimFile': 'lamp.jpg', 'ImgType': 'Furniture', 'ArrowImg': 'ArrowLeft.png', 'False_StimFile': None, 'DurationTrial': None}
56.9559 	EXP 	polygon: autoDraw = False
56.9559 	EXP 	image: image = 'lamp.jpg'
56.9559 	EXP 	Arrow: image = 'ArrowLeft.png'
56.9559 	EXP 	image: autoDraw = True
56.9559 	EXP 	Arrow: autoDraw = True
58.0074 	DATA 	Keypress: 1
58.2390 	DATA 	Keypress: 1
59.9396 	EXP 	image: autoDraw = False
59.9396 	EXP 	Arrow: autoDraw = False
59.9396 	EXP 	polygon: autoDraw = True
60.9209 	EXP 	New trial (rep=0, index=3): {'NumberLetter': None, 'corrAns': 3, 'StimFile': 'couch.jpg', 'ImgType': 'Furniture', 'ArrowImg': 'ArrowRight.png', 'False_StimFile': None, 'DurationTrial': None}
60.9581 	EXP 	polygon: autoDraw = False
60.9581 	EXP 	image: image = 'couch.jpg'
60.9581 	EXP 	Arrow: image = 'ArrowRight.png'
60.9581 	EXP 	image: autoDraw = True
60.9581 	EXP 	Arrow: autoDraw = True
61.7733 	DATA 	Keypress: 3
62.0744 	DATA 	Keypress: 3
63.9435 	EXP 	image: autoDraw = False
63.9435 	EXP 	Arrow: autoDraw = False
63.9435 	EXP 	polygon: autoDraw = True
64.9526 	EXP 	Imported OneShotLearning.xlsx as conditions, 4 conditions, 7 params
64.9531 	EXP 	Created sequence: random, trialTypes=4, nReps=1, seed=None
64.9537 	EXP 	New trial (rep=0, index=0): {'NumberLetter': None, 'corrAns': 1, 'StimFile': 'lamp.jpg', 'ImgType': 'Furniture', 'ArrowImg': 'ArrowLeft.png', 'False_StimFile': None, 'DurationTrial': None}
64.9757 	EXP 	polygon: autoDraw = False
64.9757 	EXP 	image_2: image = 'lamp.jpg'
64.9757 	EXP 	image_2: autoDraw = True
67.9449 	EXP 	image_2: autoDraw = False
67.9449 	EXP 	polygon: autoDraw = True
68.8936 	DATA 	Keypress: esc
68.9286 	EXP 	New trial (rep=0, index=1): {'NumberLetter': None, 'corrAns': 3, 'StimFile': 'lectern.jpg', 'ImgType': 'Furniture', 'ArrowImg': 'ArrowRight.png', 'False_StimFile': None, 'DurationTrial': None}
68.9468 	EXP 	polygon: autoDraw = False
68.9468 	EXP 	image_2: image = 'lectern.jpg'
68.9468 	EXP 	image_2: autoDraw = True
69.1276 	DATA 	Keypress: esc
71.9306 	EXP 	image_2: autoDraw = False
71.9306 	EXP 	polygon: autoDraw = True
72.9130 	EXP 	New trial (rep=0, index=2): {'NumberLetter': None, 'corrAns': 3, 'StimFile': 'couch.jpg', 'ImgType': 'Furniture', 'ArrowImg': 'ArrowRight.png', 'False_StimFile': None, 'DurationTrial': None}
72.9313 	EXP 	polygon: autoDraw = False
72.9313 	EXP 	image_2: image = 'couch.jpg'
72.9313 	EXP 	image_2: autoDraw = True
74.7471 	DATA 	Keypress: esc
74.9988 	DATA 	Keypress: esc
75.0090 	EXP 	window1: mouseVisible = True
