4.0280 	WARNING 	We strongly recommend you activate the PTB sound engine in PsychoPy prefs as the preferred audio engine. Its timing is vastly superior. Your prefs are currently set to use ['sounddevice', 'PTB', 'pyo', 'pygame'] (in that order).
7.8299 	ERROR 	'0.0000, 0.0000, 0.0000' is not a valid rgb color
8.8201 	EXP 	Created window1 = Window(allowGUI=True, allowStencil=False, autoLog=True, backendConf=UNKNOWN, bitsMode=UNKNOWN, blendMode='avg', bpc=(8, 8, 8), color=array([0, 0, 0]), colorSpace='rgb', depthBits=8, fullscr=<method-wrapper '__getattribute__' of attributeSetter object at 0x000001694B90D898>, gamma=None, gammaErrorPolicy='raise', lms=UNKNOWN, monitor=<psychopy.monitors.calibTools.Monitor object at 0x000001694B872CC0>, multiSample=False, name='window1', numSamples=2, pos=[760.0, 180.0], screen=0, size=array([1920, 1080]), stencilBits=0, stereo=False, units='height', useFBO=True, useRetina=False, viewOri=0.0, viewPos=None, viewScale=None, waitBlanking=True, winType='glfw')
8.8202 	EXP 	window1: mouseVisible = True
8.8202 	EXP 	window1: recordFrameIntervals = False
8.9864 	EXP 	window1: recordFrameIntervals = True
9.1703 	EXP 	window1: recordFrameIntervals = False
9.5528 	EXP 	Created text = TextStim(__class__=<class 'psychopy.visual.text.TextStim'>, alignHoriz=method-wrapper(...), alignText='center', alignVert=method-wrapper(...), anchorHoriz='center', anchorVert='center', antialias=True, autoLog=True, bold=False, color=array([1., 1., 1.]), colorSpace='rgb', contrast=1.0, depth=0.0, flipHoriz=False, flipVert=False, font='Open Sans', fontFiles=[], height=0.04, italic=False, languageStyle='LTR', name='text', opacity=1, ori=0.0, pos=array([0., 0.]), rgb=UNKNOWN, text=str(...), units='height', win=Window(...), wrapWidth=1)
9.5585 	EXP 	Created image = ImageStim(__class__=<class 'psychopy.visual.image.ImageStim'>, autoLog=True, color=array([1., 1., 1.]), colorSpace='rgb', contrast=1.0, depth=-1.0, flipHoriz=False, flipVert=False, image='sin', interpolate=True, mask=None, maskParams=None, name='image', opacity=1, ori=0.0, pos=array([ 0.   , -0.125]), size=array([1.  , 0.75]), texRes=128.0, units='height', win=Window(...))
9.5616 	EXP 	Created Arrow = ImageStim(__class__=<class 'psychopy.visual.image.ImageStim'>, autoLog=True, color=array([1., 1., 1.]), colorSpace='rgb', contrast=1.0, depth=-2.0, flipHoriz=False, flipVert=False, image='sin', interpolate=True, mask=None, maskParams=None, name='Arrow', opacity=1, ori=0.0, pos=array([0.   , 0.375]), size=array([0.25, 0.25]), texRes=128.0, units='height', win=Window(...))
9.5642 	EXP 	Created polygon = ShapeStim(__class__=<class 'psychopy.visual.shape.ShapeStim'>, autoDraw=False, autoLog=True, closeShape=True, color=method-wrapper(...), colorSpace='rgb', contrast=None, depth=0.0, fillColor=array([1, 1, 1]), fillColorSpace='rgb', fillRGB=array([1, 1, 1]), interpolate=True, lineColor=array([1., 1., 1.]), lineColorSpace='rgb', lineRGB=array([1, 1, 1]), lineWidth=1.0, name='polygon', opacity=1, ori=0.0, pos=array([0., 0.]), size=array([0.5, 0.5]), units='height', vertices=ndarray(...), win=Window(...), windingRule=None)
9.5716 	EXP 	Created image_2 = ImageStim(__class__=<class 'psychopy.visual.image.ImageStim'>, autoLog=True, color=array([1., 1., 1.]), colorSpace='rgb', contrast=1.0, depth=-1.0, flipHoriz=False, flipVert=False, image='sin', interpolate=True, mask=None, maskParams=None, name='image_2', opacity=1, ori=0.0, pos=array([0.   , 0.125]), size=array([1.  , 0.75]), texRes=128.0, units='height', win=Window(...))
9.6196 	EXP 	Created direction_options = ImageStim(__class__=<class 'psychopy.visual.image.ImageStim'>, autoLog=True, color=array([1., 1., 1.]), colorSpace='rgb', contrast=1.0, depth=-3.0, flipHoriz=False, flipVert=False, image='Gallery_arrowoptions.png', interpolate=True, mask=None, maskParams=None, name='direction_options', opacity=1, ori=0.0, pos=array([ 0.   , -0.375]), size=array([1.  , 0.25]), texRes=128.0, units='height', win=Window(...))
9.6215 	EXP 	Created polygon = ShapeStim(__class__=<class 'psychopy.visual.shape.ShapeStim'>, autoDraw=False, autoLog=True, closeShape=True, color=method-wrapper(...), colorSpace='rgb', contrast=None, depth=0.0, fillColor=array([1, 1, 1]), fillColorSpace='rgb', fillRGB=array([1, 1, 1]), interpolate=True, lineColor=array([1., 1., 1.]), lineColorSpace='rgb', lineRGB=array([1, 1, 1]), lineWidth=1.0, name='polygon', opacity=1, ori=0.0, pos=array([0., 0.]), size=array([0.5, 0.5]), units='height', vertices=ndarray(...), win=Window(...), windingRule=None)
9.6436 	EXP 	Created text_2 = TextStim(__class__=<class 'psychopy.visual.text.TextStim'>, alignHoriz=method-wrapper(...), alignText='center', alignVert=method-wrapper(...), anchorHoriz='center', anchorVert='center', antialias=True, autoLog=True, bold=False, color=array([1., 1., 1.]), colorSpace='rgb', contrast=1.0, depth=0.0, flipHoriz=False, flipVert=False, font='Open Sans', fontFiles=[], height=0.1, italic=False, languageStyle='LTR', name='text_2', opacity=1, ori=0.0, pos=array([0., 0.]), rgb=UNKNOWN, text=str(...), units='height', win=Window(...), wrapWidth=1)
9.7578 	EXP 	text: autoDraw = True
15.1034 	DATA 	Keypress: 3
15.1133 	EXP 	Imported OneShotLearning_conditions.xlsx as conditions, 12 conditions, 1 params
15.1136 	EXP 	Created sequence: random, trialTypes=12, nReps=1, seed=None
15.1138 	EXP 	New trial (rep=0, index=0): {'Condition_rows': '32:36'}
15.1190 	EXP 	Imported OneShotLearning_Shuffled.csv as conditions, 4 conditions, 4 params
15.1195 	EXP 	Created sequence: random, trialTypes=4, nReps=1, seed=None
15.1198 	EXP 	New trial (rep=0, index=0): OrderedDict([('StimFile', 'armchair.jpg'), ('ImgType', 'Furniture'), ('ArrowImg', 'ArrowUp.png'), ('Direction', 'ArrowUp.png')])
15.1550 	EXP 	text: autoDraw = False
15.1550 	EXP 	image: image = 'armchair.jpg'
15.1550 	EXP 	Arrow: image = 'ArrowUp.png'
15.1550 	EXP 	image: autoDraw = True
15.1550 	EXP 	Arrow: autoDraw = True
15.3532 	DATA 	Keypress: 3
16.5700 	DATA 	Keypress: 3
16.8037 	DATA 	Keypress: 3
18.1404 	EXP 	image: autoDraw = False
18.1404 	EXP 	Arrow: autoDraw = False
18.1404 	EXP 	polygon: autoDraw = True
19.1247 	EXP 	New trial (rep=0, index=1): OrderedDict([('StimFile', 'bed.jpg'), ('ImgType', 'Furniture'), ('ArrowImg', 'ArrowRight.png'), ('Direction', 'ArrowUp.png')])
19.1421 	EXP 	polygon: autoDraw = False
19.1421 	EXP 	image: image = 'bed.jpg'
19.1421 	EXP 	Arrow: image = 'ArrowRight.png'
19.1421 	EXP 	image: autoDraw = True
19.1421 	EXP 	Arrow: autoDraw = True
20.0885 	DATA 	Keypress: 3
20.2884 	DATA 	Keypress: 3
22.1255 	EXP 	image: autoDraw = False
22.1255 	EXP 	Arrow: autoDraw = False
22.1255 	EXP 	polygon: autoDraw = True
23.1100 	EXP 	New trial (rep=0, index=2): OrderedDict([('StimFile', 'train'), ('ImgType', 'Vehicles'), ('ArrowImg', 'ArrowLeft.png'), ('Direction', 'ArrowRight.png')])
23.1103 	WARNING 	Requested image 'train' not found but similar filename 'train.jpg' exists. This will be used instead but changing the filename is advised.
23.1470 	EXP 	window1: mouseVisible = True
