2.5152 	WARNING 	We strongly recommend you activate the PTB sound engine in PsychoPy prefs as the preferred audio engine. Its timing is vastly superior. Your prefs are currently set to use ['sounddevice', 'PTB', 'pyo', 'pygame'] (in that order).
7.0491 	EXP 	Created window1 = Window(allowGUI=True, allowStencil=False, autoLog=True, backendConf=UNKNOWN, bitsMode=UNKNOWN, blendMode='avg', bpc=(8, 8, 8), color=array([0, 0, 0]), colorSpace='rgb', depthBits=8, fullscr=<method-wrapper '__getattribute__' of attributeSetter object at 0x000001D6F75EDA90>, gamma=None, gammaErrorPolicy='raise', lms=UNKNOWN, monitor=<psychopy.monitors.calibTools.Monitor object at 0x000001D6F7550EB8>, multiSample=False, name='window1', numSamples=2, pos=[760.0, 180.0], screen=0, size=array([1920, 1080]), stencilBits=0, stereo=False, units='height', useFBO=True, useRetina=False, viewOri=0.0, viewPos=None, viewScale=None, waitBlanking=True, winType='pyglet')
7.0491 	EXP 	window1: mouseVisible = True
7.0491 	EXP 	window1: recordFrameIntervals = False
7.2159 	EXP 	window1: recordFrameIntervals = True
7.3990 	EXP 	window1: recordFrameIntervals = False
7.7033 	EXP 	Created text = TextStim(__class__=<class 'psychopy.visual.text.TextStim'>, alignHoriz=method-wrapper(...), alignText='center', alignVert=method-wrapper(...), anchorHoriz='center', anchorVert='center', antialias=True, autoLog=True, bold=False, color=array([1., 1., 1.]), colorSpace='rgb', contrast=1.0, depth=0.0, flipHoriz=False, flipVert=False, font='Open Sans', fontFiles=[], height=0.1, italic=False, languageStyle='LTR', name='text', opacity=1, ori=0.0, pos=array([0., 0.]), rgb=UNKNOWN, text='Instructions:', units='height', win=Window(...), wrapWidth=1)
7.7077 	EXP 	Created image = ImageStim(__class__=<class 'psychopy.visual.image.ImageStim'>, autoLog=True, color=array([1., 1., 1.]), colorSpace='rgb', contrast=1.0, depth=-1.0, flipHoriz=False, flipVert=False, image='sin', interpolate=True, mask=None, maskParams=None, name='image', opacity=1, ori=0.0, pos=array([0.   , 0.125]), size=array([1.  , 0.75]), texRes=128.0, units='height', win=Window(...))
7.7107 	EXP 	Created Arrow = ImageStim(__class__=<class 'psychopy.visual.image.ImageStim'>, autoLog=True, color=array([1., 1., 1.]), colorSpace='rgb', contrast=1.0, depth=-2.0, flipHoriz=False, flipVert=False, image='sin', interpolate=True, mask=None, maskParams=None, name='Arrow', opacity=1, ori=0.0, pos=array([ 0.   , -0.375]), size=array([0.25, 0.25]), texRes=128.0, units='height', win=Window(...))
7.7130 	EXP 	Created polygon = ShapeStim(__class__=<class 'psychopy.visual.shape.ShapeStim'>, autoDraw=False, autoLog=True, closeShape=True, color=method-wrapper(...), colorSpace='rgb', contrast=None, depth=0.0, fillColor=array([1, 1, 1]), fillColorSpace='rgb', fillRGB=array([1, 1, 1]), interpolate=True, lineColor=array([1., 1., 1.]), lineColorSpace='rgb', lineRGB=array([1, 1, 1]), lineWidth=1.0, name='polygon', opacity=1, ori=0.0, pos=array([0., 0.]), size=array([0.5, 0.5]), units='height', vertices=ndarray(...), win=Window(...), windingRule=None)
7.7207 	EXP 	Created image_2 = ImageStim(__class__=<class 'psychopy.visual.image.ImageStim'>, autoLog=True, color=array([1., 1., 1.]), colorSpace='rgb', contrast=1.0, depth=-1.0, flipHoriz=False, flipVert=False, image='sin', interpolate=True, mask=None, maskParams=None, name='image_2', opacity=1, ori=0.0, pos=array([0.   , 0.125]), size=array([1.  , 0.75]), texRes=128.0, units='height', win=Window(...))
7.7226 	EXP 	Created polygon = ShapeStim(__class__=<class 'psychopy.visual.shape.ShapeStim'>, autoDraw=False, autoLog=True, closeShape=True, color=method-wrapper(...), colorSpace='rgb', contrast=None, depth=0.0, fillColor=array([1, 1, 1]), fillColorSpace='rgb', fillRGB=array([1, 1, 1]), interpolate=True, lineColor=array([1., 1., 1.]), lineColorSpace='rgb', lineRGB=array([1, 1, 1]), lineWidth=1.0, name='polygon', opacity=1, ori=0.0, pos=array([0., 0.]), size=array([0.5, 0.5]), units='height', vertices=ndarray(...), win=Window(...), windingRule=None)
7.7473 	EXP 	Created text_2 = TextStim(__class__=<class 'psychopy.visual.text.TextStim'>, alignHoriz=method-wrapper(...), alignText='center', alignVert=method-wrapper(...), anchorHoriz='center', anchorVert='center', antialias=True, autoLog=True, bold=False, color=array([1., 1., 1.]), colorSpace='rgb', contrast=1.0, depth=0.0, flipHoriz=False, flipVert=False, font='Open Sans', fontFiles=[], height=0.1, italic=False, languageStyle='LTR', name='text_2', opacity=1, ori=0.0, pos=array([0., 0.]), rgb=UNKNOWN, text=str(...), units='height', win=Window(...), wrapWidth=1)
7.8362 	EXP 	text: autoDraw = True
8.3730 	EXP 	Imported OneShotLearning_conditions.xlsx as conditions, 12 conditions, 1 params
8.3734 	EXP 	Created sequence: random, trialTypes=12, nReps=1, seed=None
8.3736 	EXP 	New trial (rep=0, index=0): {'Condition_rows': '28:32'}
8.3848 	EXP 	Imported OneShotLearning.xlsx as conditions, 4 conditions, 7 params
8.3851 	EXP 	Created sequence: random, trialTypes=4, nReps=1, seed=None
8.3853 	EXP 	New trial (rep=0, index=0): {'NumberLetter': None, 'corrAns': 3, 'StimFile': 'scooter.jpg', 'ImgType': 'Vehicles', 'ArrowImg': 'ArrowRight.png', 'False_StimFile': None, 'DurationTrial': None}
8.4173 	DATA 	Keypress: 2
8.4311 	EXP 	text: autoDraw = False
8.4311 	EXP 	image: image = 'scooter.jpg'
8.4311 	EXP 	Arrow: image = 'ArrowRight.png'
8.4311 	EXP 	image: autoDraw = True
8.4311 	EXP 	Arrow: autoDraw = True
9.1868 	DATA 	Keypress: 3
11.4005 	EXP 	image: autoDraw = False
11.4005 	EXP 	Arrow: autoDraw = False
11.4005 	EXP 	polygon: autoDraw = True
12.3845 	EXP 	New trial (rep=0, index=1): {'NumberLetter': None, 'corrAns': 3, 'StimFile': 'tractor.jpg', 'ImgType': 'Vehicles', 'ArrowImg': 'ArrowRight.png', 'False_StimFile': None, 'DurationTrial': None}
12.4033 	EXP 	polygon: autoDraw = False
12.4033 	EXP 	image: image = 'tractor.jpg'
12.4033 	EXP 	Arrow: image = 'ArrowRight.png'
12.4033 	EXP 	image: autoDraw = True
12.4033 	EXP 	Arrow: autoDraw = True
12.9561 	DATA 	Keypress: 3
15.3856 	EXP 	image: autoDraw = False
15.3856 	EXP 	Arrow: autoDraw = False
15.3856 	EXP 	polygon: autoDraw = True
16.3698 	EXP 	New trial (rep=0, index=2): {'NumberLetter': None, 'corrAns': 2, 'StimFile': 'ship.jpg', 'ImgType': 'Vehicles', 'ArrowImg': 'ArrowUp.png', 'False_StimFile': None, 'DurationTrial': None}
16.3871 	EXP 	polygon: autoDraw = False
16.3871 	EXP 	image: image = 'ship.jpg'
16.3871 	EXP 	Arrow: image = 'ArrowUp.png'
16.3871 	EXP 	image: autoDraw = True
16.3871 	EXP 	Arrow: autoDraw = True
19.3874 	EXP 	image: autoDraw = False
19.3874 	EXP 	Arrow: autoDraw = False
19.3874 	EXP 	polygon: autoDraw = True
20.3715 	EXP 	New trial (rep=0, index=3): {'NumberLetter': None, 'corrAns': 1, 'StimFile': 'skateboard.jpg', 'ImgType': 'Vehicles', 'ArrowImg': 'ArrowLeft.png', 'False_StimFile': None, 'DurationTrial': None}
20.4039 	EXP 	polygon: autoDraw = False
20.4039 	EXP 	image: image = 'skateboard.jpg'
20.4039 	EXP 	Arrow: image = 'ArrowLeft.png'
20.4039 	EXP 	image: autoDraw = True
20.4039 	EXP 	Arrow: autoDraw = True
22.2090 	DATA 	Keypress: 2
23.3892 	EXP 	image: autoDraw = False
23.3892 	EXP 	Arrow: autoDraw = False
23.3892 	EXP 	polygon: autoDraw = True
24.3859 	EXP 	Imported OneShotLearning.xlsx as conditions, 4 conditions, 7 params
24.3863 	EXP 	Created sequence: random, trialTypes=4, nReps=1, seed=None
24.3865 	EXP 	New trial (rep=0, index=0): {'NumberLetter': None, 'corrAns': 2, 'StimFile': 'ship.jpg', 'ImgType': 'Vehicles', 'ArrowImg': 'ArrowUp.png', 'False_StimFile': None, 'DurationTrial': None}
24.4233 	EXP 	polygon: autoDraw = False
24.4233 	EXP 	image_2: image = 'ship.jpg'
24.4233 	EXP 	image_2: autoDraw = True
25.1944 	DATA 	Keypress: escape
25.4296 	EXP 	window1: mouseVisible = True
