4.6500 	WARNING 	We strongly recommend you activate the PTB sound engine in PsychoPy prefs as the preferred audio engine. Its timing is vastly superior. Your prefs are currently set to use ['sounddevice', 'PTB', 'pyo', 'pygame'] (in that order).
13.0906 	WARNING 	Couldn't measure a consistent frame rate.
  - Is your graphics card set to sync to vertical blank?
  - Are you running other processes on your computer?

13.0913 	EXP 	Created window1 = Window(allowGUI=True, allowStencil=False, autoLog=True, backendConf=UNKNOWN, bitsMode=UNKNOWN, blendMode='avg', bpc=(8, 8, 8), color=array([1, 1, 1]), colorSpace='rgb', depthBits=8, fullscr=<method-wrapper '__getattribute__' of attributeSetter object at 0x000001F9D71CDA58>, gamma=None, gammaErrorPolicy='raise', lms=UNKNOWN, monitor=<psychopy.monitors.calibTools.Monitor object at 0x000001F9D71CBE80>, multiSample=False, name='window1', numSamples=2, pos=[760.0, 180.0], screen=0, size=array([1920, 1080]), stencilBits=0, stereo=False, units='height', useFBO=True, useRetina=False, viewOri=0.0, viewPos=None, viewScale=None, waitBlanking=True, winType='glfw')
13.0915 	EXP 	window1: mouseVisible = True
13.0915 	EXP 	window1: recordFrameIntervals = False
13.2742 	EXP 	window1: recordFrameIntervals = True
13.3440 	WARNING 	t of last frame was 20.34ms (=1/49)
13.5630 	WARNING 	t of last frame was 20.29ms (=1/49)
13.6907 	WARNING 	t of last frame was 30.40ms (=1/32)
13.7295 	WARNING 	t of last frame was 20.00ms (=1/49)
13.9782 	EXP 	window1: recordFrameIntervals = True
14.7104 	EXP 	Created text = TextStim(__class__=<class 'psychopy.visual.text.TextStim'>, alignHoriz=method-wrapper(...), alignText='center', alignVert=method-wrapper(...), anchorHoriz='center', anchorVert='center', antialias=True, autoLog=True, bold=False, color=array([1., 1., 1.]), colorSpace='rgb', contrast=1.0, depth=0.0, flipHoriz=False, flipVert=False, font='Open Sans', fontFiles=[], height=0.1, italic=False, languageStyle='LTR', name='text', opacity=1, ori=0.0, pos=array([0., 0.]), rgb=UNKNOWN, text='Instructions:', units='height', win=Window(...), wrapWidth=1)
14.7179 	EXP 	Created image = ImageStim(__class__=<class 'psychopy.visual.image.ImageStim'>, autoLog=True, color=array([1., 1., 1.]), colorSpace='rgb', contrast=1.0, depth=-1.0, flipHoriz=False, flipVert=False, image='sin', interpolate=True, mask=None, maskParams=None, name='image', opacity=1, ori=0.0, pos=array([0.   , 0.125]), size=array([1.  , 0.75]), texRes=128.0, units='height', win=Window(...))
14.7255 	EXP 	Created Arrow = ImageStim(__class__=<class 'psychopy.visual.image.ImageStim'>, autoLog=True, color=array([1., 1., 1.]), colorSpace='rgb', contrast=1.0, depth=-2.0, flipHoriz=False, flipVert=False, image='sin', interpolate=True, mask=None, maskParams=None, name='Arrow', opacity=1, ori=0.0, pos=array([ 0.   , -0.375]), size=array([0.25, 0.25]), texRes=128.0, units='height', win=Window(...))
14.7305 	EXP 	Created polygon = ShapeStim(__class__=<class 'psychopy.visual.shape.ShapeStim'>, autoDraw=False, autoLog=True, closeShape=True, color=method-wrapper(...), colorSpace='rgb', contrast=None, depth=0.0, fillColor=array([1, 1, 1]), fillColorSpace='rgb', fillRGB=array([1, 1, 1]), interpolate=True, lineColor=array([1., 1., 1.]), lineColorSpace='rgb', lineRGB=array([1, 1, 1]), lineWidth=1.0, name='polygon', opacity=1, ori=0.0, pos=array([0., 0.]), size=array([0.5, 0.5]), units='height', vertices=ndarray(...), win=Window(...), windingRule=None)
14.7440 	EXP 	Created image_2 = ImageStim(__class__=<class 'psychopy.visual.image.ImageStim'>, autoLog=True, color=array([1., 1., 1.]), colorSpace='rgb', contrast=1.0, depth=-1.0, flipHoriz=False, flipVert=False, image='sin', interpolate=True, mask=None, maskParams=None, name='image_2', opacity=1, ori=0.0, pos=array([0.   , 0.125]), size=array([1.  , 0.75]), texRes=128.0, units='height', win=Window(...))
14.8475 	EXP 	Created direction_options = ImageStim(__class__=<class 'psychopy.visual.image.ImageStim'>, autoLog=True, color=array([1., 1., 1.]), colorSpace='rgb', contrast=1.0, depth=-3.0, flipHoriz=False, flipVert=False, image='Gallery_arrowoptions.png', interpolate=True, mask=None, maskParams=None, name='direction_options', opacity=1, ori=0.0, pos=array([ 0.   , -0.375]), size=array([0.25, 0.25]), texRes=128.0, units='height', win=Window(...))
14.8513 	EXP 	Created polygon = ShapeStim(__class__=<class 'psychopy.visual.shape.ShapeStim'>, autoDraw=False, autoLog=True, closeShape=True, color=method-wrapper(...), colorSpace='rgb', contrast=None, depth=0.0, fillColor=array([1, 1, 1]), fillColorSpace='rgb', fillRGB=array([1, 1, 1]), interpolate=True, lineColor=array([1., 1., 1.]), lineColorSpace='rgb', lineRGB=array([1, 1, 1]), lineWidth=1.0, name='polygon', opacity=1, ori=0.0, pos=array([0., 0.]), size=array([0.5, 0.5]), units='height', vertices=ndarray(...), win=Window(...), windingRule=None)
14.9020 	EXP 	Created text_2 = TextStim(__class__=<class 'psychopy.visual.text.TextStim'>, alignHoriz=method-wrapper(...), alignText='center', alignVert=method-wrapper(...), anchorHoriz='center', anchorVert='center', antialias=True, autoLog=True, bold=False, color=array([1., 1., 1.]), colorSpace='rgb', contrast=1.0, depth=0.0, flipHoriz=False, flipVert=False, font='Open Sans', fontFiles=[], height=0.1, italic=False, languageStyle='LTR', name='text_2', opacity=1, ori=0.0, pos=array([0., 0.]), rgb=UNKNOWN, text=str(...), units='height', win=Window(...), wrapWidth=1)
15.1129 	WARNING 	Multiple dropped frames have occurred - I'll stop bothering you about them!
15.1115 	EXP 	text: autoDraw = True
19.7599 	DATA 	Keypress: 2
19.7733 	EXP 	Imported OneShotLearning_conditions.xlsx as conditions, 12 conditions, 1 params
19.7745 	EXP 	Created sequence: random, trialTypes=12, nReps=1, seed=None
19.7749 	EXP 	New trial (rep=0, index=0): {'Condition_rows': '0:4'}
19.7975 	EXP 	Imported OneShotLearning.xlsx as conditions, 4 conditions, 7 params
19.7981 	EXP 	Created sequence: random, trialTypes=4, nReps=1, seed=None
19.7985 	EXP 	New trial (rep=0, index=0): {'NumberLetter': None, 'corrAns': 2, 'StimFile': 'cat.jpg', 'ImgType': 'Animal', 'ArrowImg': 'ArrowUp.png', 'False_StimFile': None, 'DurationTrial': None}
19.8596 	EXP 	text: autoDraw = False
19.8596 	EXP 	image: image = 'cat.jpg'
19.8596 	EXP 	Arrow: image = 'ArrowUp.png'
19.8596 	EXP 	image: autoDraw = True
19.8596 	EXP 	Arrow: autoDraw = True
19.9433 	DATA 	Keypress: 2
20.6250 	DATA 	Keypress: 2
20.8255 	DATA 	Keypress: 2
22.7961 	EXP 	image: autoDraw = False
22.7961 	EXP 	Arrow: autoDraw = False
22.7961 	EXP 	polygon: autoDraw = True
23.7955 	EXP 	New trial (rep=0, index=1): {'NumberLetter': None, 'corrAns': 1, 'StimFile': 'armadillo.jpg', 'ImgType': 'Animal', 'ArrowImg': 'ArrowLeft.png', 'False_StimFile': None, 'DurationTrial': 10}
23.8330 	EXP 	polygon: autoDraw = False
23.8330 	EXP 	image: image = 'armadillo.jpg'
23.8330 	EXP 	Arrow: image = 'ArrowLeft.png'
23.8330 	EXP 	image: autoDraw = True
23.8330 	EXP 	Arrow: autoDraw = True
24.4940 	DATA 	Keypress: 1
24.6606 	DATA 	Keypress: 1
26.7967 	EXP 	image: autoDraw = False
26.7967 	EXP 	Arrow: autoDraw = False
26.7967 	EXP 	polygon: autoDraw = True
27.7808 	EXP 	New trial (rep=0, index=2): {'NumberLetter': None, 'corrAns': 1, 'StimFile': 'cheetah.jpg', 'ImgType': 'Animal', 'ArrowImg': 'ArrowLeft.png', 'False_StimFile': None, 'DurationTrial': None}
27.8155 	EXP 	polygon: autoDraw = False
27.8155 	EXP 	image: image = 'cheetah.jpg'
27.8155 	EXP 	Arrow: image = 'ArrowLeft.png'
27.8155 	EXP 	image: autoDraw = True
27.8155 	EXP 	Arrow: autoDraw = True
28.4782 	DATA 	Keypress: 1
28.6637 	DATA 	Keypress: 1
30.7998 	EXP 	image: autoDraw = False
30.7998 	EXP 	Arrow: autoDraw = False
30.7998 	EXP 	polygon: autoDraw = True
31.7686 	EXP 	New trial (rep=0, index=3): {'NumberLetter': None, 'corrAns': 3, 'StimFile': 'bat.jpg', 'ImgType': 'Animal', 'ArrowImg': 'ArrowRight.png', 'False_StimFile': None, 'DurationTrial': None}
31.8019 	EXP 	polygon: autoDraw = False
31.8019 	EXP 	image: image = 'bat.jpg'
31.8019 	EXP 	Arrow: image = 'ArrowRight.png'
31.8019 	EXP 	image: autoDraw = True
31.8019 	EXP 	Arrow: autoDraw = True
33.3980 	DATA 	Keypress: 3
33.5480 	DATA 	Keypress: 3
34.7842 	EXP 	image: autoDraw = False
34.7842 	EXP 	Arrow: autoDraw = False
34.7842 	EXP 	polygon: autoDraw = True
35.7949 	EXP 	Imported OneShotLearning.xlsx as conditions, 4 conditions, 7 params
35.7957 	EXP 	Created sequence: random, trialTypes=4, nReps=1, seed=None
35.7965 	EXP 	New trial (rep=0, index=0): {'NumberLetter': None, 'corrAns': 1, 'StimFile': 'armadillo.jpg', 'ImgType': 'Animal', 'ArrowImg': 'ArrowLeft.png', 'False_StimFile': None, 'DurationTrial': 10}
35.8534 	EXP 	polygon: autoDraw = False
35.8534 	EXP 	image_2: image = 'armadillo.jpg'
35.8534 	EXP 	image_2: autoDraw = True
35.8534 	EXP 	direction_options: autoDraw = True
38.3502 	DATA 	Keypress: 2
38.5503 	DATA 	Keypress: 2
38.8007 	EXP 	image_2: autoDraw = False
38.8007 	EXP 	direction_options: autoDraw = False
38.8007 	EXP 	polygon: autoDraw = True
39.7730 	EXP 	New trial (rep=0, index=1): {'NumberLetter': None, 'corrAns': 1, 'StimFile': 'cheetah.jpg', 'ImgType': 'Animal', 'ArrowImg': 'ArrowLeft.png', 'False_StimFile': None, 'DurationTrial': None}
39.8028 	EXP 	polygon: autoDraw = False
39.8028 	EXP 	image_2: image = 'cheetah.jpg'
39.8028 	EXP 	image_2: autoDraw = True
39.8028 	EXP 	direction_options: autoDraw = True
40.3183 	DATA 	Keypress: 3
40.5511 	DATA 	Keypress: 3
42.0688 	DATA 	Keypress: esc
42.3020 	DATA 	Keypress: esc
42.3317 	EXP 	window1: mouseVisible = True
