2.4821 	WARNING 	We strongly recommend you activate the PTB sound engine in PsychoPy prefs as the preferred audio engine. Its timing is vastly superior. Your prefs are currently set to use ['sounddevice', 'PTB', 'pyo', 'pygame'] (in that order).
6.9491 	ERROR 	'0.0000, 0.0000, 0.0000' is not a valid rgb color
7.0398 	WARNING 	The specified video mode is not supported by this display, using native mode ...
7.0398 	WARNING 	Overriding user video settings: size (1536, 864) -> (1920, 1080), bpc (8, 8, 8) -> (8, 8, 8), refreshHz 60 -> 144
7.9101 	EXP 	Created window1 = Window(allowGUI=False, allowStencil=False, autoLog=True, backendConf=UNKNOWN, bitsMode=UNKNOWN, blendMode='avg', bpc=(8, 8, 8), color=array([0, 0, 0]), colorSpace='rgb', depthBits=8, fullscr=<method-wrapper '__getattribute__' of attributeSetter object at 0x00000167DBBCE518>, gamma=None, gammaErrorPolicy='raise', lms=UNKNOWN, monitor=<psychopy.monitors.calibTools.Monitor object at 0x00000167DBBE6908>, multiSample=False, name='window1', numSamples=2, pos=None, screen=0, size=array([1920, 1080]), stencilBits=0, stereo=False, units='height', useFBO=True, useRetina=False, viewOri=0.0, viewPos=None, viewScale=None, waitBlanking=True, winType='glfw')
7.9106 	EXP 	window1: mouseVisible = True
7.9107 	EXP 	window1: recordFrameIntervals = False
7.9792 	EXP 	window1: recordFrameIntervals = True
8.0566 	EXP 	window1: recordFrameIntervals = False
8.4351 	EXP 	Created text = TextStim(__class__=<class 'psychopy.visual.text.TextStim'>, alignHoriz=method-wrapper(...), alignText='center', alignVert=method-wrapper(...), anchorHoriz='center', anchorVert='center', antialias=True, autoLog=True, bold=False, color=array([1., 1., 1.]), colorSpace='rgb', contrast=1.0, depth=0.0, flipHoriz=False, flipVert=False, font='Open Sans', fontFiles=[], height=0.04, italic=False, languageStyle='LTR', name='text', opacity=1, ori=0.0, pos=array([0., 0.]), rgb=UNKNOWN, text=str(...), units='height', win=Window(...), wrapWidth=1)
8.4440 	EXP 	Created polygon_2 = ShapeStim(__class__=<class 'psychopy.visual.shape.ShapeStim'>, autoDraw=False, autoLog=True, closeShape=True, color=method-wrapper(...), colorSpace='rgb', contrast=None, depth=-1.0, fillColor=array([1, 1, 1]), fillColorSpace='rgb', fillRGB=array([1, 1, 1]), interpolate=True, lineColor=array([1., 1., 1.]), lineColorSpace='rgb', lineRGB=array([1, 1, 1]), lineWidth=1.0, name='polygon_2', opacity=1, ori=0.0, pos=array([0., 0.]), size=array([0.5, 0.5]), units='height', vertices=ndarray(...), win=Window(...), windingRule=None)
8.4482 	EXP 	Created Scrambled_img = ImageStim(__class__=<class 'psychopy.visual.image.ImageStim'>, autoLog=True, color=array([1., 1., 1.]), colorSpace='rgb', contrast=1.0, depth=0.0, flipHoriz=False, flipVert=False, image='sin', interpolate=True, mask=None, maskParams=None, name='Scrambled_img', opacity=1, ori=0.0, pos=array([0.   , 0.125]), size=array([1.  , 0.75]), texRes=128.0, units='height', win=Window(...))
8.4510 	EXP 	Created Arrow1 = ImageStim(__class__=<class 'psychopy.visual.image.ImageStim'>, autoLog=True, color=array([1., 1., 1.]), colorSpace='rgb', contrast=1.0, depth=-1.0, flipHoriz=False, flipVert=False, image='sin', interpolate=True, mask=None, maskParams=None, name='Arrow1', opacity=1, ori=0.0, pos=array([ 0.   , -0.375]), size=array([0.25, 0.25]), texRes=128.0, units='height', win=Window(...))
8.4528 	EXP 	Created polygon = ShapeStim(__class__=<class 'psychopy.visual.shape.ShapeStim'>, autoDraw=False, autoLog=True, closeShape=True, color=method-wrapper(...), colorSpace='rgb', contrast=None, depth=0.0, fillColor=array([1, 1, 1]), fillColorSpace='rgb', fillRGB=array([1, 1, 1]), interpolate=True, lineColor=array([1., 1., 1.]), lineColorSpace='rgb', lineRGB=array([1, 1, 1]), lineWidth=1.0, name='polygon', opacity=1, ori=0.0, pos=array([0., 0.]), size=array([0.5, 0.5]), units='height', vertices=ndarray(...), win=Window(...), windingRule=None)
8.4558 	EXP 	Created image = ImageStim(__class__=<class 'psychopy.visual.image.ImageStim'>, autoLog=True, color=array([1., 1., 1.]), colorSpace='rgb', contrast=1.0, depth=-1.0, flipHoriz=False, flipVert=False, image='sin', interpolate=True, mask=None, maskParams=None, name='image', opacity=1, ori=0.0, pos=array([0.   , 0.125]), size=array([1.  , 0.75]), texRes=128.0, units='height', win=Window(...))
8.4587 	EXP 	Created Arrow = ImageStim(__class__=<class 'psychopy.visual.image.ImageStim'>, autoLog=True, color=array([1., 1., 1.]), colorSpace='rgb', contrast=1.0, depth=-2.0, flipHoriz=False, flipVert=False, image='sin', interpolate=True, mask=None, maskParams=None, name='Arrow', opacity=1, ori=0.0, pos=array([ 0.   , -0.375]), size=array([0.25, 0.25]), texRes=128.0, units='height', win=Window(...))
8.4605 	EXP 	Created polygon = ShapeStim(__class__=<class 'psychopy.visual.shape.ShapeStim'>, autoDraw=False, autoLog=True, closeShape=True, color=method-wrapper(...), colorSpace='rgb', contrast=None, depth=0.0, fillColor=array([1, 1, 1]), fillColorSpace='rgb', fillRGB=array([1, 1, 1]), interpolate=True, lineColor=array([1., 1., 1.]), lineColorSpace='rgb', lineRGB=array([1, 1, 1]), lineWidth=1.0, name='polygon', opacity=1, ori=0.0, pos=array([0., 0.]), size=array([0.5, 0.5]), units='height', vertices=ndarray(...), win=Window(...), windingRule=None)
8.4634 	EXP 	Created image_2 = ImageStim(__class__=<class 'psychopy.visual.image.ImageStim'>, autoLog=True, color=array([1., 1., 1.]), colorSpace='rgb', contrast=1.0, depth=-1.0, flipHoriz=False, flipVert=False, image='sin', interpolate=True, mask=None, maskParams=None, name='image_2', opacity=1, ori=0.0, pos=array([0.   , 0.125]), size=array([1.  , 0.75]), texRes=128.0, units='height', win=Window(...))
8.4898 	EXP 	Created direction_options = ImageStim(__class__=<class 'psychopy.visual.image.ImageStim'>, autoLog=True, color=array([1., 1., 1.]), colorSpace='rgb', contrast=1.0, depth=-3.0, flipHoriz=False, flipVert=False, image='Gallery_arrowoptions.png', interpolate=True, mask=None, maskParams=None, name='direction_options', opacity=1, ori=0.0, pos=array([ 0.   , -0.375]), size=array([1.  , 0.25]), texRes=128.0, units='height', win=Window(...))
8.4917 	EXP 	Created polygon = ShapeStim(__class__=<class 'psychopy.visual.shape.ShapeStim'>, autoDraw=False, autoLog=True, closeShape=True, color=method-wrapper(...), colorSpace='rgb', contrast=None, depth=0.0, fillColor=array([1, 1, 1]), fillColorSpace='rgb', fillRGB=array([1, 1, 1]), interpolate=True, lineColor=array([1., 1., 1.]), lineColorSpace='rgb', lineRGB=array([1, 1, 1]), lineWidth=1.0, name='polygon', opacity=1, ori=0.0, pos=array([0., 0.]), size=array([0.5, 0.5]), units='height', vertices=ndarray(...), win=Window(...), windingRule=None)
8.4947 	EXP 	Created Scrambled_img = ImageStim(__class__=<class 'psychopy.visual.image.ImageStim'>, autoLog=True, color=array([1., 1., 1.]), colorSpace='rgb', contrast=1.0, depth=0.0, flipHoriz=False, flipVert=False, image='sin', interpolate=True, mask=None, maskParams=None, name='Scrambled_img', opacity=1, ori=0.0, pos=array([0.   , 0.125]), size=array([1.  , 0.75]), texRes=128.0, units='height', win=Window(...))
8.4977 	EXP 	Created Arrow1 = ImageStim(__class__=<class 'psychopy.visual.image.ImageStim'>, autoLog=True, color=array([1., 1., 1.]), colorSpace='rgb', contrast=1.0, depth=-1.0, flipHoriz=False, flipVert=False, image='sin', interpolate=True, mask=None, maskParams=None, name='Arrow1', opacity=1, ori=0.0, pos=array([ 0.   , -0.375]), size=array([0.25, 0.25]), texRes=128.0, units='height', win=Window(...))
8.4995 	EXP 	Created polygon = ShapeStim(__class__=<class 'psychopy.visual.shape.ShapeStim'>, autoDraw=False, autoLog=True, closeShape=True, color=method-wrapper(...), colorSpace='rgb', contrast=None, depth=0.0, fillColor=array([1, 1, 1]), fillColorSpace='rgb', fillRGB=array([1, 1, 1]), interpolate=True, lineColor=array([1., 1., 1.]), lineColorSpace='rgb', lineRGB=array([1, 1, 1]), lineWidth=1.0, name='polygon', opacity=1, ori=0.0, pos=array([0., 0.]), size=array([0.5, 0.5]), units='height', vertices=ndarray(...), win=Window(...), windingRule=None)
8.5219 	EXP 	Created text_2 = TextStim(__class__=<class 'psychopy.visual.text.TextStim'>, alignHoriz=method-wrapper(...), alignText='center', alignVert=method-wrapper(...), anchorHoriz='center', anchorVert='center', antialias=True, autoLog=True, bold=False, color=array([1., 1., 1.]), colorSpace='rgb', contrast=1.0, depth=0.0, flipHoriz=False, flipVert=False, font='Open Sans', fontFiles=[], height=0.1, italic=False, languageStyle='LTR', name='text_2', opacity=1, ori=0.0, pos=array([0., 0.]), rgb=UNKNOWN, text=str(...), units='height', win=Window(...), wrapWidth=1)
8.5501 	EXP 	text: autoDraw = True
9.8687 	DATA 	Keypress: 2
9.8694 	EXP 	text: autoDraw = False
9.8694 	EXP 	polygon_2: autoDraw = True
10.0114 	DATA 	Keypress: 2
13.2552 	EXP 	Imported OneShotLearning.csv as conditions, 11 conditions, 8 params
13.2555 	EXP 	Created sequence: random, trialTypes=11, nReps=0, seed=None
13.2604 	EXP 	Imported OneShotLearning_conditions.xlsx as conditions, 12 conditions, 2 params
13.2606 	EXP 	Created sequence: random, trialTypes=12, nReps=1, seed=None
13.2608 	EXP 	New trial (rep=0, index=0): {'Condition_rows': '36:40', 'Condition_rows_practice': None}
13.2642 	EXP 	Imported OneShotLearning_Shuffled.csv as conditions, 4 conditions, 4 params
13.2645 	EXP 	Created sequence: random, trialTypes=4, nReps=1, seed=None
13.2646 	EXP 	New trial (rep=0, index=0): OrderedDict([('StimFile', 'Images/chair.jpg'), ('ImgType', 'Furniture'), ('ArrowImg', 'ArrowLeft.png'), ('Direction', 'ArrowUp.png')])
13.3072 	DATA 	Keypress: s
13.3089 	EXP 	polygon_2: autoDraw = False
13.3089 	EXP 	image: image = 'Images/chair.jpg'
13.3089 	EXP 	Arrow: image = 'ArrowLeft.png'
13.3089 	EXP 	image: autoDraw = True
13.3089 	EXP 	Arrow: autoDraw = True
13.4278 	DATA 	Keypress: s
15.1848 	DATA 	Keypress: None
15.3445 	DATA 	Keypress: None
15.7504 	DATA 	Keypress: None
15.7504 	DATA 	Keypress: None
18.2568 	EXP 	image: autoDraw = False
18.2568 	EXP 	Arrow: autoDraw = False
18.2568 	EXP 	polygon: autoDraw = True
19.2502 	EXP 	New trial (rep=0, index=1): OrderedDict([('StimFile', 'Images/Chest_of_drawers.jpg'), ('ImgType', 'Furniture'), ('ArrowImg', 'ArrowUp.png'), ('Direction', 'ArrowUp.png')])
19.2690 	EXP 	polygon: autoDraw = False
19.2690 	EXP 	image: image = 'Images/Chest_of_drawers.jpg'
19.2690 	EXP 	Arrow: image = 'ArrowUp.png'
19.2690 	EXP 	image: autoDraw = True
19.2690 	EXP 	Arrow: autoDraw = True
20.2684 	DATA 	Keypress: None
20.3796 	DATA 	Keypress: None
20.7922 	DATA 	Keypress: None
20.7922 	DATA 	Keypress: None
24.2624 	EXP 	image: autoDraw = False
24.2624 	EXP 	Arrow: autoDraw = False
24.2624 	EXP 	polygon: autoDraw = True
25.2495 	EXP 	New trial (rep=0, index=2): OrderedDict([('StimFile', 'Images/bookcase.jpg'), ('ImgType', 'Furniture'), ('ArrowImg', 'ArrowUp.png'), ('Direction', 'ArrowUp.png')])
25.2700 	EXP 	polygon: autoDraw = False
25.2700 	EXP 	image: image = 'Images/bookcase.jpg'
25.2700 	EXP 	Arrow: image = 'ArrowUp.png'
25.2700 	EXP 	image: autoDraw = True
25.2700 	EXP 	Arrow: autoDraw = True
30.2615 	EXP 	image: autoDraw = False
30.2615 	EXP 	Arrow: autoDraw = False
30.2615 	EXP 	polygon: autoDraw = True
31.2494 	EXP 	New trial (rep=0, index=3): OrderedDict([('StimFile', 'Images/bedside_table.jpg'), ('ImgType', 'Furniture'), ('ArrowImg', 'ArrowUp.png'), ('Direction', 'ArrowUp.png')])
31.2651 	EXP 	polygon: autoDraw = False
31.2651 	EXP 	image: image = 'Images/bedside_table.jpg'
31.2651 	EXP 	Arrow: image = 'ArrowUp.png'
31.2651 	EXP 	image: autoDraw = True
31.2651 	EXP 	Arrow: autoDraw = True
32.0112 	DATA 	Keypress: esc
32.1846 	DATA 	Keypress: esc
32.2734 	EXP 	window1: mouseVisible = True
