4.0453 	WARNING 	We strongly recommend you activate the PTB sound engine in PsychoPy prefs as the preferred audio engine. Its timing is vastly superior. Your prefs are currently set to use ['sounddevice', 'PTB', 'pyo', 'pygame'] (in that order).
6.8925 	ERROR 	'0.0000, 0.0000, 0.0000' is not a valid rgb color
7.9772 	EXP 	Created window1 = Window(allowGUI=True, allowStencil=False, autoLog=True, backendConf=UNKNOWN, bitsMode=UNKNOWN, blendMode='avg', bpc=(8, 8, 8), color=array([0, 0, 0]), colorSpace='rgb', depthBits=8, fullscr=<method-wrapper '__getattribute__' of attributeSetter object at 0x000001B80731D978>, gamma=None, gammaErrorPolicy='raise', lms=UNKNOWN, monitor=<psychopy.monitors.calibTools.Monitor object at 0x000001B807281DA0>, multiSample=False, name='window1', numSamples=2, pos=[760.0, 180.0], screen=0, size=array([1920, 1080]), stencilBits=0, stereo=False, units='height', useFBO=True, useRetina=False, viewOri=0.0, viewPos=None, viewScale=None, waitBlanking=True, winType='glfw')
7.9773 	EXP 	window1: mouseVisible = True
7.9773 	EXP 	window1: recordFrameIntervals = False
8.1438 	EXP 	window1: recordFrameIntervals = True
8.3279 	EXP 	window1: recordFrameIntervals = False
8.7010 	EXP 	Created text = TextStim(__class__=<class 'psychopy.visual.text.TextStim'>, alignHoriz=method-wrapper(...), alignText='center', alignVert=method-wrapper(...), anchorHoriz='center', anchorVert='center', antialias=True, autoLog=True, bold=False, color=array([1., 1., 1.]), colorSpace='rgb', contrast=1.0, depth=0.0, flipHoriz=False, flipVert=False, font='Open Sans', fontFiles=[], height=0.04, italic=False, languageStyle='LTR', name='text', opacity=1, ori=0.0, pos=array([0., 0.]), rgb=UNKNOWN, text=str(...), units='height', win=Window(...), wrapWidth=1)
8.7066 	EXP 	Created image = ImageStim(__class__=<class 'psychopy.visual.image.ImageStim'>, autoLog=True, color=array([1., 1., 1.]), colorSpace='rgb', contrast=1.0, depth=-1.0, flipHoriz=False, flipVert=False, image='sin', interpolate=True, mask=None, maskParams=None, name='image', opacity=1, ori=0.0, pos=array([ 0.   , -0.125]), size=array([1.  , 0.75]), texRes=128.0, units='height', win=Window(...))
8.7098 	EXP 	Created Arrow = ImageStim(__class__=<class 'psychopy.visual.image.ImageStim'>, autoLog=True, color=array([1., 1., 1.]), colorSpace='rgb', contrast=1.0, depth=-2.0, flipHoriz=False, flipVert=False, image='sin', interpolate=True, mask=None, maskParams=None, name='Arrow', opacity=1, ori=0.0, pos=array([0.   , 0.375]), size=array([0.25, 0.25]), texRes=128.0, units='height', win=Window(...))
8.7124 	EXP 	Created polygon = ShapeStim(__class__=<class 'psychopy.visual.shape.ShapeStim'>, autoDraw=False, autoLog=True, closeShape=True, color=method-wrapper(...), colorSpace='rgb', contrast=None, depth=0.0, fillColor=array([1, 1, 1]), fillColorSpace='rgb', fillRGB=array([1, 1, 1]), interpolate=True, lineColor=array([1., 1., 1.]), lineColorSpace='rgb', lineRGB=array([1, 1, 1]), lineWidth=1.0, name='polygon', opacity=1, ori=0.0, pos=array([0., 0.]), size=array([0.5, 0.5]), units='height', vertices=ndarray(...), win=Window(...), windingRule=None)
8.7207 	EXP 	Created image_2 = ImageStim(__class__=<class 'psychopy.visual.image.ImageStim'>, autoLog=True, color=array([1., 1., 1.]), colorSpace='rgb', contrast=1.0, depth=-1.0, flipHoriz=False, flipVert=False, image='sin', interpolate=True, mask=None, maskParams=None, name='image_2', opacity=1, ori=0.0, pos=array([0.   , 0.125]), size=array([1.  , 0.75]), texRes=128.0, units='height', win=Window(...))
8.7723 	EXP 	Created direction_options = ImageStim(__class__=<class 'psychopy.visual.image.ImageStim'>, autoLog=True, color=array([1., 1., 1.]), colorSpace='rgb', contrast=1.0, depth=-3.0, flipHoriz=False, flipVert=False, image='Gallery_arrowoptions.png', interpolate=True, mask=None, maskParams=None, name='direction_options', opacity=1, ori=0.0, pos=array([ 0.   , -0.375]), size=array([1.  , 0.25]), texRes=128.0, units='height', win=Window(...))
8.7744 	EXP 	Created polygon = ShapeStim(__class__=<class 'psychopy.visual.shape.ShapeStim'>, autoDraw=False, autoLog=True, closeShape=True, color=method-wrapper(...), colorSpace='rgb', contrast=None, depth=0.0, fillColor=array([1, 1, 1]), fillColorSpace='rgb', fillRGB=array([1, 1, 1]), interpolate=True, lineColor=array([1., 1., 1.]), lineColorSpace='rgb', lineRGB=array([1, 1, 1]), lineWidth=1.0, name='polygon', opacity=1, ori=0.0, pos=array([0., 0.]), size=array([0.5, 0.5]), units='height', vertices=ndarray(...), win=Window(...), windingRule=None)
8.7970 	EXP 	Created text_2 = TextStim(__class__=<class 'psychopy.visual.text.TextStim'>, alignHoriz=method-wrapper(...), alignText='center', alignVert=method-wrapper(...), anchorHoriz='center', anchorVert='center', antialias=True, autoLog=True, bold=False, color=array([1., 1., 1.]), colorSpace='rgb', contrast=1.0, depth=0.0, flipHoriz=False, flipVert=False, font='Open Sans', fontFiles=[], height=0.1, italic=False, languageStyle='LTR', name='text_2', opacity=1, ori=0.0, pos=array([0., 0.]), rgb=UNKNOWN, text=str(...), units='height', win=Window(...), wrapWidth=1)
8.8927 	EXP 	text: autoDraw = True
10.1755 	DATA 	Keypress: 2
10.1852 	EXP 	Imported OneShotLearning_conditions.xlsx as conditions, 12 conditions, 1 params
10.1855 	EXP 	Created sequence: random, trialTypes=12, nReps=1, seed=None
10.1857 	EXP 	New trial (rep=0, index=0): {'Condition_rows': '16:20'}
10.1908 	EXP 	Imported OneShotLearning_Shuffled.csv as conditions, 4 conditions, 4 params
10.1910 	EXP 	Created sequence: random, trialTypes=4, nReps=1, seed=None
10.1913 	EXP 	New trial (rep=0, index=0): OrderedDict([('StimFile', 'turtle.jpg'), ('ImgType', 'Animal'), ('ArrowImg', 'ArrowLeft.png'), ('Direction', 'neutral')])
10.2270 	EXP 	text: autoDraw = False
10.2270 	EXP 	image: image = 'turtle.jpg'
10.2270 	EXP 	Arrow: image = 'ArrowLeft.png'
10.2270 	EXP 	image: autoDraw = True
10.2270 	EXP 	Arrow: autoDraw = True
10.3586 	DATA 	Keypress: 2
11.2758 	DATA 	Keypress: 1
11.4756 	DATA 	Keypress: 1
13.2127 	EXP 	image: autoDraw = False
13.2127 	EXP 	Arrow: autoDraw = False
13.2127 	EXP 	polygon: autoDraw = True
14.1971 	EXP 	New trial (rep=0, index=1): OrderedDict([('StimFile', 'tapir.jpg'), ('ImgType', 'Animal'), ('ArrowImg', 'ArrowUp.png'), ('Direction', 'neutral')])
14.2142 	EXP 	polygon: autoDraw = False
14.2142 	EXP 	image: image = 'tapir.jpg'
14.2142 	EXP 	Arrow: image = 'ArrowUp.png'
14.2142 	EXP 	image: autoDraw = True
14.2142 	EXP 	Arrow: autoDraw = True
14.8108 	DATA 	Keypress: 2
15.0271 	DATA 	Keypress: 2
17.1979 	EXP 	image: autoDraw = False
17.1979 	EXP 	Arrow: autoDraw = False
17.1979 	EXP 	polygon: autoDraw = True
18.1824 	EXP 	New trial (rep=0, index=2): OrderedDict([('StimFile', 'tiger.jpg'), ('ImgType', 'Animal'), ('ArrowImg', 'ArrowRight.png'), ('Direction', 'neutral')])
18.1995 	EXP 	polygon: autoDraw = False
18.1995 	EXP 	image: image = 'tiger.jpg'
18.1995 	EXP 	Arrow: image = 'ArrowRight.png'
18.1995 	EXP 	image: autoDraw = True
18.1995 	EXP 	Arrow: autoDraw = True
18.7960 	DATA 	Keypress: 3
19.0136 	DATA 	Keypress: 3
21.1999 	EXP 	image: autoDraw = False
21.1999 	EXP 	Arrow: autoDraw = False
21.1999 	EXP 	polygon: autoDraw = True
22.1839 	EXP 	New trial (rep=0, index=3): OrderedDict([('StimFile', 'snake.jpg'), ('ImgType', 'Animal'), ('ArrowImg', 'ArrowRight.png'), ('Direction', 'neutral')])
22.2026 	EXP 	polygon: autoDraw = False
22.2026 	EXP 	image: image = 'snake.jpg'
22.2026 	EXP 	Arrow: image = 'ArrowRight.png'
22.2026 	EXP 	image: autoDraw = True
22.2026 	EXP 	Arrow: autoDraw = True
23.2141 	DATA 	Keypress: 1
23.4309 	DATA 	Keypress: 1
25.2016 	EXP 	image: autoDraw = False
25.2016 	EXP 	Arrow: autoDraw = False
25.2016 	EXP 	polygon: autoDraw = True
26.1893 	EXP 	Imported OneShotLearning_Shuffled.csv as conditions, 4 conditions, 4 params
26.1895 	EXP 	Created sequence: random, trialTypes=4, nReps=1, seed=None
26.1897 	EXP 	New trial (rep=0, index=0): OrderedDict([('StimFile', 'tiger.jpg'), ('ImgType', 'Animal'), ('ArrowImg', 'ArrowRight.png'), ('Direction', 'neutral')])
26.2192 	EXP 	polygon: autoDraw = False
26.2192 	EXP 	image_2: image = 'tiger.jpg'
26.2192 	EXP 	image_2: autoDraw = True
26.2192 	EXP 	direction_options: autoDraw = True
26.7830 	DATA 	Keypress: 1
26.9993 	DATA 	Keypress: 1
29.2034 	EXP 	image_2: autoDraw = False
29.2034 	EXP 	direction_options: autoDraw = False
29.2034 	EXP 	polygon: autoDraw = True
30.1878 	EXP 	New trial (rep=0, index=1): OrderedDict([('StimFile', 'turtle.jpg'), ('ImgType', 'Animal'), ('ArrowImg', 'ArrowLeft.png'), ('Direction', 'neutral')])
30.2063 	EXP 	polygon: autoDraw = False
30.2063 	EXP 	image_2: image = 'turtle.jpg'
30.2063 	EXP 	image_2: autoDraw = True
30.2063 	EXP 	direction_options: autoDraw = True
30.5341 	DATA 	Keypress: 2
30.7844 	DATA 	Keypress: 2
31.3345 	DATA 	Keypress: esc
31.5052 	EXP 	window1: mouseVisible = True
