2.3463 	WARNING 	We strongly recommend you activate the PTB sound engine in PsychoPy prefs as the preferred audio engine. Its timing is vastly superior. Your prefs are currently set to use ['sounddevice', 'PTB', 'pyo', 'pygame'] (in that order).
5.9538 	EXP 	Created window1 = Window(allowGUI=True, allowStencil=False, autoLog=True, backendConf=UNKNOWN, bitsMode=UNKNOWN, blendMode='avg', bpc=(8, 8, 8), color=array([0, 0, 0]), colorSpace='rgb', depthBits=8, fullscr=<method-wrapper '__getattribute__' of attributeSetter object at 0x0000028A97A8BC88>, gamma=None, gammaErrorPolicy='raise', lms=UNKNOWN, monitor=<psychopy.monitors.calibTools.Monitor object at 0x0000028A97A8A0F0>, multiSample=False, name='window1', numSamples=2, pos=[760.0, 180.0], screen=0, size=array([1920, 1080]), stencilBits=0, stereo=False, units='height', useFBO=True, useRetina=False, viewOri=0.0, viewPos=None, viewScale=None, waitBlanking=True, winType='pyglet')
5.9540 	EXP 	window1: mouseVisible = True
5.9540 	EXP 	window1: recordFrameIntervals = False
6.1204 	EXP 	window1: recordFrameIntervals = True
6.3037 	EXP 	window1: recordFrameIntervals = False
6.6008 	EXP 	Created text = TextStim(__class__=<class 'psychopy.visual.text.TextStim'>, alignHoriz=method-wrapper(...), alignText='center', alignVert=method-wrapper(...), anchorHoriz='center', anchorVert='center', antialias=True, autoLog=True, bold=False, color=array([1., 1., 1.]), colorSpace='rgb', contrast=1.0, depth=0.0, flipHoriz=False, flipVert=False, font='Open Sans', fontFiles=[], height=0.1, italic=False, languageStyle='LTR', name='text', opacity=1, ori=0.0, pos=array([0., 0.]), rgb=UNKNOWN, text='Instructions:', units='height', win=Window(...), wrapWidth=1)
6.6032 	EXP 	Created polygon = ShapeStim(__class__=<class 'psychopy.visual.shape.ShapeStim'>, autoDraw=False, autoLog=True, closeShape=True, color=method-wrapper(...), colorSpace='rgb', contrast=None, depth=0.0, fillColor=array([1, 1, 1]), fillColorSpace='rgb', fillRGB=array([1, 1, 1]), interpolate=True, lineColor=array([1., 1., 1.]), lineColorSpace='rgb', lineRGB=array([1, 1, 1]), lineWidth=1.0, name='polygon', opacity=1, ori=0.0, pos=array([0., 0.]), size=array([0.5, 0.5]), units='height', vertices=ndarray(...), win=Window(...), windingRule=None)
6.6071 	EXP 	Created image = ImageStim(__class__=<class 'psychopy.visual.image.ImageStim'>, autoLog=True, color=array([1., 1., 1.]), colorSpace='rgb', contrast=1.0, depth=-1.0, flipHoriz=False, flipVert=False, image='sin', interpolate=True, mask=None, maskParams=None, name='image', opacity=1, ori=0.0, pos=array([0.   , 0.125]), size=array([1.  , 0.75]), texRes=128.0, units='height', win=Window(...))
6.6106 	EXP 	Created Arrow = ImageStim(__class__=<class 'psychopy.visual.image.ImageStim'>, autoLog=True, color=array([1., 1., 1.]), colorSpace='rgb', contrast=1.0, depth=-2.0, flipHoriz=False, flipVert=False, image='sin', interpolate=True, mask=None, maskParams=None, name='Arrow', opacity=1, ori=0.0, pos=array([ 0.   , -0.375]), size=array([0.25, 0.25]), texRes=128.0, units='height', win=Window(...))
6.6124 	EXP 	Created polygon = ShapeStim(__class__=<class 'psychopy.visual.shape.ShapeStim'>, autoDraw=False, autoLog=True, closeShape=True, color=method-wrapper(...), colorSpace='rgb', contrast=None, depth=0.0, fillColor=array([1, 1, 1]), fillColorSpace='rgb', fillRGB=array([1, 1, 1]), interpolate=True, lineColor=array([1., 1., 1.]), lineColorSpace='rgb', lineRGB=array([1, 1, 1]), lineWidth=1.0, name='polygon', opacity=1, ori=0.0, pos=array([0., 0.]), size=array([0.5, 0.5]), units='height', vertices=ndarray(...), win=Window(...), windingRule=None)
6.6199 	EXP 	Created image_2 = ImageStim(__class__=<class 'psychopy.visual.image.ImageStim'>, autoLog=True, color=array([1., 1., 1.]), colorSpace='rgb', contrast=1.0, depth=-1.0, flipHoriz=False, flipVert=False, image='sin', interpolate=True, mask=None, maskParams=None, name='image_2', opacity=1, ori=0.0, pos=array([0.   , 0.125]), size=array([1.  , 0.75]), texRes=128.0, units='height', win=Window(...))
6.6218 	EXP 	Created polygon = ShapeStim(__class__=<class 'psychopy.visual.shape.ShapeStim'>, autoDraw=False, autoLog=True, closeShape=True, color=method-wrapper(...), colorSpace='rgb', contrast=None, depth=0.0, fillColor=array([1, 1, 1]), fillColorSpace='rgb', fillRGB=array([1, 1, 1]), interpolate=True, lineColor=array([1., 1., 1.]), lineColorSpace='rgb', lineRGB=array([1, 1, 1]), lineWidth=1.0, name='polygon', opacity=1, ori=0.0, pos=array([0., 0.]), size=array([0.5, 0.5]), units='height', vertices=ndarray(...), win=Window(...), windingRule=None)
6.6462 	EXP 	Created text_2 = TextStim(__class__=<class 'psychopy.visual.text.TextStim'>, alignHoriz=method-wrapper(...), alignText='center', alignVert=method-wrapper(...), anchorHoriz='center', anchorVert='center', antialias=True, autoLog=True, bold=False, color=array([1., 1., 1.]), colorSpace='rgb', contrast=1.0, depth=0.0, flipHoriz=False, flipVert=False, font='Open Sans', fontFiles=[], height=0.1, italic=False, languageStyle='LTR', name='text_2', opacity=1, ori=0.0, pos=array([0., 0.]), rgb=UNKNOWN, text=str(...), units='height', win=Window(...), wrapWidth=1)
6.7391 	EXP 	text: autoDraw = True
7.6292 	EXP 	Imported OneShotLearning_conditions.xlsx as conditions, 12 conditions, 1 params
7.6296 	EXP 	Created sequence: random, trialTypes=12, nReps=1, seed=None
7.6297 	EXP 	New trial (rep=0, index=0): {'Condition_rows': '0:4'}
7.6336 	DATA 	Keypress: 2
7.6385 	EXP 	text: autoDraw = False
7.6385 	EXP 	polygon: autoDraw = True
8.6342 	EXP 	Imported OneShotLearning.xlsx as conditions, 4 conditions, 7 params
8.6345 	EXP 	Created sequence: random, trialTypes=4, nReps=1, seed=None
8.6347 	EXP 	New trial (rep=0, index=0): {'NumberLetter': None, 'corrAns': 2, 'StimFile': 'cat.jpg', 'ImgType': 'Animal', 'ArrowImg': 'ArrowUp.png', 'False_StimFile': None, 'DurationTrial': None}
8.6702 	EXP 	polygon: autoDraw = False
8.6702 	EXP 	polygon: autoDraw = False
8.6702 	EXP 	image: image = 'cat.jpg'
8.6702 	EXP 	Arrow: image = 'ArrowUp.png'
8.6702 	EXP 	image: autoDraw = True
8.6702 	EXP 	Arrow: autoDraw = True
9.7256 	DATA 	Keypress: 2
11.6569 	EXP 	image: autoDraw = False
11.6569 	EXP 	Arrow: autoDraw = False
11.6569 	EXP 	polygon: autoDraw = True
12.6414 	EXP 	New trial (rep=0, index=1): {'NumberLetter': None, 'corrAns': 3, 'StimFile': 'bat.jpg', 'ImgType': 'Animal', 'ArrowImg': 'ArrowRight.png', 'False_StimFile': None, 'DurationTrial': None}
12.6583 	EXP 	polygon: autoDraw = False
12.6583 	EXP 	image: image = 'bat.jpg'
12.6583 	EXP 	Arrow: image = 'ArrowRight.png'
12.6583 	EXP 	image: autoDraw = True
12.6583 	EXP 	Arrow: autoDraw = True
13.2448 	DATA 	Keypress: 2
13.7465 	DATA 	Keypress: 3
14.2124 	DATA 	Keypress: 1
15.6422 	EXP 	image: autoDraw = False
15.6422 	EXP 	Arrow: autoDraw = False
15.6422 	EXP 	polygon: autoDraw = True
16.6264 	EXP 	New trial (rep=0, index=2): {'NumberLetter': None, 'corrAns': 1, 'StimFile': 'armadillo.jpg', 'ImgType': 'Animal', 'ArrowImg': 'ArrowLeft.png', 'False_StimFile': None, 'DurationTrial': 10}
16.6438 	EXP 	polygon: autoDraw = False
16.6438 	EXP 	image: image = 'armadillo.jpg'
16.6438 	EXP 	Arrow: image = 'ArrowLeft.png'
16.6438 	EXP 	image: autoDraw = True
16.6438 	EXP 	Arrow: autoDraw = True
17.1299 	DATA 	Keypress: 3
17.4314 	DATA 	Keypress: 1
19.6440 	EXP 	image: autoDraw = False
19.6440 	EXP 	Arrow: autoDraw = False
19.6440 	EXP 	polygon: autoDraw = True
20.6284 	EXP 	New trial (rep=0, index=3): {'NumberLetter': None, 'corrAns': 1, 'StimFile': 'cheetah.jpg', 'ImgType': 'Animal', 'ArrowImg': 'ArrowLeft.png', 'False_StimFile': None, 'DurationTrial': None}
20.6454 	EXP 	polygon: autoDraw = False
20.6454 	EXP 	image: image = 'cheetah.jpg'
20.6454 	EXP 	Arrow: image = 'ArrowLeft.png'
20.6454 	EXP 	image: autoDraw = True
20.6454 	EXP 	Arrow: autoDraw = True
21.5322 	DATA 	Keypress: 2
23.6460 	EXP 	image: autoDraw = False
23.6460 	EXP 	Arrow: autoDraw = False
23.6460 	EXP 	polygon: autoDraw = True
24.4485 	DATA 	Keypress: escape
24.6412 	EXP 	Imported OneShotLearning.xlsx as conditions, 4 conditions, 7 params
24.6415 	EXP 	Created sequence: random, trialTypes=4, nReps=1, seed=None
24.6417 	EXP 	New trial (rep=0, index=0): {'NumberLetter': None, 'corrAns': 1, 'StimFile': 'armadillo.jpg', 'ImgType': 'Animal', 'ArrowImg': 'ArrowLeft.png', 'False_StimFile': None, 'DurationTrial': 10}
24.6770 	EXP 	window1: mouseVisible = True
