2.3955 	WARNING 	We strongly recommend you activate the PTB sound engine in PsychoPy prefs as the preferred audio engine. Its timing is vastly superior. Your prefs are currently set to use ['sounddevice', 'PTB', 'pyo', 'pygame'] (in that order).
12.7383 	ERROR 	'0.0000, 0.0000, 0.0000' is not a valid rgb color
13.5794 	EXP 	Created window1 = Window(allowGUI=True, allowStencil=False, autoLog=True, backendConf=UNKNOWN, bitsMode=UNKNOWN, blendMode='avg', bpc=(8, 8, 8), color=array([0, 0, 0]), colorSpace='rgb', depthBits=8, fullscr=<method-wrapper '__getattribute__' of attributeSetter object at 0x0000025BB3EEC780>, gamma=None, gammaErrorPolicy='raise', lms=UNKNOWN, monitor=<psychopy.monitors.calibTools.Monitor object at 0x0000025BB3E54BA8>, multiSample=False, name='window1', numSamples=2, pos=[760.0, 180.0], screen=0, size=array([1920, 1080]), stencilBits=0, stereo=False, units='height', useFBO=True, useRetina=False, viewOri=0.0, viewPos=None, viewScale=None, waitBlanking=True, winType='glfw')
13.5794 	EXP 	window1: mouseVisible = True
13.5794 	EXP 	window1: recordFrameIntervals = False
13.7456 	EXP 	window1: recordFrameIntervals = True
13.9295 	EXP 	window1: recordFrameIntervals = False
14.2977 	EXP 	Created text = TextStim(__class__=<class 'psychopy.visual.text.TextStim'>, alignHoriz=method-wrapper(...), alignText='center', alignVert=method-wrapper(...), anchorHoriz='center', anchorVert='center', antialias=True, autoLog=True, bold=False, color=array([1., 1., 1.]), colorSpace='rgb', contrast=1.0, depth=0.0, flipHoriz=False, flipVert=False, font='Open Sans', fontFiles=[], height=0.04, italic=False, languageStyle='LTR', name='text', opacity=1, ori=0.0, pos=array([0., 0.]), rgb=UNKNOWN, text=str(...), units='height', win=Window(...), wrapWidth=1)
16.9115 	EXP 	Created image = ImageStim(__class__=<class 'psychopy.visual.image.ImageStim'>, autoLog=True, color=array([1., 1., 1.]), colorSpace='rgb', contrast=1.0, depth=-1.0, flipHoriz=False, flipVert=False, image='sin', interpolate=True, mask=None, maskParams=None, name='image', opacity=1, ori=0.0, pos=array([ 0.   , -0.125]), size=array([1.  , 0.75]), texRes=128.0, units='height', win=Window(...))
16.9146 	EXP 	Created Arrow = ImageStim(__class__=<class 'psychopy.visual.image.ImageStim'>, autoLog=True, color=array([1., 1., 1.]), colorSpace='rgb', contrast=1.0, depth=-2.0, flipHoriz=False, flipVert=False, image='sin', interpolate=True, mask=None, maskParams=None, name='Arrow', opacity=1, ori=0.0, pos=array([0.   , 0.375]), size=array([0.25, 0.25]), texRes=128.0, units='height', win=Window(...))
16.9171 	EXP 	Created polygon = ShapeStim(__class__=<class 'psychopy.visual.shape.ShapeStim'>, autoDraw=False, autoLog=True, closeShape=True, color=method-wrapper(...), colorSpace='rgb', contrast=None, depth=0.0, fillColor=array([1, 1, 1]), fillColorSpace='rgb', fillRGB=array([1, 1, 1]), interpolate=True, lineColor=array([1., 1., 1.]), lineColorSpace='rgb', lineRGB=array([1, 1, 1]), lineWidth=1.0, name='polygon', opacity=1, ori=0.0, pos=array([0., 0.]), size=array([0.5, 0.5]), units='height', vertices=ndarray(...), win=Window(...), windingRule=None)
16.9246 	EXP 	Created image_2 = ImageStim(__class__=<class 'psychopy.visual.image.ImageStim'>, autoLog=True, color=array([1., 1., 1.]), colorSpace='rgb', contrast=1.0, depth=-1.0, flipHoriz=False, flipVert=False, image='sin', interpolate=True, mask=None, maskParams=None, name='image_2', opacity=1, ori=0.0, pos=array([0.   , 0.125]), size=array([1.  , 0.75]), texRes=128.0, units='height', win=Window(...))
16.9737 	EXP 	Created direction_options = ImageStim(__class__=<class 'psychopy.visual.image.ImageStim'>, autoLog=True, color=array([1., 1., 1.]), colorSpace='rgb', contrast=1.0, depth=-3.0, flipHoriz=False, flipVert=False, image='Gallery_arrowoptions.png', interpolate=True, mask=None, maskParams=None, name='direction_options', opacity=1, ori=0.0, pos=array([ 0.   , -0.375]), size=array([1.  , 0.25]), texRes=128.0, units='height', win=Window(...))
16.9756 	EXP 	Created polygon = ShapeStim(__class__=<class 'psychopy.visual.shape.ShapeStim'>, autoDraw=False, autoLog=True, closeShape=True, color=method-wrapper(...), colorSpace='rgb', contrast=None, depth=0.0, fillColor=array([1, 1, 1]), fillColorSpace='rgb', fillRGB=array([1, 1, 1]), interpolate=True, lineColor=array([1., 1., 1.]), lineColorSpace='rgb', lineRGB=array([1, 1, 1]), lineWidth=1.0, name='polygon', opacity=1, ori=0.0, pos=array([0., 0.]), size=array([0.5, 0.5]), units='height', vertices=ndarray(...), win=Window(...), windingRule=None)
16.9974 	EXP 	Created text_2 = TextStim(__class__=<class 'psychopy.visual.text.TextStim'>, alignHoriz=method-wrapper(...), alignText='center', alignVert=method-wrapper(...), anchorHoriz='center', anchorVert='center', antialias=True, autoLog=True, bold=False, color=array([1., 1., 1.]), colorSpace='rgb', contrast=1.0, depth=0.0, flipHoriz=False, flipVert=False, font='Open Sans', fontFiles=[], height=0.1, italic=False, languageStyle='LTR', name='text_2', opacity=1, ori=0.0, pos=array([0., 0.]), rgb=UNKNOWN, text=str(...), units='height', win=Window(...), wrapWidth=1)
17.0918 	EXP 	text: autoDraw = True
17.5936 	DATA 	Keypress: 2
17.6049 	EXP 	Imported OneShotLearning_conditions.xlsx as conditions, 12 conditions, 1 params
17.6053 	EXP 	Created sequence: random, trialTypes=12, nReps=1, seed=None
17.6055 	EXP 	New trial (rep=0, index=0): {'Condition_rows': '12:16'}
17.6177 	EXP 	Imported OneShotLearning.xlsx as conditions, 4 conditions, 8 params
17.6180 	EXP 	Created sequence: random, trialTypes=4, nReps=1, seed=None
17.6182 	EXP 	New trial (rep=0, index=0): {'NumberLetter': None, 'corrAns': 1, 'StimFile': 'rhino.jpg', 'ImgType': 'Animal', 'ArrowImg': 'ArrowLeft.png', 'ImgOrientation': None, 'Congruency': None, 'Direction': None}
17.6627 	EXP 	text: autoDraw = False
17.6627 	EXP 	image: image = 'rhino.jpg'
17.6627 	EXP 	Arrow: image = 'ArrowLeft.png'
17.6627 	EXP 	image: autoDraw = True
17.6627 	EXP 	Arrow: autoDraw = True
17.7767 	DATA 	Keypress: 2
18.3604 	DATA 	Keypress: 1
18.5608 	DATA 	Keypress: 1
20.6319 	EXP 	image: autoDraw = False
20.6319 	EXP 	Arrow: autoDraw = False
20.6319 	EXP 	polygon: autoDraw = True
21.6164 	EXP 	New trial (rep=0, index=1): {'NumberLetter': None, 'corrAns': 2, 'StimFile': 'platypus.jpg', 'ImgType': 'Animal', 'ArrowImg': 'ArrowUp.png', 'ImgOrientation': None, 'Congruency': None, 'Direction': None}
21.6335 	EXP 	polygon: autoDraw = False
21.6335 	EXP 	image: image = 'platypus.jpg'
21.6335 	EXP 	Arrow: image = 'ArrowUp.png'
21.6335 	EXP 	image: autoDraw = True
21.6335 	EXP 	Arrow: autoDraw = True
22.2958 	DATA 	Keypress: 2
22.5960 	DATA 	Keypress: 2
24.6171 	EXP 	image: autoDraw = False
24.6171 	EXP 	Arrow: autoDraw = False
24.6171 	EXP 	polygon: autoDraw = True
25.6016 	EXP 	New trial (rep=0, index=2): {'NumberLetter': None, 'corrAns': 3, 'StimFile': 'lynx.jpg', 'ImgType': 'Animal', 'ArrowImg': 'ArrowRight.png', 'ImgOrientation': None, 'Congruency': None, 'Direction': None}
25.6187 	EXP 	polygon: autoDraw = False
25.6187 	EXP 	image: image = 'lynx.jpg'
25.6187 	EXP 	Arrow: image = 'ArrowRight.png'
25.6187 	EXP 	image: autoDraw = True
25.6187 	EXP 	Arrow: autoDraw = True
26.1810 	DATA 	Keypress: 3
26.4640 	DATA 	Keypress: 3
28.6189 	EXP 	image: autoDraw = False
28.6189 	EXP 	Arrow: autoDraw = False
28.6189 	EXP 	polygon: autoDraw = True
29.6032 	EXP 	New trial (rep=0, index=3): {'NumberLetter': None, 'corrAns': 1, 'StimFile': 'lioness.jpg', 'ImgType': 'Animal', 'ArrowImg': 'ArrowLeft.png', 'ImgOrientation': None, 'Congruency': None, 'Direction': None}
29.6211 	EXP 	polygon: autoDraw = False
29.6211 	EXP 	image: image = 'lioness.jpg'
29.6211 	EXP 	Arrow: image = 'ArrowLeft.png'
29.6211 	EXP 	image: autoDraw = True
29.6211 	EXP 	Arrow: autoDraw = True
30.1161 	DATA 	Keypress: 1
30.3664 	DATA 	Keypress: 1
32.6208 	EXP 	image: autoDraw = False
32.6208 	EXP 	Arrow: autoDraw = False
32.6208 	EXP 	polygon: autoDraw = True
33.6175 	EXP 	Imported OneShotLearning.xlsx as conditions, 4 conditions, 8 params
33.6178 	EXP 	Created sequence: random, trialTypes=4, nReps=1, seed=None
33.6180 	EXP 	New trial (rep=0, index=0): {'NumberLetter': None, 'corrAns': 1, 'StimFile': 'lioness.jpg', 'ImgType': 'Animal', 'ArrowImg': 'ArrowLeft.png', 'ImgOrientation': None, 'Congruency': None, 'Direction': None}
33.6544 	EXP 	polygon: autoDraw = False
33.6544 	EXP 	image_2: image = 'lioness.jpg'
33.6544 	EXP 	image_2: autoDraw = True
33.6544 	EXP 	direction_options: autoDraw = True
34.5846 	DATA 	Keypress: 3
34.8013 	DATA 	Keypress: 3
36.6225 	EXP 	image_2: autoDraw = False
36.6225 	EXP 	direction_options: autoDraw = False
36.6225 	EXP 	polygon: autoDraw = True
37.6072 	EXP 	New trial (rep=0, index=1): {'NumberLetter': None, 'corrAns': 1, 'StimFile': 'rhino.jpg', 'ImgType': 'Animal', 'ArrowImg': 'ArrowLeft.png', 'ImgOrientation': None, 'Congruency': None, 'Direction': None}
37.6256 	EXP 	polygon: autoDraw = False
37.6256 	EXP 	image_2: image = 'rhino.jpg'
37.6256 	EXP 	image_2: autoDraw = True
37.6256 	EXP 	direction_options: autoDraw = True
37.9201 	DATA 	Keypress: 2
38.1699 	DATA 	Keypress: 2
40.6243 	EXP 	image_2: autoDraw = False
40.6243 	EXP 	direction_options: autoDraw = False
40.6243 	EXP 	polygon: autoDraw = True
41.6087 	EXP 	New trial (rep=0, index=2): {'NumberLetter': None, 'corrAns': 3, 'StimFile': 'lynx.jpg', 'ImgType': 'Animal', 'ArrowImg': 'ArrowRight.png', 'ImgOrientation': None, 'Congruency': None, 'Direction': None}
41.6276 	EXP 	polygon: autoDraw = False
41.6276 	EXP 	image_2: image = 'lynx.jpg'
41.6276 	EXP 	image_2: autoDraw = True
41.6276 	EXP 	direction_options: autoDraw = True
41.9384 	DATA 	Keypress: 1
42.1213 	DATA 	Keypress: 1
44.6260 	EXP 	image_2: autoDraw = False
44.6260 	EXP 	direction_options: autoDraw = False
44.6260 	EXP 	polygon: autoDraw = True
45.6108 	EXP 	New trial (rep=0, index=3): {'NumberLetter': None, 'corrAns': 2, 'StimFile': 'platypus.jpg', 'ImgType': 'Animal', 'ArrowImg': 'ArrowUp.png', 'ImgOrientation': None, 'Congruency': None, 'Direction': None}
45.6294 	EXP 	polygon: autoDraw = False
45.6294 	EXP 	image_2: image = 'platypus.jpg'
45.6294 	EXP 	image_2: autoDraw = True
45.6294 	EXP 	direction_options: autoDraw = True
46.2402 	DATA 	Keypress: 1
46.4404 	DATA 	Keypress: 1
48.6282 	EXP 	image_2: autoDraw = False
48.6282 	EXP 	direction_options: autoDraw = False
48.6282 	EXP 	polygon: autoDraw = True
49.6126 	EXP 	New trial (rep=0, index=1): {'Condition_rows': '20:24'}
49.6254 	EXP 	Imported OneShotLearning.xlsx as conditions, 4 conditions, 8 params
49.6257 	EXP 	Created sequence: random, trialTypes=4, nReps=1, seed=None
49.6259 	EXP 	New trial (rep=0, index=0): {'NumberLetter': None, 'corrAns': 3, 'StimFile': 'bus.jpg', 'ImgType': 'Vehicles', 'ArrowImg': 'ArrowRight.png', 'ImgOrientation': None, 'Congruency': None, 'Direction': None}
49.6605 	EXP 	polygon: autoDraw = False
49.6605 	EXP 	image: image = 'bus.jpg'
49.6605 	EXP 	Arrow: image = 'ArrowRight.png'
49.6605 	EXP 	image: autoDraw = True
49.6605 	EXP 	Arrow: autoDraw = True
50.4752 	DATA 	Keypress: 3
50.6926 	DATA 	Keypress: 3
52.6301 	EXP 	image: autoDraw = False
52.6301 	EXP 	Arrow: autoDraw = False
52.6301 	EXP 	polygon: autoDraw = True
53.6145 	EXP 	New trial (rep=0, index=1): {'NumberLetter': None, 'corrAns': 1, 'StimFile': 'boat.jpg', 'ImgType': 'Vehicles', 'ArrowImg': 'ArrowLeft.png', 'ImgOrientation': None, 'Congruency': None, 'Direction': None}
53.6320 	EXP 	polygon: autoDraw = False
53.6320 	EXP 	image: image = 'boat.jpg'
53.6320 	EXP 	Arrow: image = 'ArrowLeft.png'
53.6320 	EXP 	image: autoDraw = True
53.6320 	EXP 	Arrow: autoDraw = True
54.5772 	DATA 	Keypress: 2
54.8439 	DATA 	Keypress: 2
56.6319 	EXP 	image: autoDraw = False
56.6319 	EXP 	Arrow: autoDraw = False
56.6319 	EXP 	polygon: autoDraw = True
57.0452 	DATA 	Keypress: esc
57.2120 	DATA 	Keypress: esc
57.2308 	EXP 	window1: mouseVisible = True
