2.6529 	WARNING 	We strongly recommend you activate the PTB sound engine in PsychoPy prefs as the preferred audio engine. Its timing is vastly superior. Your prefs are currently set to use ['sounddevice', 'PTB', 'pyo', 'pygame'] (in that order).
5.6134 	ERROR 	'0.0000, 0.0000, 0.0000' is not a valid rgb color
6.5912 	EXP 	Created window1 = Window(allowGUI=True, allowStencil=False, autoLog=True, backendConf=UNKNOWN, bitsMode=UNKNOWN, blendMode='avg', bpc=(8, 8, 8), color=array([0, 0, 0]), colorSpace='rgb', depthBits=8, fullscr=<method-wrapper '__getattribute__' of attributeSetter object at 0x0000014E5D37C7B8>, gamma=None, gammaErrorPolicy='raise', lms=UNKNOWN, monitor=<psychopy.monitors.calibTools.Monitor object at 0x0000014E5D2E4BA8>, multiSample=False, name='window1', numSamples=2, pos=[760.0, 180.0], screen=0, size=array([1920, 1080]), stencilBits=0, stereo=False, units='height', useFBO=True, useRetina=False, viewOri=0.0, viewPos=None, viewScale=None, waitBlanking=True, winType='glfw')
6.5912 	EXP 	window1: mouseVisible = True
6.5912 	EXP 	window1: recordFrameIntervals = False
6.7576 	EXP 	window1: recordFrameIntervals = True
6.9432 	EXP 	window1: recordFrameIntervals = False
7.3057 	EXP 	Created text = TextStim(__class__=<class 'psychopy.visual.text.TextStim'>, alignHoriz=method-wrapper(...), alignText='center', alignVert=method-wrapper(...), anchorHoriz='center', anchorVert='center', antialias=True, autoLog=True, bold=False, color=array([1., 1., 1.]), colorSpace='rgb', contrast=1.0, depth=0.0, flipHoriz=False, flipVert=False, font='Open Sans', fontFiles=[], height=0.04, italic=False, languageStyle='LTR', name='text', opacity=1, ori=0.0, pos=array([0., 0.]), rgb=UNKNOWN, text=str(...), units='height', win=Window(...), wrapWidth=1)
7.3110 	EXP 	Created image = ImageStim(__class__=<class 'psychopy.visual.image.ImageStim'>, autoLog=True, color=array([1., 1., 1.]), colorSpace='rgb', contrast=1.0, depth=-1.0, flipHoriz=False, flipVert=False, image='sin', interpolate=True, mask=None, maskParams=None, name='image', opacity=1, ori=0.0, pos=array([ 0.   , -0.125]), size=array([1.  , 0.75]), texRes=128.0, units='height', win=Window(...))
7.3142 	EXP 	Created Arrow = ImageStim(__class__=<class 'psychopy.visual.image.ImageStim'>, autoLog=True, color=array([1., 1., 1.]), colorSpace='rgb', contrast=1.0, depth=-2.0, flipHoriz=False, flipVert=False, image='sin', interpolate=True, mask=None, maskParams=None, name='Arrow', opacity=1, ori=0.0, pos=array([0.   , 0.375]), size=array([0.25, 0.25]), texRes=128.0, units='height', win=Window(...))
7.3165 	EXP 	Created polygon = ShapeStim(__class__=<class 'psychopy.visual.shape.ShapeStim'>, autoDraw=False, autoLog=True, closeShape=True, color=method-wrapper(...), colorSpace='rgb', contrast=None, depth=0.0, fillColor=array([1, 1, 1]), fillColorSpace='rgb', fillRGB=array([1, 1, 1]), interpolate=True, lineColor=array([1., 1., 1.]), lineColorSpace='rgb', lineRGB=array([1, 1, 1]), lineWidth=1.0, name='polygon', opacity=1, ori=0.0, pos=array([0., 0.]), size=array([0.5, 0.5]), units='height', vertices=ndarray(...), win=Window(...), windingRule=None)
7.3243 	EXP 	Created image_2 = ImageStim(__class__=<class 'psychopy.visual.image.ImageStim'>, autoLog=True, color=array([1., 1., 1.]), colorSpace='rgb', contrast=1.0, depth=-1.0, flipHoriz=False, flipVert=False, image='sin', interpolate=True, mask=None, maskParams=None, name='image_2', opacity=1, ori=0.0, pos=array([0.   , 0.125]), size=array([1.  , 0.75]), texRes=128.0, units='height', win=Window(...))
7.3727 	EXP 	Created direction_options = ImageStim(__class__=<class 'psychopy.visual.image.ImageStim'>, autoLog=True, color=array([1., 1., 1.]), colorSpace='rgb', contrast=1.0, depth=-3.0, flipHoriz=False, flipVert=False, image='Gallery_arrowoptions.png', interpolate=True, mask=None, maskParams=None, name='direction_options', opacity=1, ori=0.0, pos=array([ 0.   , -0.375]), size=array([1.  , 0.25]), texRes=128.0, units='height', win=Window(...))
7.3746 	EXP 	Created polygon = ShapeStim(__class__=<class 'psychopy.visual.shape.ShapeStim'>, autoDraw=False, autoLog=True, closeShape=True, color=method-wrapper(...), colorSpace='rgb', contrast=None, depth=0.0, fillColor=array([1, 1, 1]), fillColorSpace='rgb', fillRGB=array([1, 1, 1]), interpolate=True, lineColor=array([1., 1., 1.]), lineColorSpace='rgb', lineRGB=array([1, 1, 1]), lineWidth=1.0, name='polygon', opacity=1, ori=0.0, pos=array([0., 0.]), size=array([0.5, 0.5]), units='height', vertices=ndarray(...), win=Window(...), windingRule=None)
7.3990 	EXP 	Created text_2 = TextStim(__class__=<class 'psychopy.visual.text.TextStim'>, alignHoriz=method-wrapper(...), alignText='center', alignVert=method-wrapper(...), anchorHoriz='center', anchorVert='center', antialias=True, autoLog=True, bold=False, color=array([1., 1., 1.]), colorSpace='rgb', contrast=1.0, depth=0.0, flipHoriz=False, flipVert=False, font='Open Sans', fontFiles=[], height=0.1, italic=False, languageStyle='LTR', name='text_2', opacity=1, ori=0.0, pos=array([0., 0.]), rgb=UNKNOWN, text=str(...), units='height', win=Window(...), wrapWidth=1)
7.5025 	EXP 	text: autoDraw = True
7.8227 	DATA 	Keypress: 2
7.8331 	EXP 	Imported OneShotLearning_conditions.xlsx as conditions, 12 conditions, 1 params
7.8334 	EXP 	Created sequence: random, trialTypes=12, nReps=1, seed=None
7.8336 	EXP 	New trial (rep=0, index=0): {'Condition_rows': '0:4'}
7.8465 	EXP 	Imported OneShotLearning.xlsx as conditions, 4 conditions, 8 params
7.8468 	EXP 	Created sequence: random, trialTypes=4, nReps=1, seed=None
7.8470 	EXP 	New trial (rep=0, index=0): {'NumberLetter': None, 'corrAns': 1, 'StimFile': 'armadillo.jpg', 'ImgType': 'Animal', 'ArrowImg': 'ArrowLeft.png', 'ImgOrientation': 'left', 'Congruency': 'Congruent', 'Direction': 'ArrowLeft.png'}
7.8749 	EXP 	text: autoDraw = False
7.8749 	EXP 	image: image = 'armadillo.jpg'
7.8749 	EXP 	Arrow: image = 'ArrowLeft.png'
7.8749 	EXP 	image: autoDraw = True
7.8749 	EXP 	Arrow: autoDraw = True
8.0060 	DATA 	Keypress: 2
9.2738 	DATA 	Keypress: 1
9.5070 	DATA 	Keypress: 1
10.8607 	EXP 	image: autoDraw = False
10.8607 	EXP 	Arrow: autoDraw = False
10.8607 	EXP 	polygon: autoDraw = True
11.4747 	DATA 	Keypress: esc
11.6898 	EXP 	window1: mouseVisible = True
