2.4481 	WARNING 	We strongly recommend you activate the PTB sound engine in PsychoPy prefs as the preferred audio engine. Its timing is vastly superior. Your prefs are currently set to use ['sounddevice', 'PTB', 'pyo', 'pygame'] (in that order).
7.5739 	EXP 	Created window1 = Window(allowGUI=False, allowStencil=False, autoLog=True, backendConf=UNKNOWN, bitsMode=UNKNOWN, blendMode='avg', bpc=(8, 8, 8), color=array([0, 0, 0]), colorSpace='rgb', depthBits=8, fullscr=<method-wrapper '__getattribute__' of attributeSetter object at 0x0000029C785D8E48>, gamma=None, gammaErrorPolicy='raise', lms=UNKNOWN, monitor=<psychopy.monitors.calibTools.Monitor object at 0x0000029C785FE2B0>, multiSample=False, name='window1', numSamples=2, pos=None, screen=0, size=array([1024,  768]), stencilBits=0, stereo=False, units='height', useFBO=True, useRetina=False, viewOri=0.0, viewPos=None, viewScale=None, waitBlanking=True, winType='glfw')
7.5778 	EXP 	window1: mouseVisible = True
7.5778 	EXP 	window1: recordFrameIntervals = False
7.7399 	EXP 	window1: recordFrameIntervals = True
7.8396 	WARNING 	t of last frame was 50.08ms (=1/19)
8.0064 	EXP 	window1: recordFrameIntervals = False
8.4289 	EXP 	Created text = TextStim(__class__=<class 'psychopy.visual.text.TextStim'>, alignHoriz=method-wrapper(...), alignText='center', alignVert=method-wrapper(...), anchorHoriz='center', anchorVert='center', antialias=True, autoLog=True, bold=False, color=array([1., 1., 1.]), colorSpace='rgb', contrast=1.0, depth=0.0, flipHoriz=False, flipVert=False, font='Open Sans', fontFiles=[], height=0.1, italic=False, languageStyle='LTR', name='text', opacity=1, ori=0.0, pos=array([0., 0.]), rgb=UNKNOWN, text='Instructions:', units='height', win=Window(...), wrapWidth=1)
8.4310 	EXP 	Created image = ImageStim(__class__=<class 'psychopy.visual.image.ImageStim'>, autoLog=True, color=array([1., 1., 1.]), colorSpace='rgb', contrast=1.0, depth=-1.0, flipHoriz=False, flipVert=False, image=None, interpolate=True, mask=None, maskParams=None, name='image', opacity=1, ori=0.0, pos=array([0., 0.]), size=array([0.5, 0.5]), texRes=128.0, units='height', win=Window(...))
8.4325 	EXP 	Created Arrow = ImageStim(__class__=<class 'psychopy.visual.image.ImageStim'>, autoLog=True, color=array([1., 1., 1.]), colorSpace='rgb', contrast=1.0, depth=-2.0, flipHoriz=False, flipVert=False, image=None, interpolate=True, mask=None, maskParams=None, name='Arrow', opacity=1, ori=0.0, pos=array([0., 0.]), size=array([0.5, 0.5]), texRes=128.0, units='height', win=Window(...))
8.4354 	EXP 	Created polygon = ShapeStim(__class__=<class 'psychopy.visual.shape.ShapeStim'>, autoDraw=False, autoLog=True, closeShape=True, color=method-wrapper(...), colorSpace='rgb', contrast=None, depth=0.0, fillColor=array([1, 1, 1]), fillColorSpace='rgb', fillRGB=array([1, 1, 1]), interpolate=True, lineColor=array([1., 1., 1.]), lineColorSpace='rgb', lineRGB=array([1, 1, 1]), lineWidth=1.0, name='polygon', opacity=1, ori=0.0, pos=array([0., 0.]), size=array([0.5, 0.5]), units='height', vertices=ndarray(...), win=Window(...), windingRule=None)
8.5555 	EXP 	text: autoDraw = True
10.8770 	EXP 	Created sequence: random, trialTypes=1, nReps=5, seed=None
10.8772 	EXP 	New trial (rep=0, index=0): None
10.8791 	DATA 	Keypress: 2
10.8892 	EXP 	text: autoDraw = False
10.8892 	EXP 	image: autoDraw = True
10.8892 	EXP 	Arrow: autoDraw = True
11.0424 	DATA 	Keypress: 2
13.8895 	EXP 	image: autoDraw = False
13.8895 	EXP 	Arrow: autoDraw = False
19.2132 	DATA 	Keypress: 1
19.2226 	EXP 	image: autoDraw = False
19.2226 	EXP 	Arrow: autoDraw = False
19.2226 	EXP 	polygon: autoDraw = True
19.4585 	DATA 	Keypress: 1
20.2076 	EXP 	New trial (rep=1, index=0): None
20.2225 	EXP 	polygon: autoDraw = False
20.2225 	EXP 	polygon: autoDraw = False
20.2225 	EXP 	image: autoDraw = True
20.2225 	EXP 	Arrow: autoDraw = True
23.2223 	EXP 	image: autoDraw = False
23.2223 	EXP 	Arrow: autoDraw = False
23.5785 	DATA 	Keypress: 3
23.5889 	EXP 	image: autoDraw = False
23.5889 	EXP 	Arrow: autoDraw = False
23.5889 	EXP 	polygon: autoDraw = True
23.7925 	DATA 	Keypress: 3
24.5738 	EXP 	New trial (rep=2, index=0): None
24.5889 	EXP 	polygon: autoDraw = False
24.5889 	EXP 	polygon: autoDraw = False
24.5889 	EXP 	image: autoDraw = True
24.5889 	EXP 	Arrow: autoDraw = True
25.3758 	DATA 	Keypress: esc
26.2088 	EXP 	window1: mouseVisible = True
