8.1012 	WARNING 	We strongly recommend you activate the PTB sound engine in PsychoPy prefs as the preferred audio engine. Its timing is vastly superior. Your prefs are currently set to use ['sounddevice', 'PTB', 'pyo', 'pygame'] (in that order).
12.5447 	EXP 	Created window1 = Window(allowGUI=True, allowStencil=False, autoLog=True, backendConf=UNKNOWN, bitsMode=UNKNOWN, blendMode='avg', bpc=(8, 8, 8), color=array([1, 1, 1]), colorSpace='rgb', depthBits=8, fullscr=<method-wrapper '__getattribute__' of attributeSetter object at 0x0000021C57167978>, gamma=None, gammaErrorPolicy='raise', lms=UNKNOWN, monitor=<psychopy.monitors.calibTools.Monitor object at 0x0000021C5718ADA0>, multiSample=False, name='window1', numSamples=2, pos=[0.0, 0.0], screen=0, size=array([1920, 1055]), stencilBits=0, stereo=False, units='height', useFBO=True, useRetina=False, viewOri=0.0, viewPos=None, viewScale=None, waitBlanking=True, winType='glfw')
12.5448 	EXP 	window1: mouseVisible = True
12.5448 	EXP 	window1: recordFrameIntervals = False
12.6137 	EXP 	window1: recordFrameIntervals = True
12.6901 	EXP 	window1: recordFrameIntervals = False
13.0400 	EXP 	Created text = TextStim(__class__=<class 'psychopy.visual.text.TextStim'>, alignHoriz=method-wrapper(...), alignText='center', alignVert=method-wrapper(...), anchorHoriz='center', anchorVert='center', antialias=True, autoLog=True, bold=False, color=array([1., 1., 1.]), colorSpace='rgb', contrast=1.0, depth=0.0, flipHoriz=False, flipVert=False, font='Open Sans', fontFiles=[], height=0.1, italic=False, languageStyle='LTR', name='text', opacity=1, ori=0.0, pos=array([0., 0.]), rgb=UNKNOWN, text='Instructions:', units='height', win=Window(...), wrapWidth=1)
13.0434 	EXP 	Created image = ImageStim(__class__=<class 'psychopy.visual.image.ImageStim'>, autoLog=True, color=array([1., 1., 1.]), colorSpace='rgb', contrast=1.0, depth=-1.0, flipHoriz=False, flipVert=False, image='sin', interpolate=True, mask=None, maskParams=None, name='image', opacity=1, ori=0.0, pos=array([0.   , 0.125]), size=array([1.  , 0.75]), texRes=128.0, units='height', win=Window(...))
13.0461 	EXP 	Created Arrow = ImageStim(__class__=<class 'psychopy.visual.image.ImageStim'>, autoLog=True, color=array([1., 1., 1.]), colorSpace='rgb', contrast=1.0, depth=-2.0, flipHoriz=False, flipVert=False, image='sin', interpolate=True, mask=None, maskParams=None, name='Arrow', opacity=1, ori=0.0, pos=array([ 0.   , -0.375]), size=array([0.25, 0.25]), texRes=128.0, units='height', win=Window(...))
13.0499 	EXP 	Created polygon = ShapeStim(__class__=<class 'psychopy.visual.shape.ShapeStim'>, autoDraw=False, autoLog=True, closeShape=True, color=method-wrapper(...), colorSpace='rgb', contrast=None, depth=0.0, fillColor=array([1, 1, 1]), fillColorSpace='rgb', fillRGB=array([1, 1, 1]), interpolate=True, lineColor=array([1., 1., 1.]), lineColorSpace='rgb', lineRGB=array([1, 1, 1]), lineWidth=1.0, name='polygon', opacity=1, ori=0.0, pos=array([0., 0.]), size=array([0.5, 0.5]), units='height', vertices=ndarray(...), win=Window(...), windingRule=None)
13.0531 	EXP 	Created image_2 = ImageStim(__class__=<class 'psychopy.visual.image.ImageStim'>, autoLog=True, color=array([1., 1., 1.]), colorSpace='rgb', contrast=1.0, depth=-1.0, flipHoriz=False, flipVert=False, image='sin', interpolate=True, mask=None, maskParams=None, name='image_2', opacity=1, ori=0.0, pos=array([0.   , 0.125]), size=array([1.  , 0.75]), texRes=128.0, units='height', win=Window(...))
13.0803 	EXP 	Created direction_options = ImageStim(__class__=<class 'psychopy.visual.image.ImageStim'>, autoLog=True, color=array([1., 1., 1.]), colorSpace='rgb', contrast=1.0, depth=-3.0, flipHoriz=False, flipVert=False, image='Gallery_arrowoptions.png', interpolate=True, mask=None, maskParams=None, name='direction_options', opacity=1, ori=0.0, pos=array([ 0.   , -0.375]), size=array([0.83030303, 0.25      ]), texRes=128.0, units='height', win=Window(...))
13.0821 	EXP 	Created polygon = ShapeStim(__class__=<class 'psychopy.visual.shape.ShapeStim'>, autoDraw=False, autoLog=True, closeShape=True, color=method-wrapper(...), colorSpace='rgb', contrast=None, depth=0.0, fillColor=array([1, 1, 1]), fillColorSpace='rgb', fillRGB=array([1, 1, 1]), interpolate=True, lineColor=array([1., 1., 1.]), lineColorSpace='rgb', lineRGB=array([1, 1, 1]), lineWidth=1.0, name='polygon', opacity=1, ori=0.0, pos=array([0., 0.]), size=array([0.5, 0.5]), units='height', vertices=ndarray(...), win=Window(...), windingRule=None)
13.1059 	EXP 	Created text_2 = TextStim(__class__=<class 'psychopy.visual.text.TextStim'>, alignHoriz=method-wrapper(...), alignText='center', alignVert=method-wrapper(...), anchorHoriz='center', anchorVert='center', antialias=True, autoLog=True, bold=False, color=array([1., 1., 1.]), colorSpace='rgb', contrast=1.0, depth=0.0, flipHoriz=False, flipVert=False, font='Open Sans', fontFiles=[], height=0.1, italic=False, languageStyle='LTR', name='text_2', opacity=1, ori=0.0, pos=array([0., 0.]), rgb=UNKNOWN, text=str(...), units='height', win=Window(...), wrapWidth=1)
13.1351 	EXP 	text: autoDraw = True
15.4312 	DATA 	Keypress: 1
15.4408 	EXP 	Imported OneShotLearning_conditions.xlsx as conditions, 12 conditions, 1 params
15.4412 	EXP 	Created sequence: random, trialTypes=12, nReps=1, seed=None
15.4414 	EXP 	New trial (rep=0, index=0): {'Condition_rows': '32:36'}
15.4538 	EXP 	Imported OneShotLearning.xlsx as conditions, 4 conditions, 7 params
15.4541 	EXP 	Created sequence: random, trialTypes=4, nReps=1, seed=None
15.4543 	EXP 	New trial (rep=0, index=0): {'NumberLetter': None, 'corrAns': 2, 'StimFile': 'bed.jpg', 'ImgType': 'Furniture', 'ArrowImg': 'ArrowUp.png', 'False_StimFile': None, 'DurationTrial': None}
15.4950 	EXP 	text: autoDraw = False
15.4950 	EXP 	image: image = 'bed.jpg'
15.4950 	EXP 	Arrow: image = 'ArrowUp.png'
15.4950 	EXP 	image: autoDraw = True
15.4950 	EXP 	Arrow: autoDraw = True
15.6316 	DATA 	Keypress: 1
16.2374 	DATA 	Keypress: 2
16.4511 	DATA 	Keypress: 2
18.4521 	EXP 	image: autoDraw = False
18.4521 	EXP 	Arrow: autoDraw = False
18.4521 	EXP 	polygon: autoDraw = True
19.4311 	DATA 	Keypress: esc
19.4404 	EXP 	New trial (rep=0, index=1): {'NumberLetter': None, 'corrAns': 1, 'StimFile': 'van.jpg', 'ImgType': 'Vehicles', 'ArrowImg': 'ArrowLeft.png', 'False_StimFile': None, 'DurationTrial': None}
19.4600 	EXP 	polygon: autoDraw = False
19.4600 	EXP 	image: image = 'van.jpg'
19.4600 	EXP 	Arrow: image = 'ArrowLeft.png'
19.4600 	EXP 	image: autoDraw = True
19.4600 	EXP 	Arrow: autoDraw = True
19.6397 	DATA 	Keypress: esc
21.0701 	DATA 	Keypress: esc
21.3314 	EXP 	window1: mouseVisible = True
