2.2823 	WARNING 	We strongly recommend you activate the PTB sound engine in PsychoPy prefs as the preferred audio engine. Its timing is vastly superior. Your prefs are currently set to use ['sounddevice', 'PTB', 'pyo', 'pygame'] (in that order).
9.0374 	ERROR 	'0.0000, 0.0000, 0.0000' is not a valid rgb color
9.1313 	WARNING 	The specified video mode is not supported by this display, using native mode ...
9.1314 	WARNING 	Overriding user video settings: size (1536, 864) -> (1920, 1080), bpc (8, 8, 8) -> (8, 8, 8), refreshHz 60 -> 144
9.9914 	EXP 	Created window1 = Window(allowGUI=False, allowStencil=False, autoLog=True, backendConf=UNKNOWN, bitsMode=UNKNOWN, blendMode='avg', bpc=(8, 8, 8), color=array([0, 0, 0]), colorSpace='rgb', depthBits=8, fullscr=<method-wrapper '__getattribute__' of attributeSetter object at 0x000002E9E67C0518>, gamma=None, gammaErrorPolicy='raise', lms=UNKNOWN, monitor=<psychopy.monitors.calibTools.Monitor object at 0x000002E9E67D5908>, multiSample=False, name='window1', numSamples=2, pos=None, screen=0, size=array([1920, 1080]), stencilBits=0, stereo=False, units='height', useFBO=True, useRetina=False, viewOri=0.0, viewPos=None, viewScale=None, waitBlanking=True, winType='glfw')
9.9919 	EXP 	window1: mouseVisible = True
9.9920 	EXP 	window1: recordFrameIntervals = False
10.0606 	EXP 	window1: recordFrameIntervals = True
10.1370 	EXP 	window1: recordFrameIntervals = False
10.5161 	EXP 	Created text = TextStim(__class__=<class 'psychopy.visual.text.TextStim'>, alignHoriz=method-wrapper(...), alignText='center', alignVert=method-wrapper(...), anchorHoriz='center', anchorVert='center', antialias=True, autoLog=True, bold=False, color=array([1., 1., 1.]), colorSpace='rgb', contrast=1.0, depth=0.0, flipHoriz=False, flipVert=False, font='Open Sans', fontFiles=[], height=0.04, italic=False, languageStyle='LTR', name='text', opacity=1, ori=0.0, pos=array([0., 0.]), rgb=UNKNOWN, text=str(...), units='height', win=Window(...), wrapWidth=1)
10.5263 	EXP 	Created polygon_2 = ShapeStim(__class__=<class 'psychopy.visual.shape.ShapeStim'>, autoDraw=False, autoLog=True, closeShape=True, color=method-wrapper(...), colorSpace='rgb', contrast=None, depth=-1.0, fillColor=array([1, 1, 1]), fillColorSpace='rgb', fillRGB=array([1, 1, 1]), interpolate=True, lineColor=array([1., 1., 1.]), lineColorSpace='rgb', lineRGB=array([1, 1, 1]), lineWidth=1.0, name='polygon_2', opacity=1, ori=0.0, pos=array([0., 0.]), size=array([0.5, 0.5]), units='height', vertices=ndarray(...), win=Window(...), windingRule=None)
10.5303 	EXP 	Created Scrambled_img = ImageStim(__class__=<class 'psychopy.visual.image.ImageStim'>, autoLog=True, color=array([1., 1., 1.]), colorSpace='rgb', contrast=1.0, depth=0.0, flipHoriz=False, flipVert=False, image='sin', interpolate=True, mask=None, maskParams=None, name='Scrambled_img', opacity=1, ori=0.0, pos=array([0.   , 0.125]), size=array([1.  , 0.75]), texRes=128.0, units='height', win=Window(...))
10.5331 	EXP 	Created Arrow1 = ImageStim(__class__=<class 'psychopy.visual.image.ImageStim'>, autoLog=True, color=array([1., 1., 1.]), colorSpace='rgb', contrast=1.0, depth=-1.0, flipHoriz=False, flipVert=False, image='sin', interpolate=True, mask=None, maskParams=None, name='Arrow1', opacity=1, ori=0.0, pos=array([ 0.   , -0.375]), size=array([0.25, 0.25]), texRes=128.0, units='height', win=Window(...))
10.5349 	EXP 	Created polygon = ShapeStim(__class__=<class 'psychopy.visual.shape.ShapeStim'>, autoDraw=False, autoLog=True, closeShape=True, color=method-wrapper(...), colorSpace='rgb', contrast=None, depth=0.0, fillColor=array([1, 1, 1]), fillColorSpace='rgb', fillRGB=array([1, 1, 1]), interpolate=True, lineColor=array([1., 1., 1.]), lineColorSpace='rgb', lineRGB=array([1, 1, 1]), lineWidth=1.0, name='polygon', opacity=1, ori=0.0, pos=array([0., 0.]), size=array([0.5, 0.5]), units='height', vertices=ndarray(...), win=Window(...), windingRule=None)
10.5379 	EXP 	Created image = ImageStim(__class__=<class 'psychopy.visual.image.ImageStim'>, autoLog=True, color=array([1., 1., 1.]), colorSpace='rgb', contrast=1.0, depth=-1.0, flipHoriz=False, flipVert=False, image='sin', interpolate=True, mask=None, maskParams=None, name='image', opacity=1, ori=0.0, pos=array([0.   , 0.125]), size=array([1.  , 0.75]), texRes=128.0, units='height', win=Window(...))
10.5408 	EXP 	Created Arrow = ImageStim(__class__=<class 'psychopy.visual.image.ImageStim'>, autoLog=True, color=array([1., 1., 1.]), colorSpace='rgb', contrast=1.0, depth=-2.0, flipHoriz=False, flipVert=False, image='sin', interpolate=True, mask=None, maskParams=None, name='Arrow', opacity=1, ori=0.0, pos=array([ 0.   , -0.375]), size=array([0.25, 0.25]), texRes=128.0, units='height', win=Window(...))
10.5426 	EXP 	Created polygon = ShapeStim(__class__=<class 'psychopy.visual.shape.ShapeStim'>, autoDraw=False, autoLog=True, closeShape=True, color=method-wrapper(...), colorSpace='rgb', contrast=None, depth=0.0, fillColor=array([1, 1, 1]), fillColorSpace='rgb', fillRGB=array([1, 1, 1]), interpolate=True, lineColor=array([1., 1., 1.]), lineColorSpace='rgb', lineRGB=array([1, 1, 1]), lineWidth=1.0, name='polygon', opacity=1, ori=0.0, pos=array([0., 0.]), size=array([0.5, 0.5]), units='height', vertices=ndarray(...), win=Window(...), windingRule=None)
10.5455 	EXP 	Created image_2 = ImageStim(__class__=<class 'psychopy.visual.image.ImageStim'>, autoLog=True, color=array([1., 1., 1.]), colorSpace='rgb', contrast=1.0, depth=-1.0, flipHoriz=False, flipVert=False, image='sin', interpolate=True, mask=None, maskParams=None, name='image_2', opacity=1, ori=0.0, pos=array([0.   , 0.125]), size=array([1.  , 0.75]), texRes=128.0, units='height', win=Window(...))
10.5753 	EXP 	Created direction_options = ImageStim(__class__=<class 'psychopy.visual.image.ImageStim'>, autoLog=True, color=array([1., 1., 1.]), colorSpace='rgb', contrast=1.0, depth=-3.0, flipHoriz=False, flipVert=False, image='Gallery_arrowoptions.png', interpolate=True, mask=None, maskParams=None, name='direction_options', opacity=1, ori=0.0, pos=array([ 0.   , -0.375]), size=array([1.  , 0.25]), texRes=128.0, units='height', win=Window(...))
10.5772 	EXP 	Created polygon = ShapeStim(__class__=<class 'psychopy.visual.shape.ShapeStim'>, autoDraw=False, autoLog=True, closeShape=True, color=method-wrapper(...), colorSpace='rgb', contrast=None, depth=0.0, fillColor=array([1, 1, 1]), fillColorSpace='rgb', fillRGB=array([1, 1, 1]), interpolate=True, lineColor=array([1., 1., 1.]), lineColorSpace='rgb', lineRGB=array([1, 1, 1]), lineWidth=1.0, name='polygon', opacity=1, ori=0.0, pos=array([0., 0.]), size=array([0.5, 0.5]), units='height', vertices=ndarray(...), win=Window(...), windingRule=None)
10.5802 	EXP 	Created Scrambled_img = ImageStim(__class__=<class 'psychopy.visual.image.ImageStim'>, autoLog=True, color=array([1., 1., 1.]), colorSpace='rgb', contrast=1.0, depth=0.0, flipHoriz=False, flipVert=False, image='sin', interpolate=True, mask=None, maskParams=None, name='Scrambled_img', opacity=1, ori=0.0, pos=array([0.   , 0.125]), size=array([1.  , 0.75]), texRes=128.0, units='height', win=Window(...))
10.5832 	EXP 	Created Arrow1 = ImageStim(__class__=<class 'psychopy.visual.image.ImageStim'>, autoLog=True, color=array([1., 1., 1.]), colorSpace='rgb', contrast=1.0, depth=-1.0, flipHoriz=False, flipVert=False, image='sin', interpolate=True, mask=None, maskParams=None, name='Arrow1', opacity=1, ori=0.0, pos=array([ 0.   , -0.375]), size=array([0.25, 0.25]), texRes=128.0, units='height', win=Window(...))
10.5850 	EXP 	Created polygon = ShapeStim(__class__=<class 'psychopy.visual.shape.ShapeStim'>, autoDraw=False, autoLog=True, closeShape=True, color=method-wrapper(...), colorSpace='rgb', contrast=None, depth=0.0, fillColor=array([1, 1, 1]), fillColorSpace='rgb', fillRGB=array([1, 1, 1]), interpolate=True, lineColor=array([1., 1., 1.]), lineColorSpace='rgb', lineRGB=array([1, 1, 1]), lineWidth=1.0, name='polygon', opacity=1, ori=0.0, pos=array([0., 0.]), size=array([0.5, 0.5]), units='height', vertices=ndarray(...), win=Window(...), windingRule=None)
10.6075 	EXP 	Created text_2 = TextStim(__class__=<class 'psychopy.visual.text.TextStim'>, alignHoriz=method-wrapper(...), alignText='center', alignVert=method-wrapper(...), anchorHoriz='center', anchorVert='center', antialias=True, autoLog=True, bold=False, color=array([1., 1., 1.]), colorSpace='rgb', contrast=1.0, depth=0.0, flipHoriz=False, flipVert=False, font='Open Sans', fontFiles=[], height=0.1, italic=False, languageStyle='LTR', name='text_2', opacity=1, ori=0.0, pos=array([0., 0.]), rgb=UNKNOWN, text=str(...), units='height', win=Window(...), wrapWidth=1)
10.6356 	EXP 	text: autoDraw = True
11.4681 	DATA 	Keypress: s
11.6067 	DATA 	Keypress: s
12.1299 	DATA 	Keypress: 1
12.1310 	EXP 	text: autoDraw = False
12.1310 	EXP 	polygon_2: autoDraw = True
12.2873 	DATA 	Keypress: 1
13.2247 	DATA 	Keypress: s
13.2377 	EXP 	Imported OneShotLearning.csv as conditions, 11 conditions, 8 params
13.2380 	EXP 	Created sequence: random, trialTypes=11, nReps=0, seed=None
13.2428 	EXP 	Imported OneShotLearning_conditions.xlsx as conditions, 12 conditions, 2 params
13.2430 	EXP 	Created sequence: random, trialTypes=12, nReps=1, seed=None
13.2432 	EXP 	New trial (rep=0, index=0): {'Condition_rows': '24:28', 'Condition_rows_practice': None}
13.2466 	EXP 	Imported OneShotLearning_Shuffled.csv as conditions, 4 conditions, 4 params
13.2468 	EXP 	Created sequence: random, trialTypes=4, nReps=1, seed=None
13.2470 	EXP 	New trial (rep=0, index=0): OrderedDict([('StimFile', 'Images/cart.jpg'), ('ImgType', 'Vehicles'), ('ArrowImg', 'ArrowRight.png'), ('Direction', 'ArrowRight.png')])
13.2879 	EXP 	polygon_2: autoDraw = False
13.2879 	EXP 	image: image = 'Images/cart.jpg'
13.2879 	EXP 	Arrow: image = 'ArrowRight.png'
13.2879 	EXP 	image: autoDraw = True
13.2879 	EXP 	Arrow: autoDraw = True
13.3497 	DATA 	Keypress: s
15.2736 	DATA 	Keypress: None
15.3636 	DATA 	Keypress: None
15.8663 	DATA 	Keypress: None
15.8663 	DATA 	Keypress: None
18.2383 	EXP 	image: autoDraw = False
18.2383 	EXP 	Arrow: autoDraw = False
18.2383 	EXP 	polygon: autoDraw = True
19.2342 	EXP 	New trial (rep=0, index=1): OrderedDict([('StimFile', 'Images/plane.jpg'), ('ImgType', 'Vehicles'), ('ArrowImg', 'ArrowRight.png'), ('Direction', 'ArrowRight.png')])
19.2523 	EXP 	polygon: autoDraw = False
19.2523 	EXP 	image: image = 'Images/plane.jpg'
19.2523 	EXP 	Arrow: image = 'ArrowRight.png'
19.2523 	EXP 	image: autoDraw = True
19.2523 	EXP 	Arrow: autoDraw = True
19.9328 	DATA 	Keypress: None
20.1696 	DATA 	Keypress: None
20.5235 	DATA 	Keypress: None
20.5235 	DATA 	Keypress: None
23.5645 	DATA 	Keypress: None
23.6548 	DATA 	Keypress: None
24.0188 	DATA 	Keypress: None
24.0188 	DATA 	Keypress: None
24.2437 	EXP 	image: autoDraw = False
24.2437 	EXP 	Arrow: autoDraw = False
24.2437 	EXP 	polygon: autoDraw = True
25.2369 	EXP 	New trial (rep=0, index=2): OrderedDict([('StimFile', 'Images/motorbike.jpg'), ('ImgType', 'Vehicles'), ('ArrowImg', 'ArrowUp.png'), ('Direction', 'ArrowRight.png')])
25.2573 	EXP 	polygon: autoDraw = False
25.2573 	EXP 	image: image = 'Images/motorbike.jpg'
25.2573 	EXP 	Arrow: image = 'ArrowUp.png'
25.2573 	EXP 	image: autoDraw = True
25.2573 	EXP 	Arrow: autoDraw = True
30.2440 	EXP 	image: autoDraw = False
30.2440 	EXP 	Arrow: autoDraw = False
30.2440 	EXP 	polygon: autoDraw = True
31.2356 	EXP 	New trial (rep=0, index=3): OrderedDict([('StimFile', 'Images/paragliding.jpg'), ('ImgType', 'Vehicles'), ('ArrowImg', 'ArrowLeft.png'), ('Direction', 'ArrowRight.png')])
31.3131 	EXP 	polygon: autoDraw = False
31.3131 	EXP 	image: image = 'Images/paragliding.jpg'
31.3131 	EXP 	Arrow: image = 'ArrowLeft.png'
31.3131 	EXP 	image: autoDraw = True
31.3131 	EXP 	Arrow: autoDraw = True
32.8211 	DATA 	Keypress: esc
33.0756 	EXP 	window1: mouseVisible = True
