4.9087 	WARNING 	We strongly recommend you activate the PTB sound engine in PsychoPy prefs as the preferred audio engine. Its timing is vastly superior. Your prefs are currently set to use ['sounddevice', 'PTB', 'pyo', 'pygame'] (in that order).
9.3175 	ERROR 	'0.0000, 0.0000, 0.0000' is not a valid rgb color
11.4234 	EXP 	Created window1 = Window(allowGUI=True, allowStencil=False, autoLog=True, backendConf=UNKNOWN, bitsMode=UNKNOWN, blendMode='avg', bpc=(8, 8, 8), color=array([0, 0, 0]), colorSpace='rgb', depthBits=8, fullscr=<method-wrapper '__getattribute__' of attributeSetter object at 0x000001E3091FC8D0>, gamma=None, gammaErrorPolicy='raise', lms=UNKNOWN, monitor=<psychopy.monitors.calibTools.Monitor object at 0x000001E309165CF8>, multiSample=False, name='window1', numSamples=2, pos=[0.0, 0.0], screen=0, size=array([1920, 1055]), stencilBits=0, stereo=False, units='height', useFBO=True, useRetina=False, viewOri=0.0, viewPos=None, viewScale=None, waitBlanking=True, winType='glfw')
11.4235 	EXP 	window1: mouseVisible = True
11.4235 	EXP 	window1: recordFrameIntervals = False
11.5000 	EXP 	window1: recordFrameIntervals = True
11.5765 	EXP 	window1: recordFrameIntervals = False
12.1387 	EXP 	Created text = TextStim(__class__=<class 'psychopy.visual.text.TextStim'>, alignHoriz=method-wrapper(...), alignText='center', alignVert=method-wrapper(...), anchorHoriz='center', anchorVert='center', antialias=True, autoLog=True, bold=False, color=array([1., 1., 1.]), colorSpace='rgb', contrast=1.0, depth=0.0, flipHoriz=False, flipVert=False, font='Open Sans', fontFiles=[], height=0.04, italic=False, languageStyle='LTR', name='text', opacity=1, ori=0.0, pos=array([0., 0.]), rgb=UNKNOWN, text=str(...), units='height', win=Window(...), wrapWidth=1)
12.2193 	EXP 	Created text_4 = TextStim(__class__=<class 'psychopy.visual.text.TextStim'>, alignHoriz=method-wrapper(...), alignText='center', alignVert=method-wrapper(...), anchorHoriz='center', anchorVert='center', antialias=True, autoLog=True, bold=False, color=array([1., 1., 1.]), colorSpace='rgb', contrast=1.0, depth=0.0, flipHoriz=False, flipVert=False, font='Open Sans', fontFiles=[], height=0.1, italic=False, languageStyle='LTR', name='text_4', opacity=1, ori=0.0, pos=array([0., 0.]), rgb=UNKNOWN, text=str(...), units='height', win=Window(...), wrapWidth=1)
12.2253 	EXP 	Created Scrambled_img = ImageStim(__class__=<class 'psychopy.visual.image.ImageStim'>, autoLog=True, color=array([1., 1., 1.]), colorSpace='rgb', contrast=1.0, depth=0.0, flipHoriz=False, flipVert=False, image='sin', interpolate=True, mask=None, maskParams=None, name='Scrambled_img', opacity=1, ori=0.0, pos=array([0.   , 0.125]), size=array([1.  , 0.75]), texRes=128.0, units='height', win=Window(...))
12.2307 	EXP 	Created Arrow1 = ImageStim(__class__=<class 'psychopy.visual.image.ImageStim'>, autoLog=True, color=array([1., 1., 1.]), colorSpace='rgb', contrast=1.0, depth=-1.0, flipHoriz=False, flipVert=False, image='sin', interpolate=True, mask=None, maskParams=None, name='Arrow1', opacity=1, ori=0.0, pos=array([ 0.   , -0.375]), size=array([0.25, 0.25]), texRes=128.0, units='height', win=Window(...))
12.2350 	EXP 	Created polygon = ShapeStim(__class__=<class 'psychopy.visual.shape.ShapeStim'>, autoDraw=False, autoLog=True, closeShape=True, color=method-wrapper(...), colorSpace='rgb', contrast=None, depth=0.0, fillColor=array([1, 1, 1]), fillColorSpace='rgb', fillRGB=array([1, 1, 1]), interpolate=True, lineColor=array([1., 1., 1.]), lineColorSpace='rgb', lineRGB=array([1, 1, 1]), lineWidth=1.0, name='polygon', opacity=1, ori=0.0, pos=array([0., 0.]), size=array([0.5, 0.5]), units='height', vertices=ndarray(...), win=Window(...), windingRule=None)
12.3287 	EXP 	Created text_3 = TextStim(__class__=<class 'psychopy.visual.text.TextStim'>, alignHoriz=method-wrapper(...), alignText='center', alignVert=method-wrapper(...), anchorHoriz='center', anchorVert='center', antialias=True, autoLog=True, bold=False, color=array([1., 1., 1.]), colorSpace='rgb', contrast=1.0, depth=0.0, flipHoriz=False, flipVert=False, font='Open Sans', fontFiles=[], height=0.1, italic=False, languageStyle='LTR', name='text_3', opacity=1, ori=0.0, pos=array([0., 0.]), rgb=UNKNOWN, text=str(...), units='height', win=Window(...), wrapWidth=1)
12.3332 	EXP 	Created image = ImageStim(__class__=<class 'psychopy.visual.image.ImageStim'>, autoLog=True, color=array([1., 1., 1.]), colorSpace='rgb', contrast=1.0, depth=-1.0, flipHoriz=False, flipVert=False, image='sin', interpolate=True, mask=None, maskParams=None, name='image', opacity=1, ori=0.0, pos=array([0.   , 0.125]), size=array([1.  , 0.75]), texRes=128.0, units='height', win=Window(...))
12.3390 	EXP 	Created Arrow = ImageStim(__class__=<class 'psychopy.visual.image.ImageStim'>, autoLog=True, color=array([1., 1., 1.]), colorSpace='rgb', contrast=1.0, depth=-2.0, flipHoriz=False, flipVert=False, image='sin', interpolate=True, mask=None, maskParams=None, name='Arrow', opacity=1, ori=0.0, pos=array([ 0.   , -0.375]), size=array([0.25, 0.25]), texRes=128.0, units='height', win=Window(...))
12.3436 	EXP 	Created polygon = ShapeStim(__class__=<class 'psychopy.visual.shape.ShapeStim'>, autoDraw=False, autoLog=True, closeShape=True, color=method-wrapper(...), colorSpace='rgb', contrast=None, depth=0.0, fillColor=array([1, 1, 1]), fillColorSpace='rgb', fillRGB=array([1, 1, 1]), interpolate=True, lineColor=array([1., 1., 1.]), lineColorSpace='rgb', lineRGB=array([1, 1, 1]), lineWidth=1.0, name='polygon', opacity=1, ori=0.0, pos=array([0., 0.]), size=array([0.5, 0.5]), units='height', vertices=ndarray(...), win=Window(...), windingRule=None)
12.3506 	EXP 	Created image_2 = ImageStim(__class__=<class 'psychopy.visual.image.ImageStim'>, autoLog=True, color=array([1., 1., 1.]), colorSpace='rgb', contrast=1.0, depth=-1.0, flipHoriz=False, flipVert=False, image='sin', interpolate=True, mask=None, maskParams=None, name='image_2', opacity=1, ori=0.0, pos=array([0.   , 0.125]), size=array([1.  , 0.75]), texRes=128.0, units='height', win=Window(...))
12.4033 	EXP 	Created direction_options = ImageStim(__class__=<class 'psychopy.visual.image.ImageStim'>, autoLog=True, color=array([1., 1., 1.]), colorSpace='rgb', contrast=1.0, depth=-3.0, flipHoriz=False, flipVert=False, image='Gallery_arrowoptions.png', interpolate=True, mask=None, maskParams=None, name='direction_options', opacity=1, ori=0.0, pos=array([ 0.   , -0.375]), size=array([1.  , 0.25]), texRes=128.0, units='height', win=Window(...))
12.4073 	EXP 	Created polygon = ShapeStim(__class__=<class 'psychopy.visual.shape.ShapeStim'>, autoDraw=False, autoLog=True, closeShape=True, color=method-wrapper(...), colorSpace='rgb', contrast=None, depth=0.0, fillColor=array([1, 1, 1]), fillColorSpace='rgb', fillRGB=array([1, 1, 1]), interpolate=True, lineColor=array([1., 1., 1.]), lineColorSpace='rgb', lineRGB=array([1, 1, 1]), lineWidth=1.0, name='polygon', opacity=1, ori=0.0, pos=array([0., 0.]), size=array([0.5, 0.5]), units='height', vertices=ndarray(...), win=Window(...), windingRule=None)
12.4504 	EXP 	Created text_4 = TextStim(__class__=<class 'psychopy.visual.text.TextStim'>, alignHoriz=method-wrapper(...), alignText='center', alignVert=method-wrapper(...), anchorHoriz='center', anchorVert='center', antialias=True, autoLog=True, bold=False, color=array([1., 1., 1.]), colorSpace='rgb', contrast=1.0, depth=0.0, flipHoriz=False, flipVert=False, font='Open Sans', fontFiles=[], height=0.1, italic=False, languageStyle='LTR', name='text_4', opacity=1, ori=0.0, pos=array([0., 0.]), rgb=UNKNOWN, text=str(...), units='height', win=Window(...), wrapWidth=1)
12.4580 	EXP 	Created Scrambled_img = ImageStim(__class__=<class 'psychopy.visual.image.ImageStim'>, autoLog=True, color=array([1., 1., 1.]), colorSpace='rgb', contrast=1.0, depth=0.0, flipHoriz=False, flipVert=False, image='sin', interpolate=True, mask=None, maskParams=None, name='Scrambled_img', opacity=1, ori=0.0, pos=array([0.   , 0.125]), size=array([1.  , 0.75]), texRes=128.0, units='height', win=Window(...))
12.4639 	EXP 	Created Arrow1 = ImageStim(__class__=<class 'psychopy.visual.image.ImageStim'>, autoLog=True, color=array([1., 1., 1.]), colorSpace='rgb', contrast=1.0, depth=-1.0, flipHoriz=False, flipVert=False, image='sin', interpolate=True, mask=None, maskParams=None, name='Arrow1', opacity=1, ori=0.0, pos=array([ 0.   , -0.375]), size=array([0.25, 0.25]), texRes=128.0, units='height', win=Window(...))
12.4677 	EXP 	Created polygon = ShapeStim(__class__=<class 'psychopy.visual.shape.ShapeStim'>, autoDraw=False, autoLog=True, closeShape=True, color=method-wrapper(...), colorSpace='rgb', contrast=None, depth=0.0, fillColor=array([1, 1, 1]), fillColorSpace='rgb', fillRGB=array([1, 1, 1]), interpolate=True, lineColor=array([1., 1., 1.]), lineColorSpace='rgb', lineRGB=array([1, 1, 1]), lineWidth=1.0, name='polygon', opacity=1, ori=0.0, pos=array([0., 0.]), size=array([0.5, 0.5]), units='height', vertices=ndarray(...), win=Window(...), windingRule=None)
12.4920 	EXP 	Created text_2 = TextStim(__class__=<class 'psychopy.visual.text.TextStim'>, alignHoriz=method-wrapper(...), alignText='center', alignVert=method-wrapper(...), anchorHoriz='center', anchorVert='center', antialias=True, autoLog=True, bold=False, color=array([1., 1., 1.]), colorSpace='rgb', contrast=1.0, depth=0.0, flipHoriz=False, flipVert=False, font='Open Sans', fontFiles=[], height=0.1, italic=False, languageStyle='LTR', name='text_2', opacity=1, ori=0.0, pos=array([0., 0.]), rgb=UNKNOWN, text=str(...), units='height', win=Window(...), wrapWidth=1)
12.5287 	EXP 	text: autoDraw = True
13.6762 	DATA 	Keypress: 2
13.6925 	EXP 	text: autoDraw = False
13.6925 	EXP 	text_4: autoDraw = True
13.8012 	DATA 	Keypress: 2
14.8567 	DATA 	Keypress: 2
15.0165 	DATA 	Keypress: 2
23.8583 	EXP 	Imported OneShotLearning.csv as conditions, 48 conditions, 8 params
23.8591 	EXP 	Created sequence: random, trialTypes=48, nReps=1, seed=None
23.8596 	EXP 	New trial (rep=0, index=0): OrderedDict([('corrAns', 2), ('StimFile', 'Images/kangaroo.jpg'), ('ImgType', 'Animal'), ('ArrowImg', 'ArrowUp.png'), ('ImgOrientation', None), ('Direction', 'neutral'), ('Scrambled', 'Images/kangaroo_scrambled.jpg'), ('old', None)])
23.9366 	EXP 	text_4: autoDraw = False
23.9366 	EXP 	Scrambled_img: image = 'Images/kangaroo_scrambled.jpg'
23.9366 	EXP 	Arrow1: image = 'ArrowUp.png'
23.9366 	EXP 	Scrambled_img: autoDraw = True
23.9366 	EXP 	Arrow1: autoDraw = True
26.6985 	EXP 	Scrambled_img: autoDraw = False
26.6985 	EXP 	Arrow1: autoDraw = False
26.6985 	EXP 	polygon: autoDraw = True
27.6856 	EXP 	New trial (rep=0, index=1): OrderedDict([('corrAns', 2), ('StimFile', 'Images/table.jpg'), ('ImgType', 'Furniture'), ('ArrowImg', 'ArrowUp.png'), ('ImgOrientation', None), ('Direction', 'ArrowUp.png'), ('Scrambled', 'Images/table_scrambled.jpg'), ('old', None)])
27.7143 	EXP 	polygon: autoDraw = False
27.7143 	EXP 	Scrambled_img: image = 'Images/table_scrambled.jpg'
27.7143 	EXP 	Arrow1: image = 'ArrowUp.png'
27.7143 	EXP 	Scrambled_img: autoDraw = True
27.7143 	EXP 	Arrow1: autoDraw = True
30.6942 	EXP 	Scrambled_img: autoDraw = False
30.6942 	EXP 	Arrow1: autoDraw = False
30.6942 	EXP 	polygon: autoDraw = True
30.7522 	DATA 	Keypress: 1
30.9120 	DATA 	Keypress: 1
31.6889 	EXP 	New trial (rep=0, index=2): OrderedDict([('corrAns', 2), ('StimFile', 'Images/cat.jpg'), ('ImgType', 'Animal'), ('ArrowImg', 'ArrowUp.png'), ('ImgOrientation', None), ('Direction', 'ArrowLeft.png'), ('Scrambled', 'Images/cat_scrambled.jpg'), ('old', None)])
31.7077 	EXP 	polygon: autoDraw = False
31.7077 	EXP 	Scrambled_img: image = 'Images/cat_scrambled.jpg'
31.7077 	EXP 	Arrow1: image = 'ArrowUp.png'
31.7077 	EXP 	Scrambled_img: autoDraw = True
31.7077 	EXP 	Arrow1: autoDraw = True
34.6982 	EXP 	Scrambled_img: autoDraw = False
34.6982 	EXP 	Arrow1: autoDraw = False
34.6982 	EXP 	polygon: autoDraw = True
35.6880 	EXP 	New trial (rep=0, index=3): OrderedDict([('corrAns', 1), ('StimFile', 'Images/lioness.jpg'), ('ImgType', 'Animal'), ('ArrowImg', 'ArrowLeft.png'), ('ImgOrientation', None), ('Direction', 'neutral'), ('Scrambled', 'Images/lioness_scrambled.jpg'), ('old', None)])
35.7211 	EXP 	polygon: autoDraw = False
35.7211 	EXP 	Scrambled_img: image = 'Images/lioness_scrambled.jpg'
35.7211 	EXP 	Arrow1: image = 'ArrowLeft.png'
35.7211 	EXP 	Scrambled_img: autoDraw = True
35.7211 	EXP 	Arrow1: autoDraw = True
38.7058 	EXP 	Scrambled_img: autoDraw = False
38.7058 	EXP 	Arrow1: autoDraw = False
38.7058 	EXP 	polygon: autoDraw = True
39.6925 	EXP 	New trial (rep=0, index=4): OrderedDict([('corrAns', 1), ('StimFile', 'Images/cart.jpg'), ('ImgType', 'Vehicles'), ('ArrowImg', 'ArrowLeft.png'), ('ImgOrientation', None), ('Direction', 'ArrowRight.png'), ('Scrambled', 'Images/cart_scrambled.jpg'), ('old', None)])
39.7202 	EXP 	polygon: autoDraw = False
39.7202 	EXP 	Scrambled_img: image = 'Images/cart_scrambled.jpg'
39.7202 	EXP 	Arrow1: image = 'ArrowLeft.png'
39.7202 	EXP 	Scrambled_img: autoDraw = True
39.7202 	EXP 	Arrow1: autoDraw = True
42.7067 	EXP 	Scrambled_img: autoDraw = False
42.7067 	EXP 	Arrow1: autoDraw = False
42.7067 	EXP 	polygon: autoDraw = True
43.6849 	EXP 	New trial (rep=0, index=5): OrderedDict([('corrAns', 1), ('StimFile', 'Images/tiger.jpg'), ('ImgType', 'Animal'), ('ArrowImg', 'ArrowLeft.png'), ('ImgOrientation', None), ('Direction', 'neutral'), ('Scrambled', 'Images/tiger_scrambled.jpg'), ('old', None)])
43.7171 	EXP 	polygon: autoDraw = False
43.7171 	EXP 	Scrambled_img: image = 'Images/tiger_scrambled.jpg'
43.7171 	EXP 	Arrow1: image = 'ArrowLeft.png'
43.7171 	EXP 	Scrambled_img: autoDraw = True
43.7171 	EXP 	Arrow1: autoDraw = True
44.3314 	DATA 	Keypress: esc
44.3460 	DATA 	Keypress: esc
44.4043 	EXP 	window1: mouseVisible = True
