3.5333 	WARNING 	We strongly recommend you activate the PTB sound engine in PsychoPy prefs as the preferred audio engine. Its timing is vastly superior. Your prefs are currently set to use ['sounddevice', 'PTB', 'pyo', 'pygame'] (in that order).
10.7895 	WARNING 	Couldn't measure a consistent frame rate.
  - Is your graphics card set to sync to vertical blank?
  - Are you running other processes on your computer?

10.7898 	EXP 	Created window1 = Window(allowGUI=True, allowStencil=False, autoLog=True, backendConf=UNKNOWN, bitsMode=UNKNOWN, blendMode='avg', bpc=(8, 8, 8), color=array([0, 0, 0]), colorSpace='rgb', depthBits=8, fullscr=<method-wrapper '__getattribute__' of attributeSetter object at 0x00000224A471D5F8>, gamma=None, gammaErrorPolicy='raise', lms=UNKNOWN, monitor=<psychopy.monitors.calibTools.Monitor object at 0x00000224A46FFA20>, multiSample=False, name='window1', numSamples=2, pos=[760.0, 180.0], screen=0, size=array([1920, 1080]), stencilBits=0, stereo=False, units='height', useFBO=True, useRetina=False, viewOri=0.0, viewPos=None, viewScale=None, waitBlanking=True, winType='glfw')
10.7899 	EXP 	window1: mouseVisible = True
10.7899 	EXP 	window1: recordFrameIntervals = False
11.0682 	EXP 	window1: recordFrameIntervals = True
11.2030 	WARNING 	t of last frame was 84.28ms (=1/11)
11.3408 	WARNING 	t of last frame was 88.94ms (=1/11)
11.4794 	WARNING 	t of last frame was 77.45ms (=1/12)
11.6177 	WARNING 	t of last frame was 82.54ms (=1/12)
11.7563 	WARNING 	Multiple dropped frames have occurred - I'll stop bothering you about them!
14.0202 	WARNING 	Couldn't measure a consistent frame rate.
  - Is your graphics card set to sync to vertical blank?
  - Are you running other processes on your computer?

14.3772 	EXP 	Created text = TextStim(__class__=<class 'psychopy.visual.text.TextStim'>, alignHoriz=method-wrapper(...), alignText='center', alignVert=method-wrapper(...), anchorHoriz='center', anchorVert='center', antialias=True, autoLog=True, bold=False, color=array([1., 1., 1.]), colorSpace='rgb', contrast=1.0, depth=0.0, flipHoriz=False, flipVert=False, font='Open Sans', fontFiles=[], height=0.1, italic=False, languageStyle='LTR', name='text', opacity=1, ori=0.0, pos=array([0., 0.]), rgb=UNKNOWN, text='Instructions:', units='height', win=Window(...), wrapWidth=1)
14.3820 	EXP 	Created image = ImageStim(__class__=<class 'psychopy.visual.image.ImageStim'>, autoLog=True, color=array([1., 1., 1.]), colorSpace='rgb', contrast=1.0, depth=-1.0, flipHoriz=False, flipVert=False, image='sin', interpolate=True, mask=None, maskParams=None, name='image', opacity=1, ori=0.0, pos=array([0.   , 0.125]), size=array([0.625, 0.625]), texRes=128.0, units='height', win=Window(...))
14.3858 	EXP 	Created Arrow = ImageStim(__class__=<class 'psychopy.visual.image.ImageStim'>, autoLog=True, color=array([1., 1., 1.]), colorSpace='rgb', contrast=1.0, depth=-2.0, flipHoriz=False, flipVert=False, image='sin', interpolate=True, mask=None, maskParams=None, name='Arrow', opacity=1, ori=0.0, pos=array([ 0.  , -0.25]), size=array([0.25, 0.25]), texRes=128.0, units='height', win=Window(...))
14.3885 	EXP 	Created polygon = ShapeStim(__class__=<class 'psychopy.visual.shape.ShapeStim'>, autoDraw=False, autoLog=True, closeShape=True, color=method-wrapper(...), colorSpace='rgb', contrast=None, depth=0.0, fillColor=array([1, 1, 1]), fillColorSpace='rgb', fillRGB=array([1, 1, 1]), interpolate=True, lineColor=array([1., 1., 1.]), lineColorSpace='rgb', lineRGB=array([1, 1, 1]), lineWidth=1.0, name='polygon', opacity=1, ori=0.0, pos=array([0., 0.]), size=array([0.5, 0.5]), units='height', vertices=ndarray(...), win=Window(...), windingRule=None)
14.3957 	EXP 	Created image_2 = ImageStim(__class__=<class 'psychopy.visual.image.ImageStim'>, autoLog=True, color=array([1., 1., 1.]), colorSpace='rgb', contrast=1.0, depth=-1.0, flipHoriz=False, flipVert=False, image='sin', interpolate=True, mask=None, maskParams=None, name='image_2', opacity=1, ori=0.0, pos=array([0., 0.]), size=array([0.5, 0.5]), texRes=128.0, units='height', win=Window(...))
14.3977 	EXP 	Created polygon = ShapeStim(__class__=<class 'psychopy.visual.shape.ShapeStim'>, autoDraw=False, autoLog=True, closeShape=True, color=method-wrapper(...), colorSpace='rgb', contrast=None, depth=0.0, fillColor=array([1, 1, 1]), fillColorSpace='rgb', fillRGB=array([1, 1, 1]), interpolate=True, lineColor=array([1., 1., 1.]), lineColorSpace='rgb', lineRGB=array([1, 1, 1]), lineWidth=1.0, name='polygon', opacity=1, ori=0.0, pos=array([0., 0.]), size=array([0.5, 0.5]), units='height', vertices=ndarray(...), win=Window(...), windingRule=None)
14.5185 	EXP 	text: autoDraw = True
15.0764 	DATA 	Keypress: 1
15.0946 	EXP 	Imported OneShotLearning.xlsx as conditions, 48 conditions, 7 params
15.0951 	EXP 	Created sequence: random, trialTypes=48, nReps=1, seed=None
15.0954 	EXP 	New trial (rep=0, index=0): {'NumberLetter': None, 'corrAns': 2, 'StimFile': 'crocodile.jpg', 'ImgType': 'Animal', 'ArrowImg': 'ArrowUp.png', 'False_StimFile': None, 'DurationTrial': None}
15.1357 	EXP 	text: autoDraw = False
15.1357 	EXP 	image: image = 'crocodile.jpg'
15.1357 	EXP 	Arrow: image = 'ArrowUp.png'
15.1357 	EXP 	image: autoDraw = True
15.1357 	EXP 	Arrow: autoDraw = True
15.3533 	DATA 	Keypress: 1
18.1201 	EXP 	image: autoDraw = False
18.1201 	EXP 	Arrow: autoDraw = False
18.1201 	EXP 	polygon: autoDraw = True
19.0899 	EXP 	New trial (rep=0, index=1): {'NumberLetter': None, 'corrAns': 2, 'StimFile': 'platypus.jpg', 'ImgType': 'Animal', 'ArrowImg': 'ArrowUp.png', 'False_StimFile': None, 'DurationTrial': None}
19.1753 	EXP 	polygon: autoDraw = False
19.1753 	EXP 	image: image = 'platypus.jpg'
19.1753 	EXP 	Arrow: image = 'ArrowUp.png'
19.1753 	EXP 	image: autoDraw = True
19.1753 	EXP 	Arrow: autoDraw = True
22.1077 	EXP 	image: autoDraw = False
22.1077 	EXP 	Arrow: autoDraw = False
22.1077 	EXP 	polygon: autoDraw = True
23.0912 	EXP 	New trial (rep=0, index=2): {'NumberLetter': None, 'corrAns': 1, 'StimFile': 'lioness.jpg', 'ImgType': 'Animal', 'ArrowImg': 'ArrowLeft.png', 'False_StimFile': None, 'DurationTrial': None}
23.1716 	EXP 	polygon: autoDraw = False
23.1716 	EXP 	image: image = 'lioness.jpg'
23.1716 	EXP 	Arrow: image = 'ArrowLeft.png'
23.1716 	EXP 	image: autoDraw = True
23.1716 	EXP 	Arrow: autoDraw = True
23.7564 	DATA 	Keypress: esc
23.9976 	DATA 	Keypress: esc
24.0227 	EXP 	window1: mouseVisible = True
