2.8037 	WARNING 	We strongly recommend you activate the PTB sound engine in PsychoPy prefs as the preferred audio engine. Its timing is vastly superior. Your prefs are currently set to use ['sounddevice', 'PTB', 'pyo', 'pygame'] (in that order).
6.2492 	ERROR 	'0.0000, 0.0000, 0.0000' is not a valid rgb color
10.0623 	WARNING 	Couldn't measure a consistent frame rate.
  - Is your graphics card set to sync to vertical blank?
  - Are you running other processes on your computer?

10.0625 	EXP 	Created window1 = Window(allowGUI=True, allowStencil=False, autoLog=True, backendConf=UNKNOWN, bitsMode=UNKNOWN, blendMode='avg', bpc=(8, 8, 8), color=array([0, 0, 0]), colorSpace='rgb', depthBits=8, fullscr=<method-wrapper '__getattribute__' of attributeSetter object at 0x0000020A83F7F828>, gamma=None, gammaErrorPolicy='raise', lms=UNKNOWN, monitor=<psychopy.monitors.calibTools.Monitor object at 0x0000020A83F63C50>, multiSample=False, name='window1', numSamples=2, pos=[760.0, 180.0], screen=0, size=array([1920, 1080]), stencilBits=0, stereo=False, units='height', useFBO=True, useRetina=False, viewOri=0.0, viewPos=None, viewScale=None, waitBlanking=True, winType='glfw')
10.0626 	EXP 	window1: mouseVisible = True
10.0626 	EXP 	window1: recordFrameIntervals = False
10.3455 	EXP 	window1: recordFrameIntervals = True
10.5723 	WARNING 	t of last frame was 76.83ms (=1/13)
10.7104 	WARNING 	t of last frame was 81.46ms (=1/12)
10.8488 	WARNING 	t of last frame was 86.45ms (=1/11)
10.9727 	WARNING 	t of last frame was 76.99ms (=1/12)
11.1121 	WARNING 	Multiple dropped frames have occurred - I'll stop bothering you about them!
13.3635 	WARNING 	Couldn't measure a consistent frame rate.
  - Is your graphics card set to sync to vertical blank?
  - Are you running other processes on your computer?

13.7504 	EXP 	Created text = TextStim(__class__=<class 'psychopy.visual.text.TextStim'>, alignHoriz=method-wrapper(...), alignText='center', alignVert=method-wrapper(...), anchorHoriz='center', anchorVert='center', antialias=True, autoLog=True, bold=False, color=array([1., 1., 1.]), colorSpace='rgb', contrast=1.0, depth=0.0, flipHoriz=False, flipVert=False, font='Open Sans', fontFiles=[], height=0.04, italic=False, languageStyle='LTR', name='text', opacity=1, ori=0.0, pos=array([0., 0.]), rgb=UNKNOWN, text=str(...), units='height', win=Window(...), wrapWidth=1)
13.7567 	EXP 	Created Scrambled_img = ImageStim(__class__=<class 'psychopy.visual.image.ImageStim'>, autoLog=True, color=array([1., 1., 1.]), colorSpace='rgb', contrast=1.0, depth=0.0, flipHoriz=False, flipVert=False, image='sin', interpolate=True, mask=None, maskParams=None, name='Scrambled_img', opacity=1, ori=0.0, pos=array([0., 0.]), size=array([0.5, 0.5]), texRes=128.0, units='height', win=Window(...))
13.7603 	EXP 	Created image = ImageStim(__class__=<class 'psychopy.visual.image.ImageStim'>, autoLog=True, color=array([1., 1., 1.]), colorSpace='rgb', contrast=1.0, depth=-1.0, flipHoriz=False, flipVert=False, image='sin', interpolate=True, mask=None, maskParams=None, name='image', opacity=1, ori=0.0, pos=array([0.   , 0.125]), size=array([1.  , 0.75]), texRes=128.0, units='height', win=Window(...))
13.7680 	EXP 	Created Arrow = ImageStim(__class__=<class 'psychopy.visual.image.ImageStim'>, autoLog=True, color=array([1., 1., 1.]), colorSpace='rgb', contrast=1.0, depth=-2.0, flipHoriz=False, flipVert=False, image='sin', interpolate=True, mask=None, maskParams=None, name='Arrow', opacity=1, ori=0.0, pos=array([ 0.   , -0.375]), size=array([0.25, 0.25]), texRes=128.0, units='height', win=Window(...))
13.7705 	EXP 	Created polygon = ShapeStim(__class__=<class 'psychopy.visual.shape.ShapeStim'>, autoDraw=False, autoLog=True, closeShape=True, color=method-wrapper(...), colorSpace='rgb', contrast=None, depth=0.0, fillColor=array([1, 1, 1]), fillColorSpace='rgb', fillRGB=array([1, 1, 1]), interpolate=True, lineColor=array([1., 1., 1.]), lineColorSpace='rgb', lineRGB=array([1, 1, 1]), lineWidth=1.0, name='polygon', opacity=1, ori=0.0, pos=array([0., 0.]), size=array([0.5, 0.5]), units='height', vertices=ndarray(...), win=Window(...), windingRule=None)
13.7774 	EXP 	Created image_2 = ImageStim(__class__=<class 'psychopy.visual.image.ImageStim'>, autoLog=True, color=array([1., 1., 1.]), colorSpace='rgb', contrast=1.0, depth=-1.0, flipHoriz=False, flipVert=False, image='sin', interpolate=True, mask=None, maskParams=None, name='image_2', opacity=1, ori=0.0, pos=array([0.   , 0.125]), size=array([1.  , 0.75]), texRes=128.0, units='height', win=Window(...))
13.8219 	EXP 	Created direction_options = ImageStim(__class__=<class 'psychopy.visual.image.ImageStim'>, autoLog=True, color=array([1., 1., 1.]), colorSpace='rgb', contrast=1.0, depth=-3.0, flipHoriz=False, flipVert=False, image='Gallery_arrowoptions.png', interpolate=True, mask=None, maskParams=None, name='direction_options', opacity=1, ori=0.0, pos=array([ 0.   , -0.375]), size=array([1.  , 0.25]), texRes=128.0, units='height', win=Window(...))
13.8238 	EXP 	Created polygon = ShapeStim(__class__=<class 'psychopy.visual.shape.ShapeStim'>, autoDraw=False, autoLog=True, closeShape=True, color=method-wrapper(...), colorSpace='rgb', contrast=None, depth=0.0, fillColor=array([1, 1, 1]), fillColorSpace='rgb', fillRGB=array([1, 1, 1]), interpolate=True, lineColor=array([1., 1., 1.]), lineColorSpace='rgb', lineRGB=array([1, 1, 1]), lineWidth=1.0, name='polygon', opacity=1, ori=0.0, pos=array([0., 0.]), size=array([0.5, 0.5]), units='height', vertices=ndarray(...), win=Window(...), windingRule=None)
13.8471 	EXP 	Created text_2 = TextStim(__class__=<class 'psychopy.visual.text.TextStim'>, alignHoriz=method-wrapper(...), alignText='center', alignVert=method-wrapper(...), anchorHoriz='center', anchorVert='center', antialias=True, autoLog=True, bold=False, color=array([1., 1., 1.]), colorSpace='rgb', contrast=1.0, depth=0.0, flipHoriz=False, flipVert=False, font='Open Sans', fontFiles=[], height=0.1, italic=False, languageStyle='LTR', name='text_2', opacity=1, ori=0.0, pos=array([0., 0.]), rgb=UNKNOWN, text=str(...), units='height', win=Window(...), wrapWidth=1)
13.9539 	EXP 	text: autoDraw = True
14.5718 	DATA 	Keypress: 2
14.5852 	EXP 	Imported OneShotLearning.csv as conditions, 48 conditions, 7 params
14.5856 	EXP 	Created sequence: random, trialTypes=48, nReps=2, seed=None
14.5858 	EXP 	New trial (rep=0, index=0): OrderedDict([('corrAns', 1), ('StimFile', 'Images/plane.jpg'), ('ImgType', 'Vehicles'), ('ArrowImg', 'ArrowLeft.png'), ('ImgOrientation', None), ('Direction', 'ArrowRight.png'), ('Scrambled', 'Images/plane_scrambled.jpg')])
14.6321 	EXP 	text: autoDraw = False
14.6321 	EXP 	Scrambled_img: image = 'Images/plane_scrambled.jpg'
14.6321 	EXP 	Scrambled_img: autoDraw = True
14.7451 	DATA 	Keypress: 2
17.6513 	EXP 	New trial (rep=0, index=1): OrderedDict([('corrAns', 3), ('StimFile', 'Images/scooter.jpg'), ('ImgType', 'Vehicles'), ('ArrowImg', 'ArrowRight.png'), ('ImgOrientation', None), ('Direction', 'ArrowRight.png'), ('Scrambled', 'Images/scooter_scrambled.jpg')])
17.6667 	EXP 	Scrambled_img: autoDraw = False
17.6667 	EXP 	Scrambled_img: image = 'Images/scooter_scrambled.jpg'
17.6667 	EXP 	Scrambled_img: autoDraw = True
20.6068 	EXP 	New trial (rep=0, index=2): OrderedDict([('corrAns', 1), ('StimFile', 'Images/cart.jpg'), ('ImgType', 'Vehicles'), ('ArrowImg', 'ArrowLeft.png'), ('ImgOrientation', None), ('Direction', 'ArrowRight.png'), ('Scrambled', 'Images/cart_scrambled.jpg')])
20.6346 	EXP 	Scrambled_img: autoDraw = False
20.6346 	EXP 	Scrambled_img: image = 'Images/cart_scrambled.jpg'
20.6346 	EXP 	Scrambled_img: autoDraw = True
23.5856 	EXP 	New trial (rep=0, index=3): OrderedDict([('corrAns', 1), ('StimFile', 'Images/Chest_of_drawers.jpg'), ('ImgType', 'Furniture'), ('ArrowImg', 'ArrowLeft.png'), ('ImgOrientation', None), ('Direction', 'ArrowUp.png'), ('Scrambled', 'Images/Chest_of_drawers_scrambled.jpg')])
23.6182 	EXP 	Scrambled_img: autoDraw = False
23.6182 	EXP 	Scrambled_img: image = 'Images/Chest_of_drawers_scrambled.jpg'
23.6182 	EXP 	Scrambled_img: autoDraw = True
24.1093 	DATA 	Keypress: 3
24.2822 	DATA 	Keypress: 3
24.5483 	DATA 	Keypress: 2
24.7882 	DATA 	Keypress: 2
24.9250 	DATA 	Keypress: 1
25.1878 	DATA 	Keypress: 1
25.1882 	DATA 	Keypress: 2
25.4642 	DATA 	Keypress: 3
25.4650 	DATA 	Keypress: 2
25.6339 	DATA 	Keypress: 3
26.5869 	EXP 	New trial (rep=0, index=4): OrderedDict([('corrAns', 2), ('StimFile', 'Images/train.jpg'), ('ImgType', 'Vehicles'), ('ArrowImg', 'ArrowUp.png'), ('ImgOrientation', None), ('Direction', 'ArrowRight.png'), ('Scrambled', 'Images/train_scrambled.jpg')])
26.6195 	EXP 	Scrambled_img: autoDraw = False
26.6195 	EXP 	Scrambled_img: image = 'Images/train_scrambled.jpg'
26.6195 	EXP 	Scrambled_img: autoDraw = True
29.0648 	DATA 	Keypress: esc
29.2716 	EXP 	window1: mouseVisible = True
2.2741 	WARNING 	We strongly recommend you activate the PTB sound engine in PsychoPy prefs as the preferred audio engine. Its timing is vastly superior. Your prefs are currently set to use ['sounddevice', 'PTB', 'pyo', 'pygame'] (in that order).
5.3476 	ERROR 	'0.0000, 0.0000, 0.0000' is not a valid rgb color
9.2322 	WARNING 	Couldn't measure a consistent frame rate.
  - Is your graphics card set to sync to vertical blank?
  - Are you running other processes on your computer?

9.2323 	EXP 	Created window1 = Window(allowGUI=True, allowStencil=False, autoLog=True, backendConf=UNKNOWN, bitsMode=UNKNOWN, blendMode='avg', bpc=(8, 8, 8), color=array([0, 0, 0]), colorSpace='rgb', depthBits=8, fullscr=<method-wrapper '__getattribute__' of attributeSetter object at 0x0000021F9404F828>, gamma=None, gammaErrorPolicy='raise', lms=UNKNOWN, monitor=<psychopy.monitors.calibTools.Monitor object at 0x0000021F94033C50>, multiSample=False, name='window1', numSamples=2, pos=[760.0, 180.0], screen=0, size=array([1920, 1080]), stencilBits=0, stereo=False, units='height', useFBO=True, useRetina=False, viewOri=0.0, viewPos=None, viewScale=None, waitBlanking=True, winType='glfw')
9.2324 	EXP 	window1: mouseVisible = True
9.2324 	EXP 	window1: recordFrameIntervals = False
9.5319 	EXP 	window1: recordFrameIntervals = True
9.6383 	WARNING 	t of last frame was 89.68ms (=1/11)
9.7774 	WARNING 	t of last frame was 78.47ms (=1/12)
9.9141 	WARNING 	t of last frame was 81.80ms (=1/12)
10.0535 	WARNING 	t of last frame was 87.69ms (=1/11)
10.1936 	WARNING 	Multiple dropped frames have occurred - I'll stop bothering you about them!
12.5836 	WARNING 	Couldn't measure a consistent frame rate.
  - Is your graphics card set to sync to vertical blank?
  - Are you running other processes on your computer?

12.9606 	EXP 	Created text = TextStim(__class__=<class 'psychopy.visual.text.TextStim'>, alignHoriz=method-wrapper(...), alignText='center', alignVert=method-wrapper(...), anchorHoriz='center', anchorVert='center', antialias=True, autoLog=True, bold=False, color=array([1., 1., 1.]), colorSpace='rgb', contrast=1.0, depth=0.0, flipHoriz=False, flipVert=False, font='Open Sans', fontFiles=[], height=0.04, italic=False, languageStyle='LTR', name='text', opacity=1, ori=0.0, pos=array([0., 0.]), rgb=UNKNOWN, text=str(...), units='height', win=Window(...), wrapWidth=1)
12.9683 	EXP 	Created Scrambled_img = ImageStim(__class__=<class 'psychopy.visual.image.ImageStim'>, autoLog=True, color=array([1., 1., 1.]), colorSpace='rgb', contrast=1.0, depth=0.0, flipHoriz=False, flipVert=False, image='sin', interpolate=True, mask=None, maskParams=None, name='Scrambled_img', opacity=1, ori=0.0, pos=array([0., 0.]), size=array([0.5, 0.5]), texRes=128.0, units='height', win=Window(...))
12.9721 	EXP 	Created image = ImageStim(__class__=<class 'psychopy.visual.image.ImageStim'>, autoLog=True, color=array([1., 1., 1.]), colorSpace='rgb', contrast=1.0, depth=-1.0, flipHoriz=False, flipVert=False, image='sin', interpolate=True, mask=None, maskParams=None, name='image', opacity=1, ori=0.0, pos=array([0.   , 0.125]), size=array([1.  , 0.75]), texRes=128.0, units='height', win=Window(...))
12.9807 	EXP 	Created Arrow = ImageStim(__class__=<class 'psychopy.visual.image.ImageStim'>, autoLog=True, color=array([1., 1., 1.]), colorSpace='rgb', contrast=1.0, depth=-2.0, flipHoriz=False, flipVert=False, image='sin', interpolate=True, mask=None, maskParams=None, name='Arrow', opacity=1, ori=0.0, pos=array([ 0.   , -0.375]), size=array([0.25, 0.25]), texRes=128.0, units='height', win=Window(...))
12.9832 	EXP 	Created polygon = ShapeStim(__class__=<class 'psychopy.visual.shape.ShapeStim'>, autoDraw=False, autoLog=True, closeShape=True, color=method-wrapper(...), colorSpace='rgb', contrast=None, depth=0.0, fillColor=array([1, 1, 1]), fillColorSpace='rgb', fillRGB=array([1, 1, 1]), interpolate=True, lineColor=array([1., 1., 1.]), lineColorSpace='rgb', lineRGB=array([1, 1, 1]), lineWidth=1.0, name='polygon', opacity=1, ori=0.0, pos=array([0., 0.]), size=array([0.5, 0.5]), units='height', vertices=ndarray(...), win=Window(...), windingRule=None)
12.9902 	EXP 	Created image_2 = ImageStim(__class__=<class 'psychopy.visual.image.ImageStim'>, autoLog=True, color=array([1., 1., 1.]), colorSpace='rgb', contrast=1.0, depth=-1.0, flipHoriz=False, flipVert=False, image='sin', interpolate=True, mask=None, maskParams=None, name='image_2', opacity=1, ori=0.0, pos=array([0.   , 0.125]), size=array([1.  , 0.75]), texRes=128.0, units='height', win=Window(...))
13.0359 	EXP 	Created direction_options = ImageStim(__class__=<class 'psychopy.visual.image.ImageStim'>, autoLog=True, color=array([1., 1., 1.]), colorSpace='rgb', contrast=1.0, depth=-3.0, flipHoriz=False, flipVert=False, image='Gallery_arrowoptions.png', interpolate=True, mask=None, maskParams=None, name='direction_options', opacity=1, ori=0.0, pos=array([ 0.   , -0.375]), size=array([1.  , 0.25]), texRes=128.0, units='height', win=Window(...))
13.0380 	EXP 	Created polygon = ShapeStim(__class__=<class 'psychopy.visual.shape.ShapeStim'>, autoDraw=False, autoLog=True, closeShape=True, color=method-wrapper(...), colorSpace='rgb', contrast=None, depth=0.0, fillColor=array([1, 1, 1]), fillColorSpace='rgb', fillRGB=array([1, 1, 1]), interpolate=True, lineColor=array([1., 1., 1.]), lineColorSpace='rgb', lineRGB=array([1, 1, 1]), lineWidth=1.0, name='polygon', opacity=1, ori=0.0, pos=array([0., 0.]), size=array([0.5, 0.5]), units='height', vertices=ndarray(...), win=Window(...), windingRule=None)
13.0623 	EXP 	Created text_2 = TextStim(__class__=<class 'psychopy.visual.text.TextStim'>, alignHoriz=method-wrapper(...), alignText='center', alignVert=method-wrapper(...), anchorHoriz='center', anchorVert='center', antialias=True, autoLog=True, bold=False, color=array([1., 1., 1.]), colorSpace='rgb', contrast=1.0, depth=0.0, flipHoriz=False, flipVert=False, font='Open Sans', fontFiles=[], height=0.1, italic=False, languageStyle='LTR', name='text_2', opacity=1, ori=0.0, pos=array([0., 0.]), rgb=UNKNOWN, text=str(...), units='height', win=Window(...), wrapWidth=1)
13.1699 	EXP 	text: autoDraw = True
13.6351 	DATA 	Keypress: 2
13.6492 	EXP 	Imported OneShotLearning.csv as conditions, 48 conditions, 7 params
13.6496 	EXP 	Created sequence: random, trialTypes=48, nReps=0, seed=None
13.6554 	EXP 	Imported OneShotLearning_conditions.xlsx as conditions, 12 conditions, 1 params
13.6557 	EXP 	Created sequence: random, trialTypes=12, nReps=1, seed=None
13.6558 	EXP 	New trial (rep=0, index=0): {'Condition_rows': '4:8'}
13.6595 	EXP 	Imported OneShotLearning_Shuffled.csv as conditions, 4 conditions, 4 params
13.6598 	EXP 	Created sequence: random, trialTypes=4, nReps=1, seed=None
13.6600 	EXP 	New trial (rep=0, index=0): OrderedDict([('StimFile', 'Images/elephant.jpg'), ('ImgType', 'Animal'), ('ArrowImg', 'ArrowLeft.png'), ('Direction', 'ArrowLeft.png')])
13.7022 	EXP 	text: autoDraw = False
13.7022 	EXP 	image: image = 'Images/elephant.jpg'
13.7022 	EXP 	Arrow: image = 'ArrowLeft.png'
13.7022 	EXP 	image: autoDraw = True
13.7022 	EXP 	Arrow: autoDraw = True
13.7743 	DATA 	Keypress: 2
14.8822 	DATA 	Keypress: 1
15.0244 	DATA 	Keypress: 1
16.7024 	EXP 	image: autoDraw = False
16.7024 	EXP 	Arrow: autoDraw = False
16.7024 	EXP 	polygon: autoDraw = True
17.6543 	EXP 	New trial (rep=0, index=1): OrderedDict([('StimFile', 'Images/dromedary.jpg'), ('ImgType', 'Animal'), ('ArrowImg', 'ArrowUp.png'), ('Direction', 'ArrowLeft.png')])
17.6855 	EXP 	polygon: autoDraw = False
17.6855 	EXP 	image: image = 'Images/dromedary.jpg'
17.6855 	EXP 	Arrow: image = 'ArrowUp.png'
17.6855 	EXP 	image: autoDraw = True
17.6855 	EXP 	Arrow: autoDraw = True
18.7832 	DATA 	Keypress: 2
19.1717 	DATA 	Keypress: 2
20.7207 	EXP 	image: autoDraw = False
20.7207 	EXP 	Arrow: autoDraw = False
20.7207 	EXP 	polygon: autoDraw = True
21.6730 	EXP 	New trial (rep=0, index=2): OrderedDict([('StimFile', 'Images/crocodile.jpg'), ('ImgType', 'Animal'), ('ArrowImg', 'ArrowRight.png'), ('Direction', 'ArrowLeft.png')])
21.7051 	EXP 	polygon: autoDraw = False
21.7051 	EXP 	image: image = 'Images/crocodile.jpg'
21.7051 	EXP 	Arrow: image = 'ArrowRight.png'
21.7051 	EXP 	image: autoDraw = True
21.7051 	EXP 	Arrow: autoDraw = True
22.1349 	DATA 	Keypress: 3
22.3613 	DATA 	Keypress: 3
24.7391 	EXP 	image: autoDraw = False
24.7391 	EXP 	Arrow: autoDraw = False
24.7391 	EXP 	polygon: autoDraw = True
25.6920 	EXP 	New trial (rep=0, index=3): OrderedDict([('StimFile', 'Images/cow.jpg'), ('ImgType', 'Animal'), ('ArrowImg', 'ArrowRight.png'), ('Direction', 'ArrowLeft.png')])
25.7089 	EXP 	polygon: autoDraw = False
25.7089 	EXP 	image: image = 'Images/cow.jpg'
25.7089 	EXP 	Arrow: image = 'ArrowRight.png'
25.7089 	EXP 	image: autoDraw = True
25.7089 	EXP 	Arrow: autoDraw = True
26.2867 	DATA 	Keypress: 3
26.5207 	DATA 	Keypress: 3
28.7265 	EXP 	image: autoDraw = False
28.7265 	EXP 	Arrow: autoDraw = False
28.7265 	EXP 	polygon: autoDraw = True
29.7017 	EXP 	Imported OneShotLearning_Shuffled.csv as conditions, 4 conditions, 4 params
29.7020 	EXP 	Created sequence: random, trialTypes=4, nReps=1, seed=None
29.7022 	EXP 	New trial (rep=0, index=0): OrderedDict([('StimFile', 'Images/elephant.jpg'), ('ImgType', 'Animal'), ('ArrowImg', 'ArrowLeft.png'), ('Direction', 'ArrowLeft.png')])
29.7424 	EXP 	polygon: autoDraw = False
29.7424 	EXP 	image_2: image = 'Images/elephant.jpg'
29.7424 	EXP 	image_2: autoDraw = True
29.7424 	EXP 	direction_options: autoDraw = True
31.3549 	DATA 	Keypress: 3
31.6325 	DATA 	Keypress: 3
32.6597 	EXP 	image_2: autoDraw = False
32.6597 	EXP 	direction_options: autoDraw = False
32.6597 	EXP 	polygon: autoDraw = True
33.7116 	EXP 	New trial (rep=0, index=1): OrderedDict([('StimFile', 'Images/crocodile.jpg'), ('ImgType', 'Animal'), ('ArrowImg', 'ArrowRight.png'), ('Direction', 'ArrowLeft.png')])
33.7290 	EXP 	polygon: autoDraw = False
33.7290 	EXP 	image_2: image = 'Images/crocodile.jpg'
33.7290 	EXP 	image_2: autoDraw = True
33.7290 	EXP 	direction_options: autoDraw = True
34.4243 	DATA 	Keypress: esc
34.6474 	DATA 	Keypress: esc
34.6705 	EXP 	window1: mouseVisible = True
