2.7909 	WARNING 	We strongly recommend you activate the PTB sound engine in PsychoPy prefs as the preferred audio engine. Its timing is vastly superior. Your prefs are currently set to use ['sounddevice', 'PTB', 'pyo', 'pygame'] (in that order).
5.4421 	ERROR 	'0.0000, 0.0000, 0.0000' is not a valid rgb color
5.5439 	WARNING 	The specified video mode is not supported by this display, using native mode ...
5.5440 	WARNING 	Overriding user video settings: size (1536, 864) -> (1920, 1080), bpc (8, 8, 8) -> (8, 8, 8), refreshHz 60 -> 144
6.4518 	EXP 	Created window1 = Window(allowGUI=False, allowStencil=False, autoLog=True, backendConf=UNKNOWN, bitsMode=UNKNOWN, blendMode='avg', bpc=(8, 8, 8), color=array([0, 0, 0]), colorSpace='rgb', depthBits=8, fullscr=<method-wrapper '__getattribute__' of attributeSetter object at 0x000001CCDF8FF2E8>, gamma=None, gammaErrorPolicy='raise', lms=UNKNOWN, monitor=<psychopy.monitors.calibTools.Monitor object at 0x000001CCDF9116D8>, multiSample=False, name='window1', numSamples=2, pos=None, screen=0, size=array([1920, 1080]), stencilBits=0, stereo=False, units='height', useFBO=True, useRetina=False, viewOri=0.0, viewPos=None, viewScale=None, waitBlanking=True, winType='glfw')
6.4523 	EXP 	window1: mouseVisible = True
6.4523 	EXP 	window1: recordFrameIntervals = False
6.5208 	EXP 	window1: recordFrameIntervals = True
6.5972 	EXP 	window1: recordFrameIntervals = False
6.9783 	EXP 	Created text = TextStim(__class__=<class 'psychopy.visual.text.TextStim'>, alignHoriz=method-wrapper(...), alignText='center', alignVert=method-wrapper(...), anchorHoriz='center', anchorVert='center', antialias=True, autoLog=True, bold=False, color=array([1., 1., 1.]), colorSpace='rgb', contrast=1.0, depth=0.0, flipHoriz=False, flipVert=False, font='Open Sans', fontFiles=[], height=0.03, italic=False, languageStyle='LTR', name='text', opacity=1, ori=0.0, pos=array([0., 0.]), rgb=UNKNOWN, text=str(...), units='height', win=Window(...), wrapWidth=1)
6.9868 	EXP 	Created Scrambled_img = ImageStim(__class__=<class 'psychopy.visual.image.ImageStim'>, autoLog=True, color=array([1., 1., 1.]), colorSpace='rgb', contrast=1.0, depth=0.0, flipHoriz=False, flipVert=False, image='sin', interpolate=True, mask=None, maskParams=None, name='Scrambled_img', opacity=1, ori=0.0, pos=array([0.   , 0.125]), size=array([1.  , 0.75]), texRes=128.0, units='height', win=Window(...))
6.9896 	EXP 	Created Arrow1 = ImageStim(__class__=<class 'psychopy.visual.image.ImageStim'>, autoLog=True, color=array([1., 1., 1.]), colorSpace='rgb', contrast=1.0, depth=-1.0, flipHoriz=False, flipVert=False, image='sin', interpolate=True, mask=None, maskParams=None, name='Arrow1', opacity=1, ori=0.0, pos=array([ 0.   , -0.375]), size=array([0.25, 0.25]), texRes=128.0, units='height', win=Window(...))
6.9919 	EXP 	Created polygon = ShapeStim(__class__=<class 'psychopy.visual.shape.ShapeStim'>, autoDraw=False, autoLog=True, closeShape=True, color=method-wrapper(...), colorSpace='rgb', contrast=None, depth=0.0, fillColor=array([1, 1, 1]), fillColorSpace='rgb', fillRGB=array([1, 1, 1]), interpolate=True, lineColor=array([1., 1., 1.]), lineColorSpace='rgb', lineRGB=array([1, 1, 1]), lineWidth=1.0, name='polygon', opacity=1, ori=0.0, pos=array([0., 0.]), size=array([0.5, 0.5]), units='height', vertices=ndarray(...), win=Window(...), windingRule=None)
6.9949 	EXP 	Created image = ImageStim(__class__=<class 'psychopy.visual.image.ImageStim'>, autoLog=True, color=array([1., 1., 1.]), colorSpace='rgb', contrast=1.0, depth=-1.0, flipHoriz=False, flipVert=False, image='sin', interpolate=True, mask=None, maskParams=None, name='image', opacity=1, ori=0.0, pos=array([0.   , 0.125]), size=array([1.  , 0.75]), texRes=128.0, units='height', win=Window(...))
6.9978 	EXP 	Created Arrow = ImageStim(__class__=<class 'psychopy.visual.image.ImageStim'>, autoLog=True, color=array([1., 1., 1.]), colorSpace='rgb', contrast=1.0, depth=-2.0, flipHoriz=False, flipVert=False, image='sin', interpolate=True, mask=None, maskParams=None, name='Arrow', opacity=1, ori=0.0, pos=array([ 0.   , -0.375]), size=array([0.25, 0.25]), texRes=128.0, units='height', win=Window(...))
6.9996 	EXP 	Created polygon = ShapeStim(__class__=<class 'psychopy.visual.shape.ShapeStim'>, autoDraw=False, autoLog=True, closeShape=True, color=method-wrapper(...), colorSpace='rgb', contrast=None, depth=0.0, fillColor=array([1, 1, 1]), fillColorSpace='rgb', fillRGB=array([1, 1, 1]), interpolate=True, lineColor=array([1., 1., 1.]), lineColorSpace='rgb', lineRGB=array([1, 1, 1]), lineWidth=1.0, name='polygon', opacity=1, ori=0.0, pos=array([0., 0.]), size=array([0.5, 0.5]), units='height', vertices=ndarray(...), win=Window(...), windingRule=None)
7.0025 	EXP 	Created image_2 = ImageStim(__class__=<class 'psychopy.visual.image.ImageStim'>, autoLog=True, color=array([1., 1., 1.]), colorSpace='rgb', contrast=1.0, depth=-1.0, flipHoriz=False, flipVert=False, image='sin', interpolate=True, mask=None, maskParams=None, name='image_2', opacity=1, ori=0.0, pos=array([0.   , 0.125]), size=array([1.  , 0.75]), texRes=128.0, units='height', win=Window(...))
7.0281 	EXP 	Created direction_options = ImageStim(__class__=<class 'psychopy.visual.image.ImageStim'>, autoLog=True, color=array([1., 1., 1.]), colorSpace='rgb', contrast=1.0, depth=-3.0, flipHoriz=False, flipVert=False, image='Gallery_arrowoptions.png', interpolate=True, mask=None, maskParams=None, name='direction_options', opacity=1, ori=0.0, pos=array([ 0.   , -0.375]), size=array([1.  , 0.25]), texRes=128.0, units='height', win=Window(...))
7.0300 	EXP 	Created polygon = ShapeStim(__class__=<class 'psychopy.visual.shape.ShapeStim'>, autoDraw=False, autoLog=True, closeShape=True, color=method-wrapper(...), colorSpace='rgb', contrast=None, depth=0.0, fillColor=array([1, 1, 1]), fillColorSpace='rgb', fillRGB=array([1, 1, 1]), interpolate=True, lineColor=array([1., 1., 1.]), lineColorSpace='rgb', lineRGB=array([1, 1, 1]), lineWidth=1.0, name='polygon', opacity=1, ori=0.0, pos=array([0., 0.]), size=array([0.5, 0.5]), units='height', vertices=ndarray(...), win=Window(...), windingRule=None)
7.0330 	EXP 	Created Scrambled_img = ImageStim(__class__=<class 'psychopy.visual.image.ImageStim'>, autoLog=True, color=array([1., 1., 1.]), colorSpace='rgb', contrast=1.0, depth=0.0, flipHoriz=False, flipVert=False, image='sin', interpolate=True, mask=None, maskParams=None, name='Scrambled_img', opacity=1, ori=0.0, pos=array([0.   , 0.125]), size=array([1.  , 0.75]), texRes=128.0, units='height', win=Window(...))
7.0358 	EXP 	Created Arrow1 = ImageStim(__class__=<class 'psychopy.visual.image.ImageStim'>, autoLog=True, color=array([1., 1., 1.]), colorSpace='rgb', contrast=1.0, depth=-1.0, flipHoriz=False, flipVert=False, image='sin', interpolate=True, mask=None, maskParams=None, name='Arrow1', opacity=1, ori=0.0, pos=array([ 0.   , -0.375]), size=array([0.25, 0.25]), texRes=128.0, units='height', win=Window(...))
7.0377 	EXP 	Created polygon = ShapeStim(__class__=<class 'psychopy.visual.shape.ShapeStim'>, autoDraw=False, autoLog=True, closeShape=True, color=method-wrapper(...), colorSpace='rgb', contrast=None, depth=0.0, fillColor=array([1, 1, 1]), fillColorSpace='rgb', fillRGB=array([1, 1, 1]), interpolate=True, lineColor=array([1., 1., 1.]), lineColorSpace='rgb', lineRGB=array([1, 1, 1]), lineWidth=1.0, name='polygon', opacity=1, ori=0.0, pos=array([0., 0.]), size=array([0.5, 0.5]), units='height', vertices=ndarray(...), win=Window(...), windingRule=None)
7.0604 	EXP 	Created text_2 = TextStim(__class__=<class 'psychopy.visual.text.TextStim'>, alignHoriz=method-wrapper(...), alignText='center', alignVert=method-wrapper(...), anchorHoriz='center', anchorVert='center', antialias=True, autoLog=True, bold=False, color=array([1., 1., 1.]), colorSpace='rgb', contrast=1.0, depth=0.0, flipHoriz=False, flipVert=False, font='Open Sans', fontFiles=[], height=0.1, italic=False, languageStyle='LTR', name='text_2', opacity=1, ori=0.0, pos=array([0., 0.]), rgb=UNKNOWN, text=str(...), units='height', win=Window(...), wrapWidth=1)
7.0890 	EXP 	text: autoDraw = True
26.8854 	EXP 	Imported OneShotLearning.csv as conditions, 4 conditions, 8 params
26.8857 	EXP 	Created sequence: random, trialTypes=4, nReps=1, seed=None
26.8860 	EXP 	New trial (rep=0, index=0): OrderedDict([('corrAns', 2), ('StimFile', 'Images/crocodile.jpg'), ('ImgType', 'Animal'), ('ArrowImg', 'ArrowUp.png'), ('ImgOrientation', 'right'), ('Direction', 'ArrowLeft.png'), ('Scrambled', 'Images/crocodile_scrambled.jpg'), ('old', None)])
26.9267 	DATA 	Keypress: 1
26.9285 	EXP 	text: autoDraw = False
26.9285 	EXP 	Scrambled_img: image = 'Images/crocodile_scrambled.jpg'
26.9285 	EXP 	Arrow1: image = 'ArrowUp.png'
26.9285 	EXP 	Scrambled_img: autoDraw = True
26.9285 	EXP 	Arrow1: autoDraw = True
26.9285 	EXP 	Arrow1: autoDraw = False
27.0306 	DATA 	Keypress: 1
29.8886 	EXP 	Scrambled_img: autoDraw = False
29.8886 	EXP 	Arrow1: autoDraw = False
29.8886 	EXP 	polygon: autoDraw = True
30.8815 	EXP 	New trial (rep=0, index=1): OrderedDict([('corrAns', 1), ('StimFile', 'Images/cheetah.jpg'), ('ImgType', 'Animal'), ('ArrowImg', 'ArrowLeft.png'), ('ImgOrientation', None), ('Direction', 'ArrowLeft.png'), ('Scrambled', 'Images/cheetah_scrambled.jpg'), ('old', None)])
30.8980 	EXP 	polygon: autoDraw = False
30.8980 	EXP 	Scrambled_img: image = 'Images/cheetah_scrambled.jpg'
30.8980 	EXP 	Arrow1: image = 'ArrowLeft.png'
30.8980 	EXP 	Scrambled_img: autoDraw = True
30.8980 	EXP 	Arrow1: autoDraw = True
30.8980 	EXP 	Arrow1: autoDraw = False
33.8886 	EXP 	Scrambled_img: autoDraw = False
33.8886 	EXP 	Arrow1: autoDraw = False
33.8886 	EXP 	polygon: autoDraw = True
34.8818 	EXP 	New trial (rep=0, index=2): OrderedDict([('corrAns', 3), ('StimFile', 'Images/cow.jpg'), ('ImgType', 'Animal'), ('ArrowImg', 'ArrowRight.png'), ('ImgOrientation', None), ('Direction', 'ArrowLeft.png'), ('Scrambled', 'Images/cow_scrambled.jpg'), ('old', None)])
34.8997 	EXP 	polygon: autoDraw = False
34.8997 	EXP 	Scrambled_img: image = 'Images/cow_scrambled.jpg'
34.8997 	EXP 	Arrow1: image = 'ArrowRight.png'
34.8997 	EXP 	Scrambled_img: autoDraw = True
34.8997 	EXP 	Arrow1: autoDraw = True
34.8997 	EXP 	Arrow1: autoDraw = False
37.8884 	EXP 	Scrambled_img: autoDraw = False
37.8884 	EXP 	Arrow1: autoDraw = False
37.8884 	EXP 	polygon: autoDraw = True
38.8817 	EXP 	New trial (rep=0, index=3): OrderedDict([('corrAns', 2), ('StimFile', 'Images/cat.jpg'), ('ImgType', 'Animal'), ('ArrowImg', 'ArrowUp.png'), ('ImgOrientation', None), ('Direction', 'ArrowLeft.png'), ('Scrambled', 'Images/cat_scrambled.jpg'), ('old', None)])
38.8978 	EXP 	polygon: autoDraw = False
38.8978 	EXP 	Scrambled_img: image = 'Images/cat_scrambled.jpg'
38.8978 	EXP 	Arrow1: image = 'ArrowUp.png'
38.8978 	EXP 	Scrambled_img: autoDraw = True
38.8978 	EXP 	Arrow1: autoDraw = True
38.8978 	EXP 	Arrow1: autoDraw = False
41.8883 	EXP 	Scrambled_img: autoDraw = False
41.8883 	EXP 	Arrow1: autoDraw = False
41.8883 	EXP 	polygon: autoDraw = True
42.8862 	EXP 	Imported OneShotLearning_conditions.xlsx as conditions, 12 conditions, 2 params
42.8866 	EXP 	Created sequence: random, trialTypes=12, nReps=1, seed=None
42.8868 	EXP 	New trial (rep=0, index=0): {'Condition_rows': '32:36', 'Condition_rows_practice': None}
42.9593 	EXP 	window1: mouseVisible = True
