3.4548 	WARNING 	We strongly recommend you activate the PTB sound engine in PsychoPy prefs as the preferred audio engine. Its timing is vastly superior. Your prefs are currently set to use ['sounddevice', 'PTB', 'pyo', 'pygame'] (in that order).
10.6932 	WARNING 	Couldn't measure a consistent frame rate.
  - Is your graphics card set to sync to vertical blank?
  - Are you running other processes on your computer?

10.6934 	EXP 	Created window1 = Window(allowGUI=True, allowStencil=False, autoLog=True, backendConf=UNKNOWN, bitsMode=UNKNOWN, blendMode='avg', bpc=(8, 8, 8), color=array([0, 0, 0]), colorSpace='rgb', depthBits=8, fullscr=<method-wrapper '__getattribute__' of attributeSetter object at 0x000001FCA6F3A208>, gamma=None, gammaErrorPolicy='raise', lms=UNKNOWN, monitor=<psychopy.monitors.calibTools.Monitor object at 0x000001FCA700E630>, multiSample=False, name='window1', numSamples=2, pos=[760.0, 180.0], screen=0, size=array([1920, 1080]), stencilBits=0, stereo=False, units='height', useFBO=True, useRetina=False, viewOri=0.0, viewPos=None, viewScale=None, waitBlanking=True, winType='glfw')
10.6935 	EXP 	window1: mouseVisible = True
10.6935 	EXP 	window1: recordFrameIntervals = False
10.9760 	EXP 	window1: recordFrameIntervals = True
11.1953 	WARNING 	t of last frame was 85.53ms (=1/11)
11.3338 	WARNING 	t of last frame was 74.40ms (=1/13)
11.4715 	WARNING 	t of last frame was 78.92ms (=1/12)
11.4922 	WARNING 	t of last frame was 20.65ms (=1/48)
11.6098 	WARNING 	Multiple dropped frames have occurred - I'll stop bothering you about them!
14.0969 	WARNING 	Couldn't measure a consistent frame rate.
  - Is your graphics card set to sync to vertical blank?
  - Are you running other processes on your computer?

14.4585 	EXP 	Created text = TextStim(__class__=<class 'psychopy.visual.text.TextStim'>, alignHoriz=method-wrapper(...), alignText='center', alignVert=method-wrapper(...), anchorHoriz='center', anchorVert='center', antialias=True, autoLog=True, bold=False, color=array([1., 1., 1.]), colorSpace='rgb', contrast=1.0, depth=0.0, flipHoriz=False, flipVert=False, font='Open Sans', fontFiles=[], height=0.1, italic=False, languageStyle='LTR', name='text', opacity=1, ori=0.0, pos=array([0., 0.]), rgb=UNKNOWN, text='Instructions:', units='height', win=Window(...), wrapWidth=1)
14.4631 	EXP 	Created image = ImageStim(__class__=<class 'psychopy.visual.image.ImageStim'>, autoLog=True, color=array([1., 1., 1.]), colorSpace='rgb', contrast=1.0, depth=-1.0, flipHoriz=False, flipVert=False, image='sin', interpolate=True, mask=None, maskParams=None, name='image', opacity=1, ori=0.0, pos=array([0., 0.]), size=array([0.75, 0.75]), texRes=128.0, units='height', win=Window(...))
14.4665 	EXP 	Created Arrow = ImageStim(__class__=<class 'psychopy.visual.image.ImageStim'>, autoLog=True, color=array([1., 1., 1.]), colorSpace='rgb', contrast=1.0, depth=-2.0, flipHoriz=False, flipVert=False, image='sin', interpolate=True, mask=None, maskParams=None, name='Arrow', opacity=1, ori=0.0, pos=array([ 0.  , -0.25]), size=array([0.25, 0.25]), texRes=128.0, units='height', win=Window(...))
14.4690 	EXP 	Created polygon = ShapeStim(__class__=<class 'psychopy.visual.shape.ShapeStim'>, autoDraw=False, autoLog=True, closeShape=True, color=method-wrapper(...), colorSpace='rgb', contrast=None, depth=0.0, fillColor=array([1, 1, 1]), fillColorSpace='rgb', fillRGB=array([1, 1, 1]), interpolate=True, lineColor=array([1., 1., 1.]), lineColorSpace='rgb', lineRGB=array([1, 1, 1]), lineWidth=1.0, name='polygon', opacity=1, ori=0.0, pos=array([0., 0.]), size=array([0.5, 0.5]), units='height', vertices=ndarray(...), win=Window(...), windingRule=None)
14.5998 	EXP 	text: autoDraw = True
15.2246 	DATA 	Keypress: 2
15.2421 	EXP 	Imported OneShotLearning.xlsx as conditions, 49 conditions, 7 params
15.2426 	EXP 	Created sequence: random, trialTypes=49, nReps=1, seed=None
15.2429 	EXP 	New trial (rep=0, index=0): {'NumberLetter': None, 'corrAns': 1, 'StimFile': 'dromedary.jpg', 'ImgType': 'Animal', 'ArrowImg': 'ArrowLeft.png', 'False_StimFile': None, 'DurationTrial': None}
15.3425 	EXP 	text: autoDraw = False
15.3425 	EXP 	image: image = 'dromedary.jpg'
15.3425 	EXP 	Arrow: image = 'ArrowLeft.png'
15.3425 	EXP 	image: autoDraw = True
15.3425 	EXP 	Arrow: autoDraw = True
15.4789 	DATA 	Keypress: 2
18.3961 	EXP 	image: autoDraw = False
18.3961 	EXP 	Arrow: autoDraw = False
23.5664 	DATA 	Keypress: 2
23.5826 	EXP 	image: autoDraw = False
23.5826 	EXP 	Arrow: autoDraw = False
23.5826 	EXP 	polygon: autoDraw = True
23.7638 	DATA 	Keypress: 2
24.5677 	EXP 	New trial (rep=0, index=1): {'NumberLetter': None, 'corrAns': 1, 'StimFile': 'bedside_table.jpg', 'ImgType': 'Furniture', 'ArrowImg': 'ArrowLeft.png', 'False_StimFile': None, 'DurationTrial': None}
24.5845 	EXP 	polygon: autoDraw = False
24.5845 	EXP 	polygon: autoDraw = False
24.5845 	EXP 	image: image = 'bedside_table.jpg'
24.5845 	EXP 	Arrow: image = 'ArrowLeft.png'
24.5845 	EXP 	image: autoDraw = True
24.5845 	EXP 	Arrow: autoDraw = True
26.0558 	DATA 	Keypress: 1
26.0811 	EXP 	image: autoDraw = False
26.0811 	EXP 	Arrow: autoDraw = False
26.0811 	EXP 	polygon: autoDraw = True
26.2472 	DATA 	Keypress: 1
27.0670 	EXP 	New trial (rep=0, index=2): {'NumberLetter': None, 'corrAns': 3, 'StimFile': 'lectern.jpg', 'ImgType': 'Furniture', 'ArrowImg': 'ArrowRight.png', 'False_StimFile': None, 'DurationTrial': None}
27.0846 	EXP 	polygon: autoDraw = False
27.0846 	EXP 	image: image = 'lectern.jpg'
27.0846 	EXP 	Arrow: image = 'ArrowRight.png'
27.0846 	EXP 	image: autoDraw = True
27.0846 	EXP 	Arrow: autoDraw = True
27.8809 	DATA 	Keypress: 3
27.9005 	EXP 	image: autoDraw = False
27.9005 	EXP 	Arrow: autoDraw = False
27.9005 	EXP 	polygon: autoDraw = True
28.1282 	DATA 	Keypress: 3
28.8871 	EXP 	New trial (rep=0, index=3): {'NumberLetter': None, 'corrAns': 1, 'StimFile': 'tiger.jpg', 'ImgType': 'Animal', 'ArrowImg': 'ArrowLeft.png', 'False_StimFile': None, 'DurationTrial': None}
28.9607 	EXP 	polygon: autoDraw = False
28.9607 	EXP 	polygon: autoDraw = False
28.9607 	EXP 	image: image = 'tiger.jpg'
28.9607 	EXP 	Arrow: image = 'ArrowLeft.png'
28.9607 	EXP 	image: autoDraw = True
28.9607 	EXP 	Arrow: autoDraw = True
29.7852 	DATA 	Keypress: 1
29.8015 	EXP 	image: autoDraw = False
29.8015 	EXP 	Arrow: autoDraw = False
29.8015 	EXP 	polygon: autoDraw = True
29.9492 	DATA 	Keypress: 1
30.8186 	EXP 	New trial (rep=0, index=4): {'NumberLetter': None, 'corrAns': 1, 'StimFile': 'Chest_of_drawers.jpg', 'ImgType': 'Furniture', 'ArrowImg': 'ArrowLeft.png', 'False_StimFile': None, 'DurationTrial': None}
30.8359 	EXP 	polygon: autoDraw = False
30.8359 	EXP 	image: image = 'Chest_of_drawers.jpg'
30.8359 	EXP 	Arrow: image = 'ArrowLeft.png'
30.8359 	EXP 	image: autoDraw = True
30.8359 	EXP 	Arrow: autoDraw = True
33.8588 	DATA 	Keypress: esc
33.8703 	EXP 	image: autoDraw = False
33.8703 	EXP 	Arrow: autoDraw = False
34.1353 	DATA 	Keypress: esc
34.1589 	EXP 	window1: mouseVisible = True
