2.5560 	WARNING 	We strongly recommend you activate the PTB sound engine in PsychoPy prefs as the preferred audio engine. Its timing is vastly superior. Your prefs are currently set to use ['sounddevice', 'PTB', 'pyo', 'pygame'] (in that order).
5.2560 	ERROR 	'0.0000, 0.0000, 0.0000' is not a valid rgb color
5.3414 	WARNING 	The specified video mode is not supported by this display, using native mode ...
5.3415 	WARNING 	Overriding user video settings: size (1536, 864) -> (1920, 1080), bpc (8, 8, 8) -> (8, 8, 8), refreshHz 60 -> 144
6.2275 	EXP 	Created window1 = Window(allowGUI=False, allowStencil=False, autoLog=True, backendConf=UNKNOWN, bitsMode=UNKNOWN, blendMode='avg', bpc=(8, 8, 8), color=array([0, 0, 0]), colorSpace='rgb', depthBits=8, fullscr=<method-wrapper '__getattribute__' of attributeSetter object at 0x00000166895604A8>, gamma=None, gammaErrorPolicy='raise', lms=UNKNOWN, monitor=<psychopy.monitors.calibTools.Monitor object at 0x00000166895768D0>, multiSample=False, name='window1', numSamples=2, pos=None, screen=0, size=array([1920, 1080]), stencilBits=0, stereo=False, units='height', useFBO=True, useRetina=False, viewOri=0.0, viewPos=None, viewScale=None, waitBlanking=True, winType='glfw')
6.2283 	EXP 	window1: mouseVisible = True
6.2283 	EXP 	window1: recordFrameIntervals = False
6.2967 	EXP 	window1: recordFrameIntervals = True
6.3731 	EXP 	window1: recordFrameIntervals = False
6.7507 	EXP 	Created text = TextStim(__class__=<class 'psychopy.visual.text.TextStim'>, alignHoriz=method-wrapper(...), alignText='center', alignVert=method-wrapper(...), anchorHoriz='center', anchorVert='center', antialias=True, autoLog=True, bold=False, color=array([1., 1., 1.]), colorSpace='rgb', contrast=1.0, depth=0.0, flipHoriz=False, flipVert=False, font='Open Sans', fontFiles=[], height=0.04, italic=False, languageStyle='LTR', name='text', opacity=1, ori=0.0, pos=array([0., 0.]), rgb=UNKNOWN, text=str(...), units='height', win=Window(...), wrapWidth=1)
6.7610 	EXP 	Created polygon_2 = ShapeStim(__class__=<class 'psychopy.visual.shape.ShapeStim'>, autoDraw=False, autoLog=True, closeShape=True, color=method-wrapper(...), colorSpace='rgb', contrast=None, depth=-1.0, fillColor=array([1, 1, 1]), fillColorSpace='rgb', fillRGB=array([1, 1, 1]), interpolate=True, lineColor=array([1., 1., 1.]), lineColorSpace='rgb', lineRGB=array([1, 1, 1]), lineWidth=1.0, name='polygon_2', opacity=1, ori=0.0, pos=array([0., 0.]), size=array([0.5, 0.5]), units='height', vertices=ndarray(...), win=Window(...), windingRule=None)
6.7650 	EXP 	Created Scrambled_img = ImageStim(__class__=<class 'psychopy.visual.image.ImageStim'>, autoLog=True, color=array([1., 1., 1.]), colorSpace='rgb', contrast=1.0, depth=0.0, flipHoriz=False, flipVert=False, image='sin', interpolate=True, mask=None, maskParams=None, name='Scrambled_img', opacity=1, ori=0.0, pos=array([0.   , 0.125]), size=array([1.  , 0.75]), texRes=128.0, units='height', win=Window(...))
6.7683 	EXP 	Created Arrow1 = ImageStim(__class__=<class 'psychopy.visual.image.ImageStim'>, autoLog=True, color=array([1., 1., 1.]), colorSpace='rgb', contrast=1.0, depth=-1.0, flipHoriz=False, flipVert=False, image='sin', interpolate=True, mask=None, maskParams=None, name='Arrow1', opacity=1, ori=0.0, pos=array([ 0.   , -0.375]), size=array([0.25, 0.25]), texRes=128.0, units='height', win=Window(...))
6.7701 	EXP 	Created polygon = ShapeStim(__class__=<class 'psychopy.visual.shape.ShapeStim'>, autoDraw=False, autoLog=True, closeShape=True, color=method-wrapper(...), colorSpace='rgb', contrast=None, depth=0.0, fillColor=array([1, 1, 1]), fillColorSpace='rgb', fillRGB=array([1, 1, 1]), interpolate=True, lineColor=array([1., 1., 1.]), lineColorSpace='rgb', lineRGB=array([1, 1, 1]), lineWidth=1.0, name='polygon', opacity=1, ori=0.0, pos=array([0., 0.]), size=array([0.5, 0.5]), units='height', vertices=ndarray(...), win=Window(...), windingRule=None)
6.7730 	EXP 	Created image = ImageStim(__class__=<class 'psychopy.visual.image.ImageStim'>, autoLog=True, color=array([1., 1., 1.]), colorSpace='rgb', contrast=1.0, depth=-1.0, flipHoriz=False, flipVert=False, image='sin', interpolate=True, mask=None, maskParams=None, name='image', opacity=1, ori=0.0, pos=array([0.   , 0.125]), size=array([1.  , 0.75]), texRes=128.0, units='height', win=Window(...))
6.7760 	EXP 	Created Arrow = ImageStim(__class__=<class 'psychopy.visual.image.ImageStim'>, autoLog=True, color=array([1., 1., 1.]), colorSpace='rgb', contrast=1.0, depth=-2.0, flipHoriz=False, flipVert=False, image='sin', interpolate=True, mask=None, maskParams=None, name='Arrow', opacity=1, ori=0.0, pos=array([ 0.   , -0.375]), size=array([0.25, 0.25]), texRes=128.0, units='height', win=Window(...))
6.7777 	EXP 	Created polygon = ShapeStim(__class__=<class 'psychopy.visual.shape.ShapeStim'>, autoDraw=False, autoLog=True, closeShape=True, color=method-wrapper(...), colorSpace='rgb', contrast=None, depth=0.0, fillColor=array([1, 1, 1]), fillColorSpace='rgb', fillRGB=array([1, 1, 1]), interpolate=True, lineColor=array([1., 1., 1.]), lineColorSpace='rgb', lineRGB=array([1, 1, 1]), lineWidth=1.0, name='polygon', opacity=1, ori=0.0, pos=array([0., 0.]), size=array([0.5, 0.5]), units='height', vertices=ndarray(...), win=Window(...), windingRule=None)
6.7807 	EXP 	Created image_2 = ImageStim(__class__=<class 'psychopy.visual.image.ImageStim'>, autoLog=True, color=array([1., 1., 1.]), colorSpace='rgb', contrast=1.0, depth=-1.0, flipHoriz=False, flipVert=False, image='sin', interpolate=True, mask=None, maskParams=None, name='image_2', opacity=1, ori=0.0, pos=array([0.   , 0.125]), size=array([1.  , 0.75]), texRes=128.0, units='height', win=Window(...))
6.8055 	EXP 	Created direction_options = ImageStim(__class__=<class 'psychopy.visual.image.ImageStim'>, autoLog=True, color=array([1., 1., 1.]), colorSpace='rgb', contrast=1.0, depth=-3.0, flipHoriz=False, flipVert=False, image='Gallery_arrowoptions.png', interpolate=True, mask=None, maskParams=None, name='direction_options', opacity=1, ori=0.0, pos=array([ 0.   , -0.375]), size=array([1.  , 0.25]), texRes=128.0, units='height', win=Window(...))
6.8075 	EXP 	Created polygon = ShapeStim(__class__=<class 'psychopy.visual.shape.ShapeStim'>, autoDraw=False, autoLog=True, closeShape=True, color=method-wrapper(...), colorSpace='rgb', contrast=None, depth=0.0, fillColor=array([1, 1, 1]), fillColorSpace='rgb', fillRGB=array([1, 1, 1]), interpolate=True, lineColor=array([1., 1., 1.]), lineColorSpace='rgb', lineRGB=array([1, 1, 1]), lineWidth=1.0, name='polygon', opacity=1, ori=0.0, pos=array([0., 0.]), size=array([0.5, 0.5]), units='height', vertices=ndarray(...), win=Window(...), windingRule=None)
6.8106 	EXP 	Created Scrambled_img = ImageStim(__class__=<class 'psychopy.visual.image.ImageStim'>, autoLog=True, color=array([1., 1., 1.]), colorSpace='rgb', contrast=1.0, depth=0.0, flipHoriz=False, flipVert=False, image='sin', interpolate=True, mask=None, maskParams=None, name='Scrambled_img', opacity=1, ori=0.0, pos=array([0.   , 0.125]), size=array([1.  , 0.75]), texRes=128.0, units='height', win=Window(...))
6.8137 	EXP 	Created Arrow1 = ImageStim(__class__=<class 'psychopy.visual.image.ImageStim'>, autoLog=True, color=array([1., 1., 1.]), colorSpace='rgb', contrast=1.0, depth=-1.0, flipHoriz=False, flipVert=False, image='sin', interpolate=True, mask=None, maskParams=None, name='Arrow1', opacity=1, ori=0.0, pos=array([ 0.   , -0.375]), size=array([0.25, 0.25]), texRes=128.0, units='height', win=Window(...))
6.8155 	EXP 	Created polygon = ShapeStim(__class__=<class 'psychopy.visual.shape.ShapeStim'>, autoDraw=False, autoLog=True, closeShape=True, color=method-wrapper(...), colorSpace='rgb', contrast=None, depth=0.0, fillColor=array([1, 1, 1]), fillColorSpace='rgb', fillRGB=array([1, 1, 1]), interpolate=True, lineColor=array([1., 1., 1.]), lineColorSpace='rgb', lineRGB=array([1, 1, 1]), lineWidth=1.0, name='polygon', opacity=1, ori=0.0, pos=array([0., 0.]), size=array([0.5, 0.5]), units='height', vertices=ndarray(...), win=Window(...), windingRule=None)
6.8403 	EXP 	Created text_2 = TextStim(__class__=<class 'psychopy.visual.text.TextStim'>, alignHoriz=method-wrapper(...), alignText='center', alignVert=method-wrapper(...), anchorHoriz='center', anchorVert='center', antialias=True, autoLog=True, bold=False, color=array([1., 1., 1.]), colorSpace='rgb', contrast=1.0, depth=0.0, flipHoriz=False, flipVert=False, font='Open Sans', fontFiles=[], height=0.1, italic=False, languageStyle='LTR', name='text_2', opacity=1, ori=0.0, pos=array([0., 0.]), rgb=UNKNOWN, text=str(...), units='height', win=Window(...), wrapWidth=1)
6.8680 	EXP 	text: autoDraw = True
8.1510 	DATA 	Keypress: 1
8.1517 	EXP 	text: autoDraw = False
8.1517 	EXP 	polygon_2: autoDraw = True
8.2799 	DATA 	Keypress: 1
12.7234 	EXP 	Imported OneShotLearning.csv as conditions, 11 conditions, 8 params
12.7237 	EXP 	Created sequence: random, trialTypes=11, nReps=0, seed=None
12.7284 	EXP 	Imported OneShotLearning_conditions.xlsx as conditions, 12 conditions, 2 params
12.7286 	EXP 	Created sequence: random, trialTypes=12, nReps=1, seed=None
12.7288 	EXP 	New trial (rep=0, index=0): {'Condition_rows': '12:16', 'Condition_rows_practice': None}
12.7322 	EXP 	Imported OneShotLearning_Shuffled.csv as conditions, 4 conditions, 4 params
12.7324 	EXP 	Created sequence: random, trialTypes=4, nReps=1, seed=None
12.7326 	EXP 	New trial (rep=0, index=0): OrderedDict([('StimFile', 'Images/rhino.jpg'), ('ImgType', 'Animal'), ('ArrowImg', 'ArrowUp.png'), ('Direction', 'neutral')])
12.7713 	DATA 	Keypress: s
12.7731 	EXP 	polygon_2: autoDraw = False
12.7731 	EXP 	image: image = 'Images/rhino.jpg'
12.7731 	EXP 	Arrow: image = 'ArrowUp.png'
12.7731 	EXP 	image: autoDraw = True
12.7731 	EXP 	Arrow: autoDraw = True
12.8713 	DATA 	Keypress: s
13.8833 	DATA 	Keypress: None
13.9955 	DATA 	Keypress: None
14.4356 	DATA 	Keypress: None
14.4356 	DATA 	Keypress: None
16.8702 	DATA 	Keypress: None
17.0103 	DATA 	Keypress: None
17.4303 	DATA 	Keypress: None
17.4304 	DATA 	Keypress: None
17.7309 	EXP 	image: autoDraw = False
17.7309 	EXP 	Arrow: autoDraw = False
17.7309 	EXP 	polygon: autoDraw = True
18.7230 	EXP 	New trial (rep=0, index=1): OrderedDict([('StimFile', 'Images/lioness.jpg'), ('ImgType', 'Animal'), ('ArrowImg', 'ArrowUp.png'), ('Direction', 'neutral')])
18.7392 	EXP 	polygon: autoDraw = False
18.7392 	EXP 	image: image = 'Images/lioness.jpg'
18.7392 	EXP 	Arrow: image = 'ArrowUp.png'
18.7392 	EXP 	image: autoDraw = True
18.7392 	EXP 	Arrow: autoDraw = True
23.7316 	EXP 	image: autoDraw = False
23.7316 	EXP 	Arrow: autoDraw = False
23.7316 	EXP 	polygon: autoDraw = True
24.7190 	EXP 	New trial (rep=0, index=2): OrderedDict([('StimFile', 'Images/lynx.jpg'), ('ImgType', 'Animal'), ('ArrowImg', 'ArrowUp.png'), ('Direction', 'neutral')])
24.7468 	EXP 	polygon: autoDraw = False
24.7468 	EXP 	image: image = 'Images/lynx.jpg'
24.7468 	EXP 	Arrow: image = 'ArrowUp.png'
24.7468 	EXP 	image: autoDraw = True
24.7468 	EXP 	Arrow: autoDraw = True
26.6753 	DATA 	Keypress: esc
26.9301 	EXP 	window1: mouseVisible = True
3.0688 	WARNING 	We strongly recommend you activate the PTB sound engine in PsychoPy prefs as the preferred audio engine. Its timing is vastly superior. Your prefs are currently set to use ['sounddevice', 'PTB', 'pyo', 'pygame'] (in that order).
5.9454 	ERROR 	'0.0000, 0.0000, 0.0000' is not a valid rgb color
6.0342 	WARNING 	The specified video mode is not supported by this display, using native mode ...
6.0342 	WARNING 	Overriding user video settings: size (1536, 864) -> (1920, 1080), bpc (8, 8, 8) -> (8, 8, 8), refreshHz 60 -> 144
6.8841 	EXP 	Created window1 = Window(allowGUI=False, allowStencil=False, autoLog=True, backendConf=UNKNOWN, bitsMode=UNKNOWN, blendMode='avg', bpc=(8, 8, 8), color=array([0, 0, 0]), colorSpace='rgb', depthBits=8, fullscr=<method-wrapper '__getattribute__' of attributeSetter object at 0x0000019054E7F4A8>, gamma=None, gammaErrorPolicy='raise', lms=UNKNOWN, monitor=<psychopy.monitors.calibTools.Monitor object at 0x0000019054E968D0>, multiSample=False, name='window1', numSamples=2, pos=None, screen=0, size=array([1920, 1080]), stencilBits=0, stereo=False, units='height', useFBO=True, useRetina=False, viewOri=0.0, viewPos=None, viewScale=None, waitBlanking=True, winType='glfw')
6.8843 	EXP 	window1: mouseVisible = True
6.8843 	EXP 	window1: recordFrameIntervals = False
6.9535 	EXP 	window1: recordFrameIntervals = True
7.0301 	EXP 	window1: recordFrameIntervals = False
7.4006 	EXP 	Created text = TextStim(__class__=<class 'psychopy.visual.text.TextStim'>, alignHoriz=method-wrapper(...), alignText='center', alignVert=method-wrapper(...), anchorHoriz='center', anchorVert='center', antialias=True, autoLog=True, bold=False, color=array([1., 1., 1.]), colorSpace='rgb', contrast=1.0, depth=0.0, flipHoriz=False, flipVert=False, font='Open Sans', fontFiles=[], height=0.04, italic=False, languageStyle='LTR', name='text', opacity=1, ori=0.0, pos=array([0., 0.]), rgb=UNKNOWN, text=str(...), units='height', win=Window(...), wrapWidth=1)
7.4096 	EXP 	Created polygon_2 = ShapeStim(__class__=<class 'psychopy.visual.shape.ShapeStim'>, autoDraw=False, autoLog=True, closeShape=True, color=method-wrapper(...), colorSpace='rgb', contrast=None, depth=-1.0, fillColor=array([1, 1, 1]), fillColorSpace='rgb', fillRGB=array([1, 1, 1]), interpolate=True, lineColor=array([1., 1., 1.]), lineColorSpace='rgb', lineRGB=array([1, 1, 1]), lineWidth=1.0, name='polygon_2', opacity=1, ori=0.0, pos=array([0., 0.]), size=array([0.5, 0.5]), units='height', vertices=ndarray(...), win=Window(...), windingRule=None)
7.4135 	EXP 	Created Scrambled_img = ImageStim(__class__=<class 'psychopy.visual.image.ImageStim'>, autoLog=True, color=array([1., 1., 1.]), colorSpace='rgb', contrast=1.0, depth=0.0, flipHoriz=False, flipVert=False, image='sin', interpolate=True, mask=None, maskParams=None, name='Scrambled_img', opacity=1, ori=0.0, pos=array([0.   , 0.125]), size=array([1.  , 0.75]), texRes=128.0, units='height', win=Window(...))
7.4166 	EXP 	Created Arrow1 = ImageStim(__class__=<class 'psychopy.visual.image.ImageStim'>, autoLog=True, color=array([1., 1., 1.]), colorSpace='rgb', contrast=1.0, depth=-1.0, flipHoriz=False, flipVert=False, image='sin', interpolate=True, mask=None, maskParams=None, name='Arrow1', opacity=1, ori=0.0, pos=array([ 0.   , -0.375]), size=array([0.25, 0.25]), texRes=128.0, units='height', win=Window(...))
7.4184 	EXP 	Created polygon = ShapeStim(__class__=<class 'psychopy.visual.shape.ShapeStim'>, autoDraw=False, autoLog=True, closeShape=True, color=method-wrapper(...), colorSpace='rgb', contrast=None, depth=0.0, fillColor=array([1, 1, 1]), fillColorSpace='rgb', fillRGB=array([1, 1, 1]), interpolate=True, lineColor=array([1., 1., 1.]), lineColorSpace='rgb', lineRGB=array([1, 1, 1]), lineWidth=1.0, name='polygon', opacity=1, ori=0.0, pos=array([0., 0.]), size=array([0.5, 0.5]), units='height', vertices=ndarray(...), win=Window(...), windingRule=None)
7.4218 	EXP 	Created image = ImageStim(__class__=<class 'psychopy.visual.image.ImageStim'>, autoLog=True, color=array([1., 1., 1.]), colorSpace='rgb', contrast=1.0, depth=-1.0, flipHoriz=False, flipVert=False, image='sin', interpolate=True, mask=None, maskParams=None, name='image', opacity=1, ori=0.0, pos=array([0.   , 0.125]), size=array([1.  , 0.75]), texRes=128.0, units='height', win=Window(...))
7.4250 	EXP 	Created Arrow = ImageStim(__class__=<class 'psychopy.visual.image.ImageStim'>, autoLog=True, color=array([1., 1., 1.]), colorSpace='rgb', contrast=1.0, depth=-2.0, flipHoriz=False, flipVert=False, image='sin', interpolate=True, mask=None, maskParams=None, name='Arrow', opacity=1, ori=0.0, pos=array([ 0.   , -0.375]), size=array([0.25, 0.25]), texRes=128.0, units='height', win=Window(...))
7.4267 	EXP 	Created polygon = ShapeStim(__class__=<class 'psychopy.visual.shape.ShapeStim'>, autoDraw=False, autoLog=True, closeShape=True, color=method-wrapper(...), colorSpace='rgb', contrast=None, depth=0.0, fillColor=array([1, 1, 1]), fillColorSpace='rgb', fillRGB=array([1, 1, 1]), interpolate=True, lineColor=array([1., 1., 1.]), lineColorSpace='rgb', lineRGB=array([1, 1, 1]), lineWidth=1.0, name='polygon', opacity=1, ori=0.0, pos=array([0., 0.]), size=array([0.5, 0.5]), units='height', vertices=ndarray(...), win=Window(...), windingRule=None)
7.4298 	EXP 	Created image_2 = ImageStim(__class__=<class 'psychopy.visual.image.ImageStim'>, autoLog=True, color=array([1., 1., 1.]), colorSpace='rgb', contrast=1.0, depth=-1.0, flipHoriz=False, flipVert=False, image='sin', interpolate=True, mask=None, maskParams=None, name='image_2', opacity=1, ori=0.0, pos=array([0.   , 0.125]), size=array([1.  , 0.75]), texRes=128.0, units='height', win=Window(...))
7.4548 	EXP 	Created direction_options = ImageStim(__class__=<class 'psychopy.visual.image.ImageStim'>, autoLog=True, color=array([1., 1., 1.]), colorSpace='rgb', contrast=1.0, depth=-3.0, flipHoriz=False, flipVert=False, image='Gallery_arrowoptions.png', interpolate=True, mask=None, maskParams=None, name='direction_options', opacity=1, ori=0.0, pos=array([ 0.   , -0.375]), size=array([1.  , 0.25]), texRes=128.0, units='height', win=Window(...))
7.4567 	EXP 	Created polygon = ShapeStim(__class__=<class 'psychopy.visual.shape.ShapeStim'>, autoDraw=False, autoLog=True, closeShape=True, color=method-wrapper(...), colorSpace='rgb', contrast=None, depth=0.0, fillColor=array([1, 1, 1]), fillColorSpace='rgb', fillRGB=array([1, 1, 1]), interpolate=True, lineColor=array([1., 1., 1.]), lineColorSpace='rgb', lineRGB=array([1, 1, 1]), lineWidth=1.0, name='polygon', opacity=1, ori=0.0, pos=array([0., 0.]), size=array([0.5, 0.5]), units='height', vertices=ndarray(...), win=Window(...), windingRule=None)
7.4596 	EXP 	Created Scrambled_img = ImageStim(__class__=<class 'psychopy.visual.image.ImageStim'>, autoLog=True, color=array([1., 1., 1.]), colorSpace='rgb', contrast=1.0, depth=0.0, flipHoriz=False, flipVert=False, image='sin', interpolate=True, mask=None, maskParams=None, name='Scrambled_img', opacity=1, ori=0.0, pos=array([0.   , 0.125]), size=array([1.  , 0.75]), texRes=128.0, units='height', win=Window(...))
7.4625 	EXP 	Created Arrow1 = ImageStim(__class__=<class 'psychopy.visual.image.ImageStim'>, autoLog=True, color=array([1., 1., 1.]), colorSpace='rgb', contrast=1.0, depth=-1.0, flipHoriz=False, flipVert=False, image='sin', interpolate=True, mask=None, maskParams=None, name='Arrow1', opacity=1, ori=0.0, pos=array([ 0.   , -0.375]), size=array([0.25, 0.25]), texRes=128.0, units='height', win=Window(...))
7.4643 	EXP 	Created polygon = ShapeStim(__class__=<class 'psychopy.visual.shape.ShapeStim'>, autoDraw=False, autoLog=True, closeShape=True, color=method-wrapper(...), colorSpace='rgb', contrast=None, depth=0.0, fillColor=array([1, 1, 1]), fillColorSpace='rgb', fillRGB=array([1, 1, 1]), interpolate=True, lineColor=array([1., 1., 1.]), lineColorSpace='rgb', lineRGB=array([1, 1, 1]), lineWidth=1.0, name='polygon', opacity=1, ori=0.0, pos=array([0., 0.]), size=array([0.5, 0.5]), units='height', vertices=ndarray(...), win=Window(...), windingRule=None)
7.4868 	EXP 	Created text_2 = TextStim(__class__=<class 'psychopy.visual.text.TextStim'>, alignHoriz=method-wrapper(...), alignText='center', alignVert=method-wrapper(...), anchorHoriz='center', anchorVert='center', antialias=True, autoLog=True, bold=False, color=array([1., 1., 1.]), colorSpace='rgb', contrast=1.0, depth=0.0, flipHoriz=False, flipVert=False, font='Open Sans', fontFiles=[], height=0.1, italic=False, languageStyle='LTR', name='text_2', opacity=1, ori=0.0, pos=array([0., 0.]), rgb=UNKNOWN, text=str(...), units='height', win=Window(...), wrapWidth=1)
7.5146 	EXP 	text: autoDraw = True
8.4471 	DATA 	Keypress: 2
8.4478 	EXP 	text: autoDraw = False
8.4478 	EXP 	polygon_2: autoDraw = True
8.5826 	DATA 	Keypress: 2
10.9709 	EXP 	Imported OneShotLearning.csv as conditions, 11 conditions, 8 params
10.9712 	EXP 	Created sequence: random, trialTypes=11, nReps=0, seed=None
10.9760 	EXP 	Imported OneShotLearning_conditions.xlsx as conditions, 12 conditions, 2 params
10.9762 	EXP 	Created sequence: random, trialTypes=12, nReps=1, seed=None
10.9764 	EXP 	New trial (rep=0, index=0): {'Condition_rows': '32:36', 'Condition_rows_practice': None}
10.9798 	EXP 	Imported OneShotLearning_Shuffled.csv as conditions, 4 conditions, 4 params
10.9800 	EXP 	Created sequence: random, trialTypes=4, nReps=1, seed=None
10.9802 	EXP 	New trial (rep=0, index=0): OrderedDict([('StimFile', 'Images/armchair.jpg'), ('ImgType', 'Furniture'), ('ArrowImg', 'ArrowLeft.png'), ('Direction', 'ArrowUp.png')])
11.0191 	DATA 	Keypress: s
11.0209 	EXP 	polygon_2: autoDraw = False
11.0209 	EXP 	image: image = 'Images/armchair.jpg'
11.0209 	EXP 	Arrow: image = 'ArrowLeft.png'
11.0209 	EXP 	image: autoDraw = True
11.0209 	EXP 	Arrow: autoDraw = True
11.1394 	DATA 	Keypress: s
12.0969 	DATA 	Keypress: None
12.2846 	DATA 	Keypress: None
12.5760 	DATA 	Keypress: v
13.0831 	DATA 	Keypress: v
13.0982 	DATA 	Keypress: s
13.2285 	DATA 	Keypress: s
13.4579 	DATA 	Keypress: v
13.5202 	DATA 	Keypress: None
13.5760 	DATA 	Keypress: None
14.0004 	DATA 	Keypress: None
14.5071 	DATA 	Keypress: None
14.5413 	DATA 	Keypress: None
14.5687 	DATA 	Keypress: None
14.6038 	DATA 	Keypress: None
14.6246 	DATA 	Keypress: None
14.9024 	DATA 	Keypress: None
15.0062 	DATA 	Keypress: None
15.3847 	DATA 	Keypress: None
15.3847 	DATA 	Keypress: None
15.9746 	EXP 	image: autoDraw = False
15.9746 	EXP 	Arrow: autoDraw = False
15.9746 	EXP 	polygon: autoDraw = True
16.9710 	EXP 	New trial (rep=0, index=1): OrderedDict([('StimFile', 'Images/bed.jpg'), ('ImgType', 'Furniture'), ('ArrowImg', 'ArrowRight.png'), ('Direction', 'ArrowUp.png')])
16.9867 	EXP 	polygon: autoDraw = False
16.9867 	EXP 	image: image = 'Images/bed.jpg'
16.9867 	EXP 	Arrow: image = 'ArrowRight.png'
16.9867 	EXP 	image: autoDraw = True
16.9867 	EXP 	Arrow: autoDraw = True
19.2078 	DATA 	Keypress: None
19.2989 	DATA 	Keypress: None
19.7103 	DATA 	Keypress: None
19.7103 	DATA 	Keypress: None
21.9764 	EXP 	image: autoDraw = False
21.9764 	EXP 	Arrow: autoDraw = False
21.9764 	EXP 	polygon: autoDraw = True
22.9710 	EXP 	New trial (rep=0, index=2): OrderedDict([('StimFile', 'Images/train.jpg'), ('ImgType', 'Vehicles'), ('ArrowImg', 'ArrowLeft.png'), ('Direction', 'ArrowRight.png')])
22.9941 	EXP 	polygon: autoDraw = False
22.9941 	EXP 	image: image = 'Images/train.jpg'
22.9941 	EXP 	Arrow: image = 'ArrowLeft.png'
22.9941 	EXP 	image: autoDraw = True
22.9941 	EXP 	Arrow: autoDraw = True
27.4367 	DATA 	Keypress: esc
27.6906 	EXP 	window1: mouseVisible = True
