8.1519 	WARNING 	We strongly recommend you activate the PTB sound engine in PsychoPy prefs as the preferred audio engine. Its timing is vastly superior. Your prefs are currently set to use ['sounddevice', 'PTB', 'pyo', 'pygame'] (in that order).
14.8135 	ERROR 	'0.0000, 0.0000, 0.0000' is not a valid rgb color
15.8479 	EXP 	Created window1 = Window(allowGUI=True, allowStencil=False, autoLog=True, backendConf=UNKNOWN, bitsMode=UNKNOWN, blendMode='avg', bpc=(8, 8, 8), color=array([0, 0, 0]), colorSpace='rgb', depthBits=8, fullscr=<method-wrapper '__getattribute__' of attributeSetter object at 0x000001E127726978>, gamma=None, gammaErrorPolicy='raise', lms=UNKNOWN, monitor=<psychopy.monitors.calibTools.Monitor object at 0x000001E12774ADA0>, multiSample=False, name='window1', numSamples=2, pos=[0.0, 0.0], screen=0, size=array([1920, 1055]), stencilBits=0, stereo=False, units='height', useFBO=True, useRetina=False, viewOri=0.0, viewPos=None, viewScale=None, waitBlanking=True, winType='glfw')
15.8480 	EXP 	window1: mouseVisible = True
15.8480 	EXP 	window1: recordFrameIntervals = False
15.9159 	EXP 	window1: recordFrameIntervals = True
15.9927 	EXP 	window1: recordFrameIntervals = False
16.3789 	EXP 	Created text = TextStim(__class__=<class 'psychopy.visual.text.TextStim'>, alignHoriz=method-wrapper(...), alignText='center', alignVert=method-wrapper(...), anchorHoriz='center', anchorVert='center', antialias=True, autoLog=True, bold=False, color=array([1., 1., 1.]), colorSpace='rgb', contrast=1.0, depth=0.0, flipHoriz=False, flipVert=False, font='Open Sans', fontFiles=[], height=0.04, italic=False, languageStyle='LTR', name='text', opacity=1, ori=0.0, pos=array([0., 0.]), rgb=UNKNOWN, text=str(...), units='height', win=Window(...), wrapWidth=1)
16.3824 	EXP 	Created image = ImageStim(__class__=<class 'psychopy.visual.image.ImageStim'>, autoLog=True, color=array([1., 1., 1.]), colorSpace='rgb', contrast=1.0, depth=-1.0, flipHoriz=False, flipVert=False, image='sin', interpolate=True, mask=None, maskParams=None, name='image', opacity=1, ori=0.0, pos=array([ 0.   , -0.125]), size=array([1.  , 0.75]), texRes=128.0, units='height', win=Window(...))
16.3852 	EXP 	Created Arrow = ImageStim(__class__=<class 'psychopy.visual.image.ImageStim'>, autoLog=True, color=array([1., 1., 1.]), colorSpace='rgb', contrast=1.0, depth=-2.0, flipHoriz=False, flipVert=False, image='sin', interpolate=True, mask=None, maskParams=None, name='Arrow', opacity=1, ori=0.0, pos=array([0.   , 0.375]), size=array([0.25, 0.25]), texRes=128.0, units='height', win=Window(...))
16.3876 	EXP 	Created polygon = ShapeStim(__class__=<class 'psychopy.visual.shape.ShapeStim'>, autoDraw=False, autoLog=True, closeShape=True, color=method-wrapper(...), colorSpace='rgb', contrast=None, depth=0.0, fillColor=array([1, 1, 1]), fillColorSpace='rgb', fillRGB=array([1, 1, 1]), interpolate=True, lineColor=array([1., 1., 1.]), lineColorSpace='rgb', lineRGB=array([1, 1, 1]), lineWidth=1.0, name='polygon', opacity=1, ori=0.0, pos=array([0., 0.]), size=array([0.5, 0.5]), units='height', vertices=ndarray(...), win=Window(...), windingRule=None)
16.3906 	EXP 	Created image_2 = ImageStim(__class__=<class 'psychopy.visual.image.ImageStim'>, autoLog=True, color=array([1., 1., 1.]), colorSpace='rgb', contrast=1.0, depth=-1.0, flipHoriz=False, flipVert=False, image='sin', interpolate=True, mask=None, maskParams=None, name='image_2', opacity=1, ori=0.0, pos=array([0.   , 0.125]), size=array([1.  , 0.75]), texRes=128.0, units='height', win=Window(...))
16.4185 	EXP 	Created direction_options = ImageStim(__class__=<class 'psychopy.visual.image.ImageStim'>, autoLog=True, color=array([1., 1., 1.]), colorSpace='rgb', contrast=1.0, depth=-3.0, flipHoriz=False, flipVert=False, image='Gallery_arrowoptions.png', interpolate=True, mask=None, maskParams=None, name='direction_options', opacity=1, ori=0.0, pos=array([ 0.   , -0.375]), size=array([1.  , 0.25]), texRes=128.0, units='height', win=Window(...))
16.4203 	EXP 	Created polygon = ShapeStim(__class__=<class 'psychopy.visual.shape.ShapeStim'>, autoDraw=False, autoLog=True, closeShape=True, color=method-wrapper(...), colorSpace='rgb', contrast=None, depth=0.0, fillColor=array([1, 1, 1]), fillColorSpace='rgb', fillRGB=array([1, 1, 1]), interpolate=True, lineColor=array([1., 1., 1.]), lineColorSpace='rgb', lineRGB=array([1, 1, 1]), lineWidth=1.0, name='polygon', opacity=1, ori=0.0, pos=array([0., 0.]), size=array([0.5, 0.5]), units='height', vertices=ndarray(...), win=Window(...), windingRule=None)
16.4448 	EXP 	Created text_2 = TextStim(__class__=<class 'psychopy.visual.text.TextStim'>, alignHoriz=method-wrapper(...), alignText='center', alignVert=method-wrapper(...), anchorHoriz='center', anchorVert='center', antialias=True, autoLog=True, bold=False, color=array([1., 1., 1.]), colorSpace='rgb', contrast=1.0, depth=0.0, flipHoriz=False, flipVert=False, font='Open Sans', fontFiles=[], height=0.1, italic=False, languageStyle='LTR', name='text_2', opacity=1, ori=0.0, pos=array([0., 0.]), rgb=UNKNOWN, text=str(...), units='height', win=Window(...), wrapWidth=1)
16.4789 	EXP 	text: autoDraw = True
17.5451 	DATA 	Keypress: 1
17.5560 	EXP 	Imported OneShotLearning_conditions.xlsx as conditions, 12 conditions, 1 params
17.5564 	EXP 	Created sequence: random, trialTypes=12, nReps=1, seed=None
17.5566 	EXP 	New trial (rep=0, index=0): {'Condition_rows': '12:16'}
17.5680 	EXP 	Imported OneShotLearning.xlsx as conditions, 4 conditions, 7 params
17.5683 	EXP 	Created sequence: random, trialTypes=4, nReps=1, seed=None
17.5686 	EXP 	New trial (rep=0, index=0): {'NumberLetter': None, 'corrAns': 1, 'StimFile': 'lioness.jpg', 'ImgType': 'Animal', 'ArrowImg': 'ArrowLeft.png', 'False_StimFile': None, 'DurationTrial': None}
17.6098 	EXP 	text: autoDraw = False
17.6098 	EXP 	image: image = 'lioness.jpg'
17.6098 	EXP 	Arrow: image = 'ArrowLeft.png'
17.6098 	EXP 	image: autoDraw = True
17.6098 	EXP 	Arrow: autoDraw = True
17.7046 	DATA 	Keypress: 1
20.5688 	EXP 	image: autoDraw = False
20.5688 	EXP 	Arrow: autoDraw = False
20.5688 	EXP 	polygon: autoDraw = True
21.5554 	EXP 	New trial (rep=0, index=1): {'NumberLetter': None, 'corrAns': 1, 'StimFile': 'rhino.jpg', 'ImgType': 'Animal', 'ArrowImg': 'ArrowLeft.png', 'False_StimFile': None, 'DurationTrial': None}
21.5744 	EXP 	polygon: autoDraw = False
21.5744 	EXP 	image: image = 'rhino.jpg'
21.5744 	EXP 	Arrow: image = 'ArrowLeft.png'
21.5744 	EXP 	image: autoDraw = True
21.5744 	EXP 	Arrow: autoDraw = True
24.5686 	EXP 	image: autoDraw = False
24.5686 	EXP 	Arrow: autoDraw = False
24.5686 	EXP 	polygon: autoDraw = True
24.8989 	DATA 	Keypress: 3
25.1283 	DATA 	Keypress: 3
25.5551 	EXP 	New trial (rep=0, index=2): {'NumberLetter': None, 'corrAns': 3, 'StimFile': 'lynx.jpg', 'ImgType': 'Animal', 'ArrowImg': 'ArrowRight.png', 'False_StimFile': None, 'DurationTrial': None}
25.5675 	EXP 	polygon: autoDraw = False
25.5675 	EXP 	image: image = 'lynx.jpg'
25.5675 	EXP 	Arrow: image = 'ArrowRight.png'
25.5675 	EXP 	image: autoDraw = True
25.5675 	EXP 	Arrow: autoDraw = True
25.8222 	DATA 	Keypress: 2
26.0519 	DATA 	Keypress: 2
26.4265 	DATA 	Keypress: 3
26.6558 	DATA 	Keypress: 3
28.5615 	EXP 	image: autoDraw = False
28.5615 	EXP 	Arrow: autoDraw = False
28.5615 	EXP 	polygon: autoDraw = True
29.5556 	EXP 	New trial (rep=0, index=3): {'NumberLetter': None, 'corrAns': 2, 'StimFile': 'platypus.jpg', 'ImgType': 'Animal', 'ArrowImg': 'ArrowUp.png', 'False_StimFile': None, 'DurationTrial': None}
29.5749 	EXP 	polygon: autoDraw = False
29.5749 	EXP 	image: image = 'platypus.jpg'
29.5749 	EXP 	Arrow: image = 'ArrowUp.png'
29.5749 	EXP 	image: autoDraw = True
29.5749 	EXP 	Arrow: autoDraw = True
30.7612 	DATA 	Keypress: 2
31.0112 	DATA 	Keypress: 2
32.5664 	EXP 	image: autoDraw = False
32.5664 	EXP 	Arrow: autoDraw = False
32.5664 	EXP 	polygon: autoDraw = True
33.5689 	EXP 	Imported OneShotLearning.xlsx as conditions, 4 conditions, 7 params
33.5692 	EXP 	Created sequence: random, trialTypes=4, nReps=1, seed=None
33.5694 	EXP 	New trial (rep=0, index=0): {'NumberLetter': None, 'corrAns': 3, 'StimFile': 'lynx.jpg', 'ImgType': 'Animal', 'ArrowImg': 'ArrowRight.png', 'False_StimFile': None, 'DurationTrial': None}
33.5816 	EXP 	polygon: autoDraw = False
33.5816 	EXP 	image_2: image = 'lynx.jpg'
33.5816 	EXP 	image_2: autoDraw = True
33.5816 	EXP 	direction_options: autoDraw = True
34.7537 	DATA 	Keypress: 3
34.9832 	DATA 	Keypress: 3
36.2943 	DATA 	Keypress: esc
36.4902 	DATA 	Keypress: esc
36.5170 	EXP 	window1: mouseVisible = True
