3.9569 	WARNING 	We strongly recommend you activate the PTB sound engine in PsychoPy prefs as the preferred audio engine. Its timing is vastly superior. Your prefs are currently set to use ['sounddevice', 'PTB', 'pyo', 'pygame'] (in that order).
6.9581 	ERROR 	'0.0000, 0.0000, 0.0000' is not a valid rgb color
7.9346 	EXP 	Created window1 = Window(allowGUI=True, allowStencil=False, autoLog=True, backendConf=UNKNOWN, bitsMode=UNKNOWN, blendMode='avg', bpc=(8, 8, 8), color=array([0, 0, 0]), colorSpace='rgb', depthBits=8, fullscr=<method-wrapper '__getattribute__' of attributeSetter object at 0x000002C1D78BD898>, gamma=None, gammaErrorPolicy='raise', lms=UNKNOWN, monitor=<psychopy.monitors.calibTools.Monitor object at 0x000002C1D7821CC0>, multiSample=False, name='window1', numSamples=2, pos=[760.0, 180.0], screen=0, size=array([1920, 1080]), stencilBits=0, stereo=False, units='height', useFBO=True, useRetina=False, viewOri=0.0, viewPos=None, viewScale=None, waitBlanking=True, winType='glfw')
7.9347 	EXP 	window1: mouseVisible = True
7.9347 	EXP 	window1: recordFrameIntervals = False
8.1010 	EXP 	window1: recordFrameIntervals = True
8.2840 	EXP 	window1: recordFrameIntervals = False
8.6449 	EXP 	Created text = TextStim(__class__=<class 'psychopy.visual.text.TextStim'>, alignHoriz=method-wrapper(...), alignText='center', alignVert=method-wrapper(...), anchorHoriz='center', anchorVert='center', antialias=True, autoLog=True, bold=False, color=array([1., 1., 1.]), colorSpace='rgb', contrast=1.0, depth=0.0, flipHoriz=False, flipVert=False, font='Open Sans', fontFiles=[], height=0.04, italic=False, languageStyle='LTR', name='text', opacity=1, ori=0.0, pos=array([0., 0.]), rgb=UNKNOWN, text=str(...), units='height', win=Window(...), wrapWidth=1)
8.6508 	EXP 	Created image = ImageStim(__class__=<class 'psychopy.visual.image.ImageStim'>, autoLog=True, color=array([1., 1., 1.]), colorSpace='rgb', contrast=1.0, depth=-1.0, flipHoriz=False, flipVert=False, image='sin', interpolate=True, mask=None, maskParams=None, name='image', opacity=1, ori=0.0, pos=array([ 0.   , -0.125]), size=array([1.  , 0.75]), texRes=128.0, units='height', win=Window(...))
8.6542 	EXP 	Created Arrow = ImageStim(__class__=<class 'psychopy.visual.image.ImageStim'>, autoLog=True, color=array([1., 1., 1.]), colorSpace='rgb', contrast=1.0, depth=-2.0, flipHoriz=False, flipVert=False, image='sin', interpolate=True, mask=None, maskParams=None, name='Arrow', opacity=1, ori=0.0, pos=array([0.   , 0.375]), size=array([0.25, 0.25]), texRes=128.0, units='height', win=Window(...))
8.6567 	EXP 	Created polygon = ShapeStim(__class__=<class 'psychopy.visual.shape.ShapeStim'>, autoDraw=False, autoLog=True, closeShape=True, color=method-wrapper(...), colorSpace='rgb', contrast=None, depth=0.0, fillColor=array([1, 1, 1]), fillColorSpace='rgb', fillRGB=array([1, 1, 1]), interpolate=True, lineColor=array([1., 1., 1.]), lineColorSpace='rgb', lineRGB=array([1, 1, 1]), lineWidth=1.0, name='polygon', opacity=1, ori=0.0, pos=array([0., 0.]), size=array([0.5, 0.5]), units='height', vertices=ndarray(...), win=Window(...), windingRule=None)
8.6644 	EXP 	Created image_2 = ImageStim(__class__=<class 'psychopy.visual.image.ImageStim'>, autoLog=True, color=array([1., 1., 1.]), colorSpace='rgb', contrast=1.0, depth=-1.0, flipHoriz=False, flipVert=False, image='sin', interpolate=True, mask=None, maskParams=None, name='image_2', opacity=1, ori=0.0, pos=array([0.   , 0.125]), size=array([1.  , 0.75]), texRes=128.0, units='height', win=Window(...))
8.7122 	EXP 	Created direction_options = ImageStim(__class__=<class 'psychopy.visual.image.ImageStim'>, autoLog=True, color=array([1., 1., 1.]), colorSpace='rgb', contrast=1.0, depth=-3.0, flipHoriz=False, flipVert=False, image='Gallery_arrowoptions.png', interpolate=True, mask=None, maskParams=None, name='direction_options', opacity=1, ori=0.0, pos=array([ 0.   , -0.375]), size=array([1.  , 0.25]), texRes=128.0, units='height', win=Window(...))
8.7142 	EXP 	Created polygon = ShapeStim(__class__=<class 'psychopy.visual.shape.ShapeStim'>, autoDraw=False, autoLog=True, closeShape=True, color=method-wrapper(...), colorSpace='rgb', contrast=None, depth=0.0, fillColor=array([1, 1, 1]), fillColorSpace='rgb', fillRGB=array([1, 1, 1]), interpolate=True, lineColor=array([1., 1., 1.]), lineColorSpace='rgb', lineRGB=array([1, 1, 1]), lineWidth=1.0, name='polygon', opacity=1, ori=0.0, pos=array([0., 0.]), size=array([0.5, 0.5]), units='height', vertices=ndarray(...), win=Window(...), windingRule=None)
8.7363 	EXP 	Created text_2 = TextStim(__class__=<class 'psychopy.visual.text.TextStim'>, alignHoriz=method-wrapper(...), alignText='center', alignVert=method-wrapper(...), anchorHoriz='center', anchorVert='center', antialias=True, autoLog=True, bold=False, color=array([1., 1., 1.]), colorSpace='rgb', contrast=1.0, depth=0.0, flipHoriz=False, flipVert=False, font='Open Sans', fontFiles=[], height=0.1, italic=False, languageStyle='LTR', name='text_2', opacity=1, ori=0.0, pos=array([0., 0.]), rgb=UNKNOWN, text=str(...), units='height', win=Window(...), wrapWidth=1)
8.8306 	EXP 	text: autoDraw = True
10.3821 	DATA 	Keypress: 2
10.3919 	EXP 	Imported OneShotLearning_conditions.xlsx as conditions, 12 conditions, 1 params
10.3922 	EXP 	Created sequence: random, trialTypes=12, nReps=1, seed=None
10.3924 	EXP 	New trial (rep=0, index=0): {'Condition_rows': '16:20'}
10.3976 	EXP 	Imported OneShotLearning_Shuffled.csv as conditions, 4 conditions, 4 params
10.3979 	EXP 	Created sequence: random, trialTypes=4, nReps=1, seed=None
10.3981 	EXP 	New trial (rep=0, index=0): OrderedDict([('StimFile', 'tiger.jpg'), ('ImgType', 'Animal'), ('ArrowImg', 'ArrowLeft.png'), ('Direction', 'insertdirection')])
10.4334 	EXP 	text: autoDraw = False
10.4334 	EXP 	image: image = 'tiger.jpg'
10.4334 	EXP 	Arrow: image = 'ArrowLeft.png'
10.4334 	EXP 	image: autoDraw = True
10.4334 	EXP 	Arrow: autoDraw = True
10.5651 	DATA 	Keypress: 2
11.2984 	DATA 	Keypress: 1
11.5153 	DATA 	Keypress: 1
13.4195 	EXP 	image: autoDraw = False
13.4195 	EXP 	Arrow: autoDraw = False
13.4195 	EXP 	polygon: autoDraw = True
14.4035 	EXP 	New trial (rep=0, index=1): OrderedDict([('StimFile', 'turtle.jpg'), ('ImgType', 'Animal'), ('ArrowImg', 'ArrowUp.png'), ('Direction', 'insertdirection')])
14.4209 	EXP 	polygon: autoDraw = False
14.4209 	EXP 	image: image = 'turtle.jpg'
14.4209 	EXP 	Arrow: image = 'ArrowUp.png'
14.4209 	EXP 	image: autoDraw = True
14.4209 	EXP 	Arrow: autoDraw = True
14.8507 	DATA 	Keypress: 2
15.1006 	DATA 	Keypress: 2
17.4045 	EXP 	image: autoDraw = False
17.4045 	EXP 	Arrow: autoDraw = False
17.4045 	EXP 	polygon: autoDraw = True
18.3888 	EXP 	New trial (rep=0, index=2): OrderedDict([('StimFile', 'tapir.jpg'), ('ImgType', 'Animal'), ('ArrowImg', 'ArrowRight.png'), ('Direction', 'insertdirection')])
18.4060 	EXP 	polygon: autoDraw = False
18.4060 	EXP 	image: image = 'tapir.jpg'
18.4060 	EXP 	Arrow: image = 'ArrowRight.png'
18.4060 	EXP 	image: autoDraw = True
18.4060 	EXP 	Arrow: autoDraw = True
19.0691 	DATA 	Keypress: 3
19.2357 	DATA 	Keypress: 3
21.4064 	EXP 	image: autoDraw = False
21.4064 	EXP 	Arrow: autoDraw = False
21.4064 	EXP 	polygon: autoDraw = True
22.3907 	EXP 	New trial (rep=0, index=3): OrderedDict([('StimFile', 'snake.jpg'), ('ImgType', 'Animal'), ('ArrowImg', 'ArrowUp.png'), ('Direction', 'insertdirection')])
22.4079 	EXP 	polygon: autoDraw = False
22.4079 	EXP 	image: image = 'snake.jpg'
22.4079 	EXP 	Arrow: image = 'ArrowUp.png'
22.4079 	EXP 	image: autoDraw = True
22.4079 	EXP 	Arrow: autoDraw = True
23.0205 	DATA 	Keypress: 2
23.2040 	DATA 	Keypress: 2
25.4082 	EXP 	image: autoDraw = False
25.4082 	EXP 	Arrow: autoDraw = False
25.4082 	EXP 	polygon: autoDraw = True
26.3960 	EXP 	Imported OneShotLearning_Shuffled.csv as conditions, 4 conditions, 4 params
26.3962 	EXP 	Created sequence: random, trialTypes=4, nReps=1, seed=None
26.3964 	EXP 	New trial (rep=0, index=0): OrderedDict([('StimFile', 'turtle.jpg'), ('ImgType', 'Animal'), ('ArrowImg', 'ArrowUp.png'), ('Direction', 'insertdirection')])
26.4258 	EXP 	polygon: autoDraw = False
26.4258 	EXP 	image_2: image = 'turtle.jpg'
26.4258 	EXP 	image_2: autoDraw = True
26.4258 	EXP 	direction_options: autoDraw = True
27.2892 	DATA 	Keypress: 2
27.5394 	DATA 	Keypress: 2
29.4100 	EXP 	image_2: autoDraw = False
29.4100 	EXP 	direction_options: autoDraw = False
29.4100 	EXP 	polygon: autoDraw = True
30.3943 	EXP 	New trial (rep=0, index=1): OrderedDict([('StimFile', 'tapir.jpg'), ('ImgType', 'Animal'), ('ArrowImg', 'ArrowRight.png'), ('Direction', 'insertdirection')])
30.4128 	EXP 	polygon: autoDraw = False
30.4128 	EXP 	image_2: image = 'tapir.jpg'
30.4128 	EXP 	image_2: autoDraw = True
30.4128 	EXP 	direction_options: autoDraw = True
31.0077 	DATA 	Keypress: 1
31.2075 	DATA 	Keypress: 1
32.1753 	DATA 	Keypress: esc
32.4084 	DATA 	Keypress: esc
32.4288 	EXP 	window1: mouseVisible = True
