2.2110 	WARNING 	We strongly recommend you activate the PTB sound engine in PsychoPy prefs as the preferred audio engine. Its timing is vastly superior. Your prefs are currently set to use ['sounddevice', 'PTB', 'pyo', 'pygame'] (in that order).
5.1855 	ERROR 	'0.0000, 0.0000, 0.0000' is not a valid rgb color
6.3927 	EXP 	Created window1 = Window(allowGUI=True, allowStencil=False, autoLog=True, backendConf=UNKNOWN, bitsMode=UNKNOWN, blendMode='avg', bpc=(8, 8, 8), color=array([0, 0, 0]), colorSpace='rgb', depthBits=8, fullscr=<method-wrapper '__getattribute__' of attributeSetter object at 0x00000154CF5FC908>, gamma=None, gammaErrorPolicy='raise', lms=UNKNOWN, monitor=<psychopy.monitors.calibTools.Monitor object at 0x00000154CF564D30>, multiSample=False, name='window1', numSamples=2, pos=[760.0, 180.0], screen=0, size=array([1920, 1080]), stencilBits=0, stereo=False, units='height', useFBO=True, useRetina=False, viewOri=0.0, viewPos=None, viewScale=None, waitBlanking=True, winType='glfw')
6.3927 	EXP 	window1: mouseVisible = True
6.3927 	EXP 	window1: recordFrameIntervals = False
6.5589 	EXP 	window1: recordFrameIntervals = True
6.7426 	EXP 	window1: recordFrameIntervals = False
7.1198 	EXP 	Created text = TextStim(__class__=<class 'psychopy.visual.text.TextStim'>, alignHoriz=method-wrapper(...), alignText='center', alignVert=method-wrapper(...), anchorHoriz='center', anchorVert='center', antialias=True, autoLog=True, bold=False, color=array([1., 1., 1.]), colorSpace='rgb', contrast=1.0, depth=0.0, flipHoriz=False, flipVert=False, font='Open Sans', fontFiles=[], height=0.04, italic=False, languageStyle='LTR', name='text', opacity=1, ori=0.0, pos=array([0., 0.]), rgb=UNKNOWN, text=str(...), units='height', win=Window(...), wrapWidth=1)
7.1247 	EXP 	Created image = ImageStim(__class__=<class 'psychopy.visual.image.ImageStim'>, autoLog=True, color=array([1., 1., 1.]), colorSpace='rgb', contrast=1.0, depth=-1.0, flipHoriz=False, flipVert=False, image='sin', interpolate=True, mask=None, maskParams=None, name='image', opacity=1, ori=0.0, pos=array([ 0.   , -0.125]), size=array([1.  , 0.75]), texRes=128.0, units='height', win=Window(...))
7.1279 	EXP 	Created Arrow = ImageStim(__class__=<class 'psychopy.visual.image.ImageStim'>, autoLog=True, color=array([1., 1., 1.]), colorSpace='rgb', contrast=1.0, depth=-2.0, flipHoriz=False, flipVert=False, image='sin', interpolate=True, mask=None, maskParams=None, name='Arrow', opacity=1, ori=0.0, pos=array([0.   , 0.375]), size=array([0.25, 0.25]), texRes=128.0, units='height', win=Window(...))
7.1305 	EXP 	Created polygon = ShapeStim(__class__=<class 'psychopy.visual.shape.ShapeStim'>, autoDraw=False, autoLog=True, closeShape=True, color=method-wrapper(...), colorSpace='rgb', contrast=None, depth=0.0, fillColor=array([1, 1, 1]), fillColorSpace='rgb', fillRGB=array([1, 1, 1]), interpolate=True, lineColor=array([1., 1., 1.]), lineColorSpace='rgb', lineRGB=array([1, 1, 1]), lineWidth=1.0, name='polygon', opacity=1, ori=0.0, pos=array([0., 0.]), size=array([0.5, 0.5]), units='height', vertices=ndarray(...), win=Window(...), windingRule=None)
7.1381 	EXP 	Created image_2 = ImageStim(__class__=<class 'psychopy.visual.image.ImageStim'>, autoLog=True, color=array([1., 1., 1.]), colorSpace='rgb', contrast=1.0, depth=-1.0, flipHoriz=False, flipVert=False, image='sin', interpolate=True, mask=None, maskParams=None, name='image_2', opacity=1, ori=0.0, pos=array([0.   , 0.125]), size=array([1.  , 0.75]), texRes=128.0, units='height', win=Window(...))
7.1861 	EXP 	Created direction_options = ImageStim(__class__=<class 'psychopy.visual.image.ImageStim'>, autoLog=True, color=array([1., 1., 1.]), colorSpace='rgb', contrast=1.0, depth=-3.0, flipHoriz=False, flipVert=False, image='Gallery_arrowoptions.png', interpolate=True, mask=None, maskParams=None, name='direction_options', opacity=1, ori=0.0, pos=array([ 0.   , -0.375]), size=array([1.  , 0.25]), texRes=128.0, units='height', win=Window(...))
7.1880 	EXP 	Created polygon = ShapeStim(__class__=<class 'psychopy.visual.shape.ShapeStim'>, autoDraw=False, autoLog=True, closeShape=True, color=method-wrapper(...), colorSpace='rgb', contrast=None, depth=0.0, fillColor=array([1, 1, 1]), fillColorSpace='rgb', fillRGB=array([1, 1, 1]), interpolate=True, lineColor=array([1., 1., 1.]), lineColorSpace='rgb', lineRGB=array([1, 1, 1]), lineWidth=1.0, name='polygon', opacity=1, ori=0.0, pos=array([0., 0.]), size=array([0.5, 0.5]), units='height', vertices=ndarray(...), win=Window(...), windingRule=None)
7.2120 	EXP 	Created text_2 = TextStim(__class__=<class 'psychopy.visual.text.TextStim'>, alignHoriz=method-wrapper(...), alignText='center', alignVert=method-wrapper(...), anchorHoriz='center', anchorVert='center', antialias=True, autoLog=True, bold=False, color=array([1., 1., 1.]), colorSpace='rgb', contrast=1.0, depth=0.0, flipHoriz=False, flipVert=False, font='Open Sans', fontFiles=[], height=0.1, italic=False, languageStyle='LTR', name='text_2', opacity=1, ori=0.0, pos=array([0., 0.]), rgb=UNKNOWN, text=str(...), units='height', win=Window(...), wrapWidth=1)
7.2984 	EXP 	text: autoDraw = True
8.5931 	EXP 	Imported OneShotLearning.xlsx as conditions, 48 conditions, 8 params
8.5936 	EXP 	Created sequence: random, trialTypes=48, nReps=1, seed=None
8.5938 	EXP 	New trial (rep=0, index=0): {'NumberLetter': None, 'corrAns': 1, 'StimFile': 'dromedary.jpg', 'ImgType': 'Animal', 'ArrowImg': 'ArrowLeft.png', 'ImgOrientation': None, 'Congruency': None, 'Direction': None}
8.5954 	EXP 	New trial (rep=0, index=1): {'NumberLetter': None, 'corrAns': 3, 'StimFile': 'cow.jpg', 'ImgType': 'Animal', 'ArrowImg': 'ArrowRight.png', 'ImgOrientation': None, 'Congruency': None, 'Direction': None}
8.5970 	EXP 	New trial (rep=0, index=2): {'NumberLetter': None, 'corrAns': 1, 'StimFile': 'tiger.jpg', 'ImgType': 'Animal', 'ArrowImg': 'ArrowLeft.png', 'ImgOrientation': None, 'Congruency': None, 'Direction': None}
8.5984 	EXP 	New trial (rep=0, index=3): {'NumberLetter': None, 'corrAns': 3, 'StimFile': 'elephant.jpg', 'ImgType': 'Animal', 'ArrowImg': 'ArrowRight.png', 'ImgOrientation': None, 'Congruency': None, 'Direction': None}
8.5999 	EXP 	New trial (rep=0, index=4): {'NumberLetter': None, 'corrAns': 1, 'StimFile': 'cheetah.jpg', 'ImgType': 'Animal', 'ArrowImg': 'ArrowLeft.png', 'ImgOrientation': None, 'Congruency': None, 'Direction': None}
8.6014 	EXP 	New trial (rep=0, index=5): {'NumberLetter': None, 'corrAns': 3, 'StimFile': 'lectern.jpg', 'ImgType': 'Furniture', 'ArrowImg': 'ArrowRight.png', 'ImgOrientation': None, 'Congruency': None, 'Direction': None}
8.6029 	EXP 	New trial (rep=0, index=6): {'NumberLetter': None, 'corrAns': 1, 'StimFile': 'cart.jpg', 'ImgType': 'Vehicles', 'ArrowImg': 'ArrowLeft.png', 'ImgOrientation': None, 'Congruency': None, 'Direction': None}
8.6044 	EXP 	New trial (rep=0, index=7): {'NumberLetter': None, 'corrAns': 1, 'StimFile': 'van.jpg', 'ImgType': 'Vehicles', 'ArrowImg': 'ArrowLeft.png', 'ImgOrientation': None, 'Congruency': None, 'Direction': None}
8.6059 	EXP 	New trial (rep=0, index=8): {'NumberLetter': None, 'corrAns': 3, 'StimFile': 'bookcase.jpg', 'ImgType': 'Furniture', 'ArrowImg': 'ArrowRight.png', 'ImgOrientation': 'neutral', 'Congruency': 'neutral', 'Direction': None}
8.6074 	EXP 	New trial (rep=0, index=9): {'NumberLetter': None, 'corrAns': 1, 'StimFile': 'skateboard.jpg', 'ImgType': 'Vehicles', 'ArrowImg': 'ArrowLeft.png', 'ImgOrientation': None, 'Congruency': None, 'Direction': None}
8.6089 	EXP 	New trial (rep=0, index=10): {'NumberLetter': None, 'corrAns': 3, 'StimFile': 'bat.jpg', 'ImgType': 'Animal', 'ArrowImg': 'ArrowRight.png', 'ImgOrientation': 'left', 'Congruency': 'Incongruent - opposite', 'Direction': 'ArrowRight.png'}
8.6104 	EXP 	New trial (rep=0, index=11): {'NumberLetter': None, 'corrAns': 2, 'StimFile': 'bed.jpg', 'ImgType': 'Furniture', 'ArrowImg': 'ArrowUp.png', 'ImgOrientation': None, 'Congruency': None, 'Direction': None}
8.6119 	EXP 	New trial (rep=0, index=12): {'NumberLetter': None, 'corrAns': 1, 'StimFile': 'Chest_of_drawers.jpg', 'ImgType': 'Furniture', 'ArrowImg': 'ArrowLeft.png', 'ImgOrientation': None, 'Congruency': None, 'Direction': None}
8.6133 	EXP 	New trial (rep=0, index=13): {'NumberLetter': None, 'corrAns': 1, 'StimFile': 'hippopotamus.jpg', 'ImgType': 'Animal', 'ArrowImg': 'ArrowLeft.png', 'ImgOrientation': None, 'Congruency': None, 'Direction': None}
8.6148 	EXP 	New trial (rep=0, index=14): {'NumberLetter': None, 'corrAns': 2, 'StimFile': 'giraffe.jpg', 'ImgType': 'Animal', 'ArrowImg': 'ArrowUp.png', 'ImgOrientation': None, 'Congruency': None, 'Direction': None}
8.6163 	EXP 	New trial (rep=0, index=15): {'NumberLetter': None, 'corrAns': 2, 'StimFile': 'zebra.jpg', 'ImgType': 'Animal', 'ArrowImg': 'ArrowUp.png', 'ImgOrientation': None, 'Congruency': None, 'Direction': None}
8.6178 	EXP 	New trial (rep=0, index=16): {'NumberLetter': None, 'corrAns': 3, 'StimFile': 'stool.jpg', 'ImgType': 'Furniture', 'ArrowImg': 'ArrowRight.png', 'ImgOrientation': None, 'Congruency': None, 'Direction': None}
8.6193 	EXP 	New trial (rep=0, index=17): {'NumberLetter': None, 'corrAns': 2, 'StimFile': 'crocodile.jpg', 'ImgType': 'Animal', 'ArrowImg': 'ArrowUp.png', 'ImgOrientation': 'right', 'Congruency': 'Incongruent - perpendicular', 'Direction': None}
8.6208 	EXP 	New trial (rep=0, index=18): {'NumberLetter': None, 'corrAns': 2, 'StimFile': 'tapir.jpg', 'ImgType': 'Animal', 'ArrowImg': 'ArrowUp.png', 'ImgOrientation': None, 'Congruency': None, 'Direction': None}
8.6223 	EXP 	New trial (rep=0, index=19): {'NumberLetter': None, 'corrAns': 2, 'StimFile': 'filling_cabinet.jpg', 'ImgType': 'Furniture', 'ArrowImg': 'ArrowUp.png', 'ImgOrientation': None, 'Congruency': None, 'Direction': None}
8.6238 	EXP 	New trial (rep=0, index=20): {'NumberLetter': None, 'corrAns': 2, 'StimFile': 'rocking_chair.jpg', 'ImgType': 'Furniture', 'ArrowImg': 'ArrowUp.png', 'ImgOrientation': None, 'Congruency': None, 'Direction': None}
8.6252 	EXP 	New trial (rep=0, index=21): {'NumberLetter': None, 'corrAns': 3, 'StimFile': 'bus.jpg', 'ImgType': 'Vehicles', 'ArrowImg': 'ArrowRight.png', 'ImgOrientation': None, 'Congruency': None, 'Direction': None}
8.6268 	EXP 	New trial (rep=0, index=22): {'NumberLetter': None, 'corrAns': 3, 'StimFile': 'scooter.jpg', 'ImgType': 'Vehicles', 'ArrowImg': 'ArrowRight.png', 'ImgOrientation': None, 'Congruency': None, 'Direction': None}
8.6282 	EXP 	New trial (rep=0, index=23): {'NumberLetter': None, 'corrAns': 1, 'StimFile': 'sofa.jpg', 'ImgType': 'Furniture', 'ArrowImg': 'ArrowLeft.png', 'ImgOrientation': None, 'Congruency': None, 'Direction': None}
8.6297 	EXP 	New trial (rep=0, index=24): {'NumberLetter': None, 'corrAns': 1, 'StimFile': 'lioness.jpg', 'ImgType': 'Animal', 'ArrowImg': 'ArrowLeft.png', 'ImgOrientation': None, 'Congruency': None, 'Direction': None}
8.6312 	EXP 	New trial (rep=0, index=25): {'NumberLetter': None, 'corrAns': 2, 'StimFile': 'cat.jpg', 'ImgType': 'Animal', 'ArrowImg': 'ArrowUp.png', 'ImgOrientation': None, 'Congruency': None, 'Direction': 'ArrowUp.png'}
8.6327 	EXP 	New trial (rep=0, index=26): {'NumberLetter': None, 'corrAns': 2, 'StimFile': 'table.jpg', 'ImgType': 'Furniture', 'ArrowImg': 'ArrowUp.png', 'ImgOrientation': None, 'Congruency': None, 'Direction': None}
8.6342 	EXP 	New trial (rep=0, index=27): {'NumberLetter': None, 'corrAns': 3, 'StimFile': 'turtle.jpg', 'ImgType': 'Animal', 'ArrowImg': 'ArrowRight.png', 'ImgOrientation': None, 'Congruency': None, 'Direction': None}
8.6356 	EXP 	New trial (rep=0, index=28): {'NumberLetter': None, 'corrAns': 1, 'StimFile': 'lamp.jpg', 'ImgType': 'Furniture', 'ArrowImg': 'ArrowLeft.png', 'ImgOrientation': None, 'Congruency': None, 'Direction': None}
8.6371 	EXP 	New trial (rep=0, index=29): {'NumberLetter': None, 'corrAns': 2, 'StimFile': 'car.jpg', 'ImgType': 'Vehicles', 'ArrowImg': 'ArrowUp.png', 'ImgOrientation': None, 'Congruency': None, 'Direction': None}
8.6386 	EXP 	New trial (rep=0, index=30): {'NumberLetter': None, 'corrAns': 1, 'StimFile': 'bedside_table.jpg', 'ImgType': 'Furniture', 'ArrowImg': 'ArrowLeft.png', 'ImgOrientation': None, 'Congruency': None, 'Direction': None}
8.6401 	EXP 	New trial (rep=0, index=31): {'NumberLetter': None, 'corrAns': 2, 'StimFile': 'ship.jpg', 'ImgType': 'Vehicles', 'ArrowImg': 'ArrowUp.png', 'ImgOrientation': None, 'Congruency': None, 'Direction': None}
8.6416 	EXP 	New trial (rep=0, index=32): {'NumberLetter': None, 'corrAns': 3, 'StimFile': 'armchair.jpg', 'ImgType': 'Furniture', 'ArrowImg': 'ArrowRight.png', 'ImgOrientation': None, 'Congruency': None, 'Direction': None}
8.6433 	EXP 	New trial (rep=0, index=33): {'NumberLetter': None, 'corrAns': 2, 'StimFile': 'paragliding.jpg', 'ImgType': 'Vehicles', 'ArrowImg': 'ArrowUp.png', 'ImgOrientation': None, 'Congruency': None, 'Direction': None}
8.6447 	EXP 	New trial (rep=0, index=34): {'NumberLetter': None, 'corrAns': 2, 'StimFile': 'train', 'ImgType': 'Vehicles', 'ArrowImg': 'ArrowUp.png', 'ImgOrientation': None, 'Congruency': None, 'Direction': None}
8.6462 	EXP 	New trial (rep=0, index=35): {'NumberLetter': None, 'corrAns': 3, 'StimFile': 'horse.jpg', 'ImgType': 'Animal', 'ArrowImg': 'ArrowRight.png', 'ImgOrientation': None, 'Congruency': None, 'Direction': None}
8.6477 	EXP 	New trial (rep=0, index=36): {'NumberLetter': None, 'corrAns': 3, 'StimFile': 'lynx.jpg', 'ImgType': 'Animal', 'ArrowImg': 'ArrowRight.png', 'ImgOrientation': None, 'Congruency': None, 'Direction': None}
8.6492 	EXP 	New trial (rep=0, index=37): {'NumberLetter': None, 'corrAns': 3, 'StimFile': 'snake.jpg', 'ImgType': 'Animal', 'ArrowImg': 'ArrowRight.png', 'ImgOrientation': None, 'Congruency': None, 'Direction': None}
8.6507 	EXP 	New trial (rep=0, index=38): {'NumberLetter': None, 'corrAns': 2, 'StimFile': 'chair.jpg', 'ImgType': 'Furniture', 'ArrowImg': 'ArrowUp.png', 'ImgOrientation': None, 'Congruency': None, 'Direction': None}
8.6522 	EXP 	New trial (rep=0, index=39): {'NumberLetter': None, 'corrAns': 2, 'StimFile': 'platypus.jpg', 'ImgType': 'Animal', 'ArrowImg': 'ArrowUp.png', 'ImgOrientation': None, 'Congruency': None, 'Direction': None}
8.6537 	EXP 	New trial (rep=0, index=40): {'NumberLetter': None, 'corrAns': 2, 'StimFile': 'kangaroo.jpg', 'ImgType': 'Animal', 'ArrowImg': 'ArrowUp.png', 'ImgOrientation': None, 'Congruency': None, 'Direction': None}
8.6552 	EXP 	New trial (rep=0, index=41): {'NumberLetter': None, 'corrAns': 1, 'StimFile': 'plane.jpg', 'ImgType': 'Vehicles', 'ArrowImg': 'ArrowLeft.png', 'ImgOrientation': None, 'Congruency': None, 'Direction': None}
8.6567 	EXP 	New trial (rep=0, index=42): {'NumberLetter': None, 'corrAns': 1, 'StimFile': 'rhino.jpg', 'ImgType': 'Animal', 'ArrowImg': 'ArrowLeft.png', 'ImgOrientation': None, 'Congruency': None, 'Direction': None}
8.6581 	EXP 	New trial (rep=0, index=43): {'NumberLetter': None, 'corrAns': 3, 'StimFile': 'tractor.jpg', 'ImgType': 'Vehicles', 'ArrowImg': 'ArrowRight.png', 'ImgOrientation': None, 'Congruency': None, 'Direction': None}
8.6595 	EXP 	New trial (rep=0, index=44): {'NumberLetter': None, 'corrAns': 1, 'StimFile': 'boat.jpg', 'ImgType': 'Vehicles', 'ArrowImg': 'ArrowLeft.png', 'ImgOrientation': None, 'Congruency': None, 'Direction': None}
8.6610 	EXP 	New trial (rep=0, index=45): {'NumberLetter': None, 'corrAns': 3, 'StimFile': 'motorbike.jpg', 'ImgType': 'Vehicles', 'ArrowImg': 'ArrowRight.png', 'ImgOrientation': None, 'Congruency': None, 'Direction': None}
8.6625 	EXP 	New trial (rep=0, index=46): {'NumberLetter': None, 'corrAns': 3, 'StimFile': 'couch.jpg', 'ImgType': 'Furniture', 'ArrowImg': 'ArrowRight.png', 'ImgOrientation': None, 'Congruency': None, 'Direction': None}
8.6639 	EXP 	New trial (rep=0, index=47): {'NumberLetter': None, 'corrAns': 1, 'StimFile': 'armadillo.jpg', 'ImgType': 'Animal', 'ArrowImg': 'ArrowLeft.png', 'ImgOrientation': 'left', 'Congruency': 'Congruent', 'Direction': 'ArrowLeft.png'}
8.6693 	EXP 	Imported OneShotLearning_conditions.xlsx as conditions, 12 conditions, 1 params
8.6696 	EXP 	Created sequence: random, trialTypes=12, nReps=1, seed=None
8.6698 	EXP 	New trial (rep=0, index=0): {'Condition_rows': '0:4'}
8.6821 	EXP 	Imported OneShotLearning.xlsx as conditions, 4 conditions, 8 params
8.6824 	EXP 	Created sequence: random, trialTypes=4, nReps=1, seed=None
8.6826 	EXP 	New trial (rep=0, index=0): {'NumberLetter': None, 'corrAns': 3, 'StimFile': 'bat.jpg', 'ImgType': 'Animal', 'ArrowImg': 'ArrowRight.png', 'ImgOrientation': 'left', 'Congruency': 'Incongruent - opposite', 'Direction': 'ArrowRight.png'}
8.7245 	DATA 	Keypress: 1
8.7261 	EXP 	text: autoDraw = False
8.7261 	EXP 	image: image = 'bat.jpg'
8.7261 	EXP 	Arrow: image = 'ArrowRight.png'
8.7261 	EXP 	image: autoDraw = True
8.7261 	EXP 	Arrow: autoDraw = True
8.7404 	DATA 	Keypress: 1
10.7079 	DATA 	Keypress: 3
10.9249 	DATA 	Keypress: 3
11.6946 	EXP 	image: autoDraw = False
11.6946 	EXP 	Arrow: autoDraw = False
11.6946 	EXP 	polygon: autoDraw = True
12.1749 	DATA 	Keypress: 1
12.4251 	DATA 	Keypress: 1
12.4921 	DATA 	Keypress: 2
12.6789 	EXP 	New trial (rep=0, index=1): {'NumberLetter': None, 'corrAns': 1, 'StimFile': 'armadillo.jpg', 'ImgType': 'Animal', 'ArrowImg': 'ArrowLeft.png', 'ImgOrientation': 'left', 'Congruency': 'Congruent', 'Direction': 'ArrowLeft.png'}
12.6917 	DATA 	Keypress: 2
12.6962 	EXP 	polygon: autoDraw = False
12.6962 	EXP 	image: image = 'armadillo.jpg'
12.6962 	EXP 	Arrow: image = 'ArrowLeft.png'
12.6962 	EXP 	image: autoDraw = True
12.6962 	EXP 	Arrow: autoDraw = True
15.0096 	DATA 	Keypress: 1
15.2100 	DATA 	Keypress: 3
15.2600 	DATA 	Keypress: 1
15.3767 	DATA 	Keypress: 2
15.4268 	DATA 	Keypress: 3
15.5765 	DATA 	Keypress: 2
15.6964 	EXP 	image: autoDraw = False
15.6964 	EXP 	Arrow: autoDraw = False
15.6964 	EXP 	polygon: autoDraw = True
16.6807 	EXP 	New trial (rep=0, index=2): {'NumberLetter': None, 'corrAns': 2, 'StimFile': 'cat.jpg', 'ImgType': 'Animal', 'ArrowImg': 'ArrowUp.png', 'ImgOrientation': None, 'Congruency': None, 'Direction': 'ArrowUp.png'}
16.6992 	EXP 	polygon: autoDraw = False
16.6992 	EXP 	image: image = 'cat.jpg'
16.6992 	EXP 	Arrow: image = 'ArrowUp.png'
16.6992 	EXP 	image: autoDraw = True
16.6992 	EXP 	Arrow: autoDraw = True
16.8445 	DATA 	Keypress: esc
17.0340 	EXP 	window1: mouseVisible = True
