4.0212 	WARNING 	We strongly recommend you activate the PTB sound engine in PsychoPy prefs as the preferred audio engine. Its timing is vastly superior. Your prefs are currently set to use ['sounddevice', 'PTB', 'pyo', 'pygame'] (in that order).
7.3443 	ERROR 	'0.0000, 0.0000, 0.0000' is not a valid rgb color
8.3903 	EXP 	Created window1 = Window(allowGUI=True, allowStencil=False, autoLog=True, backendConf=UNKNOWN, bitsMode=UNKNOWN, blendMode='avg', bpc=(8, 8, 8), color=array([0, 0, 0]), colorSpace='rgb', depthBits=8, fullscr=<method-wrapper '__getattribute__' of attributeSetter object at 0x000001985E95E908>, gamma=None, gammaErrorPolicy='raise', lms=UNKNOWN, monitor=<psychopy.monitors.calibTools.Monitor object at 0x000001985E8C0D30>, multiSample=False, name='window1', numSamples=2, pos=[760.0, 180.0], screen=0, size=array([1920, 1080]), stencilBits=0, stereo=False, units='height', useFBO=True, useRetina=False, viewOri=0.0, viewPos=None, viewScale=None, waitBlanking=True, winType='glfw')
8.3904 	EXP 	window1: mouseVisible = True
8.3904 	EXP 	window1: recordFrameIntervals = False
8.5573 	EXP 	window1: recordFrameIntervals = True
8.7408 	EXP 	window1: recordFrameIntervals = False
9.1053 	EXP 	Created text = TextStim(__class__=<class 'psychopy.visual.text.TextStim'>, alignHoriz=method-wrapper(...), alignText='center', alignVert=method-wrapper(...), anchorHoriz='center', anchorVert='center', antialias=True, autoLog=True, bold=False, color=array([1., 1., 1.]), colorSpace='rgb', contrast=1.0, depth=0.0, flipHoriz=False, flipVert=False, font='Open Sans', fontFiles=[], height=0.04, italic=False, languageStyle='LTR', name='text', opacity=1, ori=0.0, pos=array([0., 0.]), rgb=UNKNOWN, text=str(...), units='height', win=Window(...), wrapWidth=1)
9.1111 	EXP 	Created image = ImageStim(__class__=<class 'psychopy.visual.image.ImageStim'>, autoLog=True, color=array([1., 1., 1.]), colorSpace='rgb', contrast=1.0, depth=-1.0, flipHoriz=False, flipVert=False, image='sin', interpolate=True, mask=None, maskParams=None, name='image', opacity=1, ori=0.0, pos=array([ 0.   , -0.125]), size=array([1.  , 0.75]), texRes=128.0, units='height', win=Window(...))
9.1149 	EXP 	Created Arrow = ImageStim(__class__=<class 'psychopy.visual.image.ImageStim'>, autoLog=True, color=array([1., 1., 1.]), colorSpace='rgb', contrast=1.0, depth=-2.0, flipHoriz=False, flipVert=False, image='sin', interpolate=True, mask=None, maskParams=None, name='Arrow', opacity=1, ori=0.0, pos=array([0.   , 0.375]), size=array([0.25, 0.25]), texRes=128.0, units='height', win=Window(...))
9.1174 	EXP 	Created polygon = ShapeStim(__class__=<class 'psychopy.visual.shape.ShapeStim'>, autoDraw=False, autoLog=True, closeShape=True, color=method-wrapper(...), colorSpace='rgb', contrast=None, depth=0.0, fillColor=array([1, 1, 1]), fillColorSpace='rgb', fillRGB=array([1, 1, 1]), interpolate=True, lineColor=array([1., 1., 1.]), lineColorSpace='rgb', lineRGB=array([1, 1, 1]), lineWidth=1.0, name='polygon', opacity=1, ori=0.0, pos=array([0., 0.]), size=array([0.5, 0.5]), units='height', vertices=ndarray(...), win=Window(...), windingRule=None)
9.1258 	EXP 	Created image_2 = ImageStim(__class__=<class 'psychopy.visual.image.ImageStim'>, autoLog=True, color=array([1., 1., 1.]), colorSpace='rgb', contrast=1.0, depth=-1.0, flipHoriz=False, flipVert=False, image='sin', interpolate=True, mask=None, maskParams=None, name='image_2', opacity=1, ori=0.0, pos=array([0.   , 0.125]), size=array([1.  , 0.75]), texRes=128.0, units='height', win=Window(...))
9.1790 	EXP 	Created direction_options = ImageStim(__class__=<class 'psychopy.visual.image.ImageStim'>, autoLog=True, color=array([1., 1., 1.]), colorSpace='rgb', contrast=1.0, depth=-3.0, flipHoriz=False, flipVert=False, image='Gallery_arrowoptions.png', interpolate=True, mask=None, maskParams=None, name='direction_options', opacity=1, ori=0.0, pos=array([ 0.   , -0.375]), size=array([1.  , 0.25]), texRes=128.0, units='height', win=Window(...))
9.1809 	EXP 	Created polygon = ShapeStim(__class__=<class 'psychopy.visual.shape.ShapeStim'>, autoDraw=False, autoLog=True, closeShape=True, color=method-wrapper(...), colorSpace='rgb', contrast=None, depth=0.0, fillColor=array([1, 1, 1]), fillColorSpace='rgb', fillRGB=array([1, 1, 1]), interpolate=True, lineColor=array([1., 1., 1.]), lineColorSpace='rgb', lineRGB=array([1, 1, 1]), lineWidth=1.0, name='polygon', opacity=1, ori=0.0, pos=array([0., 0.]), size=array([0.5, 0.5]), units='height', vertices=ndarray(...), win=Window(...), windingRule=None)
9.2032 	EXP 	Created text_2 = TextStim(__class__=<class 'psychopy.visual.text.TextStim'>, alignHoriz=method-wrapper(...), alignText='center', alignVert=method-wrapper(...), anchorHoriz='center', anchorVert='center', antialias=True, autoLog=True, bold=False, color=array([1., 1., 1.]), colorSpace='rgb', contrast=1.0, depth=0.0, flipHoriz=False, flipVert=False, font='Open Sans', fontFiles=[], height=0.1, italic=False, languageStyle='LTR', name='text_2', opacity=1, ori=0.0, pos=array([0., 0.]), rgb=UNKNOWN, text=str(...), units='height', win=Window(...), wrapWidth=1)
9.3041 	EXP 	text: autoDraw = True
10.0042 	DATA 	Keypress: 2
10.0149 	EXP 	Imported OneShotLearning_conditions.xlsx as conditions, 12 conditions, 1 params
10.0153 	EXP 	Created sequence: random, trialTypes=12, nReps=1, seed=None
10.0154 	EXP 	New trial (rep=0, index=0): {'Condition_rows': '28:32'}
10.0207 	EXP 	Imported OneShotLearning_Shuffled.csv as conditions, 4 conditions, 4 params
10.0209 	EXP 	Created sequence: random, trialTypes=4, nReps=1, seed=None
10.0211 	EXP 	New trial (rep=0, index=0): OrderedDict([('StimFile', 'scooter.jpg'), ('ImgType', 'Vehicles'), ('ArrowImg', 'ArrowLeft.png'), ('Direction', 'ArrowRight.png')])
10.0559 	EXP 	text: autoDraw = False
10.0559 	EXP 	image: image = 'scooter.jpg'
10.0559 	EXP 	Arrow: image = 'ArrowLeft.png'
10.0559 	EXP 	image: autoDraw = True
10.0559 	EXP 	Arrow: autoDraw = True
10.2374 	DATA 	Keypress: 2
10.7045 	DATA 	Keypress: 1
10.9051 	DATA 	Keypress: 1
13.0421 	EXP 	image: autoDraw = False
13.0421 	EXP 	Arrow: autoDraw = False
13.0421 	EXP 	polygon: autoDraw = True
14.0264 	EXP 	New trial (rep=0, index=1): OrderedDict([('StimFile', 'tractor.jpg'), ('ImgType', 'Vehicles'), ('ArrowImg', 'ArrowRight.png'), ('Direction', 'ArrowRight.png')])
14.0440 	EXP 	polygon: autoDraw = False
14.0440 	EXP 	image: image = 'tractor.jpg'
14.0440 	EXP 	Arrow: image = 'ArrowRight.png'
14.0440 	EXP 	image: autoDraw = True
14.0440 	EXP 	Arrow: autoDraw = True
14.5399 	DATA 	Keypress: 3
14.7735 	DATA 	Keypress: 3
17.0273 	EXP 	image: autoDraw = False
17.0273 	EXP 	Arrow: autoDraw = False
17.0273 	EXP 	polygon: autoDraw = True
18.0116 	EXP 	New trial (rep=0, index=2): OrderedDict([('StimFile', 'skateboard.jpg'), ('ImgType', 'Vehicles'), ('ArrowImg', 'ArrowUp.png'), ('Direction', 'ArrowRight.png')])
18.0287 	EXP 	polygon: autoDraw = False
18.0287 	EXP 	image: image = 'skateboard.jpg'
18.0287 	EXP 	Arrow: image = 'ArrowUp.png'
18.0287 	EXP 	image: autoDraw = True
18.0287 	EXP 	Arrow: autoDraw = True
18.5088 	DATA 	Keypress: 2
18.7419 	DATA 	Keypress: 2
21.0292 	EXP 	image: autoDraw = False
21.0292 	EXP 	Arrow: autoDraw = False
21.0292 	EXP 	polygon: autoDraw = True
22.0133 	EXP 	New trial (rep=0, index=3): OrderedDict([('StimFile', 'ship.jpg'), ('ImgType', 'Vehicles'), ('ArrowImg', 'ArrowUp.png'), ('Direction', 'ArrowRight.png')])
22.0320 	EXP 	polygon: autoDraw = False
22.0320 	EXP 	image: image = 'ship.jpg'
22.0320 	EXP 	Arrow: image = 'ArrowUp.png'
22.0320 	EXP 	image: autoDraw = True
22.0320 	EXP 	Arrow: autoDraw = True
22.4936 	DATA 	Keypress: 2
22.7272 	DATA 	Keypress: 2
25.0309 	EXP 	image: autoDraw = False
25.0309 	EXP 	Arrow: autoDraw = False
25.0309 	EXP 	polygon: autoDraw = True
26.0188 	EXP 	Imported OneShotLearning_Shuffled.csv as conditions, 4 conditions, 4 params
26.0191 	EXP 	Created sequence: random, trialTypes=4, nReps=1, seed=None
26.0193 	EXP 	New trial (rep=0, index=0): OrderedDict([('StimFile', 'tractor.jpg'), ('ImgType', 'Vehicles'), ('ArrowImg', 'ArrowRight.png'), ('Direction', 'ArrowRight.png')])
26.0488 	EXP 	polygon: autoDraw = False
26.0488 	EXP 	image_2: image = 'tractor.jpg'
26.0488 	EXP 	image_2: autoDraw = True
26.0488 	EXP 	direction_options: autoDraw = True
26.6453 	DATA 	Keypress: 3
26.8953 	DATA 	Keypress: 3
29.0329 	EXP 	image_2: autoDraw = False
29.0329 	EXP 	direction_options: autoDraw = False
29.0329 	EXP 	polygon: autoDraw = True
30.0170 	EXP 	New trial (rep=0, index=1): OrderedDict([('StimFile', 'ship.jpg'), ('ImgType', 'Vehicles'), ('ArrowImg', 'ArrowUp.png'), ('Direction', 'ArrowRight.png')])
30.0357 	EXP 	polygon: autoDraw = False
30.0357 	EXP 	image_2: image = 'ship.jpg'
30.0357 	EXP 	image_2: autoDraw = True
30.0357 	EXP 	direction_options: autoDraw = True
30.5137 	DATA 	Keypress: 2
30.6975 	DATA 	Keypress: 2
33.0345 	EXP 	image_2: autoDraw = False
33.0345 	EXP 	direction_options: autoDraw = False
33.0345 	EXP 	polygon: autoDraw = True
34.0190 	EXP 	New trial (rep=0, index=2): OrderedDict([('StimFile', 'scooter.jpg'), ('ImgType', 'Vehicles'), ('ArrowImg', 'ArrowLeft.png'), ('Direction', 'ArrowRight.png')])
34.0387 	EXP 	polygon: autoDraw = False
34.0387 	EXP 	image_2: image = 'scooter.jpg'
34.0387 	EXP 	image_2: autoDraw = True
34.0387 	EXP 	direction_options: autoDraw = True
34.3490 	DATA 	Keypress: esc
34.5489 	DATA 	Keypress: esc
34.5696 	EXP 	window1: mouseVisible = True
