3.5212 	WARNING 	We strongly recommend you activate the PTB sound engine in PsychoPy prefs as the preferred audio engine. Its timing is vastly superior. Your prefs are currently set to use ['sounddevice', 'PTB', 'pyo', 'pygame'] (in that order).
10.6792 	WARNING 	Couldn't measure a consistent frame rate.
  - Is your graphics card set to sync to vertical blank?
  - Are you running other processes on your computer?

10.6794 	EXP 	Created window1 = Window(allowGUI=True, allowStencil=False, autoLog=True, backendConf=UNKNOWN, bitsMode=UNKNOWN, blendMode='avg', bpc=(8, 8, 8), color=array([0, 0, 0]), colorSpace='rgb', depthBits=8, fullscr=<method-wrapper '__getattribute__' of attributeSetter object at 0x000001D8878CD5F8>, gamma=None, gammaErrorPolicy='raise', lms=UNKNOWN, monitor=<psychopy.monitors.calibTools.Monitor object at 0x000001D8878AFA20>, multiSample=False, name='window1', numSamples=2, pos=[760.0, 180.0], screen=0, size=array([1920, 1080]), stencilBits=0, stereo=False, units='height', useFBO=True, useRetina=False, viewOri=0.0, viewPos=None, viewScale=None, waitBlanking=True, winType='glfw')
10.6794 	EXP 	window1: mouseVisible = True
10.6794 	EXP 	window1: recordFrameIntervals = False
11.0382 	EXP 	window1: recordFrameIntervals = True
11.1768 	WARNING 	t of last frame was 80.84ms (=1/12)
11.3144 	WARNING 	t of last frame was 85.08ms (=1/11)
11.4527 	WARNING 	t of last frame was 73.33ms (=1/13)
11.5912 	WARNING 	t of last frame was 78.59ms (=1/12)
11.6119 	WARNING 	Multiple dropped frames have occurred - I'll stop bothering you about them!
13.9976 	WARNING 	Couldn't measure a consistent frame rate.
  - Is your graphics card set to sync to vertical blank?
  - Are you running other processes on your computer?

14.3626 	EXP 	Created text = TextStim(__class__=<class 'psychopy.visual.text.TextStim'>, alignHoriz=method-wrapper(...), alignText='center', alignVert=method-wrapper(...), anchorHoriz='center', anchorVert='center', antialias=True, autoLog=True, bold=False, color=array([1., 1., 1.]), colorSpace='rgb', contrast=1.0, depth=0.0, flipHoriz=False, flipVert=False, font='Open Sans', fontFiles=[], height=0.1, italic=False, languageStyle='LTR', name='text', opacity=1, ori=0.0, pos=array([0., 0.]), rgb=UNKNOWN, text='Instructions:', units='height', win=Window(...), wrapWidth=1)
14.3723 	EXP 	Created image = ImageStim(__class__=<class 'psychopy.visual.image.ImageStim'>, autoLog=True, color=array([1., 1., 1.]), colorSpace='rgb', contrast=1.0, depth=-1.0, flipHoriz=False, flipVert=False, image='sin', interpolate=True, mask=None, maskParams=None, name='image', opacity=1, ori=0.0, pos=array([0.   , 0.125]), size=array([0.75, 0.75]), texRes=128.0, units='height', win=Window(...))
14.3759 	EXP 	Created Arrow = ImageStim(__class__=<class 'psychopy.visual.image.ImageStim'>, autoLog=True, color=array([1., 1., 1.]), colorSpace='rgb', contrast=1.0, depth=-2.0, flipHoriz=False, flipVert=False, image='sin', interpolate=True, mask=None, maskParams=None, name='Arrow', opacity=1, ori=0.0, pos=array([ 0.   , -0.375]), size=array([0.25, 0.25]), texRes=128.0, units='height', win=Window(...))
14.3784 	EXP 	Created polygon = ShapeStim(__class__=<class 'psychopy.visual.shape.ShapeStim'>, autoDraw=False, autoLog=True, closeShape=True, color=method-wrapper(...), colorSpace='rgb', contrast=None, depth=0.0, fillColor=array([1, 1, 1]), fillColorSpace='rgb', fillRGB=array([1, 1, 1]), interpolate=True, lineColor=array([1., 1., 1.]), lineColorSpace='rgb', lineRGB=array([1, 1, 1]), lineWidth=1.0, name='polygon', opacity=1, ori=0.0, pos=array([0., 0.]), size=array([0.5, 0.5]), units='height', vertices=ndarray(...), win=Window(...), windingRule=None)
14.3859 	EXP 	Created image_2 = ImageStim(__class__=<class 'psychopy.visual.image.ImageStim'>, autoLog=True, color=array([1., 1., 1.]), colorSpace='rgb', contrast=1.0, depth=-1.0, flipHoriz=False, flipVert=False, image='sin', interpolate=True, mask=None, maskParams=None, name='image_2', opacity=1, ori=0.0, pos=array([0., 0.]), size=array([0.5, 0.5]), texRes=128.0, units='height', win=Window(...))
14.3877 	EXP 	Created polygon = ShapeStim(__class__=<class 'psychopy.visual.shape.ShapeStim'>, autoDraw=False, autoLog=True, closeShape=True, color=method-wrapper(...), colorSpace='rgb', contrast=None, depth=0.0, fillColor=array([1, 1, 1]), fillColorSpace='rgb', fillRGB=array([1, 1, 1]), interpolate=True, lineColor=array([1., 1., 1.]), lineColorSpace='rgb', lineRGB=array([1, 1, 1]), lineWidth=1.0, name='polygon', opacity=1, ori=0.0, pos=array([0., 0.]), size=array([0.5, 0.5]), units='height', vertices=ndarray(...), win=Window(...), windingRule=None)
14.5248 	EXP 	text: autoDraw = True
14.9874 	DATA 	Keypress: 2
15.0065 	EXP 	Imported OneShotLearning.xlsx as conditions, 48 conditions, 7 params
15.0069 	EXP 	Created sequence: random, trialTypes=48, nReps=1, seed=None
15.0072 	EXP 	New trial (rep=0, index=0): {'NumberLetter': None, 'corrAns': 2, 'StimFile': 'platypus.jpg', 'ImgType': 'Animal', 'ArrowImg': 'ArrowUp.png', 'False_StimFile': None, 'DurationTrial': None}
15.0465 	EXP 	text: autoDraw = False
15.0465 	EXP 	image: image = 'platypus.jpg'
15.0465 	EXP 	Arrow: image = 'ArrowUp.png'
15.0465 	EXP 	image: autoDraw = True
15.0465 	EXP 	Arrow: autoDraw = True
15.1456 	DATA 	Keypress: 2
16.5460 	DATA 	Keypress: 2
16.5652 	EXP 	image: autoDraw = False
16.5652 	EXP 	Arrow: autoDraw = False
16.5652 	EXP 	polygon: autoDraw = True
16.7845 	DATA 	Keypress: 2
17.6178 	EXP 	New trial (rep=0, index=1): {'NumberLetter': None, 'corrAns': 2, 'StimFile': 'table.jpg', 'ImgType': 'Furniture', 'ArrowImg': 'ArrowUp.png', 'False_StimFile': None, 'DurationTrial': None}
17.6360 	EXP 	polygon: autoDraw = False
17.6360 	EXP 	polygon: autoDraw = False
17.6360 	EXP 	image: image = 'table.jpg'
17.6360 	EXP 	Arrow: image = 'ArrowUp.png'
17.6360 	EXP 	image: autoDraw = True
17.6360 	EXP 	Arrow: autoDraw = True
18.4804 	DATA 	Keypress: 2
18.4993 	EXP 	image: autoDraw = False
18.4993 	EXP 	Arrow: autoDraw = False
18.4993 	EXP 	polygon: autoDraw = True
18.7813 	DATA 	Keypress: 2
19.4850 	EXP 	New trial (rep=0, index=2): {'NumberLetter': None, 'corrAns': 2, 'StimFile': 'ship.jpg', 'ImgType': 'Vehicles', 'ArrowImg': 'ArrowUp.png', 'False_StimFile': None, 'DurationTrial': None}
19.5335 	EXP 	polygon: autoDraw = False
19.5335 	EXP 	polygon: autoDraw = False
19.5335 	EXP 	image: image = 'ship.jpg'
19.5335 	EXP 	Arrow: image = 'ArrowUp.png'
19.5335 	EXP 	image: autoDraw = True
19.5335 	EXP 	Arrow: autoDraw = True
20.4419 	DATA 	Keypress: 2
20.4653 	EXP 	image: autoDraw = False
20.4653 	EXP 	Arrow: autoDraw = False
20.4653 	EXP 	polygon: autoDraw = True
20.6149 	DATA 	Keypress: 2
21.4526 	EXP 	New trial (rep=0, index=3): {'NumberLetter': None, 'corrAns': 3, 'StimFile': 'scooter.jpg', 'ImgType': 'Vehicles', 'ArrowImg': 'ArrowRight.png', 'False_StimFile': None, 'DurationTrial': None}
21.5498 	EXP 	polygon: autoDraw = False
21.5498 	EXP 	polygon: autoDraw = False
21.5498 	EXP 	image: image = 'scooter.jpg'
21.5498 	EXP 	Arrow: image = 'ArrowRight.png'
21.5498 	EXP 	image: autoDraw = True
21.5498 	EXP 	Arrow: autoDraw = True
22.3996 	DATA 	Keypress: 3
22.4179 	EXP 	image: autoDraw = False
22.4179 	EXP 	Arrow: autoDraw = False
22.4179 	EXP 	polygon: autoDraw = True
22.6558 	DATA 	Keypress: 3
23.4040 	EXP 	New trial (rep=0, index=4): {'NumberLetter': None, 'corrAns': 3, 'StimFile': 'tractor.jpg', 'ImgType': 'Vehicles', 'ArrowImg': 'ArrowRight.png', 'False_StimFile': None, 'DurationTrial': None}
23.4896 	EXP 	polygon: autoDraw = False
23.4896 	EXP 	polygon: autoDraw = False
23.4896 	EXP 	image: image = 'tractor.jpg'
23.4896 	EXP 	Arrow: image = 'ArrowRight.png'
23.4896 	EXP 	image: autoDraw = True
23.4896 	EXP 	Arrow: autoDraw = True
24.4164 	DATA 	Keypress: 3
24.4189 	EXP 	image: autoDraw = False
24.4189 	EXP 	Arrow: autoDraw = False
24.4189 	EXP 	polygon: autoDraw = True
24.6401 	DATA 	Keypress: 3
25.4728 	EXP 	New trial (rep=0, index=5): {'NumberLetter': None, 'corrAns': 2, 'StimFile': 'tapir.jpg', 'ImgType': 'Animal', 'ArrowImg': 'ArrowUp.png', 'False_StimFile': None, 'DurationTrial': None}
25.5181 	EXP 	polygon: autoDraw = False
25.5181 	EXP 	polygon: autoDraw = False
25.5181 	EXP 	image: image = 'tapir.jpg'
25.5181 	EXP 	Arrow: image = 'ArrowUp.png'
25.5181 	EXP 	image: autoDraw = True
25.5181 	EXP 	Arrow: autoDraw = True
26.2175 	DATA 	Keypress: 2
26.3015 	EXP 	image: autoDraw = False
26.3015 	EXP 	Arrow: autoDraw = False
26.3015 	EXP 	polygon: autoDraw = True
26.4385 	DATA 	Keypress: 2
27.2886 	EXP 	New trial (rep=0, index=6): {'NumberLetter': None, 'corrAns': 2, 'StimFile': 'zebra.jpg', 'ImgType': 'Animal', 'ArrowImg': 'ArrowUp.png', 'False_StimFile': None, 'DurationTrial': None}
27.3041 	EXP 	polygon: autoDraw = False
27.3041 	EXP 	polygon: autoDraw = False
27.3041 	EXP 	image: image = 'zebra.jpg'
27.3041 	EXP 	Arrow: image = 'ArrowUp.png'
27.3041 	EXP 	image: autoDraw = True
27.3041 	EXP 	Arrow: autoDraw = True
28.0178 	DATA 	Keypress: 2
28.1030 	EXP 	image: autoDraw = False
28.1030 	EXP 	Arrow: autoDraw = False
28.1030 	EXP 	polygon: autoDraw = True
28.2513 	DATA 	Keypress: 2
29.0907 	EXP 	New trial (rep=0, index=7): {'NumberLetter': None, 'corrAns': 3, 'StimFile': 'bookcase.jpg', 'ImgType': 'Furniture', 'ArrowImg': 'ArrowRight.png', 'False_StimFile': None, 'DurationTrial': None}
29.1198 	EXP 	polygon: autoDraw = False
29.1198 	EXP 	polygon: autoDraw = False
29.1198 	EXP 	image: image = 'bookcase.jpg'
29.1198 	EXP 	Arrow: image = 'ArrowRight.png'
29.1198 	EXP 	image: autoDraw = True
29.1198 	EXP 	Arrow: autoDraw = True
29.8955 	DATA 	Keypress: 3
29.9195 	EXP 	image: autoDraw = False
29.9195 	EXP 	Arrow: autoDraw = False
29.9195 	EXP 	polygon: autoDraw = True
30.1725 	DATA 	Keypress: 3
30.9067 	EXP 	New trial (rep=0, index=8): {'NumberLetter': None, 'corrAns': 1, 'StimFile': 'van.jpg', 'ImgType': 'Vehicles', 'ArrowImg': 'ArrowLeft.png', 'False_StimFile': None, 'DurationTrial': None}
31.0051 	EXP 	polygon: autoDraw = False
31.0051 	EXP 	polygon: autoDraw = False
31.0051 	EXP 	image: image = 'van.jpg'
31.0051 	EXP 	Arrow: image = 'ArrowLeft.png'
31.0051 	EXP 	image: autoDraw = True
31.0051 	EXP 	Arrow: autoDraw = True
32.1032 	DATA 	Keypress: 1
32.1224 	EXP 	image: autoDraw = False
32.1224 	EXP 	Arrow: autoDraw = False
32.1224 	EXP 	polygon: autoDraw = True
32.2867 	DATA 	Keypress: 1
33.1095 	EXP 	New trial (rep=0, index=9): {'NumberLetter': None, 'corrAns': 3, 'StimFile': 'lynx.jpg', 'ImgType': 'Animal', 'ArrowImg': 'ArrowRight.png', 'False_StimFile': None, 'DurationTrial': None}
33.2066 	EXP 	polygon: autoDraw = False
33.2066 	EXP 	polygon: autoDraw = False
33.2066 	EXP 	image: image = 'lynx.jpg'
33.2066 	EXP 	Arrow: image = 'ArrowRight.png'
33.2066 	EXP 	image: autoDraw = True
33.2066 	EXP 	Arrow: autoDraw = True
34.1883 	DATA 	Keypress: 3
34.2082 	EXP 	image: autoDraw = False
34.2082 	EXP 	Arrow: autoDraw = False
34.2082 	EXP 	polygon: autoDraw = True
34.4303 	DATA 	Keypress: 3
35.2068 	EXP 	New trial (rep=0, index=10): {'NumberLetter': None, 'corrAns': 3, 'StimFile': 'couch.jpg', 'ImgType': 'Furniture', 'ArrowImg': 'ArrowRight.png', 'False_StimFile': None, 'DurationTrial': None}
35.2258 	EXP 	polygon: autoDraw = False
35.2258 	EXP 	polygon: autoDraw = False
35.2258 	EXP 	image: image = 'couch.jpg'
35.2258 	EXP 	Arrow: image = 'ArrowRight.png'
35.2258 	EXP 	image: autoDraw = True
35.2258 	EXP 	Arrow: autoDraw = True
35.9216 	DATA 	Keypress: 3
35.9408 	EXP 	image: autoDraw = False
35.9408 	EXP 	Arrow: autoDraw = False
35.9408 	EXP 	polygon: autoDraw = True
36.1533 	DATA 	Keypress: 3
36.9870 	EXP 	New trial (rep=0, index=11): {'NumberLetter': None, 'corrAns': 1, 'StimFile': 'rhino.jpg', 'ImgType': 'Animal', 'ArrowImg': 'ArrowLeft.png', 'False_StimFile': None, 'DurationTrial': None}
37.0080 	EXP 	polygon: autoDraw = False
37.0080 	EXP 	polygon: autoDraw = False
37.0080 	EXP 	image: image = 'rhino.jpg'
37.0080 	EXP 	Arrow: image = 'ArrowLeft.png'
37.0080 	EXP 	image: autoDraw = True
37.0080 	EXP 	Arrow: autoDraw = True
37.8734 	DATA 	Keypress: 1
37.9537 	EXP 	image: autoDraw = False
37.9537 	EXP 	Arrow: autoDraw = False
37.9537 	EXP 	polygon: autoDraw = True
38.1066 	DATA 	Keypress: 1
38.9452 	EXP 	New trial (rep=0, index=12): {'NumberLetter': None, 'corrAns': 3, 'StimFile': 'snake.jpg', 'ImgType': 'Animal', 'ArrowImg': 'ArrowRight.png', 'False_StimFile': None, 'DurationTrial': None}
38.9747 	EXP 	polygon: autoDraw = False
38.9747 	EXP 	polygon: autoDraw = False
38.9747 	EXP 	image: image = 'snake.jpg'
38.9747 	EXP 	Arrow: image = 'ArrowRight.png'
38.9747 	EXP 	image: autoDraw = True
38.9747 	EXP 	Arrow: autoDraw = True
39.8869 	DATA 	Keypress: 3
39.9106 	EXP 	image: autoDraw = False
39.9106 	EXP 	Arrow: autoDraw = False
39.9106 	EXP 	polygon: autoDraw = True
40.0579 	DATA 	Keypress: 3
40.8957 	EXP 	New trial (rep=0, index=13): {'NumberLetter': None, 'corrAns': 2, 'StimFile': 'car.jpg', 'ImgType': 'Vehicles', 'ArrowImg': 'ArrowUp.png', 'False_StimFile': None, 'DurationTrial': None}
41.0086 	EXP 	polygon: autoDraw = False
41.0086 	EXP 	polygon: autoDraw = False
41.0086 	EXP 	image: image = 'car.jpg'
41.0086 	EXP 	Arrow: image = 'ArrowUp.png'
41.0086 	EXP 	image: autoDraw = True
41.0086 	EXP 	Arrow: autoDraw = True
41.5476 	DATA 	Keypress: 2
41.5749 	EXP 	image: autoDraw = False
41.5749 	EXP 	Arrow: autoDraw = False
41.5749 	EXP 	polygon: autoDraw = True
41.7246 	DATA 	Keypress: 2
42.5624 	EXP 	New trial (rep=0, index=14): {'NumberLetter': None, 'corrAns': 3, 'StimFile': 'bat.jpg', 'ImgType': 'Animal', 'ArrowImg': 'ArrowRight.png', 'False_StimFile': None, 'DurationTrial': None}
42.6580 	EXP 	polygon: autoDraw = False
42.6580 	EXP 	polygon: autoDraw = False
42.6580 	EXP 	image: image = 'bat.jpg'
42.6580 	EXP 	Arrow: image = 'ArrowRight.png'
42.6580 	EXP 	image: autoDraw = True
42.6580 	EXP 	Arrow: autoDraw = True
43.2414 	DATA 	Keypress: 3
43.2618 	EXP 	image: autoDraw = False
43.2618 	EXP 	Arrow: autoDraw = False
43.2618 	EXP 	polygon: autoDraw = True
43.4845 	DATA 	Keypress: 3
44.3185 	EXP 	New trial (rep=0, index=15): {'NumberLetter': None, 'corrAns': 1, 'StimFile': 'skateboard.jpg', 'ImgType': 'Vehicles', 'ArrowImg': 'ArrowLeft.png', 'False_StimFile': None, 'DurationTrial': None}
44.3616 	EXP 	polygon: autoDraw = False
44.3616 	EXP 	polygon: autoDraw = False
44.3616 	EXP 	image: image = 'skateboard.jpg'
44.3616 	EXP 	Arrow: image = 'ArrowLeft.png'
44.3616 	EXP 	image: autoDraw = True
44.3616 	EXP 	Arrow: autoDraw = True
44.7768 	DATA 	Keypress: 1
44.7948 	EXP 	image: autoDraw = False
44.7948 	EXP 	Arrow: autoDraw = False
44.7948 	EXP 	polygon: autoDraw = True
45.0264 	DATA 	Keypress: 1
45.8388 	EXP 	New trial (rep=0, index=16): {'NumberLetter': None, 'corrAns': 1, 'StimFile': 'lamp.jpg', 'ImgType': 'Furniture', 'ArrowImg': 'ArrowLeft.png', 'False_StimFile': None, 'DurationTrial': None}
45.8789 	EXP 	polygon: autoDraw = False
45.8789 	EXP 	polygon: autoDraw = False
45.8789 	EXP 	image: image = 'lamp.jpg'
45.8789 	EXP 	Arrow: image = 'ArrowLeft.png'
45.8789 	EXP 	image: autoDraw = True
45.8789 	EXP 	Arrow: autoDraw = True
46.4498 	DATA 	Keypress: 1
46.4773 	EXP 	image: autoDraw = False
46.4773 	EXP 	Arrow: autoDraw = False
46.4773 	EXP 	polygon: autoDraw = True
46.6268 	DATA 	Keypress: 1
47.4659 	EXP 	New trial (rep=0, index=17): {'NumberLetter': None, 'corrAns': 1, 'StimFile': 'boat.jpg', 'ImgType': 'Vehicles', 'ArrowImg': 'ArrowLeft.png', 'False_StimFile': None, 'DurationTrial': None}
47.5646 	EXP 	polygon: autoDraw = False
47.5646 	EXP 	polygon: autoDraw = False
47.5646 	EXP 	image: image = 'boat.jpg'
47.5646 	EXP 	Arrow: image = 'ArrowLeft.png'
47.5646 	EXP 	image: autoDraw = True
47.5646 	EXP 	Arrow: autoDraw = True
48.0954 	DATA 	Keypress: 1
48.1140 	EXP 	image: autoDraw = False
48.1140 	EXP 	Arrow: autoDraw = False
48.1140 	EXP 	polygon: autoDraw = True
48.3723 	DATA 	Keypress: 1
49.0997 	EXP 	New trial (rep=0, index=18): {'NumberLetter': None, 'corrAns': 3, 'StimFile': 'motorbike.jpg', 'ImgType': 'Vehicles', 'ArrowImg': 'ArrowRight.png', 'False_StimFile': None, 'DurationTrial': None}
49.1293 	EXP 	polygon: autoDraw = False
49.1293 	EXP 	polygon: autoDraw = False
49.1293 	EXP 	image: image = 'motorbike.jpg'
49.1293 	EXP 	Arrow: image = 'ArrowRight.png'
49.1293 	EXP 	image: autoDraw = True
49.1293 	EXP 	Arrow: autoDraw = True
49.6612 	DATA 	Keypress: 3
49.6638 	EXP 	image: autoDraw = False
49.6638 	EXP 	Arrow: autoDraw = False
49.6638 	EXP 	polygon: autoDraw = True
49.8943 	DATA 	Keypress: 3
50.6494 	EXP 	New trial (rep=0, index=19): {'NumberLetter': None, 'corrAns': 3, 'StimFile': 'stool.jpg', 'ImgType': 'Furniture', 'ArrowImg': 'ArrowRight.png', 'False_StimFile': None, 'DurationTrial': None}
50.7285 	EXP 	polygon: autoDraw = False
50.7285 	EXP 	polygon: autoDraw = False
50.7285 	EXP 	image: image = 'stool.jpg'
50.7285 	EXP 	Arrow: image = 'ArrowRight.png'
50.7285 	EXP 	image: autoDraw = True
50.7285 	EXP 	Arrow: autoDraw = True
51.2780 	DATA 	Keypress: 3
51.2979 	EXP 	image: autoDraw = False
51.2979 	EXP 	Arrow: autoDraw = False
51.2979 	EXP 	polygon: autoDraw = True
51.4799 	DATA 	Keypress: 3
52.2837 	EXP 	New trial (rep=0, index=20): {'NumberLetter': None, 'corrAns': 1, 'StimFile': 'armadillo.jpg', 'ImgType': 'Animal', 'ArrowImg': 'ArrowLeft.png', 'False_StimFile': None, 'DurationTrial': 10}
52.3873 	EXP 	polygon: autoDraw = False
52.3873 	EXP 	polygon: autoDraw = False
52.3873 	EXP 	image: image = 'armadillo.jpg'
52.3873 	EXP 	Arrow: image = 'ArrowLeft.png'
52.3873 	EXP 	image: autoDraw = True
52.3873 	EXP 	Arrow: autoDraw = True
52.8131 	DATA 	Keypress: 1
52.8323 	EXP 	image: autoDraw = False
52.8323 	EXP 	Arrow: autoDraw = False
52.8323 	EXP 	polygon: autoDraw = True
53.0770 	DATA 	Keypress: 1
53.8337 	EXP 	New trial (rep=0, index=21): {'NumberLetter': None, 'corrAns': 1, 'StimFile': 'dromedary.jpg', 'ImgType': 'Animal', 'ArrowImg': 'ArrowLeft.png', 'False_StimFile': None, 'DurationTrial': None}
53.8497 	EXP 	polygon: autoDraw = False
53.8497 	EXP 	polygon: autoDraw = False
53.8497 	EXP 	image: image = 'dromedary.jpg'
53.8497 	EXP 	Arrow: image = 'ArrowLeft.png'
53.8497 	EXP 	image: autoDraw = True
53.8497 	EXP 	Arrow: autoDraw = True
54.2300 	DATA 	Keypress: 2
54.2492 	EXP 	image: autoDraw = False
54.2492 	EXP 	Arrow: autoDraw = False
54.2492 	EXP 	polygon: autoDraw = True
54.3698 	DATA 	Keypress: 2
55.2345 	EXP 	New trial (rep=0, index=22): {'NumberLetter': None, 'corrAns': 2, 'StimFile': 'giraffe.jpg', 'ImgType': 'Animal', 'ArrowImg': 'ArrowUp.png', 'False_StimFile': None, 'DurationTrial': None}
55.2504 	EXP 	polygon: autoDraw = False
55.2504 	EXP 	polygon: autoDraw = False
55.2504 	EXP 	image: image = 'giraffe.jpg'
55.2504 	EXP 	Arrow: image = 'ArrowUp.png'
55.2504 	EXP 	image: autoDraw = True
55.2504 	EXP 	Arrow: autoDraw = True
55.6491 	DATA 	Keypress: 2
55.6667 	EXP 	image: autoDraw = False
55.6667 	EXP 	Arrow: autoDraw = False
55.6667 	EXP 	polygon: autoDraw = True
55.8900 	DATA 	Keypress: 2
56.7238 	EXP 	New trial (rep=0, index=23): {'NumberLetter': None, 'corrAns': 1, 'StimFile': 'cheetah.jpg', 'ImgType': 'Animal', 'ArrowImg': 'ArrowLeft.png', 'False_StimFile': None, 'DurationTrial': None}
56.7491 	EXP 	polygon: autoDraw = False
56.7491 	EXP 	polygon: autoDraw = False
56.7491 	EXP 	image: image = 'cheetah.jpg'
56.7491 	EXP 	Arrow: image = 'ArrowLeft.png'
56.7491 	EXP 	image: autoDraw = True
56.7491 	EXP 	Arrow: autoDraw = True
57.1650 	DATA 	Keypress: 1
57.1841 	EXP 	image: autoDraw = False
57.1841 	EXP 	Arrow: autoDraw = False
57.1841 	EXP 	polygon: autoDraw = True
57.4115 	DATA 	Keypress: 1
58.1699 	EXP 	New trial (rep=0, index=24): {'NumberLetter': None, 'corrAns': 1, 'StimFile': 'tiger.jpg', 'ImgType': 'Animal', 'ArrowImg': 'ArrowLeft.png', 'False_StimFile': None, 'DurationTrial': None}
58.2447 	EXP 	polygon: autoDraw = False
58.2447 	EXP 	polygon: autoDraw = False
58.2447 	EXP 	image: image = 'tiger.jpg'
58.2447 	EXP 	Arrow: image = 'ArrowLeft.png'
58.2447 	EXP 	image: autoDraw = True
58.2447 	EXP 	Arrow: autoDraw = True
58.7938 	DATA 	Keypress: 1
58.8160 	EXP 	image: autoDraw = False
58.8160 	EXP 	Arrow: autoDraw = False
58.8160 	EXP 	polygon: autoDraw = True
58.9501 	DATA 	Keypress: 1
59.8035 	EXP 	New trial (rep=0, index=25): {'NumberLetter': None, 'corrAns': 2, 'StimFile': 'cat.jpg', 'ImgType': 'Animal', 'ArrowImg': 'ArrowUp.png', 'False_StimFile': None, 'DurationTrial': None}
59.9022 	EXP 	polygon: autoDraw = False
59.9022 	EXP 	polygon: autoDraw = False
59.9022 	EXP 	image: image = 'cat.jpg'
59.9022 	EXP 	Arrow: image = 'ArrowUp.png'
59.9022 	EXP 	image: autoDraw = True
59.9022 	EXP 	Arrow: autoDraw = True
60.4546 	DATA 	Keypress: 2
60.4688 	EXP 	image: autoDraw = False
60.4688 	EXP 	Arrow: autoDraw = False
60.4688 	EXP 	polygon: autoDraw = True
60.6500 	DATA 	Keypress: 2
61.4550 	EXP 	New trial (rep=0, index=26): {'NumberLetter': None, 'corrAns': 1, 'StimFile': 'cart.jpg', 'ImgType': 'Vehicles', 'ArrowImg': 'ArrowLeft.png', 'False_StimFile': None, 'DurationTrial': None}
61.5521 	EXP 	polygon: autoDraw = False
61.5521 	EXP 	polygon: autoDraw = False
61.5521 	EXP 	image: image = 'cart.jpg'
61.5521 	EXP 	Arrow: image = 'ArrowLeft.png'
61.5521 	EXP 	image: autoDraw = True
61.5521 	EXP 	Arrow: autoDraw = True
61.9828 	DATA 	Keypress: 1
62.0029 	EXP 	image: autoDraw = False
62.0029 	EXP 	Arrow: autoDraw = False
62.0029 	EXP 	polygon: autoDraw = True
62.2386 	DATA 	Keypress: 1
62.9886 	EXP 	New trial (rep=0, index=27): {'NumberLetter': None, 'corrAns': 3, 'StimFile': 'horse.jpg', 'ImgType': 'Animal', 'ArrowImg': 'ArrowRight.png', 'False_StimFile': None, 'DurationTrial': None}
63.0736 	EXP 	polygon: autoDraw = False
63.0736 	EXP 	polygon: autoDraw = False
63.0736 	EXP 	image: image = 'horse.jpg'
63.0736 	EXP 	Arrow: image = 'ArrowRight.png'
63.0736 	EXP 	image: autoDraw = True
63.0736 	EXP 	Arrow: autoDraw = True
63.6343 	DATA 	Keypress: 3
63.6369 	EXP 	image: autoDraw = False
63.6369 	EXP 	Arrow: autoDraw = False
63.6369 	EXP 	polygon: autoDraw = True
63.8998 	DATA 	Keypress: 3
64.6224 	EXP 	New trial (rep=0, index=28): {'NumberLetter': None, 'corrAns': 3, 'StimFile': 'cow.jpg', 'ImgType': 'Animal', 'ArrowImg': 'ArrowRight.png', 'False_StimFile': None, 'DurationTrial': None}
64.6405 	EXP 	polygon: autoDraw = False
64.6405 	EXP 	polygon: autoDraw = False
64.6405 	EXP 	image: image = 'cow.jpg'
64.6405 	EXP 	Arrow: image = 'ArrowRight.png'
64.6405 	EXP 	image: autoDraw = True
64.6405 	EXP 	Arrow: autoDraw = True
65.0353 	DATA 	Keypress: 3
65.0378 	EXP 	image: autoDraw = False
65.0378 	EXP 	Arrow: autoDraw = False
65.0378 	EXP 	polygon: autoDraw = True
65.2822 	DATA 	Keypress: 3
66.0237 	EXP 	New trial (rep=0, index=29): {'NumberLetter': None, 'corrAns': 1, 'StimFile': 'hippopotamus.jpg', 'ImgType': 'Animal', 'ArrowImg': 'ArrowLeft.png', 'False_StimFile': None, 'DurationTrial': None}
66.1146 	EXP 	polygon: autoDraw = False
66.1146 	EXP 	polygon: autoDraw = False
66.1146 	EXP 	image: image = 'hippopotamus.jpg'
66.1146 	EXP 	Arrow: image = 'ArrowLeft.png'
66.1146 	EXP 	image: autoDraw = True
66.1146 	EXP 	Arrow: autoDraw = True
66.6659 	DATA 	Keypress: 1
66.6891 	EXP 	image: autoDraw = False
66.6891 	EXP 	Arrow: autoDraw = False
66.6891 	EXP 	polygon: autoDraw = True
66.8049 	DATA 	Keypress: 1
67.6741 	EXP 	New trial (rep=0, index=30): {'NumberLetter': None, 'corrAns': 2, 'StimFile': 'train', 'ImgType': 'Vehicles', 'ArrowImg': 'ArrowUp.png', 'False_StimFile': None, 'DurationTrial': None}
67.6744 	WARNING 	Requested image 'train' not found but similar filename 'train.jpg' exists. This will be used instead but changing the filename is advised.
67.7876 	EXP 	polygon: autoDraw = False
67.7876 	EXP 	polygon: autoDraw = False
67.7876 	EXP 	image: image = 'train'
67.7876 	EXP 	Arrow: image = 'ArrowUp.png'
67.7876 	EXP 	image: autoDraw = True
67.7876 	EXP 	Arrow: autoDraw = True
68.3262 	DATA 	Keypress: 1
68.3533 	DATA 	Keypress: 1
68.3556 	EXP 	image: autoDraw = False
68.3556 	EXP 	Arrow: autoDraw = False
68.3556 	EXP 	polygon: autoDraw = True
69.3411 	EXP 	New trial (rep=0, index=31): {'NumberLetter': None, 'corrAns': 2, 'StimFile': 'bed.jpg', 'ImgType': 'Furniture', 'ArrowImg': 'ArrowUp.png', 'False_StimFile': None, 'DurationTrial': None}
69.4374 	EXP 	polygon: autoDraw = False
69.4374 	EXP 	polygon: autoDraw = False
69.4374 	EXP 	image: image = 'bed.jpg'
69.4374 	EXP 	Arrow: image = 'ArrowUp.png'
69.4374 	EXP 	image: autoDraw = True
69.4374 	EXP 	Arrow: autoDraw = True
70.0374 	DATA 	Keypress: 2
70.1284 	EXP 	image: autoDraw = False
70.1284 	EXP 	Arrow: autoDraw = False
70.1284 	EXP 	polygon: autoDraw = True
70.2655 	DATA 	Keypress: 2
71.1602 	EXP 	New trial (rep=0, index=32): {'NumberLetter': None, 'corrAns': 2, 'StimFile': 'paragliding.jpg', 'ImgType': 'Vehicles', 'ArrowImg': 'ArrowUp.png', 'False_StimFile': None, 'DurationTrial': None}
71.2074 	EXP 	polygon: autoDraw = False
71.2074 	EXP 	polygon: autoDraw = False
71.2074 	EXP 	image: image = 'paragliding.jpg'
71.2074 	EXP 	Arrow: image = 'ArrowUp.png'
71.2074 	EXP 	image: autoDraw = True
71.2074 	EXP 	Arrow: autoDraw = True
71.8223 	DATA 	Keypress: 2
71.9116 	EXP 	image: autoDraw = False
71.9116 	EXP 	Arrow: autoDraw = False
71.9116 	EXP 	polygon: autoDraw = True
72.0496 	DATA 	Keypress: 2
72.9099 	EXP 	New trial (rep=0, index=33): {'NumberLetter': None, 'corrAns': 3, 'StimFile': 'turtle.jpg', 'ImgType': 'Animal', 'ArrowImg': 'ArrowRight.png', 'False_StimFile': None, 'DurationTrial': None}
72.9398 	EXP 	polygon: autoDraw = False
72.9398 	EXP 	polygon: autoDraw = False
72.9398 	EXP 	image: image = 'turtle.jpg'
72.9398 	EXP 	Arrow: image = 'ArrowRight.png'
72.9398 	EXP 	image: autoDraw = True
72.9398 	EXP 	Arrow: autoDraw = True
73.4546 	DATA 	Keypress: 3
73.4751 	EXP 	image: autoDraw = False
73.4751 	EXP 	Arrow: autoDraw = False
73.4751 	EXP 	polygon: autoDraw = True
73.7084 	DATA 	Keypress: 3
74.4606 	EXP 	New trial (rep=0, index=34): {'NumberLetter': None, 'corrAns': 1, 'StimFile': 'lioness.jpg', 'ImgType': 'Animal', 'ArrowImg': 'ArrowLeft.png', 'False_StimFile': None, 'DurationTrial': None}
74.5425 	EXP 	polygon: autoDraw = False
74.5425 	EXP 	polygon: autoDraw = False
74.5425 	EXP 	image: image = 'lioness.jpg'
74.5425 	EXP 	Arrow: image = 'ArrowLeft.png'
74.5425 	EXP 	image: autoDraw = True
74.5425 	EXP 	Arrow: autoDraw = True
75.0912 	DATA 	Keypress: 1
75.1089 	EXP 	image: autoDraw = False
75.1089 	EXP 	Arrow: autoDraw = False
75.1089 	EXP 	polygon: autoDraw = True
75.2298 	DATA 	Keypress: 1
76.0957 	EXP 	New trial (rep=0, index=35): {'NumberLetter': None, 'corrAns': 2, 'StimFile': 'rocking_chair.jpg', 'ImgType': 'Furniture', 'ArrowImg': 'ArrowUp.png', 'False_StimFile': None, 'DurationTrial': None}
76.1252 	EXP 	polygon: autoDraw = False
76.1252 	EXP 	polygon: autoDraw = False
76.1252 	EXP 	image: image = 'rocking_chair.jpg'
76.1252 	EXP 	Arrow: image = 'ArrowUp.png'
76.1252 	EXP 	image: autoDraw = True
76.1252 	EXP 	Arrow: autoDraw = True
76.6131 	DATA 	Keypress: 2
76.6412 	EXP 	image: autoDraw = False
76.6412 	EXP 	Arrow: autoDraw = False
76.6412 	EXP 	polygon: autoDraw = True
76.8902 	DATA 	Keypress: 2
77.6286 	EXP 	New trial (rep=0, index=36): {'NumberLetter': None, 'corrAns': 3, 'StimFile': 'bus.jpg', 'ImgType': 'Vehicles', 'ArrowImg': 'ArrowRight.png', 'False_StimFile': None, 'DurationTrial': None}
77.7265 	EXP 	polygon: autoDraw = False
77.7265 	EXP 	polygon: autoDraw = False
77.7265 	EXP 	image: image = 'bus.jpg'
77.7265 	EXP 	Arrow: image = 'ArrowRight.png'
77.7265 	EXP 	image: autoDraw = True
77.7265 	EXP 	Arrow: autoDraw = True
78.2912 	DATA 	Keypress: 3
78.3106 	EXP 	image: autoDraw = False
78.3106 	EXP 	Arrow: autoDraw = False
78.3106 	EXP 	polygon: autoDraw = True
78.5511 	DATA 	Keypress: 3
79.2964 	EXP 	New trial (rep=0, index=37): {'NumberLetter': None, 'corrAns': 1, 'StimFile': 'sofa.jpg', 'ImgType': 'Furniture', 'ArrowImg': 'ArrowLeft.png', 'False_StimFile': None, 'DurationTrial': None}
79.3843 	EXP 	polygon: autoDraw = False
79.3843 	EXP 	polygon: autoDraw = False
79.3843 	EXP 	image: image = 'sofa.jpg'
79.3843 	EXP 	Arrow: image = 'ArrowLeft.png'
79.3843 	EXP 	image: autoDraw = True
79.3843 	EXP 	Arrow: autoDraw = True
79.8255 	DATA 	Keypress: 1
79.8444 	EXP 	image: autoDraw = False
79.8444 	EXP 	Arrow: autoDraw = False
79.8444 	EXP 	polygon: autoDraw = True
80.0728 	DATA 	Keypress: 1
80.8915 	EXP 	New trial (rep=0, index=38): {'NumberLetter': None, 'corrAns': 1, 'StimFile': 'bedside_table.jpg', 'ImgType': 'Furniture', 'ArrowImg': 'ArrowLeft.png', 'False_StimFile': None, 'DurationTrial': None}
80.9124 	EXP 	polygon: autoDraw = False
80.9124 	EXP 	polygon: autoDraw = False
80.9124 	EXP 	image: image = 'bedside_table.jpg'
80.9124 	EXP 	Arrow: image = 'ArrowLeft.png'
80.9124 	EXP 	image: autoDraw = True
80.9124 	EXP 	Arrow: autoDraw = True
81.3024 	DATA 	Keypress: 1
81.3266 	EXP 	image: autoDraw = False
81.3266 	EXP 	Arrow: autoDraw = False
81.3266 	EXP 	polygon: autoDraw = True
81.4928 	DATA 	Keypress: 1
82.3145 	EXP 	New trial (rep=0, index=39): {'NumberLetter': None, 'corrAns': 2, 'StimFile': 'chair.jpg', 'ImgType': 'Furniture', 'ArrowImg': 'ArrowUp.png', 'False_StimFile': None, 'DurationTrial': None}
82.4109 	EXP 	polygon: autoDraw = False
82.4109 	EXP 	polygon: autoDraw = False
82.4109 	EXP 	image: image = 'chair.jpg'
82.4109 	EXP 	Arrow: image = 'ArrowUp.png'
82.4109 	EXP 	image: autoDraw = True
82.4109 	EXP 	Arrow: autoDraw = True
82.9474 	DATA 	Keypress: 2
82.9494 	EXP 	image: autoDraw = False
82.9494 	EXP 	Arrow: autoDraw = False
82.9494 	EXP 	polygon: autoDraw = True
83.0868 	DATA 	Keypress: 2
83.9480 	EXP 	New trial (rep=0, index=40): {'NumberLetter': None, 'corrAns': 2, 'StimFile': 'filling_cabinet.jpg', 'ImgType': 'Furniture', 'ArrowImg': 'ArrowUp.png', 'False_StimFile': None, 'DurationTrial': None}
83.9637 	EXP 	polygon: autoDraw = False
83.9637 	EXP 	polygon: autoDraw = False
83.9637 	EXP 	image: image = 'filling_cabinet.jpg'
83.9637 	EXP 	Arrow: image = 'ArrowUp.png'
83.9637 	EXP 	image: autoDraw = True
83.9637 	EXP 	Arrow: autoDraw = True
84.4701 	DATA 	Keypress: 2
84.4946 	EXP 	image: autoDraw = False
84.4946 	EXP 	Arrow: autoDraw = False
84.4946 	EXP 	polygon: autoDraw = True
84.7468 	DATA 	Keypress: 2
85.4825 	EXP 	New trial (rep=0, index=41): {'NumberLetter': None, 'corrAns': 1, 'StimFile': 'plane.jpg', 'ImgType': 'Vehicles', 'ArrowImg': 'ArrowLeft.png', 'False_StimFile': None, 'DurationTrial': None}
85.5808 	EXP 	polygon: autoDraw = False
85.5808 	EXP 	polygon: autoDraw = False
85.5808 	EXP 	image: image = 'plane.jpg'
85.5808 	EXP 	Arrow: image = 'ArrowLeft.png'
85.5808 	EXP 	image: autoDraw = True
85.5808 	EXP 	Arrow: autoDraw = True
86.0119 	DATA 	Keypress: 1
86.0308 	EXP 	image: autoDraw = False
86.0308 	EXP 	Arrow: autoDraw = False
86.0308 	EXP 	polygon: autoDraw = True
86.1975 	DATA 	Keypress: 1
87.0160 	EXP 	New trial (rep=0, index=42): {'NumberLetter': None, 'corrAns': 3, 'StimFile': 'lectern.jpg', 'ImgType': 'Furniture', 'ArrowImg': 'ArrowRight.png', 'False_StimFile': None, 'DurationTrial': None}
87.1043 	EXP 	polygon: autoDraw = False
87.1043 	EXP 	polygon: autoDraw = False
87.1043 	EXP 	image: image = 'lectern.jpg'
87.1043 	EXP 	Arrow: image = 'ArrowRight.png'
87.1043 	EXP 	image: autoDraw = True
87.1043 	EXP 	Arrow: autoDraw = True
87.6409 	DATA 	Keypress: 3
87.6628 	EXP 	image: autoDraw = False
87.6628 	EXP 	Arrow: autoDraw = False
87.6628 	EXP 	polygon: autoDraw = True
87.8136 	DATA 	Keypress: 3
88.6507 	EXP 	New trial (rep=0, index=43): {'NumberLetter': None, 'corrAns': 2, 'StimFile': 'crocodile.jpg', 'ImgType': 'Animal', 'ArrowImg': 'ArrowUp.png', 'False_StimFile': None, 'DurationTrial': None}
88.7528 	EXP 	polygon: autoDraw = False
88.7528 	EXP 	polygon: autoDraw = False
88.7528 	EXP 	image: image = 'crocodile.jpg'
88.7528 	EXP 	Arrow: image = 'ArrowUp.png'
88.7528 	EXP 	image: autoDraw = True
88.7528 	EXP 	Arrow: autoDraw = True
89.2886 	DATA 	Keypress: 2
89.3136 	EXP 	image: autoDraw = False
89.3136 	EXP 	Arrow: autoDraw = False
89.3136 	EXP 	polygon: autoDraw = True
89.4285 	DATA 	Keypress: 2
90.3008 	EXP 	New trial (rep=0, index=44): {'NumberLetter': None, 'corrAns': 3, 'StimFile': 'armchair.jpg', 'ImgType': 'Furniture', 'ArrowImg': 'ArrowRight.png', 'False_StimFile': None, 'DurationTrial': None}
90.3168 	EXP 	polygon: autoDraw = False
90.3168 	EXP 	polygon: autoDraw = False
90.3168 	EXP 	image: image = 'armchair.jpg'
90.3168 	EXP 	Arrow: image = 'ArrowRight.png'
90.3168 	EXP 	image: autoDraw = True
90.3168 	EXP 	Arrow: autoDraw = True
90.8637 	DATA 	Keypress: 3
90.9409 	EXP 	image: autoDraw = False
90.9409 	EXP 	Arrow: autoDraw = False
90.9409 	EXP 	polygon: autoDraw = True
91.0978 	DATA 	Keypress: 3
91.9344 	EXP 	New trial (rep=0, index=45): {'NumberLetter': None, 'corrAns': 3, 'StimFile': 'elephant.jpg', 'ImgType': 'Animal', 'ArrowImg': 'ArrowRight.png', 'False_StimFile': None, 'DurationTrial': None}
91.9523 	EXP 	polygon: autoDraw = False
91.9523 	EXP 	polygon: autoDraw = False
91.9523 	EXP 	image: image = 'elephant.jpg'
91.9523 	EXP 	Arrow: image = 'ArrowRight.png'
91.9523 	EXP 	image: autoDraw = True
91.9523 	EXP 	Arrow: autoDraw = True
92.6477 	DATA 	Keypress: 3
92.7307 	EXP 	image: autoDraw = False
92.7307 	EXP 	Arrow: autoDraw = False
92.7307 	EXP 	polygon: autoDraw = True
92.8987 	DATA 	Keypress: 3
93.7190 	EXP 	New trial (rep=0, index=46): {'NumberLetter': None, 'corrAns': 2, 'StimFile': 'kangaroo.jpg', 'ImgType': 'Animal', 'ArrowImg': 'ArrowUp.png', 'False_StimFile': None, 'DurationTrial': None}
93.7359 	EXP 	polygon: autoDraw = False
93.7359 	EXP 	polygon: autoDraw = False
93.7359 	EXP 	image: image = 'kangaroo.jpg'
93.7359 	EXP 	Arrow: image = 'ArrowUp.png'
93.7359 	EXP 	image: autoDraw = True
93.7359 	EXP 	Arrow: autoDraw = True
94.2533 	DATA 	Keypress: 2
94.2677 	EXP 	image: autoDraw = False
94.2677 	EXP 	Arrow: autoDraw = False
94.2677 	EXP 	polygon: autoDraw = True
94.4153 	DATA 	Keypress: 2
95.2533 	EXP 	New trial (rep=0, index=47): {'NumberLetter': None, 'corrAns': 1, 'StimFile': 'Chest_of_drawers.jpg', 'ImgType': 'Furniture', 'ArrowImg': 'ArrowLeft.png', 'False_StimFile': None, 'DurationTrial': None}
95.2839 	EXP 	polygon: autoDraw = False
95.2839 	EXP 	polygon: autoDraw = False
95.2839 	EXP 	image: image = 'Chest_of_drawers.jpg'
95.2839 	EXP 	Arrow: image = 'ArrowLeft.png'
95.2839 	EXP 	image: autoDraw = True
95.2839 	EXP 	Arrow: autoDraw = True
96.0400 	DATA 	Keypress: 1
96.0667 	EXP 	image: autoDraw = False
96.0667 	EXP 	Arrow: autoDraw = False
96.0667 	EXP 	polygon: autoDraw = True
96.2163 	DATA 	Keypress: 1
97.0661 	EXP 	Imported OneShotLearning.xlsx as conditions, 48 conditions, 7 params
97.0665 	EXP 	Created sequence: random, trialTypes=48, nReps=1, seed=None
97.0667 	EXP 	New trial (rep=0, index=0): {'NumberLetter': None, 'corrAns': 1, 'StimFile': 'sofa.jpg', 'ImgType': 'Furniture', 'ArrowImg': 'ArrowLeft.png', 'False_StimFile': None, 'DurationTrial': None}
97.1352 	EXP 	polygon: autoDraw = False
97.1352 	EXP 	polygon: autoDraw = False
97.1352 	EXP 	image_2: image = 'sofa.jpg'
97.1352 	EXP 	image_2: autoDraw = True
99.8010 	DATA 	Keypress: 2
99.8203 	EXP 	image_2: autoDraw = False
99.8203 	EXP 	polygon: autoDraw = True
100.0425 	DATA 	Keypress: 2
100.8786 	EXP 	New trial (rep=0, index=1): {'NumberLetter': None, 'corrAns': 1, 'StimFile': 'lamp.jpg', 'ImgType': 'Furniture', 'ArrowImg': 'ArrowLeft.png', 'False_StimFile': None, 'DurationTrial': None}
100.9037 	EXP 	polygon: autoDraw = False
100.9037 	EXP 	polygon: autoDraw = False
100.9037 	EXP 	image_2: image = 'lamp.jpg'
100.9037 	EXP 	image_2: autoDraw = True
101.4279 	DATA 	Keypress: 3
101.4525 	EXP 	image_2: autoDraw = False
101.4525 	EXP 	polygon: autoDraw = True
101.5862 	DATA 	Keypress: 3
102.4397 	EXP 	New trial (rep=0, index=2): {'NumberLetter': None, 'corrAns': 2, 'StimFile': 'paragliding.jpg', 'ImgType': 'Vehicles', 'ArrowImg': 'ArrowUp.png', 'False_StimFile': None, 'DurationTrial': None}
102.5394 	EXP 	polygon: autoDraw = False
102.5394 	EXP 	polygon: autoDraw = False
102.5394 	EXP 	image_2: image = 'paragliding.jpg'
102.5394 	EXP 	image_2: autoDraw = True
102.8524 	DATA 	Keypress: 1
102.8718 	EXP 	image_2: autoDraw = False
102.8718 	EXP 	polygon: autoDraw = True
103.0925 	DATA 	Keypress: 1
103.9271 	EXP 	New trial (rep=0, index=3): {'NumberLetter': None, 'corrAns': 3, 'StimFile': 'turtle.jpg', 'ImgType': 'Animal', 'ArrowImg': 'ArrowRight.png', 'False_StimFile': None, 'DurationTrial': None}
103.9549 	EXP 	polygon: autoDraw = False
103.9549 	EXP 	polygon: autoDraw = False
103.9549 	EXP 	image_2: image = 'turtle.jpg'
103.9549 	EXP 	image_2: autoDraw = True
106.9570 	EXP 	image_2: autoDraw = False
106.9570 	EXP 	image_2: autoDraw = False
106.9570 	EXP 	polygon: autoDraw = True
107.9427 	EXP 	New trial (rep=0, index=4): {'NumberLetter': None, 'corrAns': 2, 'StimFile': 'kangaroo.jpg', 'ImgType': 'Animal', 'ArrowImg': 'ArrowUp.png', 'False_StimFile': None, 'DurationTrial': None}
107.9591 	EXP 	polygon: autoDraw = False
107.9591 	EXP 	polygon: autoDraw = False
107.9591 	EXP 	image_2: image = 'kangaroo.jpg'
107.9591 	EXP 	image_2: autoDraw = True
110.9756 	EXP 	image_2: autoDraw = False
110.9756 	EXP 	image_2: autoDraw = False
110.9756 	EXP 	polygon: autoDraw = True
111.9926 	EXP 	New trial (rep=0, index=5): {'NumberLetter': None, 'corrAns': 3, 'StimFile': 'motorbike.jpg', 'ImgType': 'Vehicles', 'ArrowImg': 'ArrowRight.png', 'False_StimFile': None, 'DurationTrial': None}
112.0254 	EXP 	polygon: autoDraw = False
112.0254 	EXP 	polygon: autoDraw = False
112.0254 	EXP 	image_2: image = 'motorbike.jpg'
112.0254 	EXP 	image_2: autoDraw = True
112.5916 	DATA 	Keypress: 2
112.6830 	EXP 	image_2: autoDraw = False
112.6830 	EXP 	polygon: autoDraw = True
112.8200 	DATA 	Keypress: 2
113.6766 	EXP 	New trial (rep=0, index=6): {'NumberLetter': None, 'corrAns': 3, 'StimFile': 'elephant.jpg', 'ImgType': 'Animal', 'ArrowImg': 'ArrowRight.png', 'False_StimFile': None, 'DurationTrial': None}
113.7097 	EXP 	polygon: autoDraw = False
113.7097 	EXP 	polygon: autoDraw = False
113.7097 	EXP 	image_2: image = 'elephant.jpg'
113.7097 	EXP 	image_2: autoDraw = True
114.7585 	DATA 	Keypress: esc
114.9882 	EXP 	window1: mouseVisible = True
