4.2850 	WARNING 	We strongly recommend you activate the PTB sound engine in PsychoPy prefs as the preferred audio engine. Its timing is vastly superior. Your prefs are currently set to use ['sounddevice', 'PTB', 'pyo', 'pygame'] (in that order).
8.6406 	ERROR 	'0.0000, 0.0000, 0.0000' is not a valid rgb color
10.3213 	EXP 	Created window1 = Window(allowGUI=True, allowStencil=False, autoLog=True, backendConf=UNKNOWN, bitsMode=UNKNOWN, blendMode='avg', bpc=(8, 8, 8), color=array([0, 0, 0]), colorSpace='rgb', depthBits=8, fullscr=<method-wrapper '__getattribute__' of attributeSetter object at 0x000001CA1A95B908>, gamma=None, gammaErrorPolicy='raise', lms=UNKNOWN, monitor=<psychopy.monitors.calibTools.Monitor object at 0x000001CA1A8C3D30>, multiSample=False, name='window1', numSamples=2, pos=[0.0, 0.0], screen=0, size=array([1920, 1055]), stencilBits=0, stereo=False, units='height', useFBO=True, useRetina=False, viewOri=0.0, viewPos=None, viewScale=None, waitBlanking=True, winType='glfw')
10.3214 	EXP 	window1: mouseVisible = True
10.3214 	EXP 	window1: recordFrameIntervals = False
10.3901 	EXP 	window1: recordFrameIntervals = True
10.4342 	WARNING 	t of last frame was 8.89ms (=1/112)
10.4453 	WARNING 	t of last frame was 11.14ms (=1/89)
10.4819 	WARNING 	t of last frame was 8.80ms (=1/113)
10.4921 	WARNING 	t of last frame was 10.11ms (=1/98)
10.5018 	WARNING 	Multiple dropped frames have occurred - I'll stop bothering you about them!
10.8768 	EXP 	window1: recordFrameIntervals = False
11.4480 	EXP 	Created text = TextStim(__class__=<class 'psychopy.visual.text.TextStim'>, alignHoriz=method-wrapper(...), alignText='center', alignVert=method-wrapper(...), anchorHoriz='center', anchorVert='center', antialias=True, autoLog=True, bold=False, color=array([1., 1., 1.]), colorSpace='rgb', contrast=1.0, depth=0.0, flipHoriz=False, flipVert=False, font='Open Sans', fontFiles=[], height=0.04, italic=False, languageStyle='LTR', name='text', opacity=1, ori=0.0, pos=array([0., 0.]), rgb=UNKNOWN, text=str(...), units='height', win=Window(...), wrapWidth=1)
11.5324 	EXP 	Created text_4 = TextStim(__class__=<class 'psychopy.visual.text.TextStim'>, alignHoriz=method-wrapper(...), alignText='center', alignVert=method-wrapper(...), anchorHoriz='center', anchorVert='center', antialias=True, autoLog=True, bold=False, color=array([1., 1., 1.]), colorSpace='rgb', contrast=1.0, depth=0.0, flipHoriz=False, flipVert=False, font='Open Sans', fontFiles=[], height=0.1, italic=False, languageStyle='LTR', name='text_4', opacity=1, ori=0.0, pos=array([0., 0.]), rgb=UNKNOWN, text=str(...), units='height', win=Window(...), wrapWidth=1)
11.5390 	EXP 	Created Scrambled_img = ImageStim(__class__=<class 'psychopy.visual.image.ImageStim'>, autoLog=True, color=array([1., 1., 1.]), colorSpace='rgb', contrast=1.0, depth=0.0, flipHoriz=False, flipVert=False, image='sin', interpolate=True, mask=None, maskParams=None, name='Scrambled_img', opacity=1, ori=0.0, pos=array([0.   , 0.125]), size=array([1.  , 0.75]), texRes=128.0, units='height', win=Window(...))
11.5443 	EXP 	Created Arrow1 = ImageStim(__class__=<class 'psychopy.visual.image.ImageStim'>, autoLog=True, color=array([1., 1., 1.]), colorSpace='rgb', contrast=1.0, depth=-1.0, flipHoriz=False, flipVert=False, image='sin', interpolate=True, mask=None, maskParams=None, name='Arrow1', opacity=1, ori=0.0, pos=array([ 0.   , -0.375]), size=array([0.25, 0.25]), texRes=128.0, units='height', win=Window(...))
11.5485 	EXP 	Created polygon = ShapeStim(__class__=<class 'psychopy.visual.shape.ShapeStim'>, autoDraw=False, autoLog=True, closeShape=True, color=method-wrapper(...), colorSpace='rgb', contrast=None, depth=0.0, fillColor=array([1, 1, 1]), fillColorSpace='rgb', fillRGB=array([1, 1, 1]), interpolate=True, lineColor=array([1., 1., 1.]), lineColorSpace='rgb', lineRGB=array([1, 1, 1]), lineWidth=1.0, name='polygon', opacity=1, ori=0.0, pos=array([0., 0.]), size=array([0.5, 0.5]), units='height', vertices=ndarray(...), win=Window(...), windingRule=None)
11.6411 	EXP 	Created text_3 = TextStim(__class__=<class 'psychopy.visual.text.TextStim'>, alignHoriz=method-wrapper(...), alignText='center', alignVert=method-wrapper(...), anchorHoriz='center', anchorVert='center', antialias=True, autoLog=True, bold=False, color=array([1., 1., 1.]), colorSpace='rgb', contrast=1.0, depth=0.0, flipHoriz=False, flipVert=False, font='Open Sans', fontFiles=[], height=0.1, italic=False, languageStyle='LTR', name='text_3', opacity=1, ori=0.0, pos=array([0., 0.]), rgb=UNKNOWN, text=str(...), units='height', win=Window(...), wrapWidth=1)
11.6459 	EXP 	Created image = ImageStim(__class__=<class 'psychopy.visual.image.ImageStim'>, autoLog=True, color=array([1., 1., 1.]), colorSpace='rgb', contrast=1.0, depth=-1.0, flipHoriz=False, flipVert=False, image='sin', interpolate=True, mask=None, maskParams=None, name='image', opacity=1, ori=0.0, pos=array([0.   , 0.125]), size=array([1.  , 0.75]), texRes=128.0, units='height', win=Window(...))
11.6512 	EXP 	Created Arrow = ImageStim(__class__=<class 'psychopy.visual.image.ImageStim'>, autoLog=True, color=array([1., 1., 1.]), colorSpace='rgb', contrast=1.0, depth=-2.0, flipHoriz=False, flipVert=False, image='sin', interpolate=True, mask=None, maskParams=None, name='Arrow', opacity=1, ori=0.0, pos=array([ 0.   , -0.375]), size=array([0.25, 0.25]), texRes=128.0, units='height', win=Window(...))
11.6547 	EXP 	Created polygon = ShapeStim(__class__=<class 'psychopy.visual.shape.ShapeStim'>, autoDraw=False, autoLog=True, closeShape=True, color=method-wrapper(...), colorSpace='rgb', contrast=None, depth=0.0, fillColor=array([1, 1, 1]), fillColorSpace='rgb', fillRGB=array([1, 1, 1]), interpolate=True, lineColor=array([1., 1., 1.]), lineColorSpace='rgb', lineRGB=array([1, 1, 1]), lineWidth=1.0, name='polygon', opacity=1, ori=0.0, pos=array([0., 0.]), size=array([0.5, 0.5]), units='height', vertices=ndarray(...), win=Window(...), windingRule=None)
11.6616 	EXP 	Created image_2 = ImageStim(__class__=<class 'psychopy.visual.image.ImageStim'>, autoLog=True, color=array([1., 1., 1.]), colorSpace='rgb', contrast=1.0, depth=-1.0, flipHoriz=False, flipVert=False, image='sin', interpolate=True, mask=None, maskParams=None, name='image_2', opacity=1, ori=0.0, pos=array([0.   , 0.125]), size=array([1.  , 0.75]), texRes=128.0, units='height', win=Window(...))
11.7150 	EXP 	Created direction_options = ImageStim(__class__=<class 'psychopy.visual.image.ImageStim'>, autoLog=True, color=array([1., 1., 1.]), colorSpace='rgb', contrast=1.0, depth=-3.0, flipHoriz=False, flipVert=False, image='Gallery_arrowoptions.png', interpolate=True, mask=None, maskParams=None, name='direction_options', opacity=1, ori=0.0, pos=array([ 0.   , -0.375]), size=array([1.  , 0.25]), texRes=128.0, units='height', win=Window(...))
11.7186 	EXP 	Created polygon = ShapeStim(__class__=<class 'psychopy.visual.shape.ShapeStim'>, autoDraw=False, autoLog=True, closeShape=True, color=method-wrapper(...), colorSpace='rgb', contrast=None, depth=0.0, fillColor=array([1, 1, 1]), fillColorSpace='rgb', fillRGB=array([1, 1, 1]), interpolate=True, lineColor=array([1., 1., 1.]), lineColorSpace='rgb', lineRGB=array([1, 1, 1]), lineWidth=1.0, name='polygon', opacity=1, ori=0.0, pos=array([0., 0.]), size=array([0.5, 0.5]), units='height', vertices=ndarray(...), win=Window(...), windingRule=None)
11.7621 	EXP 	Created text_4 = TextStim(__class__=<class 'psychopy.visual.text.TextStim'>, alignHoriz=method-wrapper(...), alignText='center', alignVert=method-wrapper(...), anchorHoriz='center', anchorVert='center', antialias=True, autoLog=True, bold=False, color=array([1., 1., 1.]), colorSpace='rgb', contrast=1.0, depth=0.0, flipHoriz=False, flipVert=False, font='Open Sans', fontFiles=[], height=0.1, italic=False, languageStyle='LTR', name='text_4', opacity=1, ori=0.0, pos=array([0., 0.]), rgb=UNKNOWN, text=str(...), units='height', win=Window(...), wrapWidth=1)
11.7688 	EXP 	Created Scrambled_img = ImageStim(__class__=<class 'psychopy.visual.image.ImageStim'>, autoLog=True, color=array([1., 1., 1.]), colorSpace='rgb', contrast=1.0, depth=0.0, flipHoriz=False, flipVert=False, image='sin', interpolate=True, mask=None, maskParams=None, name='Scrambled_img', opacity=1, ori=0.0, pos=array([0.   , 0.125]), size=array([1.  , 0.75]), texRes=128.0, units='height', win=Window(...))
11.7749 	EXP 	Created Arrow1 = ImageStim(__class__=<class 'psychopy.visual.image.ImageStim'>, autoLog=True, color=array([1., 1., 1.]), colorSpace='rgb', contrast=1.0, depth=-1.0, flipHoriz=False, flipVert=False, image='sin', interpolate=True, mask=None, maskParams=None, name='Arrow1', opacity=1, ori=0.0, pos=array([ 0.   , -0.375]), size=array([0.25, 0.25]), texRes=128.0, units='height', win=Window(...))
11.7787 	EXP 	Created polygon = ShapeStim(__class__=<class 'psychopy.visual.shape.ShapeStim'>, autoDraw=False, autoLog=True, closeShape=True, color=method-wrapper(...), colorSpace='rgb', contrast=None, depth=0.0, fillColor=array([1, 1, 1]), fillColorSpace='rgb', fillRGB=array([1, 1, 1]), interpolate=True, lineColor=array([1., 1., 1.]), lineColorSpace='rgb', lineRGB=array([1, 1, 1]), lineWidth=1.0, name='polygon', opacity=1, ori=0.0, pos=array([0., 0.]), size=array([0.5, 0.5]), units='height', vertices=ndarray(...), win=Window(...), windingRule=None)
11.8029 	EXP 	Created text_2 = TextStim(__class__=<class 'psychopy.visual.text.TextStim'>, alignHoriz=method-wrapper(...), alignText='center', alignVert=method-wrapper(...), anchorHoriz='center', anchorVert='center', antialias=True, autoLog=True, bold=False, color=array([1., 1., 1.]), colorSpace='rgb', contrast=1.0, depth=0.0, flipHoriz=False, flipVert=False, font='Open Sans', fontFiles=[], height=0.1, italic=False, languageStyle='LTR', name='text_2', opacity=1, ori=0.0, pos=array([0., 0.]), rgb=UNKNOWN, text=str(...), units='height', win=Window(...), wrapWidth=1)
11.8360 	EXP 	text: autoDraw = True
12.4144 	DATA 	Keypress: 2
12.4301 	EXP 	text: autoDraw = False
12.4301 	EXP 	text_4: autoDraw = True
12.5464 	DATA 	Keypress: 2
13.4837 	DATA 	Keypress: 2
13.6781 	DATA 	Keypress: 2
22.4391 	EXP 	Imported OneShotLearning.csv as conditions, 4 conditions, 8 params
22.4396 	EXP 	Created sequence: random, trialTypes=4, nReps=1, seed=None
22.4401 	EXP 	New trial (rep=0, index=0): OrderedDict([('corrAns', 3), ('StimFile', 'Images/cow.jpg'), ('ImgType', 'Animal'), ('ArrowImg', 'ArrowRight.png'), ('ImgOrientation', None), ('Direction', 'ArrowLeft.png'), ('Scrambled', 'Images/cow_scrambled.jpg'), ('old', None)])
22.5073 	EXP 	text_4: autoDraw = False
22.5073 	EXP 	Scrambled_img: image = 'Images/cow_scrambled.jpg'
22.5073 	EXP 	Arrow1: image = 'ArrowRight.png'
22.5073 	EXP 	Scrambled_img: autoDraw = True
22.5073 	EXP 	Arrow1: autoDraw = True
25.4382 	EXP 	Scrambled_img: autoDraw = False
25.4382 	EXP 	Arrow1: autoDraw = False
25.4382 	EXP 	polygon: autoDraw = True
26.4250 	EXP 	New trial (rep=0, index=1): OrderedDict([('corrAns', 1), ('StimFile', 'Images/cheetah.jpg'), ('ImgType', 'Animal'), ('ArrowImg', 'ArrowLeft.png'), ('ImgOrientation', None), ('Direction', 'ArrowLeft.png'), ('Scrambled', 'Images/cheetah_scrambled.jpg'), ('old', None)])
26.4538 	EXP 	polygon: autoDraw = False
26.4538 	EXP 	Scrambled_img: image = 'Images/cheetah_scrambled.jpg'
26.4538 	EXP 	Arrow1: image = 'ArrowLeft.png'
26.4538 	EXP 	Scrambled_img: autoDraw = True
26.4538 	EXP 	Arrow1: autoDraw = True
29.4438 	EXP 	Scrambled_img: autoDraw = False
29.4438 	EXP 	Arrow1: autoDraw = False
29.4438 	EXP 	polygon: autoDraw = True
30.4239 	EXP 	New trial (rep=0, index=2): OrderedDict([('corrAns', 2), ('StimFile', 'Images/crocodile.jpg'), ('ImgType', 'Animal'), ('ArrowImg', 'ArrowUp.png'), ('ImgOrientation', 'right'), ('Direction', 'ArrowLeft.png'), ('Scrambled', 'Images/crocodile_scrambled.jpg'), ('old', None)])
30.4445 	EXP 	polygon: autoDraw = False
30.4445 	EXP 	Scrambled_img: image = 'Images/crocodile_scrambled.jpg'
30.4445 	EXP 	Arrow1: image = 'ArrowUp.png'
30.4445 	EXP 	Scrambled_img: autoDraw = True
30.4445 	EXP 	Arrow1: autoDraw = True
33.4442 	EXP 	Scrambled_img: autoDraw = False
33.4442 	EXP 	Arrow1: autoDraw = False
33.4442 	EXP 	polygon: autoDraw = True
34.4247 	EXP 	New trial (rep=0, index=3): OrderedDict([('corrAns', 2), ('StimFile', 'Images/cat.jpg'), ('ImgType', 'Animal'), ('ArrowImg', 'ArrowUp.png'), ('ImgOrientation', None), ('Direction', 'ArrowLeft.png'), ('Scrambled', 'Images/cat_scrambled.jpg'), ('old', None)])
34.4471 	EXP 	polygon: autoDraw = False
34.4471 	EXP 	Scrambled_img: image = 'Images/cat_scrambled.jpg'
34.4471 	EXP 	Arrow1: image = 'ArrowUp.png'
34.4471 	EXP 	Scrambled_img: autoDraw = True
34.4471 	EXP 	Arrow1: autoDraw = True
37.4392 	EXP 	Scrambled_img: autoDraw = False
37.4392 	EXP 	Arrow1: autoDraw = False
37.4392 	EXP 	polygon: autoDraw = True
38.4383 	EXP 	polygon: autoDraw = False
38.4383 	EXP 	text_3: autoDraw = True
40.9205 	DATA 	Keypress: 2
41.0684 	DATA 	Keypress: 2
48.4410 	EXP 	Imported OneShotLearning_conditions.xlsx as conditions, 12 conditions, 2 params
48.4415 	EXP 	Created sequence: random, trialTypes=12, nReps=1, seed=None
48.4418 	EXP 	New trial (rep=0, index=0): {'Condition_rows': '16:20', 'Condition_rows_practice': None}
48.4874 	EXP 	window1: mouseVisible = True
