2.9347 	WARNING 	We strongly recommend you activate the PTB sound engine in PsychoPy prefs as the preferred audio engine. Its timing is vastly superior. Your prefs are currently set to use ['sounddevice', 'PTB', 'pyo', 'pygame'] (in that order).
7.2390 	EXP 	Created window1 = Window(allowGUI=True, allowStencil=False, autoLog=True, backendConf=UNKNOWN, bitsMode=UNKNOWN, blendMode='avg', bpc=(8, 8, 8), color=array([0, 0, 0]), colorSpace='rgb', depthBits=8, fullscr=<method-wrapper '__getattribute__' of attributeSetter object at 0x000002001A1CCC88>, gamma=None, gammaErrorPolicy='raise', lms=UNKNOWN, monitor=<psychopy.monitors.calibTools.Monitor object at 0x000002001A1CB0B8>, multiSample=False, name='window1', numSamples=2, pos=[760.0, 180.0], screen=0, size=array([1920, 1080]), stencilBits=0, stereo=False, units='height', useFBO=True, useRetina=False, viewOri=0.0, viewPos=None, viewScale=None, waitBlanking=True, winType='pyglet')
7.2391 	EXP 	window1: mouseVisible = True
7.2391 	EXP 	window1: recordFrameIntervals = False
7.4055 	EXP 	window1: recordFrameIntervals = True
7.5892 	EXP 	window1: recordFrameIntervals = False
7.8891 	EXP 	Created text = TextStim(__class__=<class 'psychopy.visual.text.TextStim'>, alignHoriz=method-wrapper(...), alignText='center', alignVert=method-wrapper(...), anchorHoriz='center', anchorVert='center', antialias=True, autoLog=True, bold=False, color=array([1., 1., 1.]), colorSpace='rgb', contrast=1.0, depth=0.0, flipHoriz=False, flipVert=False, font='Open Sans', fontFiles=[], height=0.1, italic=False, languageStyle='LTR', name='text', opacity=1, ori=0.0, pos=array([0., 0.]), rgb=UNKNOWN, text='Instructions:', units='height', win=Window(...), wrapWidth=1)
7.8915 	EXP 	Created polygon = ShapeStim(__class__=<class 'psychopy.visual.shape.ShapeStim'>, autoDraw=False, autoLog=True, closeShape=True, color=method-wrapper(...), colorSpace='rgb', contrast=None, depth=0.0, fillColor=array([1, 1, 1]), fillColorSpace='rgb', fillRGB=array([1, 1, 1]), interpolate=True, lineColor=array([1., 1., 1.]), lineColorSpace='rgb', lineRGB=array([1, 1, 1]), lineWidth=1.0, name='polygon', opacity=1, ori=0.0, pos=array([0., 0.]), size=array([0.5, 0.5]), units='height', vertices=ndarray(...), win=Window(...), windingRule=None)
7.9006 	EXP 	Created image = ImageStim(__class__=<class 'psychopy.visual.image.ImageStim'>, autoLog=True, color=array([1., 1., 1.]), colorSpace='rgb', contrast=1.0, depth=-1.0, flipHoriz=False, flipVert=False, image='sin', interpolate=True, mask=None, maskParams=None, name='image', opacity=1, ori=0.0, pos=array([0.   , 0.125]), size=array([1.  , 0.75]), texRes=128.0, units='height', win=Window(...))
7.9038 	EXP 	Created Arrow = ImageStim(__class__=<class 'psychopy.visual.image.ImageStim'>, autoLog=True, color=array([1., 1., 1.]), colorSpace='rgb', contrast=1.0, depth=-2.0, flipHoriz=False, flipVert=False, image='sin', interpolate=True, mask=None, maskParams=None, name='Arrow', opacity=1, ori=0.0, pos=array([ 0.   , -0.375]), size=array([0.25, 0.25]), texRes=128.0, units='height', win=Window(...))
7.9057 	EXP 	Created polygon = ShapeStim(__class__=<class 'psychopy.visual.shape.ShapeStim'>, autoDraw=False, autoLog=True, closeShape=True, color=method-wrapper(...), colorSpace='rgb', contrast=None, depth=0.0, fillColor=array([1, 1, 1]), fillColorSpace='rgb', fillRGB=array([1, 1, 1]), interpolate=True, lineColor=array([1., 1., 1.]), lineColorSpace='rgb', lineRGB=array([1, 1, 1]), lineWidth=1.0, name='polygon', opacity=1, ori=0.0, pos=array([0., 0.]), size=array([0.5, 0.5]), units='height', vertices=ndarray(...), win=Window(...), windingRule=None)
7.9132 	EXP 	Created image_2 = ImageStim(__class__=<class 'psychopy.visual.image.ImageStim'>, autoLog=True, color=array([1., 1., 1.]), colorSpace='rgb', contrast=1.0, depth=-1.0, flipHoriz=False, flipVert=False, image='sin', interpolate=True, mask=None, maskParams=None, name='image_2', opacity=1, ori=0.0, pos=array([0.   , 0.125]), size=array([1.  , 0.75]), texRes=128.0, units='height', win=Window(...))
7.9150 	EXP 	Created polygon = ShapeStim(__class__=<class 'psychopy.visual.shape.ShapeStim'>, autoDraw=False, autoLog=True, closeShape=True, color=method-wrapper(...), colorSpace='rgb', contrast=None, depth=0.0, fillColor=array([1, 1, 1]), fillColorSpace='rgb', fillRGB=array([1, 1, 1]), interpolate=True, lineColor=array([1., 1., 1.]), lineColorSpace='rgb', lineRGB=array([1, 1, 1]), lineWidth=1.0, name='polygon', opacity=1, ori=0.0, pos=array([0., 0.]), size=array([0.5, 0.5]), units='height', vertices=ndarray(...), win=Window(...), windingRule=None)
7.9396 	EXP 	Created text_2 = TextStim(__class__=<class 'psychopy.visual.text.TextStim'>, alignHoriz=method-wrapper(...), alignText='center', alignVert=method-wrapper(...), anchorHoriz='center', anchorVert='center', antialias=True, autoLog=True, bold=False, color=array([1., 1., 1.]), colorSpace='rgb', contrast=1.0, depth=0.0, flipHoriz=False, flipVert=False, font='Open Sans', fontFiles=[], height=0.1, italic=False, languageStyle='LTR', name='text_2', opacity=1, ori=0.0, pos=array([0., 0.]), rgb=UNKNOWN, text=str(...), units='height', win=Window(...), wrapWidth=1)
8.0234 	EXP 	text: autoDraw = True
9.8971 	EXP 	Imported OneShotLearning_conditions.xlsx as conditions, 12 conditions, 1 params
9.8974 	EXP 	Created sequence: random, trialTypes=12, nReps=1, seed=None
9.8976 	EXP 	New trial (rep=0, index=0): {'Condition_rows': '32:36'}
9.9021 	DATA 	Keypress: 1
9.9066 	EXP 	text: autoDraw = False
9.9066 	EXP 	polygon: autoDraw = True
10.9037 	EXP 	Imported OneShotLearning.xlsx as conditions, 4 conditions, 7 params
10.9040 	EXP 	Created sequence: random, trialTypes=4, nReps=1, seed=None
10.9042 	EXP 	New trial (rep=0, index=0): {'NumberLetter': None, 'corrAns': 3, 'StimFile': 'armchair.jpg', 'ImgType': 'Furniture', 'ArrowImg': 'ArrowRight.png', 'False_StimFile': None, 'DurationTrial': None}
10.9559 	EXP 	polygon: autoDraw = False
10.9559 	EXP 	polygon: autoDraw = False
10.9559 	EXP 	image: image = 'armchair.jpg'
10.9559 	EXP 	Arrow: image = 'ArrowRight.png'
10.9559 	EXP 	image: autoDraw = True
10.9559 	EXP 	Arrow: autoDraw = True
11.9963 	DATA 	Keypress: 3
13.9083 	EXP 	image: autoDraw = False
13.9083 	EXP 	Arrow: autoDraw = False
13.9083 	EXP 	polygon: autoDraw = True
14.8941 	EXP 	New trial (rep=0, index=1): {'NumberLetter': None, 'corrAns': 2, 'StimFile': 'train', 'ImgType': 'Vehicles', 'ArrowImg': 'ArrowUp.png', 'False_StimFile': None, 'DurationTrial': None}
14.8944 	WARNING 	Requested image 'train' not found but similar filename 'train.jpg' exists. This will be used instead but changing the filename is advised.
14.9416 	EXP 	polygon: autoDraw = False
14.9416 	EXP 	polygon: autoDraw = False
14.9416 	EXP 	image: image = 'train'
14.9416 	EXP 	Arrow: image = 'ArrowUp.png'
14.9416 	EXP 	image: autoDraw = True
14.9416 	EXP 	Arrow: autoDraw = True
15.4970 	DATA 	Keypress: 2
17.9102 	EXP 	image: autoDraw = False
17.9102 	EXP 	Arrow: autoDraw = False
17.9102 	EXP 	polygon: autoDraw = True
18.8945 	EXP 	New trial (rep=0, index=2): {'NumberLetter': None, 'corrAns': 1, 'StimFile': 'van.jpg', 'ImgType': 'Vehicles', 'ArrowImg': 'ArrowLeft.png', 'False_StimFile': None, 'DurationTrial': None}
18.9270 	EXP 	polygon: autoDraw = False
18.9270 	EXP 	image: image = 'van.jpg'
18.9270 	EXP 	Arrow: image = 'ArrowLeft.png'
18.9270 	EXP 	image: autoDraw = True
18.9270 	EXP 	Arrow: autoDraw = True
19.1822 	DATA 	Keypress: 1
21.9122 	EXP 	image: autoDraw = False
21.9122 	EXP 	Arrow: autoDraw = False
21.9122 	EXP 	polygon: autoDraw = True
22.8964 	EXP 	New trial (rep=0, index=3): {'NumberLetter': None, 'corrAns': 2, 'StimFile': 'bed.jpg', 'ImgType': 'Furniture', 'ArrowImg': 'ArrowUp.png', 'False_StimFile': None, 'DurationTrial': None}
22.9286 	EXP 	polygon: autoDraw = False
22.9286 	EXP 	image: image = 'bed.jpg'
22.9286 	EXP 	Arrow: image = 'ArrowUp.png'
22.9286 	EXP 	image: autoDraw = True
22.9286 	EXP 	Arrow: autoDraw = True
25.9140 	EXP 	image: autoDraw = False
25.9140 	EXP 	Arrow: autoDraw = False
25.9140 	EXP 	polygon: autoDraw = True
26.9093 	EXP 	Imported OneShotLearning.xlsx as conditions, 4 conditions, 7 params
26.9095 	EXP 	Created sequence: random, trialTypes=4, nReps=1, seed=None
26.9098 	EXP 	New trial (rep=0, index=0): {'NumberLetter': None, 'corrAns': 2, 'StimFile': 'bed.jpg', 'ImgType': 'Furniture', 'ArrowImg': 'ArrowUp.png', 'False_StimFile': None, 'DurationTrial': None}
26.9478 	EXP 	polygon: autoDraw = False
26.9478 	EXP 	image_2: image = 'bed.jpg'
26.9478 	EXP 	image_2: autoDraw = True
29.3365 	DATA 	Keypress: 2
29.9158 	EXP 	image_2: autoDraw = False
29.9158 	EXP 	polygon: autoDraw = True
30.9002 	EXP 	New trial (rep=0, index=1): {'NumberLetter': None, 'corrAns': 3, 'StimFile': 'armchair.jpg', 'ImgType': 'Furniture', 'ArrowImg': 'ArrowRight.png', 'False_StimFile': None, 'DurationTrial': None}
30.9183 	EXP 	polygon: autoDraw = False
30.9183 	EXP 	image_2: image = 'armchair.jpg'
30.9183 	EXP 	image_2: autoDraw = True
31.5880 	DATA 	Keypress: escape
31.8915 	EXP 	window1: mouseVisible = True
