2.1781 	WARNING 	We strongly recommend you activate the PTB sound engine in PsychoPy prefs as the preferred audio engine. Its timing is vastly superior. Your prefs are currently set to use ['sounddevice', 'PTB', 'pyo', 'pygame'] (in that order).
6.4382 	ERROR 	'0.0000, 0.0000, 0.0000' is not a valid rgb color
7.6322 	EXP 	Created window1 = Window(allowGUI=True, allowStencil=False, autoLog=True, backendConf=UNKNOWN, bitsMode=UNKNOWN, blendMode='avg', bpc=(8, 8, 8), color=array([0, 0, 0]), colorSpace='rgb', depthBits=8, fullscr=<method-wrapper '__getattribute__' of attributeSetter object at 0x000001935D4FC978>, gamma=None, gammaErrorPolicy='raise', lms=UNKNOWN, monitor=<psychopy.monitors.calibTools.Monitor object at 0x000001935D463DA0>, multiSample=False, name='window1', numSamples=2, pos=[760.0, 180.0], screen=0, size=array([1920, 1080]), stencilBits=0, stereo=False, units='height', useFBO=True, useRetina=False, viewOri=0.0, viewPos=None, viewScale=None, waitBlanking=True, winType='glfw')
7.6323 	EXP 	window1: mouseVisible = True
7.6323 	EXP 	window1: recordFrameIntervals = False
7.7985 	EXP 	window1: recordFrameIntervals = True
7.9823 	EXP 	window1: recordFrameIntervals = False
8.4400 	EXP 	Created text = TextStim(__class__=<class 'psychopy.visual.text.TextStim'>, alignHoriz=method-wrapper(...), alignText='center', alignVert=method-wrapper(...), anchorHoriz='center', anchorVert='center', antialias=True, autoLog=True, bold=False, color=array([1., 1., 1.]), colorSpace='rgb', contrast=1.0, depth=0.0, flipHoriz=False, flipVert=False, font='Open Sans', fontFiles=[], height=0.04, italic=False, languageStyle='LTR', name='text', opacity=1, ori=0.0, pos=array([0., 0.]), rgb=UNKNOWN, text=str(...), units='height', win=Window(...), wrapWidth=1)
8.4484 	EXP 	Created Arrow = ImageStim(__class__=<class 'psychopy.visual.image.ImageStim'>, autoLog=True, color=array([1., 1., 1.]), colorSpace='rgb', contrast=1.0, depth=-1.0, flipHoriz=False, flipVert=False, image='sin', interpolate=True, mask=None, maskParams=None, name='Arrow', opacity=1, ori=0.0, pos=array([0.   , 0.375]), size=array([0.25, 0.25]), texRes=128.0, units='height', win=Window(...))
8.4503 	EXP 	Created text_3 = TextStim(__class__=<class 'psychopy.visual.text.TextStim'>, alignHoriz=method-wrapper(...), alignText='center', alignVert=method-wrapper(...), anchorHoriz='center', anchorVert='center', antialias=True, autoLog=True, bold=False, color=array([1., 1., 1.]), colorSpace='rgb', contrast=1.0, depth=-3.0, flipHoriz=False, flipVert=False, font='Open Sans', fontFiles=[], height=0.1, italic=False, languageStyle='LTR', name='text_3', opacity=1, ori=0.0, pos=array([0., 0.]), rgb=UNKNOWN, text='', units='height', win=Window(...), wrapWidth=1)
8.4528 	EXP 	Created polygon = ShapeStim(__class__=<class 'psychopy.visual.shape.ShapeStim'>, autoDraw=False, autoLog=True, closeShape=True, color=method-wrapper(...), colorSpace='rgb', contrast=None, depth=0.0, fillColor=array([1, 1, 1]), fillColorSpace='rgb', fillRGB=array([1, 1, 1]), interpolate=True, lineColor=array([1., 1., 1.]), lineColorSpace='rgb', lineRGB=array([1, 1, 1]), lineWidth=1.0, name='polygon', opacity=1, ori=0.0, pos=array([0., 0.]), size=array([0.5, 0.5]), units='height', vertices=ndarray(...), win=Window(...), windingRule=None)
8.4570 	EXP 	Created image_2 = ImageStim(__class__=<class 'psychopy.visual.image.ImageStim'>, autoLog=True, color=array([1., 1., 1.]), colorSpace='rgb', contrast=1.0, depth=-1.0, flipHoriz=False, flipVert=False, image='sin', interpolate=True, mask=None, maskParams=None, name='image_2', opacity=1, ori=0.0, pos=array([0.   , 0.125]), size=array([1.  , 0.75]), texRes=128.0, units='height', win=Window(...))
8.5016 	EXP 	Created direction_options = ImageStim(__class__=<class 'psychopy.visual.image.ImageStim'>, autoLog=True, color=array([1., 1., 1.]), colorSpace='rgb', contrast=1.0, depth=-3.0, flipHoriz=False, flipVert=False, image='Gallery_arrowoptions.png', interpolate=True, mask=None, maskParams=None, name='direction_options', opacity=1, ori=0.0, pos=array([ 0.   , -0.375]), size=array([1.  , 0.25]), texRes=128.0, units='height', win=Window(...))
8.5035 	EXP 	Created polygon = ShapeStim(__class__=<class 'psychopy.visual.shape.ShapeStim'>, autoDraw=False, autoLog=True, closeShape=True, color=method-wrapper(...), colorSpace='rgb', contrast=None, depth=0.0, fillColor=array([1, 1, 1]), fillColorSpace='rgb', fillRGB=array([1, 1, 1]), interpolate=True, lineColor=array([1., 1., 1.]), lineColorSpace='rgb', lineRGB=array([1, 1, 1]), lineWidth=1.0, name='polygon', opacity=1, ori=0.0, pos=array([0., 0.]), size=array([0.5, 0.5]), units='height', vertices=ndarray(...), win=Window(...), windingRule=None)
8.5325 	EXP 	Created text_2 = TextStim(__class__=<class 'psychopy.visual.text.TextStim'>, alignHoriz=method-wrapper(...), alignText='center', alignVert=method-wrapper(...), anchorHoriz='center', anchorVert='center', antialias=True, autoLog=True, bold=False, color=array([1., 1., 1.]), colorSpace='rgb', contrast=1.0, depth=0.0, flipHoriz=False, flipVert=False, font='Open Sans', fontFiles=[], height=0.1, italic=False, languageStyle='LTR', name='text_2', opacity=1, ori=0.0, pos=array([0., 0.]), rgb=UNKNOWN, text=str(...), units='height', win=Window(...), wrapWidth=1)
8.6207 	EXP 	text: autoDraw = True
10.0132 	DATA 	Keypress: 1
10.0321 	EXP 	Imported OneShotLearning.xlsx as conditions, 48 conditions, 8 params
10.0326 	EXP 	Created sequence: random, trialTypes=48, nReps=1, seed=None
10.0329 	EXP 	New trial (rep=0, index=0): {'NumberLetter': None, 'corrAns': 1, 'StimFile': 'cart.jpg', 'ImgType': 'Vehicles', 'ArrowImg': 'ArrowLeft.png', 'ImgOrientation': None, 'Congruency': None, 'Direction': None}
10.0345 	EXP 	New trial (rep=0, index=1): {'NumberLetter': None, 'corrAns': 1, 'StimFile': 'armadillo.jpg', 'ImgType': 'Animal', 'ArrowImg': 'ArrowLeft.png', 'ImgOrientation': 'left', 'Congruency': 'Congruent', 'Direction': 'ArrowLeft.png'}
10.0360 	EXP 	New trial (rep=0, index=2): {'NumberLetter': None, 'corrAns': 3, 'StimFile': 'scooter.jpg', 'ImgType': 'Vehicles', 'ArrowImg': 'ArrowRight.png', 'ImgOrientation': None, 'Congruency': None, 'Direction': None}
10.0375 	EXP 	New trial (rep=0, index=3): {'NumberLetter': None, 'corrAns': 2, 'StimFile': 'platypus.jpg', 'ImgType': 'Animal', 'ArrowImg': 'ArrowUp.png', 'ImgOrientation': None, 'Congruency': None, 'Direction': None}
10.0390 	EXP 	New trial (rep=0, index=4): {'NumberLetter': None, 'corrAns': 1, 'StimFile': 'rhino.jpg', 'ImgType': 'Animal', 'ArrowImg': 'ArrowLeft.png', 'ImgOrientation': None, 'Congruency': None, 'Direction': None}
10.0405 	EXP 	New trial (rep=0, index=5): {'NumberLetter': None, 'corrAns': 2, 'StimFile': 'bed.jpg', 'ImgType': 'Furniture', 'ArrowImg': 'ArrowUp.png', 'ImgOrientation': None, 'Congruency': None, 'Direction': None}
10.0420 	EXP 	New trial (rep=0, index=6): {'NumberLetter': None, 'corrAns': 2, 'StimFile': 'paragliding.jpg', 'ImgType': 'Vehicles', 'ArrowImg': 'ArrowUp.png', 'ImgOrientation': None, 'Congruency': None, 'Direction': None}
10.0434 	EXP 	New trial (rep=0, index=7): {'NumberLetter': None, 'corrAns': 1, 'StimFile': 'sofa.jpg', 'ImgType': 'Furniture', 'ArrowImg': 'ArrowLeft.png', 'ImgOrientation': None, 'Congruency': None, 'Direction': None}
10.0449 	EXP 	New trial (rep=0, index=8): {'NumberLetter': None, 'corrAns': 3, 'StimFile': 'bookcase.jpg', 'ImgType': 'Furniture', 'ArrowImg': 'ArrowRight.png', 'ImgOrientation': 'neutral', 'Congruency': 'neutral', 'Direction': None}
10.0464 	EXP 	New trial (rep=0, index=9): {'NumberLetter': None, 'corrAns': 3, 'StimFile': 'armchair.jpg', 'ImgType': 'Furniture', 'ArrowImg': 'ArrowRight.png', 'ImgOrientation': None, 'Congruency': None, 'Direction': None}
10.0479 	EXP 	New trial (rep=0, index=10): {'NumberLetter': None, 'corrAns': 2, 'StimFile': 'crocodile.jpg', 'ImgType': 'Animal', 'ArrowImg': 'ArrowUp.png', 'ImgOrientation': 'right', 'Congruency': 'Incongruent - perpendicular', 'Direction': None}
10.0494 	EXP 	New trial (rep=0, index=11): {'NumberLetter': None, 'corrAns': 1, 'StimFile': 'Chest_of_drawers.jpg', 'ImgType': 'Furniture', 'ArrowImg': 'ArrowLeft.png', 'ImgOrientation': None, 'Congruency': None, 'Direction': None}
10.0509 	EXP 	New trial (rep=0, index=12): {'NumberLetter': None, 'corrAns': 2, 'StimFile': 'chair.jpg', 'ImgType': 'Furniture', 'ArrowImg': 'ArrowUp.png', 'ImgOrientation': None, 'Congruency': None, 'Direction': None}
10.0527 	EXP 	New trial (rep=0, index=13): {'NumberLetter': None, 'corrAns': 3, 'StimFile': 'bus.jpg', 'ImgType': 'Vehicles', 'ArrowImg': 'ArrowRight.png', 'ImgOrientation': None, 'Congruency': None, 'Direction': None}
10.0544 	EXP 	New trial (rep=0, index=14): {'NumberLetter': None, 'corrAns': 3, 'StimFile': 'lynx.jpg', 'ImgType': 'Animal', 'ArrowImg': 'ArrowRight.png', 'ImgOrientation': None, 'Congruency': None, 'Direction': None}
10.0559 	EXP 	New trial (rep=0, index=15): {'NumberLetter': None, 'corrAns': 2, 'StimFile': 'car.jpg', 'ImgType': 'Vehicles', 'ArrowImg': 'ArrowUp.png', 'ImgOrientation': None, 'Congruency': None, 'Direction': None}
10.0573 	EXP 	New trial (rep=0, index=16): {'NumberLetter': None, 'corrAns': 1, 'StimFile': 'plane.jpg', 'ImgType': 'Vehicles', 'ArrowImg': 'ArrowLeft.png', 'ImgOrientation': None, 'Congruency': None, 'Direction': None}
10.0588 	EXP 	New trial (rep=0, index=17): {'NumberLetter': None, 'corrAns': 1, 'StimFile': 'lamp.jpg', 'ImgType': 'Furniture', 'ArrowImg': 'ArrowLeft.png', 'ImgOrientation': None, 'Congruency': None, 'Direction': None}
10.0603 	EXP 	New trial (rep=0, index=18): {'NumberLetter': None, 'corrAns': 1, 'StimFile': 'dromedary.jpg', 'ImgType': 'Animal', 'ArrowImg': 'ArrowLeft.png', 'ImgOrientation': None, 'Congruency': None, 'Direction': None}
10.0618 	EXP 	New trial (rep=0, index=19): {'NumberLetter': None, 'corrAns': 3, 'StimFile': 'motorbike.jpg', 'ImgType': 'Vehicles', 'ArrowImg': 'ArrowRight.png', 'ImgOrientation': None, 'Congruency': None, 'Direction': None}
10.0633 	EXP 	New trial (rep=0, index=20): {'NumberLetter': None, 'corrAns': 3, 'StimFile': 'stool.jpg', 'ImgType': 'Furniture', 'ArrowImg': 'ArrowRight.png', 'ImgOrientation': None, 'Congruency': None, 'Direction': None}
10.0648 	EXP 	New trial (rep=0, index=21): {'NumberLetter': None, 'corrAns': 3, 'StimFile': 'lectern.jpg', 'ImgType': 'Furniture', 'ArrowImg': 'ArrowRight.png', 'ImgOrientation': None, 'Congruency': None, 'Direction': None}
10.0663 	EXP 	New trial (rep=0, index=22): {'NumberLetter': None, 'corrAns': 3, 'StimFile': 'bat.jpg', 'ImgType': 'Animal', 'ArrowImg': 'ArrowRight.png', 'ImgOrientation': 'left', 'Congruency': 'Incongruent - opposite', 'Direction': 'ArrowRight.png'}
10.0678 	EXP 	New trial (rep=0, index=23): {'NumberLetter': None, 'corrAns': 2, 'StimFile': 'kangaroo.jpg', 'ImgType': 'Animal', 'ArrowImg': 'ArrowUp.png', 'ImgOrientation': None, 'Congruency': None, 'Direction': None}
10.0692 	EXP 	New trial (rep=0, index=24): {'NumberLetter': None, 'corrAns': 1, 'StimFile': 'hippopotamus.jpg', 'ImgType': 'Animal', 'ArrowImg': 'ArrowLeft.png', 'ImgOrientation': None, 'Congruency': None, 'Direction': None}
10.0707 	EXP 	New trial (rep=0, index=25): {'NumberLetter': None, 'corrAns': 1, 'StimFile': 'lioness.jpg', 'ImgType': 'Animal', 'ArrowImg': 'ArrowLeft.png', 'ImgOrientation': None, 'Congruency': None, 'Direction': None}
10.0722 	EXP 	New trial (rep=0, index=26): {'NumberLetter': None, 'corrAns': 3, 'StimFile': 'cow.jpg', 'ImgType': 'Animal', 'ArrowImg': 'ArrowRight.png', 'ImgOrientation': None, 'Congruency': None, 'Direction': None}
10.0737 	EXP 	New trial (rep=0, index=27): {'NumberLetter': None, 'corrAns': 3, 'StimFile': 'tractor.jpg', 'ImgType': 'Vehicles', 'ArrowImg': 'ArrowRight.png', 'ImgOrientation': None, 'Congruency': None, 'Direction': None}
10.0752 	EXP 	New trial (rep=0, index=28): {'NumberLetter': None, 'corrAns': 3, 'StimFile': 'snake.jpg', 'ImgType': 'Animal', 'ArrowImg': 'ArrowRight.png', 'ImgOrientation': None, 'Congruency': None, 'Direction': None}
10.0767 	EXP 	New trial (rep=0, index=29): {'NumberLetter': None, 'corrAns': 1, 'StimFile': 'tiger.jpg', 'ImgType': 'Animal', 'ArrowImg': 'ArrowLeft.png', 'ImgOrientation': None, 'Congruency': None, 'Direction': None}
10.0782 	EXP 	New trial (rep=0, index=30): {'NumberLetter': None, 'corrAns': 2, 'StimFile': 'tapir.jpg', 'ImgType': 'Animal', 'ArrowImg': 'ArrowUp.png', 'ImgOrientation': None, 'Congruency': None, 'Direction': None}
10.0797 	EXP 	New trial (rep=0, index=31): {'NumberLetter': None, 'corrAns': 3, 'StimFile': 'couch.jpg', 'ImgType': 'Furniture', 'ArrowImg': 'ArrowRight.png', 'ImgOrientation': None, 'Congruency': None, 'Direction': None}
10.0811 	EXP 	New trial (rep=0, index=32): {'NumberLetter': None, 'corrAns': 1, 'StimFile': 'van.jpg', 'ImgType': 'Vehicles', 'ArrowImg': 'ArrowLeft.png', 'ImgOrientation': None, 'Congruency': None, 'Direction': None}
10.0826 	EXP 	New trial (rep=0, index=33): {'NumberLetter': None, 'corrAns': 2, 'StimFile': 'rocking_chair.jpg', 'ImgType': 'Furniture', 'ArrowImg': 'ArrowUp.png', 'ImgOrientation': None, 'Congruency': None, 'Direction': None}
10.0841 	EXP 	New trial (rep=0, index=34): {'NumberLetter': None, 'corrAns': 3, 'StimFile': 'turtle.jpg', 'ImgType': 'Animal', 'ArrowImg': 'ArrowRight.png', 'ImgOrientation': None, 'Congruency': None, 'Direction': None}
10.0856 	EXP 	New trial (rep=0, index=35): {'NumberLetter': None, 'corrAns': 2, 'StimFile': 'ship.jpg', 'ImgType': 'Vehicles', 'ArrowImg': 'ArrowUp.png', 'ImgOrientation': None, 'Congruency': None, 'Direction': None}
10.0871 	EXP 	New trial (rep=0, index=36): {'NumberLetter': None, 'corrAns': 1, 'StimFile': 'skateboard.jpg', 'ImgType': 'Vehicles', 'ArrowImg': 'ArrowLeft.png', 'ImgOrientation': None, 'Congruency': None, 'Direction': None}
10.0886 	EXP 	New trial (rep=0, index=37): {'NumberLetter': None, 'corrAns': 3, 'StimFile': 'horse.jpg', 'ImgType': 'Animal', 'ArrowImg': 'ArrowRight.png', 'ImgOrientation': None, 'Congruency': None, 'Direction': None}
10.0901 	EXP 	New trial (rep=0, index=38): {'NumberLetter': None, 'corrAns': 3, 'StimFile': 'elephant.jpg', 'ImgType': 'Animal', 'ArrowImg': 'ArrowRight.png', 'ImgOrientation': None, 'Congruency': None, 'Direction': None}
10.0916 	EXP 	New trial (rep=0, index=39): {'NumberLetter': None, 'corrAns': 2, 'StimFile': 'train', 'ImgType': 'Vehicles', 'ArrowImg': 'ArrowUp.png', 'ImgOrientation': None, 'Congruency': None, 'Direction': None}
10.0931 	EXP 	New trial (rep=0, index=40): {'NumberLetter': None, 'corrAns': 1, 'StimFile': 'cheetah.jpg', 'ImgType': 'Animal', 'ArrowImg': 'ArrowLeft.png', 'ImgOrientation': None, 'Congruency': None, 'Direction': None}
10.0946 	EXP 	New trial (rep=0, index=41): {'NumberLetter': None, 'corrAns': 2, 'StimFile': 'table.jpg', 'ImgType': 'Furniture', 'ArrowImg': 'ArrowUp.png', 'ImgOrientation': None, 'Congruency': None, 'Direction': None}
10.0963 	EXP 	New trial (rep=0, index=42): {'NumberLetter': None, 'corrAns': 2, 'StimFile': 'giraffe.jpg', 'ImgType': 'Animal', 'ArrowImg': 'ArrowUp.png', 'ImgOrientation': None, 'Congruency': None, 'Direction': None}
10.0981 	EXP 	New trial (rep=0, index=43): {'NumberLetter': None, 'corrAns': 2, 'StimFile': 'zebra.jpg', 'ImgType': 'Animal', 'ArrowImg': 'ArrowUp.png', 'ImgOrientation': None, 'Congruency': None, 'Direction': None}
10.0996 	EXP 	New trial (rep=0, index=44): {'NumberLetter': None, 'corrAns': 2, 'StimFile': 'filling_cabinet.jpg', 'ImgType': 'Furniture', 'ArrowImg': 'ArrowUp.png', 'ImgOrientation': None, 'Congruency': None, 'Direction': None}
10.1010 	EXP 	New trial (rep=0, index=45): {'NumberLetter': None, 'corrAns': 1, 'StimFile': 'boat.jpg', 'ImgType': 'Vehicles', 'ArrowImg': 'ArrowLeft.png', 'ImgOrientation': None, 'Congruency': None, 'Direction': None}
10.1025 	EXP 	New trial (rep=0, index=46): {'NumberLetter': None, 'corrAns': 2, 'StimFile': 'cat.jpg', 'ImgType': 'Animal', 'ArrowImg': 'ArrowUp.png', 'ImgOrientation': None, 'Congruency': None, 'Direction': 'ArrowUp.png'}
10.1039 	EXP 	New trial (rep=0, index=47): {'NumberLetter': None, 'corrAns': 1, 'StimFile': 'bedside_table.jpg', 'ImgType': 'Furniture', 'ArrowImg': 'ArrowLeft.png', 'ImgOrientation': None, 'Congruency': None, 'Direction': None}
10.1098 	EXP 	Imported OneShotLearning_conditions.xlsx as conditions, 12 conditions, 1 params
10.1101 	EXP 	Created sequence: random, trialTypes=12, nReps=1, seed=None
10.1103 	EXP 	New trial (rep=0, index=0): {'Condition_rows': '28:32'}
10.1227 	EXP 	Imported OneShotLearning.xlsx as conditions, 4 conditions, 8 params
10.1229 	EXP 	Created sequence: random, trialTypes=4, nReps=1, seed=None
10.1231 	EXP 	New trial (rep=0, index=0): {'NumberLetter': None, 'corrAns': 2, 'StimFile': 'ship.jpg', 'ImgType': 'Vehicles', 'ArrowImg': 'ArrowUp.png', 'ImgOrientation': None, 'Congruency': None, 'Direction': None}
10.1472 	EXP 	text: autoDraw = False
10.1472 	EXP 	Arrow: image = 'ArrowUp.png'
10.1472 	EXP 	text_3: text = 'bedside_table.jpg'
10.1472 	EXP 	Arrow: autoDraw = True
10.1472 	EXP 	text_3: autoDraw = True
10.1793 	DATA 	Keypress: 1
13.1340 	EXP 	Arrow: autoDraw = False
13.1340 	EXP 	text_3: autoDraw = False
13.1340 	EXP 	polygon: autoDraw = True
13.3641 	DATA 	Keypress: 2
13.5142 	DATA 	Keypress: 2
14.1184 	EXP 	New trial (rep=0, index=1): {'NumberLetter': None, 'corrAns': 3, 'StimFile': 'tractor.jpg', 'ImgType': 'Vehicles', 'ArrowImg': 'ArrowRight.png', 'ImgOrientation': None, 'Congruency': None, 'Direction': None}
14.1345 	EXP 	polygon: autoDraw = False
14.1345 	EXP 	Arrow: image = 'ArrowRight.png'
14.1345 	EXP 	text_3: text = 'cat.jpg'
14.1345 	EXP 	Arrow: autoDraw = True
14.1345 	EXP 	text_3: autoDraw = True
14.5981 	DATA 	Keypress: 3
14.8146 	DATA 	Keypress: 3
17.1358 	EXP 	Arrow: autoDraw = False
17.1358 	EXP 	text_3: autoDraw = False
17.1358 	EXP 	polygon: autoDraw = True
18.1199 	EXP 	New trial (rep=0, index=2): {'NumberLetter': None, 'corrAns': 3, 'StimFile': 'scooter.jpg', 'ImgType': 'Vehicles', 'ArrowImg': 'ArrowRight.png', 'ImgOrientation': None, 'Congruency': None, 'Direction': None}
18.1366 	EXP 	polygon: autoDraw = False
18.1366 	EXP 	Arrow: image = 'ArrowRight.png'
18.1366 	EXP 	text_3: text = 'boat.jpg'
18.1366 	EXP 	Arrow: autoDraw = True
18.1366 	EXP 	text_3: autoDraw = True
19.2670 	DATA 	Keypress: esc
19.4003 	DATA 	Keypress: esc
19.4076 	EXP 	window1: mouseVisible = True
