2.3304 	WARNING 	We strongly recommend you activate the PTB sound engine in PsychoPy prefs as the preferred audio engine. Its timing is vastly superior. Your prefs are currently set to use ['sounddevice', 'PTB', 'pyo', 'pygame'] (in that order).
5.7279 	ERROR 	'0.0000, 0.0000, 0.0000' is not a valid rgb color
6.9830 	EXP 	Created window1 = Window(allowGUI=True, allowStencil=False, autoLog=True, backendConf=UNKNOWN, bitsMode=UNKNOWN, blendMode='avg', bpc=(8, 8, 8), color=array([0, 0, 0]), colorSpace='rgb', depthBits=8, fullscr=<method-wrapper '__getattribute__' of attributeSetter object at 0x0000023A3214C8D0>, gamma=None, gammaErrorPolicy='raise', lms=UNKNOWN, monitor=<psychopy.monitors.calibTools.Monitor object at 0x0000023A320B7CC0>, multiSample=False, name='window1', numSamples=2, pos=[760.0, 180.0], screen=0, size=array([1920, 1080]), stencilBits=0, stereo=False, units='height', useFBO=True, useRetina=False, viewOri=0.0, viewPos=None, viewScale=None, waitBlanking=True, winType='glfw')
6.9831 	EXP 	window1: mouseVisible = True
6.9831 	EXP 	window1: recordFrameIntervals = False
7.1496 	EXP 	window1: recordFrameIntervals = True
7.3334 	EXP 	window1: recordFrameIntervals = False
7.7202 	EXP 	Created text = TextStim(__class__=<class 'psychopy.visual.text.TextStim'>, alignHoriz=method-wrapper(...), alignText='center', alignVert=method-wrapper(...), anchorHoriz='center', anchorVert='center', antialias=True, autoLog=True, bold=False, color=array([1., 1., 1.]), colorSpace='rgb', contrast=1.0, depth=0.0, flipHoriz=False, flipVert=False, font='Open Sans', fontFiles=[], height=0.04, italic=False, languageStyle='LTR', name='text', opacity=1, ori=0.0, pos=array([0., 0.]), rgb=UNKNOWN, text=str(...), units='height', win=Window(...), wrapWidth=1)
7.7251 	EXP 	Created image = ImageStim(__class__=<class 'psychopy.visual.image.ImageStim'>, autoLog=True, color=array([1., 1., 1.]), colorSpace='rgb', contrast=1.0, depth=-1.0, flipHoriz=False, flipVert=False, image='sin', interpolate=True, mask=None, maskParams=None, name='image', opacity=1, ori=0.0, pos=array([ 0.   , -0.125]), size=array([1.  , 0.75]), texRes=128.0, units='height', win=Window(...))
7.7283 	EXP 	Created Arrow = ImageStim(__class__=<class 'psychopy.visual.image.ImageStim'>, autoLog=True, color=array([1., 1., 1.]), colorSpace='rgb', contrast=1.0, depth=-2.0, flipHoriz=False, flipVert=False, image='sin', interpolate=True, mask=None, maskParams=None, name='Arrow', opacity=1, ori=0.0, pos=array([0.   , 0.375]), size=array([0.25, 0.25]), texRes=128.0, units='height', win=Window(...))
7.7308 	EXP 	Created polygon = ShapeStim(__class__=<class 'psychopy.visual.shape.ShapeStim'>, autoDraw=False, autoLog=True, closeShape=True, color=method-wrapper(...), colorSpace='rgb', contrast=None, depth=0.0, fillColor=array([1, 1, 1]), fillColorSpace='rgb', fillRGB=array([1, 1, 1]), interpolate=True, lineColor=array([1., 1., 1.]), lineColorSpace='rgb', lineRGB=array([1, 1, 1]), lineWidth=1.0, name='polygon', opacity=1, ori=0.0, pos=array([0., 0.]), size=array([0.5, 0.5]), units='height', vertices=ndarray(...), win=Window(...), windingRule=None)
7.7388 	EXP 	Created image_2 = ImageStim(__class__=<class 'psychopy.visual.image.ImageStim'>, autoLog=True, color=array([1., 1., 1.]), colorSpace='rgb', contrast=1.0, depth=-1.0, flipHoriz=False, flipVert=False, image='sin', interpolate=True, mask=None, maskParams=None, name='image_2', opacity=1, ori=0.0, pos=array([0.   , 0.125]), size=array([1.  , 0.75]), texRes=128.0, units='height', win=Window(...))
7.7884 	EXP 	Created direction_options = ImageStim(__class__=<class 'psychopy.visual.image.ImageStim'>, autoLog=True, color=array([1., 1., 1.]), colorSpace='rgb', contrast=1.0, depth=-3.0, flipHoriz=False, flipVert=False, image='Gallery_arrowoptions.png', interpolate=True, mask=None, maskParams=None, name='direction_options', opacity=1, ori=0.0, pos=array([ 0.   , -0.375]), size=array([1.  , 0.25]), texRes=128.0, units='height', win=Window(...))
7.7903 	EXP 	Created polygon = ShapeStim(__class__=<class 'psychopy.visual.shape.ShapeStim'>, autoDraw=False, autoLog=True, closeShape=True, color=method-wrapper(...), colorSpace='rgb', contrast=None, depth=0.0, fillColor=array([1, 1, 1]), fillColorSpace='rgb', fillRGB=array([1, 1, 1]), interpolate=True, lineColor=array([1., 1., 1.]), lineColorSpace='rgb', lineRGB=array([1, 1, 1]), lineWidth=1.0, name='polygon', opacity=1, ori=0.0, pos=array([0., 0.]), size=array([0.5, 0.5]), units='height', vertices=ndarray(...), win=Window(...), windingRule=None)
7.8143 	EXP 	Created text_2 = TextStim(__class__=<class 'psychopy.visual.text.TextStim'>, alignHoriz=method-wrapper(...), alignText='center', alignVert=method-wrapper(...), anchorHoriz='center', anchorVert='center', antialias=True, autoLog=True, bold=False, color=array([1., 1., 1.]), colorSpace='rgb', contrast=1.0, depth=0.0, flipHoriz=False, flipVert=False, font='Open Sans', fontFiles=[], height=0.1, italic=False, languageStyle='LTR', name='text_2', opacity=1, ori=0.0, pos=array([0., 0.]), rgb=UNKNOWN, text=str(...), units='height', win=Window(...), wrapWidth=1)
7.9043 	EXP 	text: autoDraw = True
11.0154 	DATA 	Keypress: 2
11.0357 	EXP 	Imported OneShotLearning.xlsx as conditions, 48 conditions, 8 params
11.0364 	EXP 	Created sequence: random, trialTypes=48, nReps=1, seed=None
11.0367 	EXP 	New trial (rep=0, index=0): {'NumberLetter': None, 'corrAns': 3, 'StimFile': 'motorbike.jpg', 'ImgType': 'Vehicles', 'ArrowImg': 'ArrowRight.png', 'ImgOrientation': None, 'Congruency': None, 'Direction': None}
11.0384 	EXP 	New trial (rep=0, index=1): {'NumberLetter': None, 'corrAns': 1, 'StimFile': 'lamp.jpg', 'ImgType': 'Furniture', 'ArrowImg': 'ArrowLeft.png', 'ImgOrientation': None, 'Congruency': None, 'Direction': None}
11.0399 	EXP 	New trial (rep=0, index=2): {'NumberLetter': None, 'corrAns': 3, 'StimFile': 'bookcase.jpg', 'ImgType': 'Furniture', 'ArrowImg': 'ArrowRight.png', 'ImgOrientation': 'neutral', 'Congruency': 'neutral', 'Direction': None}
11.0414 	EXP 	New trial (rep=0, index=3): {'NumberLetter': None, 'corrAns': 2, 'StimFile': 'chair.jpg', 'ImgType': 'Furniture', 'ArrowImg': 'ArrowUp.png', 'ImgOrientation': None, 'Congruency': None, 'Direction': None}
11.0428 	EXP 	New trial (rep=0, index=4): {'NumberLetter': None, 'corrAns': 1, 'StimFile': 'tiger.jpg', 'ImgType': 'Animal', 'ArrowImg': 'ArrowLeft.png', 'ImgOrientation': None, 'Congruency': None, 'Direction': None}
11.0444 	EXP 	New trial (rep=0, index=5): {'NumberLetter': None, 'corrAns': 2, 'StimFile': 'giraffe.jpg', 'ImgType': 'Animal', 'ArrowImg': 'ArrowUp.png', 'ImgOrientation': None, 'Congruency': None, 'Direction': None}
11.0459 	EXP 	New trial (rep=0, index=6): {'NumberLetter': None, 'corrAns': 3, 'StimFile': 'cow.jpg', 'ImgType': 'Animal', 'ArrowImg': 'ArrowRight.png', 'ImgOrientation': None, 'Congruency': None, 'Direction': None}
11.0474 	EXP 	New trial (rep=0, index=7): {'NumberLetter': None, 'corrAns': 2, 'StimFile': 'rocking_chair.jpg', 'ImgType': 'Furniture', 'ArrowImg': 'ArrowUp.png', 'ImgOrientation': None, 'Congruency': None, 'Direction': None}
11.0489 	EXP 	New trial (rep=0, index=8): {'NumberLetter': None, 'corrAns': 1, 'StimFile': 'skateboard.jpg', 'ImgType': 'Vehicles', 'ArrowImg': 'ArrowLeft.png', 'ImgOrientation': None, 'Congruency': None, 'Direction': None}
11.0504 	EXP 	New trial (rep=0, index=9): {'NumberLetter': None, 'corrAns': 1, 'StimFile': 'boat.jpg', 'ImgType': 'Vehicles', 'ArrowImg': 'ArrowLeft.png', 'ImgOrientation': None, 'Congruency': None, 'Direction': None}
11.0519 	EXP 	New trial (rep=0, index=10): {'NumberLetter': None, 'corrAns': 1, 'StimFile': 'sofa.jpg', 'ImgType': 'Furniture', 'ArrowImg': 'ArrowLeft.png', 'ImgOrientation': None, 'Congruency': None, 'Direction': None}
11.0533 	EXP 	New trial (rep=0, index=11): {'NumberLetter': None, 'corrAns': 1, 'StimFile': 'lioness.jpg', 'ImgType': 'Animal', 'ArrowImg': 'ArrowLeft.png', 'ImgOrientation': None, 'Congruency': None, 'Direction': None}
11.0548 	EXP 	New trial (rep=0, index=12): {'NumberLetter': None, 'corrAns': 3, 'StimFile': 'horse.jpg', 'ImgType': 'Animal', 'ArrowImg': 'ArrowRight.png', 'ImgOrientation': None, 'Congruency': None, 'Direction': None}
11.0563 	EXP 	New trial (rep=0, index=13): {'NumberLetter': None, 'corrAns': 1, 'StimFile': 'cheetah.jpg', 'ImgType': 'Animal', 'ArrowImg': 'ArrowLeft.png', 'ImgOrientation': None, 'Congruency': None, 'Direction': None}
11.0577 	EXP 	New trial (rep=0, index=14): {'NumberLetter': None, 'corrAns': 1, 'StimFile': 'hippopotamus.jpg', 'ImgType': 'Animal', 'ArrowImg': 'ArrowLeft.png', 'ImgOrientation': None, 'Congruency': None, 'Direction': None}
11.0592 	EXP 	New trial (rep=0, index=15): {'NumberLetter': None, 'corrAns': 1, 'StimFile': 'bedside_table.jpg', 'ImgType': 'Furniture', 'ArrowImg': 'ArrowLeft.png', 'ImgOrientation': None, 'Congruency': None, 'Direction': None}
11.0607 	EXP 	New trial (rep=0, index=16): {'NumberLetter': None, 'corrAns': 2, 'StimFile': 'kangaroo.jpg', 'ImgType': 'Animal', 'ArrowImg': 'ArrowUp.png', 'ImgOrientation': None, 'Congruency': None, 'Direction': None}
11.0622 	EXP 	New trial (rep=0, index=17): {'NumberLetter': None, 'corrAns': 1, 'StimFile': 'cart.jpg', 'ImgType': 'Vehicles', 'ArrowImg': 'ArrowLeft.png', 'ImgOrientation': None, 'Congruency': None, 'Direction': None}
11.0637 	EXP 	New trial (rep=0, index=18): {'NumberLetter': None, 'corrAns': 2, 'StimFile': 'filling_cabinet.jpg', 'ImgType': 'Furniture', 'ArrowImg': 'ArrowUp.png', 'ImgOrientation': None, 'Congruency': None, 'Direction': None}
11.0652 	EXP 	New trial (rep=0, index=19): {'NumberLetter': None, 'corrAns': 3, 'StimFile': 'lectern.jpg', 'ImgType': 'Furniture', 'ArrowImg': 'ArrowRight.png', 'ImgOrientation': None, 'Congruency': None, 'Direction': None}
11.0667 	EXP 	New trial (rep=0, index=20): {'NumberLetter': None, 'corrAns': 3, 'StimFile': 'stool.jpg', 'ImgType': 'Furniture', 'ArrowImg': 'ArrowRight.png', 'ImgOrientation': None, 'Congruency': None, 'Direction': None}
11.0682 	EXP 	New trial (rep=0, index=21): {'NumberLetter': None, 'corrAns': 2, 'StimFile': 'paragliding.jpg', 'ImgType': 'Vehicles', 'ArrowImg': 'ArrowUp.png', 'ImgOrientation': None, 'Congruency': None, 'Direction': None}
11.0697 	EXP 	New trial (rep=0, index=22): {'NumberLetter': None, 'corrAns': 1, 'StimFile': 'dromedary.jpg', 'ImgType': 'Animal', 'ArrowImg': 'ArrowLeft.png', 'ImgOrientation': None, 'Congruency': None, 'Direction': None}
11.0711 	EXP 	New trial (rep=0, index=23): {'NumberLetter': None, 'corrAns': 1, 'StimFile': 'plane.jpg', 'ImgType': 'Vehicles', 'ArrowImg': 'ArrowLeft.png', 'ImgOrientation': None, 'Congruency': None, 'Direction': None}
11.0726 	EXP 	New trial (rep=0, index=24): {'NumberLetter': None, 'corrAns': 3, 'StimFile': 'lynx.jpg', 'ImgType': 'Animal', 'ArrowImg': 'ArrowRight.png', 'ImgOrientation': None, 'Congruency': None, 'Direction': None}
11.0741 	EXP 	New trial (rep=0, index=25): {'NumberLetter': None, 'corrAns': 2, 'StimFile': 'ship.jpg', 'ImgType': 'Vehicles', 'ArrowImg': 'ArrowUp.png', 'ImgOrientation': None, 'Congruency': None, 'Direction': None}
11.0756 	EXP 	New trial (rep=0, index=26): {'NumberLetter': None, 'corrAns': 2, 'StimFile': 'platypus.jpg', 'ImgType': 'Animal', 'ArrowImg': 'ArrowUp.png', 'ImgOrientation': None, 'Congruency': None, 'Direction': None}
11.0771 	EXP 	New trial (rep=0, index=27): {'NumberLetter': None, 'corrAns': 2, 'StimFile': 'train', 'ImgType': 'Vehicles', 'ArrowImg': 'ArrowUp.png', 'ImgOrientation': None, 'Congruency': None, 'Direction': None}
11.0786 	EXP 	New trial (rep=0, index=28): {'NumberLetter': None, 'corrAns': 2, 'StimFile': 'table.jpg', 'ImgType': 'Furniture', 'ArrowImg': 'ArrowUp.png', 'ImgOrientation': None, 'Congruency': None, 'Direction': None}
11.0801 	EXP 	New trial (rep=0, index=29): {'NumberLetter': None, 'corrAns': 3, 'StimFile': 'couch.jpg', 'ImgType': 'Furniture', 'ArrowImg': 'ArrowRight.png', 'ImgOrientation': None, 'Congruency': None, 'Direction': None}
11.0815 	EXP 	New trial (rep=0, index=30): {'NumberLetter': None, 'corrAns': 1, 'StimFile': 'rhino.jpg', 'ImgType': 'Animal', 'ArrowImg': 'ArrowLeft.png', 'ImgOrientation': None, 'Congruency': None, 'Direction': None}
11.0831 	EXP 	New trial (rep=0, index=31): {'NumberLetter': None, 'corrAns': 1, 'StimFile': 'Chest_of_drawers.jpg', 'ImgType': 'Furniture', 'ArrowImg': 'ArrowLeft.png', 'ImgOrientation': None, 'Congruency': None, 'Direction': None}
11.0845 	EXP 	New trial (rep=0, index=32): {'NumberLetter': None, 'corrAns': 3, 'StimFile': 'bus.jpg', 'ImgType': 'Vehicles', 'ArrowImg': 'ArrowRight.png', 'ImgOrientation': None, 'Congruency': None, 'Direction': None}
11.0860 	EXP 	New trial (rep=0, index=33): {'NumberLetter': None, 'corrAns': 3, 'StimFile': 'turtle.jpg', 'ImgType': 'Animal', 'ArrowImg': 'ArrowRight.png', 'ImgOrientation': None, 'Congruency': None, 'Direction': None}
11.0875 	EXP 	New trial (rep=0, index=34): {'NumberLetter': None, 'corrAns': 3, 'StimFile': 'armchair.jpg', 'ImgType': 'Furniture', 'ArrowImg': 'ArrowRight.png', 'ImgOrientation': None, 'Congruency': None, 'Direction': None}
11.0890 	EXP 	New trial (rep=0, index=35): {'NumberLetter': None, 'corrAns': 2, 'StimFile': 'bed.jpg', 'ImgType': 'Furniture', 'ArrowImg': 'ArrowUp.png', 'ImgOrientation': None, 'Congruency': None, 'Direction': None}
11.0905 	EXP 	New trial (rep=0, index=36): {'NumberLetter': None, 'corrAns': 2, 'StimFile': 'cat.jpg', 'ImgType': 'Animal', 'ArrowImg': 'ArrowUp.png', 'ImgOrientation': None, 'Congruency': None, 'Direction': 'ArrowUp.png'}
11.0920 	EXP 	New trial (rep=0, index=37): {'NumberLetter': None, 'corrAns': 3, 'StimFile': 'tractor.jpg', 'ImgType': 'Vehicles', 'ArrowImg': 'ArrowRight.png', 'ImgOrientation': None, 'Congruency': None, 'Direction': None}
11.0935 	EXP 	New trial (rep=0, index=38): {'NumberLetter': None, 'corrAns': 2, 'StimFile': 'crocodile.jpg', 'ImgType': 'Animal', 'ArrowImg': 'ArrowUp.png', 'ImgOrientation': 'right', 'Congruency': 'Incongruent - perpendicular', 'Direction': None}
11.0949 	EXP 	New trial (rep=0, index=39): {'NumberLetter': None, 'corrAns': 3, 'StimFile': 'bat.jpg', 'ImgType': 'Animal', 'ArrowImg': 'ArrowRight.png', 'ImgOrientation': 'left', 'Congruency': 'Incongruent - opposite', 'Direction': 'ArrowRight.png'}
11.0964 	EXP 	New trial (rep=0, index=40): {'NumberLetter': None, 'corrAns': 2, 'StimFile': 'car.jpg', 'ImgType': 'Vehicles', 'ArrowImg': 'ArrowUp.png', 'ImgOrientation': None, 'Congruency': None, 'Direction': None}
11.0979 	EXP 	New trial (rep=0, index=41): {'NumberLetter': None, 'corrAns': 1, 'StimFile': 'van.jpg', 'ImgType': 'Vehicles', 'ArrowImg': 'ArrowLeft.png', 'ImgOrientation': None, 'Congruency': None, 'Direction': None}
11.0994 	EXP 	New trial (rep=0, index=42): {'NumberLetter': None, 'corrAns': 3, 'StimFile': 'snake.jpg', 'ImgType': 'Animal', 'ArrowImg': 'ArrowRight.png', 'ImgOrientation': None, 'Congruency': None, 'Direction': None}
11.1009 	EXP 	New trial (rep=0, index=43): {'NumberLetter': None, 'corrAns': 2, 'StimFile': 'tapir.jpg', 'ImgType': 'Animal', 'ArrowImg': 'ArrowUp.png', 'ImgOrientation': None, 'Congruency': None, 'Direction': None}
11.1024 	EXP 	New trial (rep=0, index=44): {'NumberLetter': None, 'corrAns': 3, 'StimFile': 'scooter.jpg', 'ImgType': 'Vehicles', 'ArrowImg': 'ArrowRight.png', 'ImgOrientation': None, 'Congruency': None, 'Direction': None}
11.1039 	EXP 	New trial (rep=0, index=45): {'NumberLetter': None, 'corrAns': 3, 'StimFile': 'elephant.jpg', 'ImgType': 'Animal', 'ArrowImg': 'ArrowRight.png', 'ImgOrientation': None, 'Congruency': None, 'Direction': None}
11.1054 	EXP 	New trial (rep=0, index=46): {'NumberLetter': None, 'corrAns': 2, 'StimFile': 'zebra.jpg', 'ImgType': 'Animal', 'ArrowImg': 'ArrowUp.png', 'ImgOrientation': None, 'Congruency': None, 'Direction': None}
11.1068 	EXP 	New trial (rep=0, index=47): {'NumberLetter': None, 'corrAns': 1, 'StimFile': 'armadillo.jpg', 'ImgType': 'Animal', 'ArrowImg': 'ArrowLeft.png', 'ImgOrientation': 'left', 'Congruency': 'Congruent', 'Direction': 'ArrowLeft.png'}
11.1122 	EXP 	Imported OneShotLearning_conditions.xlsx as conditions, 12 conditions, 1 params
11.1125 	EXP 	Created sequence: random, trialTypes=12, nReps=1, seed=None
11.1128 	EXP 	New trial (rep=0, index=0): {'Condition_rows': '24:28'}
11.1252 	EXP 	Imported OneShotLearning.xlsx as conditions, 4 conditions, 8 params
11.1255 	EXP 	Created sequence: random, trialTypes=4, nReps=1, seed=None
11.1257 	EXP 	New trial (rep=0, index=0): {'NumberLetter': None, 'corrAns': 1, 'StimFile': 'plane.jpg', 'ImgType': 'Vehicles', 'ArrowImg': 'ArrowLeft.png', 'ImgOrientation': None, 'Congruency': None, 'Direction': None}
11.1667 	EXP 	text: autoDraw = False
11.1667 	EXP 	image: image = 'motorbike.jpg'
11.1667 	EXP 	Arrow: image = 'ArrowLeft.png'
11.1667 	EXP 	image: autoDraw = True
11.1667 	EXP 	Arrow: autoDraw = True
11.1981 	DATA 	Keypress: 2
11.8321 	DATA 	Keypress: 1
11.9990 	DATA 	Keypress: 1
14.1357 	EXP 	image: autoDraw = False
14.1357 	EXP 	Arrow: autoDraw = False
14.1357 	EXP 	polygon: autoDraw = True
15.1201 	EXP 	New trial (rep=0, index=1): {'NumberLetter': None, 'corrAns': 2, 'StimFile': 'paragliding.jpg', 'ImgType': 'Vehicles', 'ArrowImg': 'ArrowUp.png', 'ImgOrientation': None, 'Congruency': None, 'Direction': None}
15.1518 	EXP 	polygon: autoDraw = False
15.1518 	EXP 	image: image = 'lamp.jpg'
15.1518 	EXP 	Arrow: image = 'ArrowUp.png'
15.1518 	EXP 	image: autoDraw = True
15.1518 	EXP 	Arrow: autoDraw = True
15.7003 	DATA 	Keypress: 2
15.8666 	DATA 	Keypress: 2
18.1376 	EXP 	image: autoDraw = False
18.1376 	EXP 	Arrow: autoDraw = False
18.1376 	EXP 	polygon: autoDraw = True
19.1217 	EXP 	New trial (rep=0, index=2): {'NumberLetter': None, 'corrAns': 1, 'StimFile': 'cart.jpg', 'ImgType': 'Vehicles', 'ArrowImg': 'ArrowLeft.png', 'ImgOrientation': None, 'Congruency': None, 'Direction': None}
19.1390 	EXP 	polygon: autoDraw = False
19.1390 	EXP 	image: image = 'bookcase.jpg'
19.1390 	EXP 	Arrow: image = 'ArrowLeft.png'
19.1390 	EXP 	image: autoDraw = True
19.1390 	EXP 	Arrow: autoDraw = True
19.8521 	DATA 	Keypress: 1
20.0353 	DATA 	Keypress: 1
22.1395 	EXP 	image: autoDraw = False
22.1395 	EXP 	Arrow: autoDraw = False
22.1395 	EXP 	polygon: autoDraw = True
23.1236 	EXP 	New trial (rep=0, index=3): {'NumberLetter': None, 'corrAns': 3, 'StimFile': 'motorbike.jpg', 'ImgType': 'Vehicles', 'ArrowImg': 'ArrowRight.png', 'ImgOrientation': None, 'Congruency': None, 'Direction': None}
23.1411 	EXP 	polygon: autoDraw = False
23.1411 	EXP 	image: image = 'chair.jpg'
23.1411 	EXP 	Arrow: image = 'ArrowRight.png'
23.1411 	EXP 	image: autoDraw = True
23.1411 	EXP 	Arrow: autoDraw = True
23.8371 	DATA 	Keypress: 3
24.0380 	DATA 	Keypress: 3
26.1248 	EXP 	image: autoDraw = False
26.1248 	EXP 	Arrow: autoDraw = False
26.1248 	EXP 	polygon: autoDraw = True
27.1210 	EXP 	Imported OneShotLearning.xlsx as conditions, 4 conditions, 8 params
27.1214 	EXP 	Created sequence: random, trialTypes=4, nReps=1, seed=None
27.1217 	EXP 	New trial (rep=0, index=0): {'NumberLetter': None, 'corrAns': 1, 'StimFile': 'cart.jpg', 'ImgType': 'Vehicles', 'ArrowImg': 'ArrowLeft.png', 'ImgOrientation': None, 'Congruency': None, 'Direction': None}
27.1591 	EXP 	polygon: autoDraw = False
27.1591 	EXP 	image_2: image = 'motorbike.jpg'
27.1591 	EXP 	image_2: autoDraw = True
27.1591 	EXP 	direction_options: autoDraw = True
28.0722 	DATA 	Keypress: 1
28.2892 	DATA 	Keypress: 1
30.1265 	EXP 	image_2: autoDraw = False
30.1265 	EXP 	direction_options: autoDraw = False
30.1265 	EXP 	polygon: autoDraw = True
31.1108 	EXP 	New trial (rep=0, index=1): {'NumberLetter': None, 'corrAns': 3, 'StimFile': 'motorbike.jpg', 'ImgType': 'Vehicles', 'ArrowImg': 'ArrowRight.png', 'ImgOrientation': None, 'Congruency': None, 'Direction': None}
31.1440 	EXP 	polygon: autoDraw = False
31.1440 	EXP 	image_2: image = 'lamp.jpg'
31.1440 	EXP 	image_2: autoDraw = True
31.1440 	EXP 	direction_options: autoDraw = True
31.9408 	DATA 	Keypress: 2
32.1750 	DATA 	Keypress: 2
34.1284 	EXP 	image_2: autoDraw = False
34.1284 	EXP 	direction_options: autoDraw = False
34.1284 	EXP 	polygon: autoDraw = True
35.1126 	EXP 	New trial (rep=0, index=2): {'NumberLetter': None, 'corrAns': 2, 'StimFile': 'paragliding.jpg', 'ImgType': 'Vehicles', 'ArrowImg': 'ArrowUp.png', 'ImgOrientation': None, 'Congruency': None, 'Direction': None}
35.1312 	EXP 	polygon: autoDraw = False
35.1312 	EXP 	image_2: image = 'bookcase.jpg'
35.1312 	EXP 	image_2: autoDraw = True
35.1312 	EXP 	direction_options: autoDraw = True
35.6926 	DATA 	Keypress: 3
35.9092 	DATA 	Keypress: 3
38.1302 	EXP 	image_2: autoDraw = False
38.1302 	EXP 	direction_options: autoDraw = False
38.1302 	EXP 	polygon: autoDraw = True
39.1144 	EXP 	New trial (rep=0, index=3): {'NumberLetter': None, 'corrAns': 1, 'StimFile': 'plane.jpg', 'ImgType': 'Vehicles', 'ArrowImg': 'ArrowLeft.png', 'ImgOrientation': None, 'Congruency': None, 'Direction': None}
39.1330 	EXP 	polygon: autoDraw = False
39.1330 	EXP 	image_2: image = 'chair.jpg'
39.1330 	EXP 	image_2: autoDraw = True
39.1330 	EXP 	direction_options: autoDraw = True
39.9951 	DATA 	Keypress: 3
40.2118 	DATA 	Keypress: 3
42.1322 	EXP 	image_2: autoDraw = False
42.1322 	EXP 	direction_options: autoDraw = False
42.1322 	EXP 	polygon: autoDraw = True
43.1163 	EXP 	New trial (rep=0, index=1): {'Condition_rows': '32:36'}
43.1286 	EXP 	Imported OneShotLearning.xlsx as conditions, 4 conditions, 8 params
43.1289 	EXP 	Created sequence: random, trialTypes=4, nReps=1, seed=None
43.1291 	EXP 	New trial (rep=0, index=0): {'NumberLetter': None, 'corrAns': 2, 'StimFile': 'train', 'ImgType': 'Vehicles', 'ArrowImg': 'ArrowUp.png', 'ImgOrientation': None, 'Congruency': None, 'Direction': None}
43.1482 	EXP 	polygon: autoDraw = False
43.1482 	EXP 	image: image = 'tiger.jpg'
43.1482 	EXP 	Arrow: image = 'ArrowUp.png'
43.1482 	EXP 	image: autoDraw = True
43.1482 	EXP 	Arrow: autoDraw = True
43.7300 	DATA 	Keypress: 2
43.9135 	DATA 	Keypress: 2
46.1339 	EXP 	image: autoDraw = False
46.1339 	EXP 	Arrow: autoDraw = False
46.1339 	EXP 	polygon: autoDraw = True
47.1182 	EXP 	New trial (rep=0, index=1): {'NumberLetter': None, 'corrAns': 2, 'StimFile': 'bed.jpg', 'ImgType': 'Furniture', 'ArrowImg': 'ArrowUp.png', 'ImgOrientation': None, 'Congruency': None, 'Direction': None}
47.1367 	EXP 	polygon: autoDraw = False
47.1367 	EXP 	image: image = 'giraffe.jpg'
47.1367 	EXP 	Arrow: image = 'ArrowUp.png'
47.1367 	EXP 	image: autoDraw = True
47.1367 	EXP 	Arrow: autoDraw = True
47.5818 	DATA 	Keypress: 2
47.7986 	DATA 	Keypress: 2
50.1358 	EXP 	image: autoDraw = False
50.1358 	EXP 	Arrow: autoDraw = False
50.1358 	EXP 	polygon: autoDraw = True
51.1198 	EXP 	New trial (rep=0, index=2): {'NumberLetter': None, 'corrAns': 1, 'StimFile': 'van.jpg', 'ImgType': 'Vehicles', 'ArrowImg': 'ArrowLeft.png', 'ImgOrientation': None, 'Congruency': None, 'Direction': None}
51.1373 	EXP 	polygon: autoDraw = False
51.1373 	EXP 	image: image = 'cow.jpg'
51.1373 	EXP 	Arrow: image = 'ArrowLeft.png'
51.1373 	EXP 	image: autoDraw = True
51.1373 	EXP 	Arrow: autoDraw = True
51.6671 	DATA 	Keypress: 1
51.8504 	DATA 	Keypress: 1
54.1377 	EXP 	image: autoDraw = False
54.1377 	EXP 	Arrow: autoDraw = False
54.1377 	EXP 	polygon: autoDraw = True
55.1218 	EXP 	New trial (rep=0, index=3): {'NumberLetter': None, 'corrAns': 3, 'StimFile': 'armchair.jpg', 'ImgType': 'Furniture', 'ArrowImg': 'ArrowRight.png', 'ImgOrientation': None, 'Congruency': None, 'Direction': None}
55.1395 	EXP 	polygon: autoDraw = False
55.1395 	EXP 	image: image = 'rocking_chair.jpg'
55.1395 	EXP 	Arrow: image = 'ArrowRight.png'
55.1395 	EXP 	image: autoDraw = True
55.1395 	EXP 	Arrow: autoDraw = True
55.8699 	DATA 	Keypress: 3
56.1024 	DATA 	Keypress: 3
58.1395 	EXP 	image: autoDraw = False
58.1395 	EXP 	Arrow: autoDraw = False
58.1395 	EXP 	polygon: autoDraw = True
59.1359 	EXP 	Imported OneShotLearning.xlsx as conditions, 4 conditions, 8 params
59.1364 	EXP 	Created sequence: random, trialTypes=4, nReps=1, seed=None
59.1366 	EXP 	New trial (rep=0, index=0): {'NumberLetter': None, 'corrAns': 1, 'StimFile': 'van.jpg', 'ImgType': 'Vehicles', 'ArrowImg': 'ArrowLeft.png', 'ImgOrientation': None, 'Congruency': None, 'Direction': None}
59.1571 	EXP 	polygon: autoDraw = False
59.1571 	EXP 	image_2: image = 'tiger.jpg'
59.1571 	EXP 	image_2: autoDraw = True
59.1571 	EXP 	direction_options: autoDraw = True
60.2544 	DATA 	Keypress: 1
60.4707 	DATA 	Keypress: 1
62.1247 	EXP 	image_2: autoDraw = False
62.1247 	EXP 	direction_options: autoDraw = False
62.1247 	EXP 	polygon: autoDraw = True
63.1089 	EXP 	New trial (rep=0, index=1): {'NumberLetter': None, 'corrAns': 3, 'StimFile': 'armchair.jpg', 'ImgType': 'Furniture', 'ArrowImg': 'ArrowRight.png', 'ImgOrientation': None, 'Congruency': None, 'Direction': None}
63.1273 	EXP 	polygon: autoDraw = False
63.1273 	EXP 	image_2: image = 'giraffe.jpg'
63.1273 	EXP 	image_2: autoDraw = True
63.1273 	EXP 	direction_options: autoDraw = True
63.4393 	DATA 	Keypress: 2
63.6560 	DATA 	Keypress: 2
66.1265 	EXP 	image_2: autoDraw = False
66.1265 	EXP 	direction_options: autoDraw = False
66.1265 	EXP 	polygon: autoDraw = True
67.1106 	EXP 	New trial (rep=0, index=2): {'NumberLetter': None, 'corrAns': 2, 'StimFile': 'train', 'ImgType': 'Vehicles', 'ArrowImg': 'ArrowUp.png', 'ImgOrientation': None, 'Congruency': None, 'Direction': None}
67.1293 	EXP 	polygon: autoDraw = False
67.1293 	EXP 	image_2: image = 'cow.jpg'
67.1293 	EXP 	image_2: autoDraw = True
67.1293 	EXP 	direction_options: autoDraw = True
67.7913 	DATA 	Keypress: 3
68.0081 	DATA 	Keypress: 3
70.1284 	EXP 	image_2: autoDraw = False
70.1284 	EXP 	direction_options: autoDraw = False
70.1284 	EXP 	polygon: autoDraw = True
71.1125 	EXP 	New trial (rep=0, index=3): {'NumberLetter': None, 'corrAns': 2, 'StimFile': 'bed.jpg', 'ImgType': 'Furniture', 'ArrowImg': 'ArrowUp.png', 'ImgOrientation': None, 'Congruency': None, 'Direction': None}
71.1312 	EXP 	polygon: autoDraw = False
71.1312 	EXP 	image_2: image = 'rocking_chair.jpg'
71.1312 	EXP 	image_2: autoDraw = True
71.1312 	EXP 	direction_options: autoDraw = True
71.8429 	DATA 	Keypress: 3
72.0764 	DATA 	Keypress: 3
74.1304 	EXP 	image_2: autoDraw = False
74.1304 	EXP 	direction_options: autoDraw = False
74.1304 	EXP 	polygon: autoDraw = True
75.1144 	EXP 	New trial (rep=0, index=2): {'Condition_rows': '40:44'}
75.1267 	EXP 	Imported OneShotLearning.xlsx as conditions, 4 conditions, 8 params
75.1271 	EXP 	Created sequence: random, trialTypes=4, nReps=1, seed=None
75.1274 	EXP 	New trial (rep=0, index=0): {'NumberLetter': None, 'corrAns': 3, 'StimFile': 'lectern.jpg', 'ImgType': 'Furniture', 'ArrowImg': 'ArrowRight.png', 'ImgOrientation': None, 'Congruency': None, 'Direction': None}
75.1643 	EXP 	polygon: autoDraw = False
75.1643 	EXP 	image: image = 'skateboard.jpg'
75.1643 	EXP 	Arrow: image = 'ArrowRight.png'
75.1643 	EXP 	image: autoDraw = True
75.1643 	EXP 	Arrow: autoDraw = True
76.2118 	DATA 	Keypress: 3
76.3785 	DATA 	Keypress: 3
78.1321 	EXP 	image: autoDraw = False
78.1321 	EXP 	Arrow: autoDraw = False
78.1321 	EXP 	polygon: autoDraw = True
79.1163 	EXP 	New trial (rep=0, index=1): {'NumberLetter': None, 'corrAns': 2, 'StimFile': 'filling_cabinet.jpg', 'ImgType': 'Furniture', 'ArrowImg': 'ArrowUp.png', 'ImgOrientation': None, 'Congruency': None, 'Direction': None}
79.1336 	EXP 	polygon: autoDraw = False
79.1336 	EXP 	image: image = 'boat.jpg'
79.1336 	EXP 	Arrow: image = 'ArrowUp.png'
79.1336 	EXP 	image: autoDraw = True
79.1336 	EXP 	Arrow: autoDraw = True
79.7297 	DATA 	Keypress: esc
79.9209 	EXP 	window1: mouseVisible = True
