2.2316 	WARNING 	We strongly recommend you activate the PTB sound engine in PsychoPy prefs as the preferred audio engine. Its timing is vastly superior. Your prefs are currently set to use ['sounddevice', 'PTB', 'pyo', 'pygame'] (in that order).
5.4414 	ERROR 	'0.0000, 0.0000, 0.0000' is not a valid rgb color
6.6721 	EXP 	Created window1 = Window(allowGUI=True, allowStencil=False, autoLog=True, backendConf=UNKNOWN, bitsMode=UNKNOWN, blendMode='avg', bpc=(8, 8, 8), color=array([0, 0, 0]), colorSpace='rgb', depthBits=8, fullscr=<method-wrapper '__getattribute__' of attributeSetter object at 0x0000016BC063C940>, gamma=None, gammaErrorPolicy='raise', lms=UNKNOWN, monitor=<psychopy.monitors.calibTools.Monitor object at 0x0000016BC05A3D30>, multiSample=False, name='window1', numSamples=2, pos=[760.0, 180.0], screen=0, size=array([1920, 1080]), stencilBits=0, stereo=False, units='height', useFBO=True, useRetina=False, viewOri=0.0, viewPos=None, viewScale=None, waitBlanking=True, winType='glfw')
6.6721 	EXP 	window1: mouseVisible = True
6.6721 	EXP 	window1: recordFrameIntervals = False
6.8384 	EXP 	window1: recordFrameIntervals = True
7.0220 	EXP 	window1: recordFrameIntervals = False
7.4052 	EXP 	Created text = TextStim(__class__=<class 'psychopy.visual.text.TextStim'>, alignHoriz=method-wrapper(...), alignText='center', alignVert=method-wrapper(...), anchorHoriz='center', anchorVert='center', antialias=True, autoLog=True, bold=False, color=array([1., 1., 1.]), colorSpace='rgb', contrast=1.0, depth=0.0, flipHoriz=False, flipVert=False, font='Open Sans', fontFiles=[], height=0.04, italic=False, languageStyle='LTR', name='text', opacity=1, ori=0.0, pos=array([0., 0.]), rgb=UNKNOWN, text=str(...), units='height', win=Window(...), wrapWidth=1)
7.4098 	EXP 	Created image = ImageStim(__class__=<class 'psychopy.visual.image.ImageStim'>, autoLog=True, color=array([1., 1., 1.]), colorSpace='rgb', contrast=1.0, depth=-1.0, flipHoriz=False, flipVert=False, image='sin', interpolate=True, mask=None, maskParams=None, name='image', opacity=1, ori=0.0, pos=array([ 0.   , -0.125]), size=array([1.  , 0.75]), texRes=128.0, units='height', win=Window(...))
7.4129 	EXP 	Created Arrow = ImageStim(__class__=<class 'psychopy.visual.image.ImageStim'>, autoLog=True, color=array([1., 1., 1.]), colorSpace='rgb', contrast=1.0, depth=-2.0, flipHoriz=False, flipVert=False, image='sin', interpolate=True, mask=None, maskParams=None, name='Arrow', opacity=1, ori=0.0, pos=array([0.   , 0.375]), size=array([0.25, 0.25]), texRes=128.0, units='height', win=Window(...))
7.4153 	EXP 	Created polygon = ShapeStim(__class__=<class 'psychopy.visual.shape.ShapeStim'>, autoDraw=False, autoLog=True, closeShape=True, color=method-wrapper(...), colorSpace='rgb', contrast=None, depth=0.0, fillColor=array([1, 1, 1]), fillColorSpace='rgb', fillRGB=array([1, 1, 1]), interpolate=True, lineColor=array([1., 1., 1.]), lineColorSpace='rgb', lineRGB=array([1, 1, 1]), lineWidth=1.0, name='polygon', opacity=1, ori=0.0, pos=array([0., 0.]), size=array([0.5, 0.5]), units='height', vertices=ndarray(...), win=Window(...), windingRule=None)
7.4225 	EXP 	Created image_2 = ImageStim(__class__=<class 'psychopy.visual.image.ImageStim'>, autoLog=True, color=array([1., 1., 1.]), colorSpace='rgb', contrast=1.0, depth=-1.0, flipHoriz=False, flipVert=False, image='sin', interpolate=True, mask=None, maskParams=None, name='image_2', opacity=1, ori=0.0, pos=array([0.   , 0.125]), size=array([1.  , 0.75]), texRes=128.0, units='height', win=Window(...))
7.4789 	EXP 	Created direction_options = ImageStim(__class__=<class 'psychopy.visual.image.ImageStim'>, autoLog=True, color=array([1., 1., 1.]), colorSpace='rgb', contrast=1.0, depth=-3.0, flipHoriz=False, flipVert=False, image='Gallery_arrowoptions.png', interpolate=True, mask=None, maskParams=None, name='direction_options', opacity=1, ori=0.0, pos=array([ 0.   , -0.375]), size=array([1.  , 0.25]), texRes=128.0, units='height', win=Window(...))
7.4808 	EXP 	Created polygon = ShapeStim(__class__=<class 'psychopy.visual.shape.ShapeStim'>, autoDraw=False, autoLog=True, closeShape=True, color=method-wrapper(...), colorSpace='rgb', contrast=None, depth=0.0, fillColor=array([1, 1, 1]), fillColorSpace='rgb', fillRGB=array([1, 1, 1]), interpolate=True, lineColor=array([1., 1., 1.]), lineColorSpace='rgb', lineRGB=array([1, 1, 1]), lineWidth=1.0, name='polygon', opacity=1, ori=0.0, pos=array([0., 0.]), size=array([0.5, 0.5]), units='height', vertices=ndarray(...), win=Window(...), windingRule=None)
7.5036 	EXP 	Created text_2 = TextStim(__class__=<class 'psychopy.visual.text.TextStim'>, alignHoriz=method-wrapper(...), alignText='center', alignVert=method-wrapper(...), anchorHoriz='center', anchorVert='center', antialias=True, autoLog=True, bold=False, color=array([1., 1., 1.]), colorSpace='rgb', contrast=1.0, depth=0.0, flipHoriz=False, flipVert=False, font='Open Sans', fontFiles=[], height=0.1, italic=False, languageStyle='LTR', name='text_2', opacity=1, ori=0.0, pos=array([0., 0.]), rgb=UNKNOWN, text=str(...), units='height', win=Window(...), wrapWidth=1)
7.5959 	EXP 	text: autoDraw = True
9.1369 	DATA 	Keypress: 1
9.1550 	EXP 	Imported OneShotLearning.xlsx as conditions, 48 conditions, 8 params
9.1554 	EXP 	Created sequence: random, trialTypes=48, nReps=1, seed=None
9.1557 	EXP 	New trial (rep=0, index=0): {'NumberLetter': None, 'corrAns': 1, 'StimFile': 'cheetah.jpg', 'ImgType': 'Animal', 'ArrowImg': 'ArrowLeft.png', 'ImgOrientation': None, 'Congruency': None, 'Direction': None}
9.1575 	EXP 	New trial (rep=0, index=1): {'NumberLetter': None, 'corrAns': 3, 'StimFile': 'horse.jpg', 'ImgType': 'Animal', 'ArrowImg': 'ArrowRight.png', 'ImgOrientation': None, 'Congruency': None, 'Direction': None}
9.1590 	EXP 	New trial (rep=0, index=2): {'NumberLetter': None, 'corrAns': 3, 'StimFile': 'armchair.jpg', 'ImgType': 'Furniture', 'ArrowImg': 'ArrowRight.png', 'ImgOrientation': None, 'Congruency': None, 'Direction': None}
9.1608 	EXP 	New trial (rep=0, index=3): {'NumberLetter': None, 'corrAns': 3, 'StimFile': 'tractor.jpg', 'ImgType': 'Vehicles', 'ArrowImg': 'ArrowRight.png', 'ImgOrientation': None, 'Congruency': None, 'Direction': None}
9.1622 	EXP 	New trial (rep=0, index=4): {'NumberLetter': None, 'corrAns': 2, 'StimFile': 'table.jpg', 'ImgType': 'Furniture', 'ArrowImg': 'ArrowUp.png', 'ImgOrientation': None, 'Congruency': None, 'Direction': None}
9.1638 	EXP 	New trial (rep=0, index=5): {'NumberLetter': None, 'corrAns': 1, 'StimFile': 'skateboard.jpg', 'ImgType': 'Vehicles', 'ArrowImg': 'ArrowLeft.png', 'ImgOrientation': None, 'Congruency': None, 'Direction': None}
9.1655 	EXP 	New trial (rep=0, index=6): {'NumberLetter': None, 'corrAns': 3, 'StimFile': 'turtle.jpg', 'ImgType': 'Animal', 'ArrowImg': 'ArrowRight.png', 'ImgOrientation': None, 'Congruency': None, 'Direction': None}
9.1672 	EXP 	New trial (rep=0, index=7): {'NumberLetter': None, 'corrAns': 1, 'StimFile': 'rhino.jpg', 'ImgType': 'Animal', 'ArrowImg': 'ArrowLeft.png', 'ImgOrientation': None, 'Congruency': None, 'Direction': None}
9.1688 	EXP 	New trial (rep=0, index=8): {'NumberLetter': None, 'corrAns': 3, 'StimFile': 'bus.jpg', 'ImgType': 'Vehicles', 'ArrowImg': 'ArrowRight.png', 'ImgOrientation': None, 'Congruency': None, 'Direction': None}
9.1704 	EXP 	New trial (rep=0, index=9): {'NumberLetter': None, 'corrAns': 2, 'StimFile': 'kangaroo.jpg', 'ImgType': 'Animal', 'ArrowImg': 'ArrowUp.png', 'ImgOrientation': None, 'Congruency': None, 'Direction': None}
9.1720 	EXP 	New trial (rep=0, index=10): {'NumberLetter': None, 'corrAns': 3, 'StimFile': 'lectern.jpg', 'ImgType': 'Furniture', 'ArrowImg': 'ArrowRight.png', 'ImgOrientation': None, 'Congruency': None, 'Direction': None}
9.1738 	EXP 	New trial (rep=0, index=11): {'NumberLetter': None, 'corrAns': 1, 'StimFile': 'bedside_table.jpg', 'ImgType': 'Furniture', 'ArrowImg': 'ArrowLeft.png', 'ImgOrientation': None, 'Congruency': None, 'Direction': None}
9.1755 	EXP 	New trial (rep=0, index=12): {'NumberLetter': None, 'corrAns': 2, 'StimFile': 'tapir.jpg', 'ImgType': 'Animal', 'ArrowImg': 'ArrowUp.png', 'ImgOrientation': None, 'Congruency': None, 'Direction': None}
9.1777 	EXP 	New trial (rep=0, index=13): {'NumberLetter': None, 'corrAns': 1, 'StimFile': 'armadillo.jpg', 'ImgType': 'Animal', 'ArrowImg': 'ArrowLeft.png', 'ImgOrientation': 'left', 'Congruency': 'Congruent', 'Direction': 'ArrowLeft.png'}
9.1792 	EXP 	New trial (rep=0, index=14): {'NumberLetter': None, 'corrAns': 1, 'StimFile': 'hippopotamus.jpg', 'ImgType': 'Animal', 'ArrowImg': 'ArrowLeft.png', 'ImgOrientation': None, 'Congruency': None, 'Direction': None}
9.1809 	EXP 	New trial (rep=0, index=15): {'NumberLetter': None, 'corrAns': 1, 'StimFile': 'plane.jpg', 'ImgType': 'Vehicles', 'ArrowImg': 'ArrowLeft.png', 'ImgOrientation': None, 'Congruency': None, 'Direction': None}
9.1826 	EXP 	New trial (rep=0, index=16): {'NumberLetter': None, 'corrAns': 2, 'StimFile': 'car.jpg', 'ImgType': 'Vehicles', 'ArrowImg': 'ArrowUp.png', 'ImgOrientation': None, 'Congruency': None, 'Direction': None}
9.1841 	EXP 	New trial (rep=0, index=17): {'NumberLetter': None, 'corrAns': 3, 'StimFile': 'couch.jpg', 'ImgType': 'Furniture', 'ArrowImg': 'ArrowRight.png', 'ImgOrientation': None, 'Congruency': None, 'Direction': None}
9.1857 	EXP 	New trial (rep=0, index=18): {'NumberLetter': None, 'corrAns': 1, 'StimFile': 'tiger.jpg', 'ImgType': 'Animal', 'ArrowImg': 'ArrowLeft.png', 'ImgOrientation': None, 'Congruency': None, 'Direction': None}
9.1874 	EXP 	New trial (rep=0, index=19): {'NumberLetter': None, 'corrAns': 1, 'StimFile': 'Chest_of_drawers.jpg', 'ImgType': 'Furniture', 'ArrowImg': 'ArrowLeft.png', 'ImgOrientation': None, 'Congruency': None, 'Direction': None}
9.1891 	EXP 	New trial (rep=0, index=20): {'NumberLetter': None, 'corrAns': 1, 'StimFile': 'cart.jpg', 'ImgType': 'Vehicles', 'ArrowImg': 'ArrowLeft.png', 'ImgOrientation': None, 'Congruency': None, 'Direction': None}
9.1908 	EXP 	New trial (rep=0, index=21): {'NumberLetter': None, 'corrAns': 2, 'StimFile': 'zebra.jpg', 'ImgType': 'Animal', 'ArrowImg': 'ArrowUp.png', 'ImgOrientation': None, 'Congruency': None, 'Direction': None}
9.1922 	EXP 	New trial (rep=0, index=22): {'NumberLetter': None, 'corrAns': 1, 'StimFile': 'lioness.jpg', 'ImgType': 'Animal', 'ArrowImg': 'ArrowLeft.png', 'ImgOrientation': None, 'Congruency': None, 'Direction': None}
9.1938 	EXP 	New trial (rep=0, index=23): {'NumberLetter': None, 'corrAns': 3, 'StimFile': 'snake.jpg', 'ImgType': 'Animal', 'ArrowImg': 'ArrowRight.png', 'ImgOrientation': None, 'Congruency': None, 'Direction': None}
9.1955 	EXP 	New trial (rep=0, index=24): {'NumberLetter': None, 'corrAns': 3, 'StimFile': 'stool.jpg', 'ImgType': 'Furniture', 'ArrowImg': 'ArrowRight.png', 'ImgOrientation': None, 'Congruency': None, 'Direction': None}
9.1970 	EXP 	New trial (rep=0, index=25): {'NumberLetter': None, 'corrAns': 2, 'StimFile': 'paragliding.jpg', 'ImgType': 'Vehicles', 'ArrowImg': 'ArrowUp.png', 'ImgOrientation': None, 'Congruency': None, 'Direction': None}
9.1987 	EXP 	New trial (rep=0, index=26): {'NumberLetter': None, 'corrAns': 2, 'StimFile': 'cat.jpg', 'ImgType': 'Animal', 'ArrowImg': 'ArrowUp.png', 'ImgOrientation': None, 'Congruency': None, 'Direction': 'ArrowUp.png'}
9.2004 	EXP 	New trial (rep=0, index=27): {'NumberLetter': None, 'corrAns': 2, 'StimFile': 'train', 'ImgType': 'Vehicles', 'ArrowImg': 'ArrowUp.png', 'ImgOrientation': None, 'Congruency': None, 'Direction': None}
9.2021 	EXP 	New trial (rep=0, index=28): {'NumberLetter': None, 'corrAns': 3, 'StimFile': 'lynx.jpg', 'ImgType': 'Animal', 'ArrowImg': 'ArrowRight.png', 'ImgOrientation': None, 'Congruency': None, 'Direction': None}
9.2038 	EXP 	New trial (rep=0, index=29): {'NumberLetter': None, 'corrAns': 2, 'StimFile': 'chair.jpg', 'ImgType': 'Furniture', 'ArrowImg': 'ArrowUp.png', 'ImgOrientation': None, 'Congruency': None, 'Direction': None}
9.2058 	EXP 	New trial (rep=0, index=30): {'NumberLetter': None, 'corrAns': 2, 'StimFile': 'bed.jpg', 'ImgType': 'Furniture', 'ArrowImg': 'ArrowUp.png', 'ImgOrientation': None, 'Congruency': None, 'Direction': None}
9.2075 	EXP 	New trial (rep=0, index=31): {'NumberLetter': None, 'corrAns': 3, 'StimFile': 'scooter.jpg', 'ImgType': 'Vehicles', 'ArrowImg': 'ArrowRight.png', 'ImgOrientation': None, 'Congruency': None, 'Direction': None}
9.2090 	EXP 	New trial (rep=0, index=32): {'NumberLetter': None, 'corrAns': 2, 'StimFile': 'giraffe.jpg', 'ImgType': 'Animal', 'ArrowImg': 'ArrowUp.png', 'ImgOrientation': None, 'Congruency': None, 'Direction': None}
9.2104 	EXP 	New trial (rep=0, index=33): {'NumberLetter': None, 'corrAns': 1, 'StimFile': 'boat.jpg', 'ImgType': 'Vehicles', 'ArrowImg': 'ArrowLeft.png', 'ImgOrientation': None, 'Congruency': None, 'Direction': None}
9.2121 	EXP 	New trial (rep=0, index=34): {'NumberLetter': None, 'corrAns': 1, 'StimFile': 'lamp.jpg', 'ImgType': 'Furniture', 'ArrowImg': 'ArrowLeft.png', 'ImgOrientation': None, 'Congruency': None, 'Direction': None}
9.2138 	EXP 	New trial (rep=0, index=35): {'NumberLetter': None, 'corrAns': 2, 'StimFile': 'ship.jpg', 'ImgType': 'Vehicles', 'ArrowImg': 'ArrowUp.png', 'ImgOrientation': None, 'Congruency': None, 'Direction': None}
9.2155 	EXP 	New trial (rep=0, index=36): {'NumberLetter': None, 'corrAns': 1, 'StimFile': 'van.jpg', 'ImgType': 'Vehicles', 'ArrowImg': 'ArrowLeft.png', 'ImgOrientation': None, 'Congruency': None, 'Direction': None}
9.2174 	EXP 	New trial (rep=0, index=37): {'NumberLetter': None, 'corrAns': 3, 'StimFile': 'cow.jpg', 'ImgType': 'Animal', 'ArrowImg': 'ArrowRight.png', 'ImgOrientation': None, 'Congruency': None, 'Direction': None}
9.2189 	EXP 	New trial (rep=0, index=38): {'NumberLetter': None, 'corrAns': 3, 'StimFile': 'bookcase.jpg', 'ImgType': 'Furniture', 'ArrowImg': 'ArrowRight.png', 'ImgOrientation': 'neutral', 'Congruency': 'neutral', 'Direction': None}
9.2205 	EXP 	New trial (rep=0, index=39): {'NumberLetter': None, 'corrAns': 1, 'StimFile': 'dromedary.jpg', 'ImgType': 'Animal', 'ArrowImg': 'ArrowLeft.png', 'ImgOrientation': None, 'Congruency': None, 'Direction': None}
9.2220 	EXP 	New trial (rep=0, index=40): {'NumberLetter': None, 'corrAns': 3, 'StimFile': 'bat.jpg', 'ImgType': 'Animal', 'ArrowImg': 'ArrowRight.png', 'ImgOrientation': 'left', 'Congruency': 'Incongruent - opposite', 'Direction': 'ArrowRight.png'}
9.2235 	EXP 	New trial (rep=0, index=41): {'NumberLetter': None, 'corrAns': 1, 'StimFile': 'sofa.jpg', 'ImgType': 'Furniture', 'ArrowImg': 'ArrowLeft.png', 'ImgOrientation': None, 'Congruency': None, 'Direction': None}
9.2252 	EXP 	New trial (rep=0, index=42): {'NumberLetter': None, 'corrAns': 2, 'StimFile': 'filling_cabinet.jpg', 'ImgType': 'Furniture', 'ArrowImg': 'ArrowUp.png', 'ImgOrientation': None, 'Congruency': None, 'Direction': None}
9.2269 	EXP 	New trial (rep=0, index=43): {'NumberLetter': None, 'corrAns': 3, 'StimFile': 'motorbike.jpg', 'ImgType': 'Vehicles', 'ArrowImg': 'ArrowRight.png', 'ImgOrientation': None, 'Congruency': None, 'Direction': None}
9.2284 	EXP 	New trial (rep=0, index=44): {'NumberLetter': None, 'corrAns': 2, 'StimFile': 'rocking_chair.jpg', 'ImgType': 'Furniture', 'ArrowImg': 'ArrowUp.png', 'ImgOrientation': None, 'Congruency': None, 'Direction': None}
9.2298 	EXP 	New trial (rep=0, index=45): {'NumberLetter': None, 'corrAns': 2, 'StimFile': 'platypus.jpg', 'ImgType': 'Animal', 'ArrowImg': 'ArrowUp.png', 'ImgOrientation': None, 'Congruency': None, 'Direction': None}
9.2315 	EXP 	New trial (rep=0, index=46): {'NumberLetter': None, 'corrAns': 3, 'StimFile': 'elephant.jpg', 'ImgType': 'Animal', 'ArrowImg': 'ArrowRight.png', 'ImgOrientation': None, 'Congruency': None, 'Direction': None}
9.2332 	EXP 	New trial (rep=0, index=47): {'NumberLetter': None, 'corrAns': 2, 'StimFile': 'crocodile.jpg', 'ImgType': 'Animal', 'ArrowImg': 'ArrowUp.png', 'ImgOrientation': 'right', 'Congruency': 'Incongruent - perpendicular', 'Direction': None}
9.2387 	EXP 	Imported OneShotLearning_conditions.xlsx as conditions, 12 conditions, 1 params
9.2390 	EXP 	Created sequence: random, trialTypes=12, nReps=1, seed=None
9.2392 	EXP 	New trial (rep=0, index=0): {'Condition_rows': '36:40'}
9.2511 	EXP 	Imported OneShotLearning.xlsx as conditions, 4 conditions, 8 params
9.2513 	EXP 	Created sequence: random, trialTypes=4, nReps=1, seed=None
9.2515 	EXP 	New trial (rep=0, index=0): {'NumberLetter': None, 'corrAns': 3, 'StimFile': 'bookcase.jpg', 'ImgType': 'Furniture', 'ArrowImg': 'ArrowRight.png', 'ImgOrientation': 'neutral', 'Congruency': 'neutral', 'Direction': None}
9.2637 	EXP 	window1: mouseVisible = True
