3.3294 	WARNING 	We strongly recommend you activate the PTB sound engine in PsychoPy prefs as the preferred audio engine. Its timing is vastly superior. Your prefs are currently set to use ['sounddevice', 'PTB', 'pyo', 'pygame'] (in that order).
11.0840 	WARNING 	Couldn't measure a consistent frame rate.
  - Is your graphics card set to sync to vertical blank?
  - Are you running other processes on your computer?

11.0842 	EXP 	Created window1 = Window(allowGUI=True, allowStencil=False, autoLog=True, backendConf=UNKNOWN, bitsMode=UNKNOWN, blendMode='avg', bpc=(8, 8, 8), color=array([0, 0, 0]), colorSpace='rgb', depthBits=8, fullscr=<method-wrapper '__getattribute__' of attributeSetter object at 0x00000242D457BB70>, gamma=None, gammaErrorPolicy='raise', lms=UNKNOWN, monitor=<psychopy.monitors.calibTools.Monitor object at 0x00000242D44E3F98>, multiSample=False, name='window1', numSamples=2, pos=[760.0, 180.0], screen=0, size=array([1920, 1080]), stencilBits=0, stereo=False, units='height', useFBO=True, useRetina=False, viewOri=0.0, viewPos=None, viewScale=None, waitBlanking=True, winType='glfw')
11.0843 	EXP 	window1: mouseVisible = True
11.0843 	EXP 	window1: recordFrameIntervals = False
11.3897 	EXP 	window1: recordFrameIntervals = True
11.4990 	WARNING 	t of last frame was 76.16ms (=1/13)
11.6391 	WARNING 	t of last frame was 82.58ms (=1/12)
11.7757 	WARNING 	t of last frame was 86.01ms (=1/11)
11.9142 	WARNING 	t of last frame was 74.21ms (=1/13)
12.0529 	WARNING 	Multiple dropped frames have occurred - I'll stop bothering you about them!
14.4051 	WARNING 	Couldn't measure a consistent frame rate.
  - Is your graphics card set to sync to vertical blank?
  - Are you running other processes on your computer?

14.7748 	EXP 	Created text = TextStim(__class__=<class 'psychopy.visual.text.TextStim'>, alignHoriz=method-wrapper(...), alignText='center', alignVert=method-wrapper(...), anchorHoriz='center', anchorVert='center', antialias=True, autoLog=True, bold=False, color=array([1., 1., 1.]), colorSpace='rgb', contrast=1.0, depth=0.0, flipHoriz=False, flipVert=False, font='Open Sans', fontFiles=[], height=0.1, italic=False, languageStyle='LTR', name='text', opacity=1, ori=0.0, pos=array([0., 0.]), rgb=UNKNOWN, text='Instructions:', units='height', win=Window(...), wrapWidth=1)
14.7773 	EXP 	Created polygon = ShapeStim(__class__=<class 'psychopy.visual.shape.ShapeStim'>, autoDraw=False, autoLog=True, closeShape=True, color=method-wrapper(...), colorSpace='rgb', contrast=None, depth=0.0, fillColor=array([1, 1, 1]), fillColorSpace='rgb', fillRGB=array([1, 1, 1]), interpolate=True, lineColor=array([1., 1., 1.]), lineColorSpace='rgb', lineRGB=array([1, 1, 1]), lineWidth=1.0, name='polygon', opacity=1, ori=0.0, pos=array([0., 0.]), size=array([0.5, 0.5]), units='height', vertices=ndarray(...), win=Window(...), windingRule=None)
14.7824 	EXP 	Created image = ImageStim(__class__=<class 'psychopy.visual.image.ImageStim'>, autoLog=True, color=array([1., 1., 1.]), colorSpace='rgb', contrast=1.0, depth=-1.0, flipHoriz=False, flipVert=False, image='sin', interpolate=True, mask=None, maskParams=None, name='image', opacity=1, ori=0.0, pos=array([0.   , 0.125]), size=array([0.75, 0.75]), texRes=128.0, units='height', win=Window(...))
14.7857 	EXP 	Created Arrow = ImageStim(__class__=<class 'psychopy.visual.image.ImageStim'>, autoLog=True, color=array([1., 1., 1.]), colorSpace='rgb', contrast=1.0, depth=-2.0, flipHoriz=False, flipVert=False, image='sin', interpolate=True, mask=None, maskParams=None, name='Arrow', opacity=1, ori=0.0, pos=array([ 0.   , -0.375]), size=array([0.25, 0.25]), texRes=128.0, units='height', win=Window(...))
14.7877 	EXP 	Created polygon = ShapeStim(__class__=<class 'psychopy.visual.shape.ShapeStim'>, autoDraw=False, autoLog=True, closeShape=True, color=method-wrapper(...), colorSpace='rgb', contrast=None, depth=0.0, fillColor=array([1, 1, 1]), fillColorSpace='rgb', fillRGB=array([1, 1, 1]), interpolate=True, lineColor=array([1., 1., 1.]), lineColorSpace='rgb', lineRGB=array([1, 1, 1]), lineWidth=1.0, name='polygon', opacity=1, ori=0.0, pos=array([0., 0.]), size=array([0.5, 0.5]), units='height', vertices=ndarray(...), win=Window(...), windingRule=None)
14.7970 	EXP 	Created image_2 = ImageStim(__class__=<class 'psychopy.visual.image.ImageStim'>, autoLog=True, color=array([1., 1., 1.]), colorSpace='rgb', contrast=1.0, depth=-1.0, flipHoriz=False, flipVert=False, image='sin', interpolate=True, mask=None, maskParams=None, name='image_2', opacity=1, ori=0.0, pos=array([0.   , 0.125]), size=array([0.75, 0.75]), texRes=128.0, units='height', win=Window(...))
14.7989 	EXP 	Created polygon = ShapeStim(__class__=<class 'psychopy.visual.shape.ShapeStim'>, autoDraw=False, autoLog=True, closeShape=True, color=method-wrapper(...), colorSpace='rgb', contrast=None, depth=0.0, fillColor=array([1, 1, 1]), fillColorSpace='rgb', fillRGB=array([1, 1, 1]), interpolate=True, lineColor=array([1., 1., 1.]), lineColorSpace='rgb', lineRGB=array([1, 1, 1]), lineWidth=1.0, name='polygon', opacity=1, ori=0.0, pos=array([0., 0.]), size=array([0.5, 0.5]), units='height', vertices=ndarray(...), win=Window(...), windingRule=None)
14.8249 	EXP 	Created text_2 = TextStim(__class__=<class 'psychopy.visual.text.TextStim'>, alignHoriz=method-wrapper(...), alignText='center', alignVert=method-wrapper(...), anchorHoriz='center', anchorVert='center', antialias=True, autoLog=True, bold=False, color=array([1., 1., 1.]), colorSpace='rgb', contrast=1.0, depth=0.0, flipHoriz=False, flipVert=False, font='Open Sans', fontFiles=[], height=0.1, italic=False, languageStyle='LTR', name='text_2', opacity=1, ori=0.0, pos=array([0., 0.]), rgb=UNKNOWN, text=str(...), units='height', win=Window(...), wrapWidth=1)
14.9447 	EXP 	text: autoDraw = True
16.0638 	DATA 	Keypress: 1
16.0679 	EXP 	Created sequence: random, trialTypes=1, nReps=5, seed=None
16.0681 	EXP 	New trial (rep=0, index=0): None
16.0900 	EXP 	text: autoDraw = False
16.0900 	EXP 	polygon: autoDraw = True
16.2218 	DATA 	Keypress: 1
17.0894 	EXP 	Imported OneShotLearning.xlsx as conditions, 3 conditions, 7 params
17.0898 	EXP 	Created sequence: random, trialTypes=3, nReps=1, seed=None
17.0900 	EXP 	New trial (rep=0, index=0): {'NumberLetter': None, 'corrAns': 1, 'StimFile': 'dromedary.jpg', 'ImgType': 'Animal', 'ArrowImg': 'ArrowLeft.png', 'False_StimFile': None, 'DurationTrial': None}
17.1745 	EXP 	polygon: autoDraw = False
17.1745 	EXP 	image: image = 'dromedary.jpg'
17.1745 	EXP 	Arrow: image = 'ArrowLeft.png'
17.1745 	EXP 	image: autoDraw = True
17.1745 	EXP 	Arrow: autoDraw = True
18.0005 	DATA 	Keypress: 1
18.0241 	EXP 	image: autoDraw = False
18.0241 	EXP 	Arrow: autoDraw = False
18.0241 	EXP 	polygon: autoDraw = True
18.1388 	DATA 	Keypress: 1
19.0117 	EXP 	New trial (rep=0, index=1): {'NumberLetter': None, 'corrAns': 3, 'StimFile': 'elephant.jpg', 'ImgType': 'Animal', 'ArrowImg': 'ArrowRight.png', 'False_StimFile': None, 'DurationTrial': None}
19.1092 	EXP 	polygon: autoDraw = False
19.1092 	EXP 	polygon: autoDraw = False
19.1092 	EXP 	image: image = 'elephant.jpg'
19.1092 	EXP 	Arrow: image = 'ArrowRight.png'
19.1092 	EXP 	image: autoDraw = True
19.1092 	EXP 	Arrow: autoDraw = True
19.9383 	DATA 	Keypress: 3
19.9612 	EXP 	image: autoDraw = False
19.9612 	EXP 	Arrow: autoDraw = False
19.9612 	EXP 	polygon: autoDraw = True
20.0765 	DATA 	Keypress: 3
20.9463 	EXP 	New trial (rep=0, index=2): {'NumberLetter': None, 'corrAns': 2, 'StimFile': 'crocodile.jpg', 'ImgType': 'Animal', 'ArrowImg': 'ArrowUp.png', 'False_StimFile': None, 'DurationTrial': None}
21.0470 	EXP 	polygon: autoDraw = False
21.0470 	EXP 	polygon: autoDraw = False
21.0470 	EXP 	image: image = 'crocodile.jpg'
21.0470 	EXP 	Arrow: image = 'ArrowUp.png'
21.0470 	EXP 	image: autoDraw = True
21.0470 	EXP 	Arrow: autoDraw = True
21.7364 	DATA 	Keypress: 2
21.7594 	EXP 	image: autoDraw = False
21.7594 	EXP 	Arrow: autoDraw = False
21.7594 	EXP 	polygon: autoDraw = True
21.8751 	DATA 	Keypress: 2
22.7588 	EXP 	Imported OneShotLearning.xlsx as conditions, 3 conditions, 7 params
22.7591 	EXP 	Created sequence: random, trialTypes=3, nReps=1, seed=None
22.7594 	EXP 	New trial (rep=0, index=0): {'NumberLetter': None, 'corrAns': 1, 'StimFile': 'dromedary.jpg', 'ImgType': 'Animal', 'ArrowImg': 'ArrowLeft.png', 'False_StimFile': None, 'DurationTrial': None}
22.8615 	EXP 	polygon: autoDraw = False
22.8615 	EXP 	polygon: autoDraw = False
22.8615 	EXP 	image_2: image = 'dromedary.jpg'
22.8615 	EXP 	image_2: autoDraw = True
25.9111 	EXP 	image_2: autoDraw = False
25.9111 	EXP 	image_2: autoDraw = False
25.9111 	EXP 	polygon: autoDraw = True
26.8985 	EXP 	New trial (rep=0, index=1): {'NumberLetter': None, 'corrAns': 3, 'StimFile': 'elephant.jpg', 'ImgType': 'Animal', 'ArrowImg': 'ArrowRight.png', 'False_StimFile': None, 'DurationTrial': None}
26.9153 	EXP 	polygon: autoDraw = False
26.9153 	EXP 	polygon: autoDraw = False
26.9153 	EXP 	image_2: image = 'elephant.jpg'
26.9153 	EXP 	image_2: autoDraw = True
29.9816 	EXP 	image_2: autoDraw = False
29.9816 	EXP 	image_2: autoDraw = False
29.9816 	EXP 	polygon: autoDraw = True
30.9673 	EXP 	New trial (rep=0, index=2): {'NumberLetter': None, 'corrAns': 2, 'StimFile': 'crocodile.jpg', 'ImgType': 'Animal', 'ArrowImg': 'ArrowUp.png', 'False_StimFile': None, 'DurationTrial': None}
31.0555 	EXP 	polygon: autoDraw = False
31.0555 	EXP 	polygon: autoDraw = False
31.0555 	EXP 	image_2: image = 'crocodile.jpg'
31.0555 	EXP 	image_2: autoDraw = True
34.1176 	EXP 	image_2: autoDraw = False
34.1176 	EXP 	image_2: autoDraw = False
34.1176 	EXP 	polygon: autoDraw = True
34.5093 	DATA 	Keypress: esc
34.8149 	DATA 	Keypress: esc
34.8372 	EXP 	window1: mouseVisible = True
