4.2137 	WARNING 	We strongly recommend you activate the PTB sound engine in PsychoPy prefs as the preferred audio engine. Its timing is vastly superior. Your prefs are currently set to use ['sounddevice', 'PTB', 'pyo', 'pygame'] (in that order).
56.0218 	ERROR 	'0.0000, 0.0000, 0.0000' is not a valid rgb color
58.2335 	EXP 	Created window1 = Window(allowGUI=True, allowStencil=False, autoLog=True, backendConf=UNKNOWN, bitsMode=UNKNOWN, blendMode='avg', bpc=(8, 8, 8), color=array([0, 0, 0]), colorSpace='rgb', depthBits=8, fullscr=<method-wrapper '__getattribute__' of attributeSetter object at 0x0000020111C8B908>, gamma=None, gammaErrorPolicy='raise', lms=UNKNOWN, monitor=<psychopy.monitors.calibTools.Monitor object at 0x0000020111BF5D30>, multiSample=False, name='window1', numSamples=2, pos=[0.0, 0.0], screen=0, size=array([1920, 1055]), stencilBits=0, stereo=False, units='height', useFBO=True, useRetina=False, viewOri=0.0, viewPos=None, viewScale=None, waitBlanking=True, winType='glfw')
58.2336 	EXP 	window1: mouseVisible = True
58.2336 	EXP 	window1: recordFrameIntervals = False
58.3101 	EXP 	window1: recordFrameIntervals = True
58.3292 	WARNING 	t of last frame was 9.05ms (=1/110)
58.3920 	EXP 	window1: recordFrameIntervals = False
58.9679 	EXP 	Created text = TextStim(__class__=<class 'psychopy.visual.text.TextStim'>, alignHoriz=method-wrapper(...), alignText='center', alignVert=method-wrapper(...), anchorHoriz='center', anchorVert='center', antialias=True, autoLog=True, bold=False, color=array([1., 1., 1.]), colorSpace='rgb', contrast=1.0, depth=0.0, flipHoriz=False, flipVert=False, font='Open Sans', fontFiles=[], height=0.04, italic=False, languageStyle='LTR', name='text', opacity=1, ori=0.0, pos=array([0., 0.]), rgb=UNKNOWN, text=str(...), units='height', win=Window(...), wrapWidth=1)
59.0538 	EXP 	Created text_4 = TextStim(__class__=<class 'psychopy.visual.text.TextStim'>, alignHoriz=method-wrapper(...), alignText='center', alignVert=method-wrapper(...), anchorHoriz='center', anchorVert='center', antialias=True, autoLog=True, bold=False, color=array([1., 1., 1.]), colorSpace='rgb', contrast=1.0, depth=0.0, flipHoriz=False, flipVert=False, font='Open Sans', fontFiles=[], height=0.1, italic=False, languageStyle='LTR', name='text_4', opacity=1, ori=0.0, pos=array([0., 0.]), rgb=UNKNOWN, text=str(...), units='height', win=Window(...), wrapWidth=1)
59.0608 	EXP 	Created Scrambled_img = ImageStim(__class__=<class 'psychopy.visual.image.ImageStim'>, autoLog=True, color=array([1., 1., 1.]), colorSpace='rgb', contrast=1.0, depth=0.0, flipHoriz=False, flipVert=False, image='sin', interpolate=True, mask=None, maskParams=None, name='Scrambled_img', opacity=1, ori=0.0, pos=array([0.   , 0.125]), size=array([1.  , 0.75]), texRes=128.0, units='height', win=Window(...))
59.0665 	EXP 	Created Arrow1 = ImageStim(__class__=<class 'psychopy.visual.image.ImageStim'>, autoLog=True, color=array([1., 1., 1.]), colorSpace='rgb', contrast=1.0, depth=-1.0, flipHoriz=False, flipVert=False, image='sin', interpolate=True, mask=None, maskParams=None, name='Arrow1', opacity=1, ori=0.0, pos=array([ 0.   , -0.375]), size=array([0.25, 0.25]), texRes=128.0, units='height', win=Window(...))
59.0712 	EXP 	Created polygon = ShapeStim(__class__=<class 'psychopy.visual.shape.ShapeStim'>, autoDraw=False, autoLog=True, closeShape=True, color=method-wrapper(...), colorSpace='rgb', contrast=None, depth=0.0, fillColor=array([1, 1, 1]), fillColorSpace='rgb', fillRGB=array([1, 1, 1]), interpolate=True, lineColor=array([1., 1., 1.]), lineColorSpace='rgb', lineRGB=array([1, 1, 1]), lineWidth=1.0, name='polygon', opacity=1, ori=0.0, pos=array([0., 0.]), size=array([0.5, 0.5]), units='height', vertices=ndarray(...), win=Window(...), windingRule=None)
59.1671 	EXP 	Created text_3 = TextStim(__class__=<class 'psychopy.visual.text.TextStim'>, alignHoriz=method-wrapper(...), alignText='center', alignVert=method-wrapper(...), anchorHoriz='center', anchorVert='center', antialias=True, autoLog=True, bold=False, color=array([1., 1., 1.]), colorSpace='rgb', contrast=1.0, depth=0.0, flipHoriz=False, flipVert=False, font='Open Sans', fontFiles=[], height=0.1, italic=False, languageStyle='LTR', name='text_3', opacity=1, ori=0.0, pos=array([0., 0.]), rgb=UNKNOWN, text=str(...), units='height', win=Window(...), wrapWidth=1)
59.1737 	EXP 	Created image = ImageStim(__class__=<class 'psychopy.visual.image.ImageStim'>, autoLog=True, color=array([1., 1., 1.]), colorSpace='rgb', contrast=1.0, depth=-1.0, flipHoriz=False, flipVert=False, image='sin', interpolate=True, mask=None, maskParams=None, name='image', opacity=1, ori=0.0, pos=array([0.   , 0.125]), size=array([1.  , 0.75]), texRes=128.0, units='height', win=Window(...))
59.1801 	EXP 	Created Arrow = ImageStim(__class__=<class 'psychopy.visual.image.ImageStim'>, autoLog=True, color=array([1., 1., 1.]), colorSpace='rgb', contrast=1.0, depth=-2.0, flipHoriz=False, flipVert=False, image='sin', interpolate=True, mask=None, maskParams=None, name='Arrow', opacity=1, ori=0.0, pos=array([ 0.   , -0.375]), size=array([0.25, 0.25]), texRes=128.0, units='height', win=Window(...))
59.1835 	EXP 	Created polygon = ShapeStim(__class__=<class 'psychopy.visual.shape.ShapeStim'>, autoDraw=False, autoLog=True, closeShape=True, color=method-wrapper(...), colorSpace='rgb', contrast=None, depth=0.0, fillColor=array([1, 1, 1]), fillColorSpace='rgb', fillRGB=array([1, 1, 1]), interpolate=True, lineColor=array([1., 1., 1.]), lineColorSpace='rgb', lineRGB=array([1, 1, 1]), lineWidth=1.0, name='polygon', opacity=1, ori=0.0, pos=array([0., 0.]), size=array([0.5, 0.5]), units='height', vertices=ndarray(...), win=Window(...), windingRule=None)
59.1914 	EXP 	Created image_2 = ImageStim(__class__=<class 'psychopy.visual.image.ImageStim'>, autoLog=True, color=array([1., 1., 1.]), colorSpace='rgb', contrast=1.0, depth=-1.0, flipHoriz=False, flipVert=False, image='sin', interpolate=True, mask=None, maskParams=None, name='image_2', opacity=1, ori=0.0, pos=array([0.   , 0.125]), size=array([1.  , 0.75]), texRes=128.0, units='height', win=Window(...))
59.2504 	EXP 	Created direction_options = ImageStim(__class__=<class 'psychopy.visual.image.ImageStim'>, autoLog=True, color=array([1., 1., 1.]), colorSpace='rgb', contrast=1.0, depth=-3.0, flipHoriz=False, flipVert=False, image='Gallery_arrowoptions.png', interpolate=True, mask=None, maskParams=None, name='direction_options', opacity=1, ori=0.0, pos=array([ 0.   , -0.375]), size=array([1.  , 0.25]), texRes=128.0, units='height', win=Window(...))
59.2542 	EXP 	Created polygon = ShapeStim(__class__=<class 'psychopy.visual.shape.ShapeStim'>, autoDraw=False, autoLog=True, closeShape=True, color=method-wrapper(...), colorSpace='rgb', contrast=None, depth=0.0, fillColor=array([1, 1, 1]), fillColorSpace='rgb', fillRGB=array([1, 1, 1]), interpolate=True, lineColor=array([1., 1., 1.]), lineColorSpace='rgb', lineRGB=array([1, 1, 1]), lineWidth=1.0, name='polygon', opacity=1, ori=0.0, pos=array([0., 0.]), size=array([0.5, 0.5]), units='height', vertices=ndarray(...), win=Window(...), windingRule=None)
59.2990 	EXP 	Created text_4 = TextStim(__class__=<class 'psychopy.visual.text.TextStim'>, alignHoriz=method-wrapper(...), alignText='center', alignVert=method-wrapper(...), anchorHoriz='center', anchorVert='center', antialias=True, autoLog=True, bold=False, color=array([1., 1., 1.]), colorSpace='rgb', contrast=1.0, depth=0.0, flipHoriz=False, flipVert=False, font='Open Sans', fontFiles=[], height=0.1, italic=False, languageStyle='LTR', name='text_4', opacity=1, ori=0.0, pos=array([0., 0.]), rgb=UNKNOWN, text=str(...), units='height', win=Window(...), wrapWidth=1)
59.3062 	EXP 	Created Scrambled_img = ImageStim(__class__=<class 'psychopy.visual.image.ImageStim'>, autoLog=True, color=array([1., 1., 1.]), colorSpace='rgb', contrast=1.0, depth=0.0, flipHoriz=False, flipVert=False, image='sin', interpolate=True, mask=None, maskParams=None, name='Scrambled_img', opacity=1, ori=0.0, pos=array([0.   , 0.125]), size=array([1.  , 0.75]), texRes=128.0, units='height', win=Window(...))
59.3132 	EXP 	Created Arrow1 = ImageStim(__class__=<class 'psychopy.visual.image.ImageStim'>, autoLog=True, color=array([1., 1., 1.]), colorSpace='rgb', contrast=1.0, depth=-1.0, flipHoriz=False, flipVert=False, image='sin', interpolate=True, mask=None, maskParams=None, name='Arrow1', opacity=1, ori=0.0, pos=array([ 0.   , -0.375]), size=array([0.25, 0.25]), texRes=128.0, units='height', win=Window(...))
59.3172 	EXP 	Created polygon = ShapeStim(__class__=<class 'psychopy.visual.shape.ShapeStim'>, autoDraw=False, autoLog=True, closeShape=True, color=method-wrapper(...), colorSpace='rgb', contrast=None, depth=0.0, fillColor=array([1, 1, 1]), fillColorSpace='rgb', fillRGB=array([1, 1, 1]), interpolate=True, lineColor=array([1., 1., 1.]), lineColorSpace='rgb', lineRGB=array([1, 1, 1]), lineWidth=1.0, name='polygon', opacity=1, ori=0.0, pos=array([0., 0.]), size=array([0.5, 0.5]), units='height', vertices=ndarray(...), win=Window(...), windingRule=None)
59.3433 	EXP 	Created text_2 = TextStim(__class__=<class 'psychopy.visual.text.TextStim'>, alignHoriz=method-wrapper(...), alignText='center', alignVert=method-wrapper(...), anchorHoriz='center', anchorVert='center', antialias=True, autoLog=True, bold=False, color=array([1., 1., 1.]), colorSpace='rgb', contrast=1.0, depth=0.0, flipHoriz=False, flipVert=False, font='Open Sans', fontFiles=[], height=0.1, italic=False, languageStyle='LTR', name='text_2', opacity=1, ori=0.0, pos=array([0., 0.]), rgb=UNKNOWN, text=str(...), units='height', win=Window(...), wrapWidth=1)
59.3810 	EXP 	text: autoDraw = True
154.9345 	DATA 	Mouse: wheel shift=(0,0)
155.2954 	DATA 	Mouse: wheel shift=(0,0)
155.3093 	DATA 	Mouse: wheel shift=(0,0)
155.3370 	DATA 	Mouse: wheel shift=(0,0)
155.3925 	DATA 	Mouse: wheel shift=(0,0)
168.3031 	DATA 	Keypress: 1
168.3252 	EXP 	text: autoDraw = False
168.3252 	EXP 	text_4: autoDraw = True
168.5451 	DATA 	Keypress: 1
175.2573 	DATA 	Keypress: 1
175.4341 	DATA 	Keypress: 1
178.3299 	EXP 	Imported OneShotLearning.csv as conditions, 4 conditions, 8 params
178.3312 	EXP 	Created sequence: random, trialTypes=4, nReps=1, seed=None
178.3320 	EXP 	New trial (rep=0, index=0): OrderedDict([('corrAns', 1), ('StimFile', 'Images/cheetah.jpg'), ('ImgType', 'Animal'), ('ArrowImg', 'ArrowLeft.png'), ('ImgOrientation', None), ('Direction', 'ArrowLeft.png'), ('Scrambled', 'Images/cheetah_scrambled.jpg'), ('old', None)])
178.4118 	EXP 	text_4: autoDraw = False
178.4118 	EXP 	Scrambled_img: image = 'Images/cheetah_scrambled.jpg'
178.4118 	EXP 	Arrow1: image = 'ArrowLeft.png'
178.4118 	EXP 	Scrambled_img: autoDraw = True
178.4118 	EXP 	Arrow1: autoDraw = True
181.3245 	EXP 	Scrambled_img: autoDraw = False
181.3245 	EXP 	Arrow1: autoDraw = False
181.3245 	EXP 	polygon: autoDraw = True
182.3138 	EXP 	New trial (rep=0, index=1): OrderedDict([('corrAns', 2), ('StimFile', 'Images/cat.jpg'), ('ImgType', 'Animal'), ('ArrowImg', 'ArrowUp.png'), ('ImgOrientation', None), ('Direction', 'ArrowLeft.png'), ('Scrambled', 'Images/cat_scrambled.jpg'), ('old', None)])
182.3408 	EXP 	polygon: autoDraw = False
182.3408 	EXP 	Scrambled_img: image = 'Images/cat_scrambled.jpg'
182.3408 	EXP 	Arrow1: image = 'ArrowUp.png'
182.3408 	EXP 	Scrambled_img: autoDraw = True
182.3408 	EXP 	Arrow1: autoDraw = True
185.3265 	EXP 	Scrambled_img: autoDraw = False
185.3265 	EXP 	Arrow1: autoDraw = False
185.3265 	EXP 	polygon: autoDraw = True
186.3121 	EXP 	New trial (rep=0, index=2): OrderedDict([('corrAns', 3), ('StimFile', 'Images/cow.jpg'), ('ImgType', 'Animal'), ('ArrowImg', 'ArrowRight.png'), ('ImgOrientation', None), ('Direction', 'ArrowLeft.png'), ('Scrambled', 'Images/cow_scrambled.jpg'), ('old', None)])
186.3416 	EXP 	polygon: autoDraw = False
186.3416 	EXP 	Scrambled_img: image = 'Images/cow_scrambled.jpg'
186.3416 	EXP 	Arrow1: image = 'ArrowRight.png'
186.3416 	EXP 	Scrambled_img: autoDraw = True
186.3416 	EXP 	Arrow1: autoDraw = True
188.9404 	DATA 	Keypress: 3
189.1561 	DATA 	Keypress: 3
189.3309 	EXP 	Scrambled_img: autoDraw = False
189.3309 	EXP 	Arrow1: autoDraw = False
189.3309 	EXP 	polygon: autoDraw = True
190.3112 	EXP 	New trial (rep=0, index=3): OrderedDict([('corrAns', 2), ('StimFile', 'Images/crocodile.jpg'), ('ImgType', 'Animal'), ('ArrowImg', 'ArrowUp.png'), ('ImgOrientation', 'right'), ('Direction', 'ArrowLeft.png'), ('Scrambled', 'Images/crocodile_scrambled.jpg'), ('old', None)])
190.3331 	EXP 	polygon: autoDraw = False
190.3331 	EXP 	Scrambled_img: image = 'Images/crocodile_scrambled.jpg'
190.3331 	EXP 	Arrow1: image = 'ArrowUp.png'
190.3331 	EXP 	Scrambled_img: autoDraw = True
190.3331 	EXP 	Arrow1: autoDraw = True
191.0880 	DATA 	Keypress: 2
191.2950 	DATA 	Keypress: 2
193.3382 	EXP 	Scrambled_img: autoDraw = False
193.3382 	EXP 	Arrow1: autoDraw = False
193.3382 	EXP 	polygon: autoDraw = True
194.3254 	EXP 	polygon: autoDraw = False
194.3254 	EXP 	text_3: autoDraw = True
204.3227 	EXP 	Imported OneShotLearning_conditions.xlsx as conditions, 12 conditions, 2 params
204.3232 	EXP 	Created sequence: random, trialTypes=12, nReps=1, seed=None
204.3236 	EXP 	New trial (rep=0, index=0): {'Condition_rows': '36:40', 'Condition_rows_practice': None}
204.3679 	EXP 	window1: mouseVisible = True
