3.0957 	WARNING 	We strongly recommend you activate the PTB sound engine in PsychoPy prefs as the preferred audio engine. Its timing is vastly superior. Your prefs are currently set to use ['sounddevice', 'PTB', 'pyo', 'pygame'] (in that order).
6.1305 	ERROR 	'0.0000, 0.0000, 0.0000' is not a valid rgb color
7.3188 	EXP 	Created window1 = Window(allowGUI=True, allowStencil=False, autoLog=True, backendConf=UNKNOWN, bitsMode=UNKNOWN, blendMode='avg', bpc=(8, 8, 8), color=array([0, 0, 0]), colorSpace='rgb', depthBits=8, fullscr=<method-wrapper '__getattribute__' of attributeSetter object at 0x000002BEC154C8D0>, gamma=None, gammaErrorPolicy='raise', lms=UNKNOWN, monitor=<psychopy.monitors.calibTools.Monitor object at 0x000002BEC14B5CF8>, multiSample=False, name='window1', numSamples=2, pos=[760.0, 180.0], screen=0, size=array([1920, 1080]), stencilBits=0, stereo=False, units='height', useFBO=True, useRetina=False, viewOri=0.0, viewPos=None, viewScale=None, waitBlanking=True, winType='glfw')
7.3188 	EXP 	window1: mouseVisible = True
7.3188 	EXP 	window1: recordFrameIntervals = False
7.4852 	EXP 	window1: recordFrameIntervals = True
7.6689 	EXP 	window1: recordFrameIntervals = False
8.0302 	EXP 	Created text = TextStim(__class__=<class 'psychopy.visual.text.TextStim'>, alignHoriz=method-wrapper(...), alignText='center', alignVert=method-wrapper(...), anchorHoriz='center', anchorVert='center', antialias=True, autoLog=True, bold=False, color=array([1., 1., 1.]), colorSpace='rgb', contrast=1.0, depth=0.0, flipHoriz=False, flipVert=False, font='Open Sans', fontFiles=[], height=0.04, italic=False, languageStyle='LTR', name='text', opacity=1, ori=0.0, pos=array([0., 0.]), rgb=UNKNOWN, text=str(...), units='height', win=Window(...), wrapWidth=1)
8.0370 	EXP 	Created image = ImageStim(__class__=<class 'psychopy.visual.image.ImageStim'>, autoLog=True, color=array([1., 1., 1.]), colorSpace='rgb', contrast=1.0, depth=-1.0, flipHoriz=False, flipVert=False, image='sin', interpolate=True, mask=None, maskParams=None, name='image', opacity=1, ori=0.0, pos=array([ 0.   , -0.125]), size=array([1.  , 0.75]), texRes=128.0, units='height', win=Window(...))
8.0407 	EXP 	Created Arrow = ImageStim(__class__=<class 'psychopy.visual.image.ImageStim'>, autoLog=True, color=array([1., 1., 1.]), colorSpace='rgb', contrast=1.0, depth=-2.0, flipHoriz=False, flipVert=False, image='sin', interpolate=True, mask=None, maskParams=None, name='Arrow', opacity=1, ori=0.0, pos=array([0.   , 0.375]), size=array([0.25, 0.25]), texRes=128.0, units='height', win=Window(...))
8.0431 	EXP 	Created polygon = ShapeStim(__class__=<class 'psychopy.visual.shape.ShapeStim'>, autoDraw=False, autoLog=True, closeShape=True, color=method-wrapper(...), colorSpace='rgb', contrast=None, depth=0.0, fillColor=array([1, 1, 1]), fillColorSpace='rgb', fillRGB=array([1, 1, 1]), interpolate=True, lineColor=array([1., 1., 1.]), lineColorSpace='rgb', lineRGB=array([1, 1, 1]), lineWidth=1.0, name='polygon', opacity=1, ori=0.0, pos=array([0., 0.]), size=array([0.5, 0.5]), units='height', vertices=ndarray(...), win=Window(...), windingRule=None)
8.0506 	EXP 	Created image_2 = ImageStim(__class__=<class 'psychopy.visual.image.ImageStim'>, autoLog=True, color=array([1., 1., 1.]), colorSpace='rgb', contrast=1.0, depth=-1.0, flipHoriz=False, flipVert=False, image='sin', interpolate=True, mask=None, maskParams=None, name='image_2', opacity=1, ori=0.0, pos=array([0.   , 0.125]), size=array([1.  , 0.75]), texRes=128.0, units='height', win=Window(...))
8.0991 	EXP 	Created direction_options = ImageStim(__class__=<class 'psychopy.visual.image.ImageStim'>, autoLog=True, color=array([1., 1., 1.]), colorSpace='rgb', contrast=1.0, depth=-3.0, flipHoriz=False, flipVert=False, image='Gallery_arrowoptions.png', interpolate=True, mask=None, maskParams=None, name='direction_options', opacity=1, ori=0.0, pos=array([ 0.   , -0.375]), size=array([1.  , 0.25]), texRes=128.0, units='height', win=Window(...))
8.1011 	EXP 	Created polygon = ShapeStim(__class__=<class 'psychopy.visual.shape.ShapeStim'>, autoDraw=False, autoLog=True, closeShape=True, color=method-wrapper(...), colorSpace='rgb', contrast=None, depth=0.0, fillColor=array([1, 1, 1]), fillColorSpace='rgb', fillRGB=array([1, 1, 1]), interpolate=True, lineColor=array([1., 1., 1.]), lineColorSpace='rgb', lineRGB=array([1, 1, 1]), lineWidth=1.0, name='polygon', opacity=1, ori=0.0, pos=array([0., 0.]), size=array([0.5, 0.5]), units='height', vertices=ndarray(...), win=Window(...), windingRule=None)
8.1241 	EXP 	Created text_2 = TextStim(__class__=<class 'psychopy.visual.text.TextStim'>, alignHoriz=method-wrapper(...), alignText='center', alignVert=method-wrapper(...), anchorHoriz='center', anchorVert='center', antialias=True, autoLog=True, bold=False, color=array([1., 1., 1.]), colorSpace='rgb', contrast=1.0, depth=0.0, flipHoriz=False, flipVert=False, font='Open Sans', fontFiles=[], height=0.1, italic=False, languageStyle='LTR', name='text_2', opacity=1, ori=0.0, pos=array([0., 0.]), rgb=UNKNOWN, text=str(...), units='height', win=Window(...), wrapWidth=1)
8.2123 	EXP 	text: autoDraw = True
9.8010 	DATA 	Keypress: 2
9.8201 	EXP 	Imported OneShotLearning.xlsx as conditions, 48 conditions, 8 params
9.8206 	EXP 	Created sequence: random, trialTypes=48, nReps=1, seed=None
9.8208 	EXP 	New trial (rep=0, index=0): {'NumberLetter': None, 'corrAns': 3, 'StimFile': 'bookcase.jpg', 'ImgType': 'Furniture', 'ArrowImg': 'ArrowRight.png', 'ImgOrientation': 'neutral', 'Congruency': 'neutral', 'Direction': None}
9.8225 	EXP 	New trial (rep=0, index=1): {'NumberLetter': None, 'corrAns': 2, 'StimFile': 'train', 'ImgType': 'Vehicles', 'ArrowImg': 'ArrowUp.png', 'ImgOrientation': None, 'Congruency': None, 'Direction': None}
9.8240 	EXP 	New trial (rep=0, index=2): {'NumberLetter': None, 'corrAns': 1, 'StimFile': 'Chest_of_drawers.jpg', 'ImgType': 'Furniture', 'ArrowImg': 'ArrowLeft.png', 'ImgOrientation': None, 'Congruency': None, 'Direction': None}
9.8255 	EXP 	New trial (rep=0, index=3): {'NumberLetter': None, 'corrAns': 3, 'StimFile': 'motorbike.jpg', 'ImgType': 'Vehicles', 'ArrowImg': 'ArrowRight.png', 'ImgOrientation': None, 'Congruency': None, 'Direction': None}
9.8272 	EXP 	New trial (rep=0, index=4): {'NumberLetter': None, 'corrAns': 3, 'StimFile': 'tractor.jpg', 'ImgType': 'Vehicles', 'ArrowImg': 'ArrowRight.png', 'ImgOrientation': None, 'Congruency': None, 'Direction': None}
9.8287 	EXP 	New trial (rep=0, index=5): {'NumberLetter': None, 'corrAns': 3, 'StimFile': 'cow.jpg', 'ImgType': 'Animal', 'ArrowImg': 'ArrowRight.png', 'ImgOrientation': None, 'Congruency': None, 'Direction': None}
9.8301 	EXP 	New trial (rep=0, index=6): {'NumberLetter': None, 'corrAns': 2, 'StimFile': 'tapir.jpg', 'ImgType': 'Animal', 'ArrowImg': 'ArrowUp.png', 'ImgOrientation': None, 'Congruency': None, 'Direction': None}
9.8319 	EXP 	New trial (rep=0, index=7): {'NumberLetter': None, 'corrAns': 1, 'StimFile': 'sofa.jpg', 'ImgType': 'Furniture', 'ArrowImg': 'ArrowLeft.png', 'ImgOrientation': None, 'Congruency': None, 'Direction': None}
9.8332 	EXP 	New trial (rep=0, index=8): {'NumberLetter': None, 'corrAns': 2, 'StimFile': 'paragliding.jpg', 'ImgType': 'Vehicles', 'ArrowImg': 'ArrowUp.png', 'ImgOrientation': None, 'Congruency': None, 'Direction': None}
9.8348 	EXP 	New trial (rep=0, index=9): {'NumberLetter': None, 'corrAns': 2, 'StimFile': 'chair.jpg', 'ImgType': 'Furniture', 'ArrowImg': 'ArrowUp.png', 'ImgOrientation': None, 'Congruency': None, 'Direction': None}
9.8365 	EXP 	New trial (rep=0, index=10): {'NumberLetter': None, 'corrAns': 3, 'StimFile': 'scooter.jpg', 'ImgType': 'Vehicles', 'ArrowImg': 'ArrowRight.png', 'ImgOrientation': None, 'Congruency': None, 'Direction': None}
9.8382 	EXP 	New trial (rep=0, index=11): {'NumberLetter': None, 'corrAns': 3, 'StimFile': 'horse.jpg', 'ImgType': 'Animal', 'ArrowImg': 'ArrowRight.png', 'ImgOrientation': None, 'Congruency': None, 'Direction': None}
9.8396 	EXP 	New trial (rep=0, index=12): {'NumberLetter': None, 'corrAns': 2, 'StimFile': 'ship.jpg', 'ImgType': 'Vehicles', 'ArrowImg': 'ArrowUp.png', 'ImgOrientation': None, 'Congruency': None, 'Direction': None}
9.8413 	EXP 	New trial (rep=0, index=13): {'NumberLetter': None, 'corrAns': 2, 'StimFile': 'rocking_chair.jpg', 'ImgType': 'Furniture', 'ArrowImg': 'ArrowUp.png', 'ImgOrientation': None, 'Congruency': None, 'Direction': None}
9.8430 	EXP 	New trial (rep=0, index=14): {'NumberLetter': None, 'corrAns': 1, 'StimFile': 'armadillo.jpg', 'ImgType': 'Animal', 'ArrowImg': 'ArrowLeft.png', 'ImgOrientation': 'left', 'Congruency': 'Congruent', 'Direction': 'ArrowLeft.png'}
9.8445 	EXP 	New trial (rep=0, index=15): {'NumberLetter': None, 'corrAns': 2, 'StimFile': 'giraffe.jpg', 'ImgType': 'Animal', 'ArrowImg': 'ArrowUp.png', 'ImgOrientation': None, 'Congruency': None, 'Direction': None}
9.8461 	EXP 	New trial (rep=0, index=16): {'NumberLetter': None, 'corrAns': 3, 'StimFile': 'couch.jpg', 'ImgType': 'Furniture', 'ArrowImg': 'ArrowRight.png', 'ImgOrientation': None, 'Congruency': None, 'Direction': None}
9.8482 	EXP 	New trial (rep=0, index=17): {'NumberLetter': None, 'corrAns': 1, 'StimFile': 'boat.jpg', 'ImgType': 'Vehicles', 'ArrowImg': 'ArrowLeft.png', 'ImgOrientation': None, 'Congruency': None, 'Direction': None}
9.8500 	EXP 	New trial (rep=0, index=18): {'NumberLetter': None, 'corrAns': 2, 'StimFile': 'bed.jpg', 'ImgType': 'Furniture', 'ArrowImg': 'ArrowUp.png', 'ImgOrientation': None, 'Congruency': None, 'Direction': None}
9.8516 	EXP 	New trial (rep=0, index=19): {'NumberLetter': None, 'corrAns': 3, 'StimFile': 'bat.jpg', 'ImgType': 'Animal', 'ArrowImg': 'ArrowRight.png', 'ImgOrientation': 'left', 'Congruency': 'Incongruent - opposite', 'Direction': 'ArrowRight.png'}
9.8533 	EXP 	New trial (rep=0, index=20): {'NumberLetter': None, 'corrAns': 1, 'StimFile': 'cheetah.jpg', 'ImgType': 'Animal', 'ArrowImg': 'ArrowLeft.png', 'ImgOrientation': None, 'Congruency': None, 'Direction': None}
9.8550 	EXP 	New trial (rep=0, index=21): {'NumberLetter': None, 'corrAns': 1, 'StimFile': 'plane.jpg', 'ImgType': 'Vehicles', 'ArrowImg': 'ArrowLeft.png', 'ImgOrientation': None, 'Congruency': None, 'Direction': None}
9.8565 	EXP 	New trial (rep=0, index=22): {'NumberLetter': None, 'corrAns': 2, 'StimFile': 'platypus.jpg', 'ImgType': 'Animal', 'ArrowImg': 'ArrowUp.png', 'ImgOrientation': None, 'Congruency': None, 'Direction': None}
9.8582 	EXP 	New trial (rep=0, index=23): {'NumberLetter': None, 'corrAns': 3, 'StimFile': 'armchair.jpg', 'ImgType': 'Furniture', 'ArrowImg': 'ArrowRight.png', 'ImgOrientation': None, 'Congruency': None, 'Direction': None}
9.8601 	EXP 	New trial (rep=0, index=24): {'NumberLetter': None, 'corrAns': 1, 'StimFile': 'cart.jpg', 'ImgType': 'Vehicles', 'ArrowImg': 'ArrowLeft.png', 'ImgOrientation': None, 'Congruency': None, 'Direction': None}
9.8619 	EXP 	New trial (rep=0, index=25): {'NumberLetter': None, 'corrAns': 1, 'StimFile': 'lioness.jpg', 'ImgType': 'Animal', 'ArrowImg': 'ArrowLeft.png', 'ImgOrientation': None, 'Congruency': None, 'Direction': None}
9.8636 	EXP 	New trial (rep=0, index=26): {'NumberLetter': None, 'corrAns': 1, 'StimFile': 'lamp.jpg', 'ImgType': 'Furniture', 'ArrowImg': 'ArrowLeft.png', 'ImgOrientation': None, 'Congruency': None, 'Direction': None}
9.8651 	EXP 	New trial (rep=0, index=27): {'NumberLetter': None, 'corrAns': 2, 'StimFile': 'zebra.jpg', 'ImgType': 'Animal', 'ArrowImg': 'ArrowUp.png', 'ImgOrientation': None, 'Congruency': None, 'Direction': None}
9.8668 	EXP 	New trial (rep=0, index=28): {'NumberLetter': None, 'corrAns': 2, 'StimFile': 'filling_cabinet.jpg', 'ImgType': 'Furniture', 'ArrowImg': 'ArrowUp.png', 'ImgOrientation': None, 'Congruency': None, 'Direction': None}
9.8690 	EXP 	New trial (rep=0, index=29): {'NumberLetter': None, 'corrAns': 3, 'StimFile': 'lectern.jpg', 'ImgType': 'Furniture', 'ArrowImg': 'ArrowRight.png', 'ImgOrientation': None, 'Congruency': None, 'Direction': None}
9.8707 	EXP 	New trial (rep=0, index=30): {'NumberLetter': None, 'corrAns': 3, 'StimFile': 'stool.jpg', 'ImgType': 'Furniture', 'ArrowImg': 'ArrowRight.png', 'ImgOrientation': None, 'Congruency': None, 'Direction': None}
9.8724 	EXP 	New trial (rep=0, index=31): {'NumberLetter': None, 'corrAns': 2, 'StimFile': 'cat.jpg', 'ImgType': 'Animal', 'ArrowImg': 'ArrowUp.png', 'ImgOrientation': None, 'Congruency': None, 'Direction': 'ArrowUp.png'}
9.8739 	EXP 	New trial (rep=0, index=32): {'NumberLetter': None, 'corrAns': 3, 'StimFile': 'lynx.jpg', 'ImgType': 'Animal', 'ArrowImg': 'ArrowRight.png', 'ImgOrientation': None, 'Congruency': None, 'Direction': None}
9.8754 	EXP 	New trial (rep=0, index=33): {'NumberLetter': None, 'corrAns': 2, 'StimFile': 'car.jpg', 'ImgType': 'Vehicles', 'ArrowImg': 'ArrowUp.png', 'ImgOrientation': None, 'Congruency': None, 'Direction': None}
9.8771 	EXP 	New trial (rep=0, index=34): {'NumberLetter': None, 'corrAns': 3, 'StimFile': 'turtle.jpg', 'ImgType': 'Animal', 'ArrowImg': 'ArrowRight.png', 'ImgOrientation': None, 'Congruency': None, 'Direction': None}
9.8786 	EXP 	New trial (rep=0, index=35): {'NumberLetter': None, 'corrAns': 1, 'StimFile': 'van.jpg', 'ImgType': 'Vehicles', 'ArrowImg': 'ArrowLeft.png', 'ImgOrientation': None, 'Congruency': None, 'Direction': None}
9.8803 	EXP 	New trial (rep=0, index=36): {'NumberLetter': None, 'corrAns': 2, 'StimFile': 'table.jpg', 'ImgType': 'Furniture', 'ArrowImg': 'ArrowUp.png', 'ImgOrientation': None, 'Congruency': None, 'Direction': None}
9.8820 	EXP 	New trial (rep=0, index=37): {'NumberLetter': None, 'corrAns': 3, 'StimFile': 'bus.jpg', 'ImgType': 'Vehicles', 'ArrowImg': 'ArrowRight.png', 'ImgOrientation': None, 'Congruency': None, 'Direction': None}
9.8835 	EXP 	New trial (rep=0, index=38): {'NumberLetter': None, 'corrAns': 1, 'StimFile': 'tiger.jpg', 'ImgType': 'Animal', 'ArrowImg': 'ArrowLeft.png', 'ImgOrientation': None, 'Congruency': None, 'Direction': None}
9.8853 	EXP 	New trial (rep=0, index=39): {'NumberLetter': None, 'corrAns': 2, 'StimFile': 'kangaroo.jpg', 'ImgType': 'Animal', 'ArrowImg': 'ArrowUp.png', 'ImgOrientation': None, 'Congruency': None, 'Direction': None}
9.8869 	EXP 	New trial (rep=0, index=40): {'NumberLetter': None, 'corrAns': 2, 'StimFile': 'crocodile.jpg', 'ImgType': 'Animal', 'ArrowImg': 'ArrowUp.png', 'ImgOrientation': 'right', 'Congruency': 'Incongruent - perpendicular', 'Direction': None}
9.8886 	EXP 	New trial (rep=0, index=41): {'NumberLetter': None, 'corrAns': 1, 'StimFile': 'rhino.jpg', 'ImgType': 'Animal', 'ArrowImg': 'ArrowLeft.png', 'ImgOrientation': None, 'Congruency': None, 'Direction': None}
9.8901 	EXP 	New trial (rep=0, index=42): {'NumberLetter': None, 'corrAns': 1, 'StimFile': 'hippopotamus.jpg', 'ImgType': 'Animal', 'ArrowImg': 'ArrowLeft.png', 'ImgOrientation': None, 'Congruency': None, 'Direction': None}
9.8916 	EXP 	New trial (rep=0, index=43): {'NumberLetter': None, 'corrAns': 1, 'StimFile': 'skateboard.jpg', 'ImgType': 'Vehicles', 'ArrowImg': 'ArrowLeft.png', 'ImgOrientation': None, 'Congruency': None, 'Direction': None}
9.8933 	EXP 	New trial (rep=0, index=44): {'NumberLetter': None, 'corrAns': 3, 'StimFile': 'snake.jpg', 'ImgType': 'Animal', 'ArrowImg': 'ArrowRight.png', 'ImgOrientation': None, 'Congruency': None, 'Direction': None}
9.8950 	EXP 	New trial (rep=0, index=45): {'NumberLetter': None, 'corrAns': 1, 'StimFile': 'dromedary.jpg', 'ImgType': 'Animal', 'ArrowImg': 'ArrowLeft.png', 'ImgOrientation': None, 'Congruency': None, 'Direction': None}
9.8965 	EXP 	New trial (rep=0, index=46): {'NumberLetter': None, 'corrAns': 1, 'StimFile': 'bedside_table.jpg', 'ImgType': 'Furniture', 'ArrowImg': 'ArrowLeft.png', 'ImgOrientation': None, 'Congruency': None, 'Direction': None}
9.8982 	EXP 	New trial (rep=0, index=47): {'NumberLetter': None, 'corrAns': 3, 'StimFile': 'elephant.jpg', 'ImgType': 'Animal', 'ArrowImg': 'ArrowRight.png', 'ImgOrientation': None, 'Congruency': None, 'Direction': None}
9.9039 	EXP 	Imported OneShotLearning_conditions.xlsx as conditions, 12 conditions, 1 params
9.9042 	EXP 	Created sequence: random, trialTypes=12, nReps=1, seed=None
9.9043 	EXP 	New trial (rep=0, index=0): {'Condition_rows': '0:4'}
9.9165 	EXP 	Imported OneShotLearning.xlsx as conditions, 4 conditions, 8 params
9.9167 	EXP 	Created sequence: random, trialTypes=4, nReps=1, seed=None
9.9169 	EXP 	New trial (rep=0, index=0): {'NumberLetter': None, 'corrAns': 1, 'StimFile': 'armadillo.jpg', 'ImgType': 'Animal', 'ArrowImg': 'ArrowLeft.png', 'ImgOrientation': 'left', 'Congruency': 'Congruent', 'Direction': 'ArrowLeft.png'}
9.9533 	EXP 	text: autoDraw = False
9.9533 	EXP 	image: image = 'bookcase.jpg'
9.9533 	EXP 	Arrow: image = 'ArrowLeft.png'
9.9533 	EXP 	image: autoDraw = True
9.9533 	EXP 	Arrow: autoDraw = True
9.9679 	DATA 	Keypress: 2
10.9015 	DATA 	Keypress: 1
11.0847 	DATA 	Keypress: 1
12.9227 	EXP 	image: autoDraw = False
12.9227 	EXP 	Arrow: autoDraw = False
12.9227 	EXP 	polygon: autoDraw = True
13.9065 	EXP 	New trial (rep=0, index=1): {'NumberLetter': None, 'corrAns': 2, 'StimFile': 'cat.jpg', 'ImgType': 'Animal', 'ArrowImg': 'ArrowUp.png', 'ImgOrientation': None, 'Congruency': None, 'Direction': 'ArrowUp.png'}
13.9068 	WARNING 	Requested image 'train' not found but similar filename 'train.jpg' exists. This will be used instead but changing the filename is advised.
13.9552 	EXP 	polygon: autoDraw = False
13.9552 	EXP 	image: image = 'train'
13.9552 	EXP 	Arrow: image = 'ArrowUp.png'
13.9552 	EXP 	image: autoDraw = True
13.9552 	EXP 	Arrow: autoDraw = True
14.5196 	DATA 	Keypress: 2
14.7364 	DATA 	Keypress: 2
16.9241 	EXP 	image: autoDraw = False
16.9241 	EXP 	Arrow: autoDraw = False
16.9241 	EXP 	polygon: autoDraw = True
17.9081 	EXP 	New trial (rep=0, index=2): {'NumberLetter': None, 'corrAns': 3, 'StimFile': 'bat.jpg', 'ImgType': 'Animal', 'ArrowImg': 'ArrowRight.png', 'ImgOrientation': 'left', 'Congruency': 'Incongruent - opposite', 'Direction': 'ArrowRight.png'}
17.9569 	EXP 	polygon: autoDraw = False
17.9569 	EXP 	image: image = 'Chest_of_drawers.jpg'
17.9569 	EXP 	Arrow: image = 'ArrowRight.png'
17.9569 	EXP 	image: autoDraw = True
17.9569 	EXP 	Arrow: autoDraw = True
18.3385 	DATA 	Keypress: 3
18.5714 	DATA 	Keypress: 3
20.9259 	EXP 	image: autoDraw = False
20.9259 	EXP 	Arrow: autoDraw = False
20.9259 	EXP 	polygon: autoDraw = True
21.9100 	EXP 	New trial (rep=0, index=3): {'NumberLetter': None, 'corrAns': 1, 'StimFile': 'cheetah.jpg', 'ImgType': 'Animal', 'ArrowImg': 'ArrowLeft.png', 'ImgOrientation': None, 'Congruency': None, 'Direction': None}
21.9421 	EXP 	polygon: autoDraw = False
21.9421 	EXP 	image: image = 'motorbike.jpg'
21.9421 	EXP 	Arrow: image = 'ArrowLeft.png'
21.9421 	EXP 	image: autoDraw = True
21.9421 	EXP 	Arrow: autoDraw = True
22.4400 	DATA 	Keypress: 1
22.6733 	DATA 	Keypress: 1
24.9277 	EXP 	image: autoDraw = False
24.9277 	EXP 	Arrow: autoDraw = False
24.9277 	EXP 	polygon: autoDraw = True
25.9239 	EXP 	Imported OneShotLearning.xlsx as conditions, 4 conditions, 8 params
25.9242 	EXP 	Created sequence: random, trialTypes=4, nReps=1, seed=None
25.9246 	EXP 	New trial (rep=0, index=0): {'NumberLetter': None, 'corrAns': 1, 'StimFile': 'armadillo.jpg', 'ImgType': 'Animal', 'ArrowImg': 'ArrowLeft.png', 'ImgOrientation': 'left', 'Congruency': 'Congruent', 'Direction': 'ArrowLeft.png'}
25.9622 	EXP 	polygon: autoDraw = False
25.9622 	EXP 	image_2: image = 'bookcase.jpg'
25.9622 	EXP 	image_2: autoDraw = True
25.9622 	EXP 	direction_options: autoDraw = True
27.9430 	DATA 	Keypress: 2
28.1761 	DATA 	Keypress: 2
28.9310 	EXP 	image_2: autoDraw = False
28.9310 	EXP 	direction_options: autoDraw = False
28.9310 	EXP 	polygon: autoDraw = True
29.9137 	EXP 	New trial (rep=0, index=1): {'NumberLetter': None, 'corrAns': 1, 'StimFile': 'cheetah.jpg', 'ImgType': 'Animal', 'ArrowImg': 'ArrowLeft.png', 'ImgOrientation': None, 'Congruency': None, 'Direction': None}
29.9140 	WARNING 	Requested image 'train' not found but similar filename 'train.jpg' exists. This will be used instead but changing the filename is advised.
29.9470 	EXP 	polygon: autoDraw = False
29.9470 	EXP 	image_2: image = 'train'
29.9470 	EXP 	image_2: autoDraw = True
29.9470 	EXP 	direction_options: autoDraw = True
30.9276 	DATA 	Keypress: 3
31.1607 	DATA 	Keypress: 3
32.9326 	EXP 	image_2: autoDraw = False
32.9326 	EXP 	direction_options: autoDraw = False
32.9326 	EXP 	polygon: autoDraw = True
33.9156 	EXP 	New trial (rep=0, index=2): {'NumberLetter': None, 'corrAns': 2, 'StimFile': 'cat.jpg', 'ImgType': 'Animal', 'ArrowImg': 'ArrowUp.png', 'ImgOrientation': None, 'Congruency': None, 'Direction': 'ArrowUp.png'}
33.9490 	EXP 	polygon: autoDraw = False
33.9490 	EXP 	image_2: image = 'Chest_of_drawers.jpg'
33.9490 	EXP 	image_2: autoDraw = True
33.9490 	EXP 	direction_options: autoDraw = True
34.3299 	DATA 	Keypress: 3
34.5626 	DATA 	Keypress: 3
36.9166 	EXP 	image_2: autoDraw = False
36.9166 	EXP 	direction_options: autoDraw = False
36.9166 	EXP 	polygon: autoDraw = True
37.9008 	EXP 	New trial (rep=0, index=3): {'NumberLetter': None, 'corrAns': 3, 'StimFile': 'bat.jpg', 'ImgType': 'Animal', 'ArrowImg': 'ArrowRight.png', 'ImgOrientation': 'left', 'Congruency': 'Incongruent - opposite', 'Direction': 'ArrowRight.png'}
37.9340 	EXP 	polygon: autoDraw = False
37.9340 	EXP 	image_2: image = 'motorbike.jpg'
37.9340 	EXP 	image_2: autoDraw = True
37.9340 	EXP 	direction_options: autoDraw = True
38.2811 	DATA 	Keypress: 3
38.4975 	DATA 	Keypress: 3
40.9185 	EXP 	image_2: autoDraw = False
40.9185 	EXP 	direction_options: autoDraw = False
40.9185 	EXP 	polygon: autoDraw = True
41.9026 	EXP 	New trial (rep=0, index=1): {'Condition_rows': '28:32'}
41.9150 	EXP 	Imported OneShotLearning.xlsx as conditions, 4 conditions, 8 params
41.9154 	EXP 	Created sequence: random, trialTypes=4, nReps=1, seed=None
41.9156 	EXP 	New trial (rep=0, index=0): {'NumberLetter': None, 'corrAns': 3, 'StimFile': 'tractor.jpg', 'ImgType': 'Vehicles', 'ArrowImg': 'ArrowRight.png', 'ImgOrientation': None, 'Congruency': None, 'Direction': None}
41.9351 	EXP 	polygon: autoDraw = False
41.9351 	EXP 	image: image = 'tractor.jpg'
41.9351 	EXP 	Arrow: image = 'ArrowRight.png'
41.9351 	EXP 	image: autoDraw = True
41.9351 	EXP 	Arrow: autoDraw = True
42.3662 	DATA 	Keypress: 3
42.5330 	DATA 	Keypress: 3
43.2334 	DATA 	Keypress: esc
43.4001 	DATA 	Keypress: esc
43.4296 	EXP 	window1: mouseVisible = True
