4.0867 	WARNING 	We strongly recommend you activate the PTB sound engine in PsychoPy prefs as the preferred audio engine. Its timing is vastly superior. Your prefs are currently set to use ['sounddevice', 'PTB', 'pyo', 'pygame'] (in that order).
7.0077 	ERROR 	'0.0000, 0.0000, 0.0000' is not a valid rgb color
8.0480 	EXP 	Created window1 = Window(allowGUI=True, allowStencil=False, autoLog=True, backendConf=UNKNOWN, bitsMode=UNKNOWN, blendMode='avg', bpc=(8, 8, 8), color=array([0, 0, 0]), colorSpace='rgb', depthBits=8, fullscr=<method-wrapper '__getattribute__' of attributeSetter object at 0x000002C4560CD7F0>, gamma=None, gammaErrorPolicy='raise', lms=UNKNOWN, monitor=<psychopy.monitors.calibTools.Monitor object at 0x000002C456034C18>, multiSample=False, name='window1', numSamples=2, pos=[760.0, 180.0], screen=0, size=array([1920, 1080]), stencilBits=0, stereo=False, units='height', useFBO=True, useRetina=False, viewOri=0.0, viewPos=None, viewScale=None, waitBlanking=True, winType='glfw')
8.0481 	EXP 	window1: mouseVisible = True
8.0481 	EXP 	window1: recordFrameIntervals = False
8.2146 	EXP 	window1: recordFrameIntervals = True
8.3985 	EXP 	window1: recordFrameIntervals = False
8.7644 	EXP 	Created text = TextStim(__class__=<class 'psychopy.visual.text.TextStim'>, alignHoriz=method-wrapper(...), alignText='center', alignVert=method-wrapper(...), anchorHoriz='center', anchorVert='center', antialias=True, autoLog=True, bold=False, color=array([1., 1., 1.]), colorSpace='rgb', contrast=1.0, depth=0.0, flipHoriz=False, flipVert=False, font='Open Sans', fontFiles=[], height=0.04, italic=False, languageStyle='LTR', name='text', opacity=1, ori=0.0, pos=array([0., 0.]), rgb=UNKNOWN, text=str(...), units='height', win=Window(...), wrapWidth=1)
8.7705 	EXP 	Created image = ImageStim(__class__=<class 'psychopy.visual.image.ImageStim'>, autoLog=True, color=array([1., 1., 1.]), colorSpace='rgb', contrast=1.0, depth=-1.0, flipHoriz=False, flipVert=False, image='sin', interpolate=True, mask=None, maskParams=None, name='image', opacity=1, ori=0.0, pos=array([ 0.   , -0.125]), size=array([1.  , 0.75]), texRes=128.0, units='height', win=Window(...))
8.7743 	EXP 	Created Arrow = ImageStim(__class__=<class 'psychopy.visual.image.ImageStim'>, autoLog=True, color=array([1., 1., 1.]), colorSpace='rgb', contrast=1.0, depth=-2.0, flipHoriz=False, flipVert=False, image='sin', interpolate=True, mask=None, maskParams=None, name='Arrow', opacity=1, ori=0.0, pos=array([0.   , 0.375]), size=array([0.25, 0.25]), texRes=128.0, units='height', win=Window(...))
8.7771 	EXP 	Created polygon = ShapeStim(__class__=<class 'psychopy.visual.shape.ShapeStim'>, autoDraw=False, autoLog=True, closeShape=True, color=method-wrapper(...), colorSpace='rgb', contrast=None, depth=0.0, fillColor=array([1, 1, 1]), fillColorSpace='rgb', fillRGB=array([1, 1, 1]), interpolate=True, lineColor=array([1., 1., 1.]), lineColorSpace='rgb', lineRGB=array([1, 1, 1]), lineWidth=1.0, name='polygon', opacity=1, ori=0.0, pos=array([0., 0.]), size=array([0.5, 0.5]), units='height', vertices=ndarray(...), win=Window(...), windingRule=None)
8.7856 	EXP 	Created image_2 = ImageStim(__class__=<class 'psychopy.visual.image.ImageStim'>, autoLog=True, color=array([1., 1., 1.]), colorSpace='rgb', contrast=1.0, depth=-1.0, flipHoriz=False, flipVert=False, image='sin', interpolate=True, mask=None, maskParams=None, name='image_2', opacity=1, ori=0.0, pos=array([0.   , 0.125]), size=array([1.  , 0.75]), texRes=128.0, units='height', win=Window(...))
8.8318 	EXP 	Created direction_options = ImageStim(__class__=<class 'psychopy.visual.image.ImageStim'>, autoLog=True, color=array([1., 1., 1.]), colorSpace='rgb', contrast=1.0, depth=-3.0, flipHoriz=False, flipVert=False, image='Gallery_arrowoptions.png', interpolate=True, mask=None, maskParams=None, name='direction_options', opacity=1, ori=0.0, pos=array([ 0.   , -0.375]), size=array([1.  , 0.25]), texRes=128.0, units='height', win=Window(...))
8.8337 	EXP 	Created polygon = ShapeStim(__class__=<class 'psychopy.visual.shape.ShapeStim'>, autoDraw=False, autoLog=True, closeShape=True, color=method-wrapper(...), colorSpace='rgb', contrast=None, depth=0.0, fillColor=array([1, 1, 1]), fillColorSpace='rgb', fillRGB=array([1, 1, 1]), interpolate=True, lineColor=array([1., 1., 1.]), lineColorSpace='rgb', lineRGB=array([1, 1, 1]), lineWidth=1.0, name='polygon', opacity=1, ori=0.0, pos=array([0., 0.]), size=array([0.5, 0.5]), units='height', vertices=ndarray(...), win=Window(...), windingRule=None)
8.8562 	EXP 	Created text_2 = TextStim(__class__=<class 'psychopy.visual.text.TextStim'>, alignHoriz=method-wrapper(...), alignText='center', alignVert=method-wrapper(...), anchorHoriz='center', anchorVert='center', antialias=True, autoLog=True, bold=False, color=array([1., 1., 1.]), colorSpace='rgb', contrast=1.0, depth=0.0, flipHoriz=False, flipVert=False, font='Open Sans', fontFiles=[], height=0.1, italic=False, languageStyle='LTR', name='text_2', opacity=1, ori=0.0, pos=array([0., 0.]), rgb=UNKNOWN, text=str(...), units='height', win=Window(...), wrapWidth=1)
8.9629 	EXP 	text: autoDraw = True
9.9743 	EXP 	Imported OneShotLearning_conditions.xlsx as conditions, 12 conditions, 1 params
9.9748 	EXP 	Created sequence: random, trialTypes=12, nReps=1, seed=None
9.9749 	EXP 	New trial (rep=0, index=0): {'Condition_rows': '4:8'}
9.9877 	EXP 	Imported OneShotLearning.xlsx as conditions, 4 conditions, 8 params
9.9880 	EXP 	Created sequence: random, trialTypes=4, nReps=1, seed=None
9.9882 	EXP 	New trial (rep=0, index=0): {'NumberLetter': None, 'corrAns': 3, 'StimFile': 'elephant.jpg', 'ImgType': 'Animal', 'ArrowImg': 'ArrowRight.png', 'ImgOrientation': None, 'Congruency': None, 'Direction': None}
10.0296 	DATA 	Keypress: 2
10.0321 	EXP 	text: autoDraw = False
10.0321 	EXP 	image: image = 'elephant.jpg'
10.0321 	EXP 	Arrow: image = 'ArrowRight.png'
10.0321 	EXP 	image: autoDraw = True
10.0321 	EXP 	Arrow: autoDraw = True
10.1464 	DATA 	Keypress: 2
11.0135 	DATA 	Keypress: 3
11.2136 	DATA 	Keypress: 3
13.0009 	EXP 	image: autoDraw = False
13.0009 	EXP 	Arrow: autoDraw = False
13.0009 	EXP 	polygon: autoDraw = True
13.9852 	EXP 	New trial (rep=0, index=1): {'NumberLetter': None, 'corrAns': 2, 'StimFile': 'crocodile.jpg', 'ImgType': 'Animal', 'ArrowImg': 'ArrowUp.png', 'ImgOrientation': 'right', 'Congruency': 'Incongruent - perpendicular', 'Direction': None}
14.0023 	EXP 	polygon: autoDraw = False
14.0023 	EXP 	image: image = 'crocodile.jpg'
14.0023 	EXP 	Arrow: image = 'ArrowUp.png'
14.0023 	EXP 	image: autoDraw = True
14.0023 	EXP 	Arrow: autoDraw = True
14.5153 	DATA 	Keypress: 1
14.7151 	DATA 	Keypress: 1
16.9861 	EXP 	image: autoDraw = False
16.9861 	EXP 	Arrow: autoDraw = False
16.9861 	EXP 	polygon: autoDraw = True
17.5165 	DATA 	Keypress: esc
17.6833 	DATA 	Keypress: esc
17.6983 	EXP 	window1: mouseVisible = True
