0.9796 	WARNING 	We strongly recommend you activate the PTB sound engine in PsychoPy prefs as the preferred audio engine. Its timing is vastly superior. Your prefs are currently set to use ['sounddevice', 'PTB', 'pyo', 'pygame'] (in that order).
10.9391 	EXP 	Created window1 = Window(allowGUI=False, allowStencil=False, autoLog=True, backendConf=UNKNOWN, bitsMode=UNKNOWN, blendMode='avg', bpc=(8, 8, 8), color=array([1, 1, 1]), colorSpace='rgb', depthBits=8, fullscr=<method-wrapper '__getattribute__' of attributeSetter object at 0x0000000019D917B8>, gamma=None, gammaErrorPolicy='raise', lms=UNKNOWN, monitor=<psychopy.monitors.calibTools.Monitor object at 0x0000000019D66CC0>, multiSample=False, name='window1', numSamples=2, pos=[0.0, 0.0], screen=0, size=array([1920, 1080]), stencilBits=0, stereo=False, units='height', useFBO=True, useRetina=False, viewOri=0.0, viewPos=None, viewScale=None, waitBlanking=True, winType='pyglet')
10.9393 	EXP 	window1: mouseVisible = True
10.9393 	EXP 	window1: recordFrameIntervals = False
11.0197 	EXP 	window1: recordFrameIntervals = True
11.1115 	EXP 	window1: recordFrameIntervals = False
11.5183 	EXP 	Created text = TextStim(__class__=<class 'psychopy.visual.text.TextStim'>, alignHoriz=method-wrapper(...), alignText='center', alignVert=method-wrapper(...), anchorHoriz='center', anchorVert='center', antialias=True, autoLog=True, bold=False, color=array([-1, -1, -1]), colorSpace='rgb', contrast=1.0, depth=0.0, flipHoriz=False, flipVert=False, font='Open Sans', fontFiles=[], height=0.03, italic=False, languageStyle='LTR', name='text', opacity=1, ori=0.0, pos=array([0., 0.]), rgb=UNKNOWN, text=str(...), units='height', win=Window(...), wrapWidth=1)
11.5263 	EXP 	Created text_3 = TextStim(__class__=<class 'psychopy.visual.text.TextStim'>, alignHoriz=method-wrapper(...), alignText='center', alignVert=method-wrapper(...), anchorHoriz='center', anchorVert='center', antialias=True, autoLog=True, bold=False, color=array([-1, -1, -1]), colorSpace='rgb', contrast=1.0, depth=-1.0, flipHoriz=False, flipVert=False, font='Open Sans', fontFiles=[], height=0.04, italic=False, languageStyle='LTR', name='text_3', opacity=1, ori=0.0, pos=array([0., 0.]), rgb=UNKNOWN, text='Snart börjar experimentet', units='height', win=Window(...), wrapWidth=1)
11.5273 	EXP 	Created text_9 = TextStim(__class__=<class 'psychopy.visual.text.TextStim'>, alignHoriz=method-wrapper(...), alignText='center', alignVert=method-wrapper(...), anchorHoriz='center', anchorVert='center', antialias=True, autoLog=True, bold=False, color=array([-1, -1, -1]), colorSpace='rgb', contrast=1.0, depth=0.0, flipHoriz=False, flipVert=False, font='Open Sans', fontFiles=[], height=0.1, italic=False, languageStyle='LTR', name='text_9', opacity=1, ori=0.0, pos=array([0., 0.]), rgb=UNKNOWN, text='', units='height', win=Window(...), wrapWidth=1)
11.5296 	EXP 	Created polygon = ShapeStim(__class__=<class 'psychopy.visual.shape.ShapeStim'>, autoDraw=False, autoLog=True, closeShape=True, color=method-wrapper(...), colorSpace='rgb', contrast=None, depth=0.0, fillColor=array([-1, -1, -1]), fillColorSpace='rgb', fillRGB=UNKNOWN, interpolate=True, lineColor=array([0, 0, 0]), lineColorSpace='rgb', lineRGB=UNKNOWN, lineWidth=0.1, name='polygon', opacity=0.5, ori=0.0, pos=array([0., 0.]), size=array([0.1, 0.1]), units='height', vertices=ndarray(...), win=Window(...), windingRule=None)
11.5334 	EXP 	Created image_3 = ImageStim(__class__=<class 'psychopy.visual.image.ImageStim'>, autoLog=True, color=array([1, 1, 1]), colorSpace='rgb', contrast=1.0, depth=0.0, flipHoriz=False, flipVert=False, image='sin', interpolate=False, mask=None, maskParams=None, name='image_3', opacity=1, ori=0.0, pos=array([0.  , 0.05]), size=array([0.748, 0.755]), texRes=128.0, units='height', win=Window(...))
11.5342 	EXP 	Created text_8 = TextStim(__class__=<class 'psychopy.visual.text.TextStim'>, alignHoriz=method-wrapper(...), alignText='center', alignVert=method-wrapper(...), anchorHoriz='center', anchorVert='center', antialias=True, autoLog=True, bold=False, color=array([-1, -1, -1]), colorSpace='rgb', contrast=1.0, depth=-1.0, flipHoriz=False, flipVert=False, font='Open Sans', fontFiles=[], height=0.1, italic=False, languageStyle='LTR', name='text_8', opacity=1, ori=0.0, pos=array([ 0.   , -0.375]), rgb=UNKNOWN, text='', units='height', win=Window(...), wrapWidth=1)
11.5350 	EXP 	Created text_6 = TextStim(__class__=<class 'psychopy.visual.text.TextStim'>, alignHoriz=method-wrapper(...), alignText='center', alignVert=method-wrapper(...), anchorHoriz='center', anchorVert='center', antialias=True, autoLog=True, bold=False, color=array([-1, -1, -1]), colorSpace='rgb', contrast=1.0, depth=0.0, flipHoriz=False, flipVert=False, font='Open Sans', fontFiles=[], height=0.1, italic=False, languageStyle='LTR', name='text_6', opacity=1, ori=0.0, pos=array([0., 0.]), rgb=UNKNOWN, text='', units='height', win=Window(...), wrapWidth=1)
11.5360 	EXP 	Created fingers = TextStim(__class__=<class 'psychopy.visual.text.TextStim'>, alignHoriz=method-wrapper(...), alignText='center', alignVert=method-wrapper(...), anchorHoriz='center', anchorVert='center', antialias=True, autoLog=True, bold=False, color=array([-1, -1, -1]), colorSpace='rgb', contrast=1.0, depth=-2.0, flipHoriz=False, flipVert=False, font='Open Sans', fontFiles=[], height=0.045, italic=False, languageStyle='LTR', name='fingers', opacity=1, ori=0.0, pos=array([ 0.  , -0.25]), rgb=UNKNOWN, text='', units='height', win=Window(...), wrapWidth=600.0)
11.5375 	EXP 	Created polygon = ShapeStim(__class__=<class 'psychopy.visual.shape.ShapeStim'>, autoDraw=False, autoLog=True, closeShape=True, color=method-wrapper(...), colorSpace='rgb', contrast=None, depth=0.0, fillColor=array([-1, -1, -1]), fillColorSpace='rgb', fillRGB=UNKNOWN, interpolate=True, lineColor=array([0, 0, 0]), lineColorSpace='rgb', lineRGB=UNKNOWN, lineWidth=0.1, name='polygon', opacity=0.5, ori=0.0, pos=array([0., 0.]), size=array([0.1, 0.1]), units='height', vertices=ndarray(...), win=Window(...), windingRule=None)
11.5414 	EXP 	Created image = ImageStim(__class__=<class 'psychopy.visual.image.ImageStim'>, autoLog=True, color=array([1, 1, 1]), colorSpace='rgb', contrast=1.0, depth=-2.0, flipHoriz=False, flipVert=False, image='sin', interpolate=False, mask=None, maskParams=None, name='image', opacity=1, ori=0.0, pos=array([0.  , 0.05]), size=array([0.748, 0.755]), texRes=128.0, units='height', win=Window(...))
11.5421 	EXP 	Created letters_text = TextStim(__class__=<class 'psychopy.visual.text.TextStim'>, alignHoriz=method-wrapper(...), alignText='center', alignVert=method-wrapper(...), anchorHoriz='center', anchorVert='center', antialias=True, autoLog=True, bold=False, color=array([-1, -1, -1]), colorSpace='rgb', contrast=1.0, depth=-3.0, flipHoriz=False, flipVert=False, font='Open Sans', fontFiles=[], height=0.1, italic=False, languageStyle='LTR', name='letters_text', opacity=1, ori=0.0, pos=array([ 0.   , -0.375]), rgb=UNKNOWN, text='', units='height', win=Window(...), wrapWidth=1000.0)
11.5572 	EXP 	Created instructions = TextStim(__class__=<class 'psychopy.visual.text.TextStim'>, alignHoriz=method-wrapper(...), alignText='center', alignVert=method-wrapper(...), anchorHoriz='center', anchorVert='center', antialias=True, autoLog=True, bold=False, color=array([-1, -1, -1]), colorSpace='rgb', contrast=1.0, depth=0.0, flipHoriz=False, flipVert=False, font='Open Sans', fontFiles=[], height=0.05, italic=False, languageStyle='LTR', name='instructions', opacity=1, ori=0.0, pos=array([0., 0.]), rgb=UNKNOWN, text='Nu är det dags för yrken', units='height', win=Window(...), wrapWidth=1)
11.5582 	EXP 	Created text_9 = TextStim(__class__=<class 'psychopy.visual.text.TextStim'>, alignHoriz=method-wrapper(...), alignText='center', alignVert=method-wrapper(...), anchorHoriz='center', anchorVert='center', antialias=True, autoLog=True, bold=False, color=array([-1, -1, -1]), colorSpace='rgb', contrast=1.0, depth=0.0, flipHoriz=False, flipVert=False, font='Open Sans', fontFiles=[], height=0.1, italic=False, languageStyle='LTR', name='text_9', opacity=1, ori=0.0, pos=array([0., 0.]), rgb=UNKNOWN, text='', units='height', win=Window(...), wrapWidth=1)
11.5598 	EXP 	Created polygon = ShapeStim(__class__=<class 'psychopy.visual.shape.ShapeStim'>, autoDraw=False, autoLog=True, closeShape=True, color=method-wrapper(...), colorSpace='rgb', contrast=None, depth=0.0, fillColor=array([-1, -1, -1]), fillColorSpace='rgb', fillRGB=UNKNOWN, interpolate=True, lineColor=array([0, 0, 0]), lineColorSpace='rgb', lineRGB=UNKNOWN, lineWidth=0.1, name='polygon', opacity=0.5, ori=0.0, pos=array([0., 0.]), size=array([0.1, 0.1]), units='height', vertices=ndarray(...), win=Window(...), windingRule=None)
11.5629 	EXP 	Created image_3 = ImageStim(__class__=<class 'psychopy.visual.image.ImageStim'>, autoLog=True, color=array([1, 1, 1]), colorSpace='rgb', contrast=1.0, depth=0.0, flipHoriz=False, flipVert=False, image='sin', interpolate=False, mask=None, maskParams=None, name='image_3', opacity=1, ori=0.0, pos=array([0.  , 0.05]), size=array([0.748, 0.755]), texRes=128.0, units='height', win=Window(...))
11.5638 	EXP 	Created text_8 = TextStim(__class__=<class 'psychopy.visual.text.TextStim'>, alignHoriz=method-wrapper(...), alignText='center', alignVert=method-wrapper(...), anchorHoriz='center', anchorVert='center', antialias=True, autoLog=True, bold=False, color=array([-1, -1, -1]), colorSpace='rgb', contrast=1.0, depth=-1.0, flipHoriz=False, flipVert=False, font='Open Sans', fontFiles=[], height=0.1, italic=False, languageStyle='LTR', name='text_8', opacity=1, ori=0.0, pos=array([ 0.   , -0.375]), rgb=UNKNOWN, text='', units='height', win=Window(...), wrapWidth=1)
11.5646 	EXP 	Created text_6 = TextStim(__class__=<class 'psychopy.visual.text.TextStim'>, alignHoriz=method-wrapper(...), alignText='center', alignVert=method-wrapper(...), anchorHoriz='center', anchorVert='center', antialias=True, autoLog=True, bold=False, color=array([-1, -1, -1]), colorSpace='rgb', contrast=1.0, depth=0.0, flipHoriz=False, flipVert=False, font='Open Sans', fontFiles=[], height=0.1, italic=False, languageStyle='LTR', name='text_6', opacity=1, ori=0.0, pos=array([0., 0.]), rgb=UNKNOWN, text='', units='height', win=Window(...), wrapWidth=1)
11.5654 	EXP 	Created fingers = TextStim(__class__=<class 'psychopy.visual.text.TextStim'>, alignHoriz=method-wrapper(...), alignText='center', alignVert=method-wrapper(...), anchorHoriz='center', anchorVert='center', antialias=True, autoLog=True, bold=False, color=array([-1, -1, -1]), colorSpace='rgb', contrast=1.0, depth=-2.0, flipHoriz=False, flipVert=False, font='Open Sans', fontFiles=[], height=0.045, italic=False, languageStyle='LTR', name='fingers', opacity=1, ori=0.0, pos=array([ 0.  , -0.25]), rgb=UNKNOWN, text='', units='height', win=Window(...), wrapWidth=600.0)
11.5669 	EXP 	Created polygon = ShapeStim(__class__=<class 'psychopy.visual.shape.ShapeStim'>, autoDraw=False, autoLog=True, closeShape=True, color=method-wrapper(...), colorSpace='rgb', contrast=None, depth=0.0, fillColor=array([-1, -1, -1]), fillColorSpace='rgb', fillRGB=UNKNOWN, interpolate=True, lineColor=array([0, 0, 0]), lineColorSpace='rgb', lineRGB=UNKNOWN, lineWidth=0.1, name='polygon', opacity=0.5, ori=0.0, pos=array([0., 0.]), size=array([0.1, 0.1]), units='height', vertices=ndarray(...), win=Window(...), windingRule=None)
11.5700 	EXP 	Created image = ImageStim(__class__=<class 'psychopy.visual.image.ImageStim'>, autoLog=True, color=array([1, 1, 1]), colorSpace='rgb', contrast=1.0, depth=-2.0, flipHoriz=False, flipVert=False, image='sin', interpolate=False, mask=None, maskParams=None, name='image', opacity=1, ori=0.0, pos=array([0.  , 0.05]), size=array([0.748, 0.755]), texRes=128.0, units='height', win=Window(...))
11.5707 	EXP 	Created letters_text = TextStim(__class__=<class 'psychopy.visual.text.TextStim'>, alignHoriz=method-wrapper(...), alignText='center', alignVert=method-wrapper(...), anchorHoriz='center', anchorVert='center', antialias=True, autoLog=True, bold=False, color=array([-1, -1, -1]), colorSpace='rgb', contrast=1.0, depth=-3.0, flipHoriz=False, flipVert=False, font='Open Sans', fontFiles=[], height=0.1, italic=False, languageStyle='LTR', name='letters_text', opacity=1, ori=0.0, pos=array([ 0.   , -0.375]), rgb=UNKNOWN, text='', units='height', win=Window(...), wrapWidth=1000.0)
11.5977 	EXP 	Created text_2 = TextStim(__class__=<class 'psychopy.visual.text.TextStim'>, alignHoriz=method-wrapper(...), alignText='center', alignVert=method-wrapper(...), anchorHoriz='center', anchorVert='center', antialias=True, autoLog=True, bold=False, color=array([-1, -1, -1]), colorSpace='rgb', contrast=1.0, depth=0.0, flipHoriz=False, flipVert=False, font='Open Sans', fontFiles=[], height=0.1, italic=False, languageStyle='LTR', name='text_2', opacity=1, ori=0.0, pos=array([0., 0.]), rgb=UNKNOWN, text=str(...), units='height', win=Window(...), wrapWidth=1)
11.6225 	EXP 	text: autoDraw = True
81.4055 	DATA 	Keypress: 1
81.4092 	EXP 	text: autoDraw = False
81.4092 	EXP 	text_3: autoDraw = True
104.4207 	DATA 	Keypress: s
110.2263 	DATA 	Keypress: s
110.2266 	DATA 	Keypress: s
110.4271 	EXP 	Created sequence: sequential, trialTypes=1, nReps=6, seed=None
110.4274 	EXP 	New trial (rep=0, index=0): None
110.4359 	EXP 	text_3: autoDraw = False
110.4359 	EXP 	text_9: text = 'Memorera namn'
110.4359 	EXP 	text_9: autoDraw = True
111.9191 	DATA 	Keypress: s
114.4270 	DATA 	Keypress: s
114.4533 	EXP 	Imported Names_condition.xlsx as conditions, 5 conditions, 4 params
114.4539 	EXP 	Created sequence: random, trialTypes=5, nReps=1, seed=None
114.4544 	EXP 	New trial (rep=0, index=0): {'StimFile': 'Images_Faces/O55.jpg', 'Name': 'Kjell', 'Proffession': 0, 'order_randomiser': 97}
114.4588 	EXP 	text_9: autoDraw = False
114.4588 	EXP 	polygon: autoDraw = True
116.9185 	DATA 	Keypress: s
117.6706 	EXP 	polygon: autoDraw = False
117.6706 	EXP 	polygon: autoDraw = False
117.6706 	EXP 	image_3: image = 'Images_Faces/O55.jpg'
117.6706 	EXP 	text_8: text = ''
117.6706 	EXP 	text_8: text = 'Kjell'
117.6706 	EXP 	image_3: autoDraw = True
117.6706 	EXP 	text_8: autoDraw = True
119.4203 	DATA 	Keypress: s
121.6336 	EXP 	New trial (rep=0, index=1): {'StimFile': 'Images_Faces/O35.jpg', 'Name': 'Henrik', 'Proffession': 0, 'order_randomiser': 31}
121.6406 	EXP 	image_3: autoDraw = False
121.6406 	EXP 	text_8: autoDraw = False
121.6406 	EXP 	polygon: autoDraw = True
121.9179 	DATA 	Keypress: s
123.8898 	EXP 	polygon: autoDraw = False
123.8898 	EXP 	polygon: autoDraw = False
123.8898 	EXP 	image_3: image = 'Images_Faces/O35.jpg'
123.8898 	EXP 	text_8: text = ''
123.8898 	EXP 	text_8: text = 'Henrik'
123.8898 	EXP 	image_3: autoDraw = True
123.8898 	EXP 	text_8: autoDraw = True
124.4270 	DATA 	Keypress: s
126.9190 	DATA 	Keypress: s
127.8667 	EXP 	New trial (rep=0, index=2): {'StimFile': 'Images_Faces/O53.jpg', 'Name': 'Christoffer', 'Proffession': 0, 'order_randomiser': 77}
127.8739 	EXP 	image_3: autoDraw = False
127.8739 	EXP 	text_8: autoDraw = False
127.8739 	EXP 	polygon: autoDraw = True
129.4260 	DATA 	Keypress: s
131.3038 	EXP 	polygon: autoDraw = False
131.3038 	EXP 	polygon: autoDraw = False
131.3038 	EXP 	image_3: image = 'Images_Faces/O53.jpg'
131.3038 	EXP 	text_8: text = ''
131.3038 	EXP 	text_8: text = 'Christoffer'
131.3038 	EXP 	image_3: autoDraw = True
131.3038 	EXP 	text_8: autoDraw = True
131.9179 	DATA 	Keypress: s
134.4276 	DATA 	Keypress: s
135.2586 	EXP 	New trial (rep=0, index=3): {'StimFile': 'Images_Faces/O49.jpg', 'Name': 'Arne', 'Proffession': 0, 'order_randomiser': 98}
135.2660 	EXP 	image_3: autoDraw = False
135.2660 	EXP 	text_8: autoDraw = False
135.2660 	EXP 	polygon: autoDraw = True
136.9186 	DATA 	Keypress: s
138.7680 	EXP 	polygon: autoDraw = False
138.7680 	EXP 	polygon: autoDraw = False
138.7680 	EXP 	image_3: image = 'Images_Faces/O49.jpg'
138.7680 	EXP 	text_8: text = ''
138.7680 	EXP 	text_8: text = 'Arne'
138.7680 	EXP 	image_3: autoDraw = True
138.7680 	EXP 	text_8: autoDraw = True
139.4197 	DATA 	Keypress: s
141.9186 	DATA 	Keypress: s
142.7499 	EXP 	New trial (rep=0, index=4): {'StimFile': 'Images_Faces/O56.jpg', 'Name': 'William', 'Proffession': 0, 'order_randomiser': 63}
142.7574 	EXP 	image_3: autoDraw = False
142.7574 	EXP 	text_8: autoDraw = False
142.7574 	EXP 	polygon: autoDraw = True
144.4269 	DATA 	Keypress: s
146.9179 	DATA 	Keypress: s
147.2281 	EXP 	polygon: autoDraw = False
147.2281 	EXP 	polygon: autoDraw = False
147.2281 	EXP 	image_3: image = 'Images_Faces/O56.jpg'
147.2281 	EXP 	text_8: text = ''
147.2281 	EXP 	text_8: text = 'William'
147.2281 	EXP 	image_3: autoDraw = True
147.2281 	EXP 	text_8: autoDraw = True
149.4273 	DATA 	Keypress: s
151.2704 	EXP 	image_3: autoDraw = False
151.2704 	EXP 	text_8: autoDraw = False
151.2704 	EXP 	text_6: text = 'Välj första bokstaven i personens namn'
151.2704 	EXP 	fingers: text = '1 - Pekfinger, 2 - Långfinger, 3 - Ringfinger, 4 - Lillfinger'
151.2704 	EXP 	text_6: autoDraw = True
151.2704 	EXP 	fingers: autoDraw = True
151.9198 	DATA 	Keypress: s
154.4198 	DATA 	Keypress: s
156.9280 	DATA 	Keypress: s
157.2214 	EXP 	Imported Names_condition.xlsx as conditions, 5 conditions, 4 params
157.2217 	EXP 	Created sequence: random, trialTypes=5, nReps=1, seed=None
157.2221 	EXP 	New trial (rep=0, index=0): {'StimFile': 'Images_Faces/O49.jpg', 'Name': 'Arne', 'Proffession': 0, 'order_randomiser': 98}
157.2252 	EXP 	text_6: autoDraw = False
157.2252 	EXP 	fingers: autoDraw = False
157.2252 	EXP 	polygon: autoDraw = True
159.4265 	DATA 	Keypress: s
159.7915 	EXP 	polygon: autoDraw = False
159.7915 	EXP 	polygon: autoDraw = False
159.7915 	EXP 	image: image = 'Images_Faces/O49.jpg'
159.7915 	EXP 	letters_text: text = 'A.\t\t\t\tD.\t\t\t\tL.\t\t\t\tNY'
159.7915 	EXP 	image: autoDraw = True
159.7915 	EXP 	letters_text: autoDraw = True
161.9224 	DATA 	Keypress: s
163.7667 	EXP 	New trial (rep=0, index=1): {'StimFile': 'Images_Faces/O55.jpg', 'Name': 'Kjell', 'Proffession': 0, 'order_randomiser': 97}
163.7735 	EXP 	image: autoDraw = False
163.7735 	EXP 	letters_text: autoDraw = False
163.7735 	EXP 	polygon: autoDraw = True
164.4258 	DATA 	Keypress: s
166.9163 	DATA 	Keypress: s
169.4260 	DATA 	Keypress: s
171.1021 	EXP 	polygon: autoDraw = False
171.1021 	EXP 	polygon: autoDraw = False
171.1021 	EXP 	image: image = 'Images_Faces/O55.jpg'
171.1021 	EXP 	letters_text: text = 'P.\t\t\t\tK.\t\t\t\tD.\t\t\t\tNY'
171.1021 	EXP 	image: autoDraw = True
171.1021 	EXP 	letters_text: autoDraw = True
171.9271 	DATA 	Keypress: s
173.6034 	DATA 	Keypress: 2
174.4195 	DATA 	Keypress: s
175.0790 	EXP 	New trial (rep=0, index=2): {'StimFile': 'Images_Faces/O53.jpg', 'Name': 'Christoffer', 'Proffession': 0, 'order_randomiser': 77}
175.0862 	EXP 	image: autoDraw = False
175.0862 	EXP 	letters_text: autoDraw = False
175.0862 	EXP 	polygon: autoDraw = True
176.9172 	DATA 	Keypress: s
177.1085 	EXP 	polygon: autoDraw = False
177.1085 	EXP 	polygon: autoDraw = False
177.1085 	EXP 	image: image = 'Images_Faces/O53.jpg'
177.1085 	EXP 	letters_text: text = 'H.\t\t\t\tC.\t\t\t\tG.\t\t\t\tNY'
177.1085 	EXP 	image: autoDraw = True
177.1085 	EXP 	letters_text: autoDraw = True
179.4220 	DATA 	Keypress: s
181.0866 	EXP 	New trial (rep=0, index=3): {'StimFile': 'Images_Faces/O56.jpg', 'Name': 'William', 'Proffession': 0, 'order_randomiser': 63}
181.0941 	EXP 	image: autoDraw = False
181.0941 	EXP 	letters_text: autoDraw = False
181.0941 	EXP 	polygon: autoDraw = True
181.9175 	DATA 	Keypress: s
184.4257 	DATA 	Keypress: s
186.9258 	DATA 	Keypress: s
187.9347 	EXP 	polygon: autoDraw = False
187.9347 	EXP 	polygon: autoDraw = False
187.9347 	EXP 	image: image = 'Images_Faces/O56.jpg'
187.9347 	EXP 	letters_text: text = 'M.\t\t\t\tB.\t\t\t\tW.\t\t\t\tNY'
187.9347 	EXP 	image: autoDraw = True
187.9347 	EXP 	letters_text: autoDraw = True
189.4218 	DATA 	Keypress: s
191.9163 	EXP 	New trial (rep=0, index=4): {'StimFile': 'Images_Faces/O35.jpg', 'Name': 'Henrik', 'Proffession': 0, 'order_randomiser': 31}
191.9184 	DATA 	Keypress: s
191.9228 	EXP 	image: autoDraw = False
191.9228 	EXP 	letters_text: autoDraw = False
191.9228 	EXP 	polygon: autoDraw = True
194.4251 	DATA 	Keypress: s
196.9173 	DATA 	Keypress: s
197.0403 	EXP 	polygon: autoDraw = False
197.0403 	EXP 	polygon: autoDraw = False
197.0403 	EXP 	image: image = 'Images_Faces/O35.jpg'
197.0403 	EXP 	letters_text: text = 'U.\t\t\t\tT.\t\t\t\tH.\t\t\t\tNY'
197.0403 	EXP 	image: autoDraw = True
197.0403 	EXP 	letters_text: autoDraw = True
199.4276 	DATA 	Keypress: s
200.1929 	DATA 	Keypress: 3
201.0375 	EXP 	New trial (rep=1, index=0): None
201.0438 	EXP 	image: autoDraw = False
201.0438 	EXP 	letters_text: autoDraw = False
201.0438 	EXP 	text_9: text = 'Memorera namn'
201.0438 	EXP 	text_9: autoDraw = True
201.9247 	DATA 	Keypress: s
204.4249 	DATA 	Keypress: s
205.0324 	EXP 	Imported Names_condition.xlsx as conditions, 5 conditions, 4 params
205.0329 	EXP 	Created sequence: random, trialTypes=5, nReps=1, seed=None
205.0334 	EXP 	New trial (rep=0, index=0): {'StimFile': 'Images_Faces/O39.jpg', 'Name': 'Björn', 'Proffession': 0, 'order_randomiser': 34}
205.0387 	EXP 	text_9: autoDraw = False
205.0387 	EXP 	polygon: autoDraw = True
206.9166 	DATA 	Keypress: s
209.4247 	DATA 	Keypress: s
210.4767 	EXP 	polygon: autoDraw = False
210.4767 	EXP 	polygon: autoDraw = False
210.4767 	EXP 	image_3: image = 'Images_Faces/O39.jpg'
210.4767 	EXP 	text_8: text = ''
210.4767 	EXP 	text_8: text = 'Björn'
210.4767 	EXP 	image_3: autoDraw = True
210.4767 	EXP 	text_8: autoDraw = True
211.9169 	DATA 	Keypress: s
214.4262 	DATA 	Keypress: s
214.4561 	EXP 	New trial (rep=0, index=1): {'StimFile': 'Images_Faces/O37.jpg', 'Name': 'Ulf', 'Proffession': 0, 'order_randomiser': 96}
214.4633 	EXP 	image_3: autoDraw = False
214.4633 	EXP 	text_8: autoDraw = False
214.4633 	EXP 	polygon: autoDraw = True
216.4812 	EXP 	polygon: autoDraw = False
216.4812 	EXP 	polygon: autoDraw = False
216.4812 	EXP 	image_3: image = 'Images_Faces/O37.jpg'
216.4812 	EXP 	text_8: text = ''
216.4812 	EXP 	text_8: text = 'Ulf'
216.4812 	EXP 	image_3: autoDraw = True
216.4812 	EXP 	text_8: autoDraw = True
216.9168 	DATA 	Keypress: s
219.4252 	DATA 	Keypress: s
220.4647 	EXP 	New trial (rep=0, index=2): {'StimFile': 'Images_Faces/O48.jpg', 'Name': 'Adam', 'Proffession': 0, 'order_randomiser': 37}
220.4720 	EXP 	image_3: autoDraw = False
220.4720 	EXP 	text_8: autoDraw = False
220.4720 	EXP 	polygon: autoDraw = True
221.9162 	DATA 	Keypress: s
224.4244 	DATA 	Keypress: s
225.6587 	EXP 	polygon: autoDraw = False
225.6587 	EXP 	polygon: autoDraw = False
225.6587 	EXP 	image_3: image = 'Images_Faces/O48.jpg'
225.6587 	EXP 	text_8: text = ''
225.6587 	EXP 	text_8: text = 'Adam'
225.6587 	EXP 	image_3: autoDraw = True
225.6587 	EXP 	text_8: autoDraw = True
226.9160 	DATA 	Keypress: s
229.4245 	DATA 	Keypress: s
229.6393 	EXP 	New trial (rep=0, index=3): {'StimFile': 'Images_Faces/O44.jpg', 'Name': 'Viktor', 'Proffession': 0, 'order_randomiser': 7}
229.6468 	EXP 	image_3: autoDraw = False
229.6468 	EXP 	text_8: autoDraw = False
229.6468 	EXP 	polygon: autoDraw = True
231.8570 	EXP 	polygon: autoDraw = False
231.8570 	EXP 	polygon: autoDraw = False
231.8570 	EXP 	image_3: image = 'Images_Faces/O44.jpg'
231.8570 	EXP 	text_8: text = ''
231.8570 	EXP 	text_8: text = 'Viktor'
231.8570 	EXP 	image_3: autoDraw = True
231.8570 	EXP 	text_8: autoDraw = True
231.9158 	DATA 	Keypress: s
234.4250 	DATA 	Keypress: s
235.8395 	EXP 	New trial (rep=0, index=4): {'StimFile': 'Images_Faces/O31.jpg', 'Name': 'Filip', 'Proffession': 0, 'order_randomiser': 76}
235.8467 	EXP 	image_3: autoDraw = False
235.8467 	EXP 	text_8: autoDraw = False
235.8467 	EXP 	polygon: autoDraw = True
236.9160 	DATA 	Keypress: s
239.2747 	EXP 	polygon: autoDraw = False
239.2747 	EXP 	polygon: autoDraw = False
239.2747 	EXP 	image_3: image = 'Images_Faces/O31.jpg'
239.2747 	EXP 	text_8: text = ''
239.2747 	EXP 	text_8: text = 'Filip'
239.2747 	EXP 	image_3: autoDraw = True
239.2747 	EXP 	text_8: autoDraw = True
239.4249 	DATA 	Keypress: s
241.9256 	DATA 	Keypress: s
243.2929 	EXP 	image_3: autoDraw = False
243.2929 	EXP 	text_8: autoDraw = False
243.2929 	EXP 	text_6: text = 'Välj första bokstaven i personens namn'
243.2929 	EXP 	fingers: text = '1 - Pekfinger, 2 - Långfinger, 3 - Ringfinger, 4 - Lillfinger'
243.2929 	EXP 	text_6: autoDraw = True
243.2929 	EXP 	fingers: autoDraw = True
244.4241 	DATA 	Keypress: s
246.9168 	DATA 	Keypress: s
249.2688 	EXP 	Imported Names_condition.xlsx as conditions, 5 conditions, 4 params
249.2692 	EXP 	Created sequence: random, trialTypes=5, nReps=1, seed=None
249.2696 	EXP 	New trial (rep=0, index=0): {'StimFile': 'Images_Faces/O37.jpg', 'Name': 'Ulf', 'Proffession': 0, 'order_randomiser': 96}
249.2734 	EXP 	text_6: autoDraw = False
249.2734 	EXP 	fingers: autoDraw = False
249.2734 	EXP 	polygon: autoDraw = True
249.4232 	DATA 	Keypress: s
251.9156 	DATA 	Keypress: s
254.4237 	DATA 	Keypress: s
255.1451 	EXP 	polygon: autoDraw = False
255.1451 	EXP 	polygon: autoDraw = False
255.1451 	EXP 	image: image = 'Images_Faces/O37.jpg'
255.1451 	EXP 	letters_text: text = 'C.\t\t\t\tU.\t\t\t\tD.\t\t\t\tNY'
255.1451 	EXP 	image: autoDraw = True
255.1451 	EXP 	letters_text: autoDraw = True
256.7959 	DATA 	Keypress: 2
256.9287 	DATA 	Keypress: s
259.1236 	EXP 	New trial (rep=0, index=1): {'StimFile': 'Images_Faces/O39.jpg', 'Name': 'Björn', 'Proffession': 0, 'order_randomiser': 34}
259.1295 	EXP 	image: autoDraw = False
259.1295 	EXP 	letters_text: autoDraw = False
259.1295 	EXP 	polygon: autoDraw = True
259.4240 	DATA 	Keypress: s
261.8074 	EXP 	polygon: autoDraw = False
261.8074 	EXP 	polygon: autoDraw = False
261.8074 	EXP 	image: image = 'Images_Faces/O39.jpg'
261.8074 	EXP 	letters_text: text = 'T.\t\t\t\tB.\t\t\t\tF.\t\t\t\tNY'
261.8074 	EXP 	image: autoDraw = True
261.8074 	EXP 	letters_text: autoDraw = True
261.9152 	DATA 	Keypress: s
264.4257 	DATA 	Keypress: s
265.1911 	DATA 	Keypress: 2
265.7886 	EXP 	New trial (rep=0, index=2): {'StimFile': 'Images_Faces/O44.jpg', 'Name': 'Viktor', 'Proffession': 0, 'order_randomiser': 7}
265.7959 	EXP 	image: autoDraw = False
265.7959 	EXP 	letters_text: autoDraw = False
265.7959 	EXP 	polygon: autoDraw = True
266.9152 	DATA 	Keypress: s
269.4234 	DATA 	Keypress: s
270.4647 	EXP 	polygon: autoDraw = False
270.4647 	EXP 	polygon: autoDraw = False
270.4647 	EXP 	image: image = 'Images_Faces/O44.jpg'
270.4647 	EXP 	letters_text: text = 'O.\t\t\t\tT.\t\t\t\tV.\t\t\t\tNY'
270.4647 	EXP 	image: autoDraw = True
270.4647 	EXP 	letters_text: autoDraw = True
271.9239 	DATA 	Keypress: s
274.4246 	DATA 	Keypress: s
274.4467 	EXP 	New trial (rep=0, index=3): {'StimFile': 'Images_Faces/O48.jpg', 'Name': 'Adam', 'Proffession': 0, 'order_randomiser': 37}
274.4541 	EXP 	image: autoDraw = False
274.4541 	EXP 	letters_text: autoDraw = False
274.4541 	EXP 	polygon: autoDraw = True
276.9146 	DATA 	Keypress: s
278.6521 	EXP 	polygon: autoDraw = False
278.6521 	EXP 	polygon: autoDraw = False
278.6521 	EXP 	image: image = 'Images_Faces/O48.jpg'
278.6521 	EXP 	letters_text: text = 'Å.\t\t\t\tA.\t\t\t\tK.\t\t\t\tNY'
278.6521 	EXP 	image: autoDraw = True
278.6521 	EXP 	letters_text: autoDraw = True
279.4200 	DATA 	Keypress: s
281.4542 	DATA 	Keypress: 2
281.9202 	DATA 	Keypress: s
282.6295 	EXP 	New trial (rep=0, index=4): {'StimFile': 'Images_Faces/O31.jpg', 'Name': 'Filip', 'Proffession': 0, 'order_randomiser': 76}
282.6371 	EXP 	image: autoDraw = False
282.6371 	EXP 	letters_text: autoDraw = False
282.6371 	EXP 	polygon: autoDraw = True
284.4230 	DATA 	Keypress: s
286.9232 	DATA 	Keypress: s
288.8575 	EXP 	polygon: autoDraw = False
288.8575 	EXP 	polygon: autoDraw = False
288.8575 	EXP 	image: image = 'Images_Faces/O31.jpg'
288.8575 	EXP 	letters_text: text = 'Ä.\t\t\t\tF.\t\t\t\tG.\t\t\t\tNY'
288.8575 	EXP 	image: autoDraw = True
288.8575 	EXP 	letters_text: autoDraw = True
289.4192 	DATA 	Keypress: s
291.9149 	DATA 	Keypress: s
292.8678 	EXP 	New trial (rep=2, index=0): None
292.8747 	EXP 	image: autoDraw = False
292.8747 	EXP 	letters_text: autoDraw = False
292.8747 	EXP 	text_9: text = 'Memorera namn'
292.8747 	EXP 	text_9: autoDraw = True
294.4231 	DATA 	Keypress: s
296.8545 	EXP 	Imported Names_condition.xlsx as conditions, 5 conditions, 4 params
296.8548 	EXP 	Created sequence: random, trialTypes=5, nReps=1, seed=None
296.8552 	EXP 	New trial (rep=0, index=0): {'StimFile': 'Images_Faces/O33.jpg', 'Name': 'Mattias', 'Proffession': 0, 'order_randomiser': 92}
296.8593 	EXP 	text_9: autoDraw = False
296.8593 	EXP 	polygon: autoDraw = True
296.9221 	DATA 	Keypress: s
299.3746 	EXP 	polygon: autoDraw = False
299.3746 	EXP 	polygon: autoDraw = False
299.3746 	EXP 	image_3: image = 'Images_Faces/O33.jpg'
299.3746 	EXP 	text_8: text = ''
299.3746 	EXP 	text_8: text = 'Mattias'
299.3746 	EXP 	image_3: autoDraw = True
299.3746 	EXP 	text_8: autoDraw = True
299.4220 	DATA 	Keypress: s
301.9149 	DATA 	Keypress: s
303.3539 	EXP 	New trial (rep=0, index=1): {'StimFile': 'Images_Faces/O54.jpg', 'Name': 'Rickard', 'Proffession': 0, 'order_randomiser': 10}
303.3616 	EXP 	image_3: autoDraw = False
303.3616 	EXP 	text_8: autoDraw = False
303.3616 	EXP 	polygon: autoDraw = True
304.4218 	DATA 	Keypress: s
306.9141 	DATA 	Keypress: s
310.0185 	EXP 	polygon: autoDraw = False
310.0185 	EXP 	polygon: autoDraw = False
310.0185 	EXP 	image_3: image = 'Images_Faces/O54.jpg'
310.0185 	EXP 	text_8: text = ''
310.0185 	EXP 	text_8: text = 'Rickard'
310.0185 	EXP 	image_3: autoDraw = True
310.0185 	EXP 	text_8: autoDraw = True
313.9951 	EXP 	New trial (rep=0, index=2): {'StimFile': 'Images_Faces/O36.jpg', 'Name': 'Jonas', 'Proffession': 0, 'order_randomiser': 64}
314.0029 	EXP 	image_3: autoDraw = False
314.0029 	EXP 	text_8: autoDraw = False
314.0029 	EXP 	polygon: autoDraw = True
318.8736 	EXP 	polygon: autoDraw = False
318.8736 	EXP 	polygon: autoDraw = False
318.8736 	EXP 	image_3: image = 'Images_Faces/O36.jpg'
318.8736 	EXP 	text_8: text = ''
318.8736 	EXP 	text_8: text = 'Jonas'
318.8736 	EXP 	image_3: autoDraw = True
318.8736 	EXP 	text_8: autoDraw = True
322.8531 	EXP 	New trial (rep=0, index=3): {'StimFile': 'Images_Faces/O57.jpg', 'Name': 'Joakim', 'Proffession': 0, 'order_randomiser': 26}
322.8604 	EXP 	image_3: autoDraw = False
322.8604 	EXP 	text_8: autoDraw = False
322.8604 	EXP 	polygon: autoDraw = True
329.9655 	EXP 	polygon: autoDraw = False
329.9655 	EXP 	polygon: autoDraw = False
329.9655 	EXP 	image_3: image = 'Images_Faces/O57.jpg'
329.9655 	EXP 	text_8: text = ''
329.9655 	EXP 	text_8: text = 'Joakim'
329.9655 	EXP 	image_3: autoDraw = True
329.9655 	EXP 	text_8: autoDraw = True
333.9446 	EXP 	New trial (rep=0, index=4): {'StimFile': 'Images_Faces/O32.jpg', 'Name': 'John', 'Proffession': 0, 'order_randomiser': 64}
333.9519 	EXP 	image_3: autoDraw = False
333.9519 	EXP 	text_8: autoDraw = False
333.9519 	EXP 	polygon: autoDraw = True
335.9747 	EXP 	polygon: autoDraw = False
335.9747 	EXP 	polygon: autoDraw = False
335.9747 	EXP 	image_3: image = 'Images_Faces/O32.jpg'
335.9747 	EXP 	text_8: text = ''
335.9747 	EXP 	text_8: text = 'John'
335.9747 	EXP 	image_3: autoDraw = True
335.9747 	EXP 	text_8: autoDraw = True
340.0070 	EXP 	image_3: autoDraw = False
340.0070 	EXP 	text_8: autoDraw = False
340.0070 	EXP 	text_6: text = 'Välj första bokstaven i personens namn'
340.0070 	EXP 	fingers: text = '1 - Pekfinger, 2 - Långfinger, 3 - Ringfinger, 4 - Lillfinger'
340.0070 	EXP 	text_6: autoDraw = True
340.0070 	EXP 	fingers: autoDraw = True
345.9654 	EXP 	Imported Names_condition.xlsx as conditions, 5 conditions, 4 params
345.9658 	EXP 	Created sequence: random, trialTypes=5, nReps=1, seed=None
345.9661 	EXP 	New trial (rep=0, index=0): {'StimFile': 'Images_Faces/O54.jpg', 'Name': 'Rickard', 'Proffession': 0, 'order_randomiser': 10}
345.9701 	EXP 	text_6: autoDraw = False
345.9701 	EXP 	fingers: autoDraw = False
345.9701 	EXP 	polygon: autoDraw = True
350.5843 	EXP 	polygon: autoDraw = False
350.5843 	EXP 	polygon: autoDraw = False
350.5843 	EXP 	image: image = 'Images_Faces/O54.jpg'
350.5843 	EXP 	letters_text: text = 'R.\t\t\t\tD.\t\t\t\tV.\t\t\t\tNY'
350.5843 	EXP 	image: autoDraw = True
350.5843 	EXP 	letters_text: autoDraw = True
354.5587 	EXP 	New trial (rep=0, index=1): {'StimFile': 'Images_Faces/O33.jpg', 'Name': 'Mattias', 'Proffession': 0, 'order_randomiser': 92}
354.5649 	EXP 	image: autoDraw = False
354.5649 	EXP 	letters_text: autoDraw = False
354.5649 	EXP 	polygon: autoDraw = True
356.5902 	EXP 	polygon: autoDraw = False
356.5902 	EXP 	polygon: autoDraw = False
356.5902 	EXP 	image: image = 'Images_Faces/O33.jpg'
356.5902 	EXP 	letters_text: text = 'J.\t\t\t\tN.\t\t\t\tM.\t\t\t\tNY'
356.5902 	EXP 	image: autoDraw = True
356.5902 	EXP 	letters_text: autoDraw = True
358.0684 	DATA 	Keypress: 1
360.5701 	EXP 	New trial (rep=0, index=2): {'StimFile': 'Images_Faces/O36.jpg', 'Name': 'Jonas', 'Proffession': 0, 'order_randomiser': 64}
360.5768 	EXP 	image: autoDraw = False
360.5768 	EXP 	letters_text: autoDraw = False
360.5768 	EXP 	polygon: autoDraw = True
367.2324 	EXP 	polygon: autoDraw = False
367.2324 	EXP 	polygon: autoDraw = False
367.2324 	EXP 	image: image = 'Images_Faces/O36.jpg'
367.2324 	EXP 	letters_text: text = 'S.\t\t\t\tJ.\t\t\t\tÅ.\t\t\t\tNY'
367.2324 	EXP 	image: autoDraw = True
367.2324 	EXP 	letters_text: autoDraw = True
370.4811 	DATA 	Keypress: 2
371.2107 	EXP 	New trial (rep=0, index=3): {'StimFile': 'Images_Faces/O57.jpg', 'Name': 'Joakim', 'Proffession': 0, 'order_randomiser': 26}
371.2180 	EXP 	image: autoDraw = False
371.2180 	EXP 	letters_text: autoDraw = False
371.2180 	EXP 	polygon: autoDraw = True
377.2032 	EXP 	polygon: autoDraw = False
377.2032 	EXP 	polygon: autoDraw = False
377.2032 	EXP 	image: image = 'Images_Faces/O57.jpg'
377.2032 	EXP 	letters_text: text = 'J.\t\t\t\tO.\t\t\t\tU.\t\t\t\tNY'
377.2032 	EXP 	image: autoDraw = True
377.2032 	EXP 	letters_text: autoDraw = True
380.3547 	DATA 	Keypress: 1
381.1861 	EXP 	New trial (rep=0, index=4): {'StimFile': 'Images_Faces/O32.jpg', 'Name': 'John', 'Proffession': 0, 'order_randomiser': 64}
381.1928 	EXP 	image: autoDraw = False
381.1928 	EXP 	letters_text: autoDraw = False
381.1928 	EXP 	polygon: autoDraw = True
383.2165 	EXP 	polygon: autoDraw = False
383.2165 	EXP 	polygon: autoDraw = False
383.2165 	EXP 	image: image = 'Images_Faces/O32.jpg'
383.2165 	EXP 	letters_text: text = 'J.\t\t\t\tG.\t\t\t\tU.\t\t\t\tNY'
383.2165 	EXP 	image: autoDraw = True
383.2165 	EXP 	letters_text: autoDraw = True
387.2425 	EXP 	New trial (rep=3, index=0): None
387.2472 	EXP 	image: autoDraw = False
387.2472 	EXP 	letters_text: autoDraw = False
387.2472 	EXP 	text_9: text = 'Memorera namn'
387.2472 	EXP 	text_9: autoDraw = True
391.2129 	EXP 	Imported Names_condition.xlsx as conditions, 5 conditions, 4 params
391.2134 	EXP 	Created sequence: random, trialTypes=5, nReps=1, seed=None
391.2139 	EXP 	New trial (rep=0, index=0): {'StimFile': 'Images_Faces/O41.jpg', 'Name': 'Christian', 'Proffession': 0, 'order_randomiser': 56}
391.2189 	EXP 	text_9: autoDraw = False
391.2189 	EXP 	polygon: autoDraw = True
396.9654 	EXP 	polygon: autoDraw = False
396.9654 	EXP 	polygon: autoDraw = False
396.9654 	EXP 	image_3: image = 'Images_Faces/O41.jpg'
396.9654 	EXP 	text_8: text = ''
396.9654 	EXP 	text_8: text = 'Christian'
396.9654 	EXP 	image_3: autoDraw = True
396.9654 	EXP 	text_8: autoDraw = True
400.9432 	EXP 	New trial (rep=0, index=1): {'StimFile': 'Images_Faces/O52.jpg', 'Name': 'Håkan', 'Proffession': 0, 'order_randomiser': 99}
400.9507 	EXP 	image_3: autoDraw = False
400.9507 	EXP 	text_8: autoDraw = False
400.9507 	EXP 	polygon: autoDraw = True
403.6804 	EXP 	polygon: autoDraw = False
403.6804 	EXP 	polygon: autoDraw = False
403.6804 	EXP 	image_3: image = 'Images_Faces/O52.jpg'
403.6804 	EXP 	text_8: text = ''
403.6804 	EXP 	text_8: text = 'Håkan'
403.6804 	EXP 	image_3: autoDraw = True
403.6804 	EXP 	text_8: autoDraw = True
407.6593 	EXP 	New trial (rep=0, index=2): {'StimFile': 'Images_Faces/O46.jpg', 'Name': 'Emil', 'Proffession': 0, 'order_randomiser': 44}
407.6666 	EXP 	image_3: autoDraw = False
407.6666 	EXP 	text_8: autoDraw = False
407.6666 	EXP 	polygon: autoDraw = True
411.5511 	EXP 	polygon: autoDraw = False
411.5511 	EXP 	polygon: autoDraw = False
411.5511 	EXP 	image_3: image = 'Images_Faces/O46.jpg'
411.5511 	EXP 	text_8: text = ''
411.5511 	EXP 	text_8: text = 'Emil'
411.5511 	EXP 	image_3: autoDraw = True
411.5511 	EXP 	text_8: autoDraw = True
415.5341 	EXP 	New trial (rep=0, index=3): {'StimFile': 'Images_Faces/O50.jpg', 'Name': 'Patrik', 'Proffession': 0, 'order_randomiser': 75}
415.5412 	EXP 	image_3: autoDraw = False
415.5412 	EXP 	text_8: autoDraw = False
415.5412 	EXP 	polygon: autoDraw = True
423.5678 	EXP 	polygon: autoDraw = False
423.5678 	EXP 	polygon: autoDraw = False
423.5678 	EXP 	image_3: image = 'Images_Faces/O50.jpg'
423.5678 	EXP 	text_8: text = ''
423.5678 	EXP 	text_8: text = 'Patrik'
423.5678 	EXP 	image_3: autoDraw = True
423.5678 	EXP 	text_8: autoDraw = True
427.5421 	EXP 	New trial (rep=0, index=4): {'StimFile': 'Images_Faces/O58.jpg', 'Name': 'Stig', 'Proffession': 0, 'order_randomiser': 4}
427.5494 	EXP 	image_3: autoDraw = False
427.5494 	EXP 	text_8: autoDraw = False
427.5494 	EXP 	polygon: autoDraw = True
431.3877 	EXP 	polygon: autoDraw = False
431.3877 	EXP 	polygon: autoDraw = False
431.3877 	EXP 	image_3: image = 'Images_Faces/O58.jpg'
431.3877 	EXP 	text_8: text = ''
431.3877 	EXP 	text_8: text = 'Stig'
431.3877 	EXP 	image_3: autoDraw = True
431.3877 	EXP 	text_8: autoDraw = True
435.4221 	EXP 	image_3: autoDraw = False
435.4221 	EXP 	text_8: autoDraw = False
435.4221 	EXP 	text_6: text = 'Välj första bokstaven i personens namn'
435.4221 	EXP 	fingers: text = '1 - Pekfinger, 2 - Långfinger, 3 - Ringfinger, 4 - Lillfinger'
435.4221 	EXP 	text_6: autoDraw = True
435.4221 	EXP 	fingers: autoDraw = True
441.3809 	EXP 	Imported Names_condition.xlsx as conditions, 5 conditions, 4 params
441.3813 	EXP 	Created sequence: random, trialTypes=5, nReps=1, seed=None
441.3817 	EXP 	New trial (rep=0, index=0): {'StimFile': 'Images_Faces/O52.jpg', 'Name': 'Håkan', 'Proffession': 0, 'order_randomiser': 99}
441.3856 	EXP 	text_6: autoDraw = False
441.3856 	EXP 	fingers: autoDraw = False
441.3856 	EXP 	polygon: autoDraw = True
446.0408 	EXP 	polygon: autoDraw = False
446.0408 	EXP 	polygon: autoDraw = False
446.0408 	EXP 	image: image = 'Images_Faces/O52.jpg'
446.0408 	EXP 	letters_text: text = 'H.\t\t\t\tF.\t\t\t\tD.\t\t\t\tNY'
446.0408 	EXP 	image: autoDraw = True
446.0408 	EXP 	letters_text: autoDraw = True
449.6280 	DATA 	Keypress: 1
450.0187 	EXP 	New trial (rep=0, index=1): {'StimFile': 'Images_Faces/O58.jpg', 'Name': 'Stig', 'Proffession': 0, 'order_randomiser': 4}
450.0244 	EXP 	image: autoDraw = False
450.0244 	EXP 	letters_text: autoDraw = False
450.0244 	EXP 	polygon: autoDraw = True
452.0468 	EXP 	polygon: autoDraw = False
452.0468 	EXP 	polygon: autoDraw = False
452.0468 	EXP 	image: image = 'Images_Faces/O58.jpg'
452.0468 	EXP 	letters_text: text = 'A.\t\t\t\tS.\t\t\t\tN.\t\t\t\tNY'
452.0468 	EXP 	image: autoDraw = True
452.0468 	EXP 	letters_text: autoDraw = True
456.0256 	EXP 	New trial (rep=0, index=2): {'StimFile': 'Images_Faces/O46.jpg', 'Name': 'Emil', 'Proffession': 0, 'order_randomiser': 44}
456.0325 	EXP 	image: autoDraw = False
456.0325 	EXP 	letters_text: autoDraw = False
456.0325 	EXP 	polygon: autoDraw = True
456.3264 	DATA 	Keypress: 2
459.1029 	EXP 	polygon: autoDraw = False
459.1029 	EXP 	polygon: autoDraw = False
459.1029 	EXP 	image: image = 'Images_Faces/O46.jpg'
459.1029 	EXP 	letters_text: text = 'E.\t\t\t\tV.\t\t\t\tR.\t\t\t\tNY'
459.1029 	EXP 	image: autoDraw = True
459.1029 	EXP 	letters_text: autoDraw = True
459.9830 	DATA 	Keypress: 1
463.0833 	EXP 	New trial (rep=0, index=3): {'StimFile': 'Images_Faces/O50.jpg', 'Name': 'Patrik', 'Proffession': 0, 'order_randomiser': 75}
463.0907 	EXP 	image: autoDraw = False
463.0907 	EXP 	letters_text: autoDraw = False
463.0907 	EXP 	polygon: autoDraw = True
468.2698 	EXP 	polygon: autoDraw = False
468.2698 	EXP 	polygon: autoDraw = False
468.2698 	EXP 	image: image = 'Images_Faces/O50.jpg'
468.2698 	EXP 	letters_text: text = 'P.\t\t\t\tÄ.\t\t\t\tC.\t\t\t\tNY'
468.2698 	EXP 	image: autoDraw = True
468.2698 	EXP 	letters_text: autoDraw = True
469.2115 	DATA 	Keypress: 1
472.2456 	EXP 	New trial (rep=0, index=4): {'StimFile': 'Images_Faces/O41.jpg', 'Name': 'Christian', 'Proffession': 0, 'order_randomiser': 56}
472.2530 	EXP 	image: autoDraw = False
472.2530 	EXP 	letters_text: autoDraw = False
472.2530 	EXP 	polygon: autoDraw = True
480.2798 	EXP 	polygon: autoDraw = False
480.2798 	EXP 	polygon: autoDraw = False
480.2798 	EXP 	image: image = 'Images_Faces/O41.jpg'
480.2798 	EXP 	letters_text: text = 'A.\t\t\t\tE.\t\t\t\tC.\t\t\t\tNY'
480.2798 	EXP 	image: autoDraw = True
480.2798 	EXP 	letters_text: autoDraw = True
481.4227 	DATA 	Keypress: 3
484.3060 	EXP 	New trial (rep=4, index=0): None
484.3123 	EXP 	image: autoDraw = False
484.3123 	EXP 	letters_text: autoDraw = False
484.3123 	EXP 	text_9: text = 'Memorera namn'
484.3123 	EXP 	text_9: autoDraw = True
488.2748 	EXP 	Imported Names_condition.xlsx as conditions, 5 conditions, 4 params
488.2753 	EXP 	Created sequence: random, trialTypes=5, nReps=1, seed=None
488.2758 	EXP 	New trial (rep=0, index=0): {'StimFile': 'Images_Faces/O43.jpg', 'Name': 'David', 'Proffession': 0, 'order_randomiser': 50}
488.2801 	EXP 	text_9: autoDraw = False
488.2801 	EXP 	polygon: autoDraw = True
492.7192 	EXP 	polygon: autoDraw = False
492.7192 	EXP 	polygon: autoDraw = False
492.7192 	EXP 	image_3: image = 'Images_Faces/O43.jpg'
492.7192 	EXP 	text_8: text = ''
492.7192 	EXP 	text_8: text = 'David'
492.7192 	EXP 	image_3: autoDraw = True
492.7192 	EXP 	text_8: autoDraw = True
496.6989 	EXP 	New trial (rep=0, index=1): {'StimFile': 'Images_Faces/O34.jpg', 'Name': 'Mats', 'Proffession': 0, 'order_randomiser': 86}
496.7058 	EXP 	image_3: autoDraw = False
496.7058 	EXP 	text_8: autoDraw = False
496.7058 	EXP 	polygon: autoDraw = True
501.2688 	EXP 	polygon: autoDraw = False
501.2688 	EXP 	polygon: autoDraw = False
501.2688 	EXP 	image_3: image = 'Images_Faces/O34.jpg'
501.2688 	EXP 	text_8: text = ''
501.2688 	EXP 	text_8: text = 'Mats'
501.2688 	EXP 	image_3: autoDraw = True
501.2688 	EXP 	text_8: autoDraw = True
505.2401 	EXP 	New trial (rep=0, index=2): {'StimFile': 'Images_Faces/O47.jpg', 'Name': 'Niklas', 'Proffession': 0, 'order_randomiser': 90}
505.2474 	EXP 	image_3: autoDraw = False
505.2474 	EXP 	text_8: autoDraw = False
505.2474 	EXP 	polygon: autoDraw = True
507.2758 	EXP 	polygon: autoDraw = False
507.2758 	EXP 	polygon: autoDraw = False
507.2758 	EXP 	image_3: image = 'Images_Faces/O47.jpg'
507.2758 	EXP 	text_8: text = ''
507.2758 	EXP 	text_8: text = 'Niklas'
507.2758 	EXP 	image_3: autoDraw = True
507.2758 	EXP 	text_8: autoDraw = True
511.2483 	EXP 	New trial (rep=0, index=3): {'StimFile': 'Images_Faces/O51.jpg', 'Name': 'Ingemar', 'Proffession': 0, 'order_randomiser': 47}
511.2555 	EXP 	image_3: autoDraw = False
511.2555 	EXP 	text_8: autoDraw = False
511.2555 	EXP 	polygon: autoDraw = True
515.3062 	EXP 	polygon: autoDraw = False
515.3062 	EXP 	polygon: autoDraw = False
515.3062 	EXP 	image_3: image = 'Images_Faces/O51.jpg'
515.3062 	EXP 	text_8: text = ''
515.3062 	EXP 	text_8: text = 'Ingemar'
515.3062 	EXP 	image_3: autoDraw = True
515.3062 	EXP 	text_8: autoDraw = True
519.2813 	EXP 	New trial (rep=0, index=4): {'StimFile': 'Images_Faces/O40.jpg', 'Name': 'Axel', 'Proffession': 0, 'order_randomiser': 22}
519.2887 	EXP 	image_3: autoDraw = False
519.2887 	EXP 	text_8: autoDraw = False
519.2887 	EXP 	polygon: autoDraw = True
521.3073 	EXP 	polygon: autoDraw = False
521.3073 	EXP 	polygon: autoDraw = False
521.3073 	EXP 	image_3: image = 'Images_Faces/O40.jpg'
521.3073 	EXP 	text_8: text = ''
521.3073 	EXP 	text_8: text = 'Axel'
521.3073 	EXP 	image_3: autoDraw = True
521.3073 	EXP 	text_8: autoDraw = True
525.3517 	EXP 	image_3: autoDraw = False
525.3517 	EXP 	text_8: autoDraw = False
525.3517 	EXP 	text_6: text = 'Välj första bokstaven i personens namn'
525.3517 	EXP 	fingers: text = '1 - Pekfinger, 2 - Långfinger, 3 - Ringfinger, 4 - Lillfinger'
525.3517 	EXP 	text_6: autoDraw = True
525.3517 	EXP 	fingers: autoDraw = True
531.3028 	EXP 	Imported Names_condition.xlsx as conditions, 5 conditions, 4 params
531.3032 	EXP 	Created sequence: random, trialTypes=5, nReps=1, seed=None
531.3035 	EXP 	New trial (rep=0, index=0): {'StimFile': 'Images_Faces/O51.jpg', 'Name': 'Ingemar', 'Proffession': 0, 'order_randomiser': 47}
531.3070 	EXP 	text_6: autoDraw = False
531.3070 	EXP 	fingers: autoDraw = False
531.3070 	EXP 	polygon: autoDraw = True
533.9524 	EXP 	polygon: autoDraw = False
533.9524 	EXP 	polygon: autoDraw = False
533.9524 	EXP 	image: image = 'Images_Faces/O51.jpg'
533.9524 	EXP 	letters_text: text = 'U.\t\t\t\tA.\t\t\t\tI.\t\t\t\tNY'
533.9524 	EXP 	image: autoDraw = True
533.9524 	EXP 	letters_text: autoDraw = True
537.4712 	DATA 	Keypress: 4
537.9278 	EXP 	New trial (rep=0, index=1): {'StimFile': 'Images_Faces/O47.jpg', 'Name': 'Niklas', 'Proffession': 0, 'order_randomiser': 90}
537.9348 	EXP 	image: autoDraw = False
537.9348 	EXP 	letters_text: autoDraw = False
537.9348 	EXP 	polygon: autoDraw = True
545.7420 	EXP 	polygon: autoDraw = False
545.7420 	EXP 	polygon: autoDraw = False
545.7420 	EXP 	image: image = 'Images_Faces/O47.jpg'
545.7420 	EXP 	letters_text: text = 'L.\t\t\t\tN.\t\t\t\tD.\t\t\t\tNY'
545.7420 	EXP 	image: autoDraw = True
545.7420 	EXP 	letters_text: autoDraw = True
549.7231 	EXP 	New trial (rep=0, index=2): {'StimFile': 'Images_Faces/O40.jpg', 'Name': 'Axel', 'Proffession': 0, 'order_randomiser': 22}
549.7301 	EXP 	image: autoDraw = False
549.7301 	EXP 	letters_text: autoDraw = False
549.7301 	EXP 	polygon: autoDraw = True
554.4385 	EXP 	polygon: autoDraw = False
554.4385 	EXP 	polygon: autoDraw = False
554.4385 	EXP 	image: image = 'Images_Faces/O40.jpg'
554.4385 	EXP 	letters_text: text = 'A.\t\t\t\tJ.\t\t\t\tN.\t\t\t\tNY'
554.4385 	EXP 	image: autoDraw = True
554.4385 	EXP 	letters_text: autoDraw = True
556.8172 	DATA 	Keypress: 1
558.4148 	EXP 	New trial (rep=0, index=3): {'StimFile': 'Images_Faces/O43.jpg', 'Name': 'David', 'Proffession': 0, 'order_randomiser': 50}
558.4215 	EXP 	image: autoDraw = False
558.4215 	EXP 	letters_text: autoDraw = False
558.4215 	EXP 	polygon: autoDraw = True
562.6827 	EXP 	polygon: autoDraw = False
562.6827 	EXP 	polygon: autoDraw = False
562.6827 	EXP 	image: image = 'Images_Faces/O43.jpg'
562.6827 	EXP 	letters_text: text = 'J.\t\t\t\tC.\t\t\t\tD.\t\t\t\tNY'
562.6827 	EXP 	image: autoDraw = True
562.6827 	EXP 	letters_text: autoDraw = True
566.6639 	EXP 	New trial (rep=0, index=4): {'StimFile': 'Images_Faces/O34.jpg', 'Name': 'Mats', 'Proffession': 0, 'order_randomiser': 86}
566.6713 	EXP 	image: autoDraw = False
566.6713 	EXP 	letters_text: autoDraw = False
566.6713 	EXP 	polygon: autoDraw = True
566.7576 	DATA 	Keypress: 3
569.6151 	EXP 	polygon: autoDraw = False
569.6151 	EXP 	polygon: autoDraw = False
569.6151 	EXP 	image: image = 'Images_Faces/O34.jpg'
569.6151 	EXP 	letters_text: text = 'J.\t\t\t\tI.\t\t\t\tM.\t\t\t\tNY'
569.6151 	EXP 	image: autoDraw = True
569.6151 	EXP 	letters_text: autoDraw = True
571.6092 	DATA 	Keypress: 3
573.6480 	EXP 	New trial (rep=5, index=0): None
573.6525 	EXP 	image: autoDraw = False
573.6525 	EXP 	letters_text: autoDraw = False
573.6525 	EXP 	text_9: text = 'Memorera namn'
573.6525 	EXP 	text_9: autoDraw = True
577.6079 	EXP 	Imported Names_condition.xlsx as conditions, 5 conditions, 4 params
577.6084 	EXP 	Created sequence: random, trialTypes=5, nReps=1, seed=None
577.6089 	EXP 	New trial (rep=0, index=0): {'StimFile': 'Images_Faces/O45.jpg', 'Name': 'Marcus', 'Proffession': 0, 'order_randomiser': 95}
577.6140 	EXP 	text_9: autoDraw = False
577.6140 	EXP 	polygon: autoDraw = True
579.6336 	EXP 	polygon: autoDraw = False
579.6336 	EXP 	polygon: autoDraw = False
579.6336 	EXP 	image_3: image = 'Images_Faces/O45.jpg'
579.6336 	EXP 	text_8: text = ''
579.6336 	EXP 	text_8: text = 'Marcus'
579.6336 	EXP 	image_3: autoDraw = True
579.6336 	EXP 	text_8: autoDraw = True
583.6132 	EXP 	New trial (rep=0, index=1): {'StimFile': 'Images_Faces/O38.jpg', 'Name': 'Leif', 'Proffession': 0, 'order_randomiser': 64}
583.6209 	EXP 	image_3: autoDraw = False
583.6209 	EXP 	text_8: autoDraw = False
583.6209 	EXP 	polygon: autoDraw = True
585.6387 	EXP 	polygon: autoDraw = False
585.6387 	EXP 	polygon: autoDraw = False
585.6387 	EXP 	image_3: image = 'Images_Faces/O38.jpg'
585.6387 	EXP 	text_8: text = ''
585.6387 	EXP 	text_8: text = 'Leif'
585.6387 	EXP 	image_3: autoDraw = True
585.6387 	EXP 	text_8: autoDraw = True
589.6217 	EXP 	New trial (rep=0, index=2): {'StimFile': 'Images_Faces/O60.jpg', 'Name': 'Wilhelm', 'Proffession': 0, 'order_randomiser': 31}
589.6291 	EXP 	image_3: autoDraw = False
589.6291 	EXP 	text_8: autoDraw = False
589.6291 	EXP 	polygon: autoDraw = True
596.4250 	EXP 	polygon: autoDraw = False
596.4250 	EXP 	polygon: autoDraw = False
596.4250 	EXP 	image_3: image = 'Images_Faces/O60.jpg'
596.4250 	EXP 	text_8: text = ''
596.4250 	EXP 	text_8: text = 'Wilhelm'
596.4250 	EXP 	image_3: autoDraw = True
596.4250 	EXP 	text_8: autoDraw = True
600.4041 	EXP 	New trial (rep=0, index=3): {'StimFile': 'Images_Faces/O42.jpg', 'Name': 'Robert', 'Proffession': 0, 'order_randomiser': 11}
600.4122 	EXP 	image_3: autoDraw = False
600.4122 	EXP 	text_8: autoDraw = False
600.4122 	EXP 	polygon: autoDraw = True
606.2144 	EXP 	polygon: autoDraw = False
606.2144 	EXP 	polygon: autoDraw = False
606.2144 	EXP 	image_3: image = 'Images_Faces/O42.jpg'
606.2144 	EXP 	text_8: text = ''
606.2144 	EXP 	text_8: text = 'Robert'
606.2144 	EXP 	image_3: autoDraw = True
606.2144 	EXP 	text_8: autoDraw = True
610.1962 	EXP 	New trial (rep=0, index=4): {'StimFile': 'Images_Faces/O59.jpg', 'Name': 'Rolf', 'Proffession': 0, 'order_randomiser': 75}
610.2036 	EXP 	image_3: autoDraw = False
610.2036 	EXP 	text_8: autoDraw = False
610.2036 	EXP 	polygon: autoDraw = True
614.6189 	EXP 	polygon: autoDraw = False
614.6189 	EXP 	polygon: autoDraw = False
614.6189 	EXP 	image_3: image = 'Images_Faces/O59.jpg'
614.6189 	EXP 	text_8: text = ''
614.6189 	EXP 	text_8: text = 'Rolf'
614.6189 	EXP 	image_3: autoDraw = True
614.6189 	EXP 	text_8: autoDraw = True
618.6741 	EXP 	image_3: autoDraw = False
618.6741 	EXP 	text_8: autoDraw = False
618.6741 	EXP 	text_6: text = 'Välj första bokstaven i personens namn'
618.6741 	EXP 	fingers: text = '1 - Pekfinger, 2 - Långfinger, 3 - Ringfinger, 4 - Lillfinger'
618.6741 	EXP 	text_6: autoDraw = True
618.6741 	EXP 	fingers: autoDraw = True
624.6153 	EXP 	Imported Names_condition.xlsx as conditions, 5 conditions, 4 params
624.6157 	EXP 	Created sequence: random, trialTypes=5, nReps=1, seed=None
624.6161 	EXP 	New trial (rep=0, index=0): {'StimFile': 'Images_Faces/O45.jpg', 'Name': 'Marcus', 'Proffession': 0, 'order_randomiser': 95}
624.6192 	EXP 	text_6: autoDraw = False
624.6192 	EXP 	fingers: autoDraw = False
624.6192 	EXP 	polygon: autoDraw = True
630.1287 	EXP 	polygon: autoDraw = False
630.1287 	EXP 	polygon: autoDraw = False
630.1287 	EXP 	image: image = 'Images_Faces/O45.jpg'
630.1287 	EXP 	letters_text: text = 'M.\t\t\t\tO.\t\t\t\tG.\t\t\t\tNY'
630.1287 	EXP 	image: autoDraw = True
630.1287 	EXP 	letters_text: autoDraw = True
633.0248 	DATA 	Keypress: 1
634.1137 	EXP 	New trial (rep=0, index=1): {'StimFile': 'Images_Faces/O59.jpg', 'Name': 'Rolf', 'Proffession': 0, 'order_randomiser': 75}
634.1196 	EXP 	image: autoDraw = False
634.1196 	EXP 	letters_text: autoDraw = False
634.1196 	EXP 	polygon: autoDraw = True
636.1429 	EXP 	polygon: autoDraw = False
636.1429 	EXP 	polygon: autoDraw = False
636.1429 	EXP 	image: image = 'Images_Faces/O59.jpg'
636.1429 	EXP 	letters_text: text = 'R.\t\t\t\tP.\t\t\t\tK.\t\t\t\tNY'
636.1429 	EXP 	image: autoDraw = True
636.1429 	EXP 	letters_text: autoDraw = True
638.1730 	DATA 	Keypress: 1
640.1166 	EXP 	New trial (rep=0, index=2): {'StimFile': 'Images_Faces/O38.jpg', 'Name': 'Leif', 'Proffession': 0, 'order_randomiser': 64}
640.1240 	EXP 	image: autoDraw = False
640.1240 	EXP 	letters_text: autoDraw = False
640.1240 	EXP 	polygon: autoDraw = True
642.2749 	EXP 	polygon: autoDraw = False
642.2749 	EXP 	polygon: autoDraw = False
642.2749 	EXP 	image: image = 'Images_Faces/O38.jpg'
642.2749 	EXP 	letters_text: text = 'I.\t\t\t\tL.\t\t\t\tT.\t\t\t\tNY'
642.2749 	EXP 	image: autoDraw = True
642.2749 	EXP 	letters_text: autoDraw = True
646.2544 	EXP 	New trial (rep=0, index=3): {'StimFile': 'Images_Faces/O60.jpg', 'Name': 'Wilhelm', 'Proffession': 0, 'order_randomiser': 31}
646.2610 	EXP 	image: autoDraw = False
646.2610 	EXP 	letters_text: autoDraw = False
646.2610 	EXP 	polygon: autoDraw = True
646.3801 	DATA 	Keypress: 4
651.6983 	EXP 	polygon: autoDraw = False
651.6983 	EXP 	polygon: autoDraw = False
651.6983 	EXP 	image: image = 'Images_Faces/O60.jpg'
651.6983 	EXP 	letters_text: text = 'M.\t\t\t\tW.\t\t\t\tÄ.\t\t\t\tNY'
651.6983 	EXP 	image: autoDraw = True
651.6983 	EXP 	letters_text: autoDraw = True
653.2100 	DATA 	Keypress: 2
655.6787 	EXP 	New trial (rep=0, index=4): {'StimFile': 'Images_Faces/O42.jpg', 'Name': 'Robert', 'Proffession': 0, 'order_randomiser': 11}
655.6856 	EXP 	image: autoDraw = False
655.6856 	EXP 	letters_text: autoDraw = False
655.6856 	EXP 	polygon: autoDraw = True
661.8234 	EXP 	polygon: autoDraw = False
661.8234 	EXP 	polygon: autoDraw = False
661.8234 	EXP 	image: image = 'Images_Faces/O42.jpg'
661.8234 	EXP 	letters_text: text = 'R.\t\t\t\tE.\t\t\t\tÄ.\t\t\t\tNY'
661.8234 	EXP 	image: autoDraw = True
661.8234 	EXP 	letters_text: autoDraw = True
663.9731 	DATA 	Keypress: 1
665.8814 	EXP 	image: autoDraw = False
665.8814 	EXP 	letters_text: autoDraw = False
665.8814 	EXP 	instructions: autoDraw = True
670.8026 	EXP 	Created sequence: sequential, trialTypes=1, nReps=6, seed=None
670.8030 	EXP 	New trial (rep=0, index=0): None
670.8179 	EXP 	instructions: autoDraw = False
670.8179 	EXP 	text_9: text = 'Memorera yrkestitel'
670.8179 	EXP 	text_9: autoDraw = True
674.8200 	EXP 	Imported Profession_condition.xlsx as conditions, 5 conditions, 4 params
674.8203 	EXP 	Created sequence: random, trialTypes=5, nReps=1, seed=None
674.8207 	EXP 	New trial (rep=0, index=0): {'StimFile': 'Images_Faces/SH43.png', 'Name': 0, 'Proffession': 'Arbetsledare', 'order_randomiser': 0.32172730747814826}
674.8242 	EXP 	text_9: autoDraw = False
674.8242 	EXP 	polygon: autoDraw = True
676.8755 	EXP 	polygon: autoDraw = False
676.8755 	EXP 	polygon: autoDraw = False
676.8755 	EXP 	image_3: image = 'Images_Faces/SH43.png'
676.8755 	EXP 	text_8: text = ''
676.8755 	EXP 	text_8: text = 'Arbetsledare'
676.8755 	EXP 	image_3: autoDraw = True
676.8755 	EXP 	text_8: autoDraw = True
680.8274 	EXP 	New trial (rep=0, index=1): {'StimFile': 'Images_Faces/SH35.png', 'Name': 0, 'Proffession': 'Kock', 'order_randomiser': 0.24734276736148963}
680.8351 	EXP 	image_3: autoDraw = False
680.8351 	EXP 	text_8: autoDraw = False
680.8351 	EXP 	polygon: autoDraw = True
686.4316 	EXP 	polygon: autoDraw = False
686.4316 	EXP 	polygon: autoDraw = False
686.4316 	EXP 	image_3: image = 'Images_Faces/SH35.png'
686.4316 	EXP 	text_8: text = ''
686.4316 	EXP 	text_8: text = 'Kock'
686.4316 	EXP 	image_3: autoDraw = True
686.4316 	EXP 	text_8: autoDraw = True
690.4021 	EXP 	New trial (rep=0, index=2): {'StimFile': 'Images_Faces/SH52.png', 'Name': 0, 'Proffession': 'Sjukgymnast', 'order_randomiser': 0.32402551859466056}
690.4097 	EXP 	image_3: autoDraw = False
690.4097 	EXP 	text_8: autoDraw = False
690.4097 	EXP 	polygon: autoDraw = True
692.7079 	EXP 	polygon: autoDraw = False
692.7079 	EXP 	polygon: autoDraw = False
692.7079 	EXP 	image_3: image = 'Images_Faces/SH52.png'
692.7079 	EXP 	text_8: text = ''
692.7079 	EXP 	text_8: text = 'Sjukgymnast'
692.7079 	EXP 	image_3: autoDraw = True
692.7079 	EXP 	text_8: autoDraw = True
696.6773 	EXP 	New trial (rep=0, index=3): {'StimFile': 'Images_Faces/SH55.png', 'Name': 0, 'Proffession': 'Apotekare', 'order_randomiser': 0.05743380358673744}
696.6845 	EXP 	image_3: autoDraw = False
696.6845 	EXP 	text_8: autoDraw = False
696.6845 	EXP 	polygon: autoDraw = True
700.0251 	EXP 	polygon: autoDraw = False
700.0251 	EXP 	polygon: autoDraw = False
700.0251 	EXP 	image_3: image = 'Images_Faces/SH55.png'
700.0251 	EXP 	text_8: text = ''
700.0251 	EXP 	text_8: text = 'Apotekare'
700.0251 	EXP 	image_3: autoDraw = True
700.0251 	EXP 	text_8: autoDraw = True
703.9937 	EXP 	New trial (rep=0, index=4): {'StimFile': 'Images_Faces/SH44.png', 'Name': 0, 'Proffession': 'Försäkringsrådgivare', 'order_randomiser': 0.45478445938417233}
704.0010 	EXP 	image_3: autoDraw = False
704.0010 	EXP 	text_8: autoDraw = False
704.0010 	EXP 	polygon: autoDraw = True
710.8350 	EXP 	polygon: autoDraw = False
710.8350 	EXP 	polygon: autoDraw = False
710.8350 	EXP 	image_3: image = 'Images_Faces/SH44.png'
710.8350 	EXP 	text_8: text = ''
710.8350 	EXP 	text_8: text = 'Försäkringsrådgivare'
710.8350 	EXP 	image_3: autoDraw = True
710.8350 	EXP 	text_8: autoDraw = True
714.8990 	EXP 	image_3: autoDraw = False
714.8990 	EXP 	text_8: autoDraw = False
714.8990 	EXP 	text_6: text = 'Välj första bokstaven i personens yrkestitel'
714.8990 	EXP 	fingers: text = '1 - Pekfinger, 2 - Långfinger, 3 - Ringfinger, 4 - Lillfinger'
714.8990 	EXP 	text_6: autoDraw = True
714.8990 	EXP 	fingers: autoDraw = True
720.8245 	EXP 	Imported Profession_condition.xlsx as conditions, 5 conditions, 4 params
720.8249 	EXP 	Created sequence: random, trialTypes=5, nReps=1, seed=None
720.8253 	EXP 	New trial (rep=0, index=0): {'StimFile': 'Images_Faces/SH44.png', 'Name': 0, 'Proffession': 'Försäkringsrådgivare', 'order_randomiser': 0.45478445938417233}
720.8287 	EXP 	text_6: autoDraw = False
720.8287 	EXP 	fingers: autoDraw = False
720.8287 	EXP 	polygon: autoDraw = True
724.0509 	EXP 	polygon: autoDraw = False
724.0509 	EXP 	polygon: autoDraw = False
724.0509 	EXP 	image: image = 'Images_Faces/SH44.png'
724.0509 	EXP 	letters_text: text = 'F.\t\t\t\tP.\t\t\t\tD.\t\t\t\tNY'
724.0509 	EXP 	image: autoDraw = True
724.0509 	EXP 	letters_text: autoDraw = True
726.5293 	DATA 	Keypress: 1
728.0280 	EXP 	New trial (rep=0, index=1): {'StimFile': 'Images_Faces/SH43.png', 'Name': 0, 'Proffession': 'Arbetsledare', 'order_randomiser': 0.32172730747814826}
728.0339 	EXP 	image: autoDraw = False
728.0339 	EXP 	letters_text: autoDraw = False
728.0339 	EXP 	polygon: autoDraw = True
734.7156 	EXP 	polygon: autoDraw = False
734.7156 	EXP 	polygon: autoDraw = False
734.7156 	EXP 	image: image = 'Images_Faces/SH43.png'
734.7156 	EXP 	letters_text: text = 'R.\t\t\t\tT.\t\t\t\tA.\t\t\t\tNY'
734.7156 	EXP 	image: autoDraw = True
734.7156 	EXP 	letters_text: autoDraw = True
738.6935 	EXP 	New trial (rep=0, index=2): {'StimFile': 'Images_Faces/SH55.png', 'Name': 0, 'Proffession': 'Apotekare', 'order_randomiser': 0.05743380358673744}
738.7003 	EXP 	image: autoDraw = False
738.7003 	EXP 	letters_text: autoDraw = False
738.7003 	EXP 	polygon: autoDraw = True
744.4633 	EXP 	polygon: autoDraw = False
744.4633 	EXP 	polygon: autoDraw = False
744.4633 	EXP 	image: image = 'Images_Faces/SH55.png'
744.4633 	EXP 	letters_text: text = 'K.\t\t\t\tN.\t\t\t\tA.\t\t\t\tNY'
744.4633 	EXP 	image: autoDraw = True
744.4633 	EXP 	letters_text: autoDraw = True
748.4348 	EXP 	New trial (rep=0, index=3): {'StimFile': 'Images_Faces/SH35.png', 'Name': 0, 'Proffession': 'Kock', 'order_randomiser': 0.24734276736148963}
748.4416 	EXP 	image: autoDraw = False
748.4416 	EXP 	letters_text: autoDraw = False
748.4416 	EXP 	polygon: autoDraw = True
750.4681 	EXP 	polygon: autoDraw = False
750.4681 	EXP 	polygon: autoDraw = False
750.4681 	EXP 	image: image = 'Images_Faces/SH35.png'
750.4681 	EXP 	letters_text: text = 'K.\t\t\t\tB.\t\t\t\tR.\t\t\t\tNY'
750.4681 	EXP 	image: autoDraw = True
750.4681 	EXP 	letters_text: autoDraw = True
754.4419 	EXP 	New trial (rep=0, index=4): {'StimFile': 'Images_Faces/SH52.png', 'Name': 0, 'Proffession': 'Sjukgymnast', 'order_randomiser': 0.32402551859466056}
754.4495 	EXP 	image: autoDraw = False
754.4495 	EXP 	letters_text: autoDraw = False
754.4495 	EXP 	polygon: autoDraw = True
757.9515 	EXP 	polygon: autoDraw = False
757.9515 	EXP 	polygon: autoDraw = False
757.9515 	EXP 	image: image = 'Images_Faces/SH52.png'
757.9515 	EXP 	letters_text: text = 'U.\t\t\t\tL.\t\t\t\tS.\t\t\t\tNY'
757.9515 	EXP 	image: autoDraw = True
757.9515 	EXP 	letters_text: autoDraw = True
760.0288 	DATA 	Keypress: 3
761.9969 	EXP 	New trial (rep=1, index=0): None
762.0037 	EXP 	image: autoDraw = False
762.0037 	EXP 	letters_text: autoDraw = False
762.0037 	EXP 	text_9: text = 'Memorera yrkestitel'
762.0037 	EXP 	text_9: autoDraw = True
765.9327 	EXP 	Imported Profession_condition.xlsx as conditions, 5 conditions, 4 params
765.9330 	EXP 	Created sequence: random, trialTypes=5, nReps=1, seed=None
765.9334 	EXP 	New trial (rep=0, index=0): {'StimFile': 'Images_Faces/SH45.png', 'Name': 0, 'Proffession': 'Vetrinär', 'order_randomiser': 0.2685721616906883}
765.9374 	EXP 	text_9: autoDraw = False
765.9374 	EXP 	polygon: autoDraw = True
771.8728 	EXP 	polygon: autoDraw = False
771.8728 	EXP 	polygon: autoDraw = False
771.8728 	EXP 	image_3: image = 'Images_Faces/SH45.png'
771.8728 	EXP 	text_8: text = ''
771.8728 	EXP 	text_8: text = 'Vetrinär'
771.8728 	EXP 	image_3: autoDraw = True
771.8728 	EXP 	text_8: autoDraw = True
775.8498 	EXP 	New trial (rep=0, index=1): {'StimFile': 'Images_Faces/SH34.png', 'Name': 0, 'Proffession': 'Marknadsförare', 'order_randomiser': 0.27664949845648457}
775.8576 	EXP 	image_3: autoDraw = False
775.8576 	EXP 	text_8: autoDraw = False
775.8576 	EXP 	polygon: autoDraw = True
782.4270 	EXP 	polygon: autoDraw = False
782.4270 	EXP 	polygon: autoDraw = False
782.4270 	EXP 	image_3: image = 'Images_Faces/SH34.png'
782.4270 	EXP 	text_8: text = ''
782.4270 	EXP 	text_8: text = 'Marknadsförare'
782.4270 	EXP 	image_3: autoDraw = True
782.4270 	EXP 	text_8: autoDraw = True
786.4000 	EXP 	New trial (rep=0, index=2): {'StimFile': 'Images_Faces/SH48.png', 'Name': 0, 'Proffession': 'Jurist', 'order_randomiser': 0.6661212858487379}
786.4073 	EXP 	image_3: autoDraw = False
786.4073 	EXP 	text_8: autoDraw = False
786.4073 	EXP 	polygon: autoDraw = True
793.6488 	EXP 	polygon: autoDraw = False
793.6488 	EXP 	polygon: autoDraw = False
793.6488 	EXP 	image_3: image = 'Images_Faces/SH48.png'
793.6488 	EXP 	text_8: text = ''
793.6488 	EXP 	text_8: text = 'Jurist'
793.6488 	EXP 	image_3: autoDraw = True
793.6488 	EXP 	text_8: autoDraw = True
797.6163 	EXP 	New trial (rep=0, index=3): {'StimFile': 'Images_Faces/SH33.png', 'Name': 0, 'Proffession': 'Elektriker', 'order_randomiser': 0.22605714690624035}
797.6238 	EXP 	image_3: autoDraw = False
797.6238 	EXP 	text_8: autoDraw = False
797.6238 	EXP 	polygon: autoDraw = True
801.2821 	EXP 	polygon: autoDraw = False
801.2821 	EXP 	polygon: autoDraw = False
801.2821 	EXP 	image_3: image = 'Images_Faces/SH33.png'
801.2821 	EXP 	text_8: text = ''
801.2821 	EXP 	text_8: text = 'Elektriker'
801.2821 	EXP 	image_3: autoDraw = True
801.2821 	EXP 	text_8: autoDraw = True
805.2575 	EXP 	New trial (rep=0, index=4): {'StimFile': 'Images_Faces/SH36.png', 'Name': 0, 'Proffession': 'Bagare', 'order_randomiser': 0.6732825353877034}
805.2653 	EXP 	image_3: autoDraw = False
805.2653 	EXP 	text_8: autoDraw = False
805.2653 	EXP 	polygon: autoDraw = True
812.3069 	EXP 	polygon: autoDraw = False
812.3069 	EXP 	polygon: autoDraw = False
812.3069 	EXP 	image_3: image = 'Images_Faces/SH36.png'
812.3069 	EXP 	text_8: text = ''
812.3069 	EXP 	text_8: text = 'Bagare'
812.3069 	EXP 	image_3: autoDraw = True
812.3069 	EXP 	text_8: autoDraw = True
816.3813 	EXP 	image_3: autoDraw = False
816.3813 	EXP 	text_8: autoDraw = False
816.3813 	EXP 	text_6: text = 'Välj första bokstaven i personens yrkestitel'
816.3813 	EXP 	fingers: text = '1 - Pekfinger, 2 - Långfinger, 3 - Ringfinger, 4 - Lillfinger'
816.3813 	EXP 	text_6: autoDraw = True
816.3813 	EXP 	fingers: autoDraw = True
822.2977 	EXP 	Imported Profession_condition.xlsx as conditions, 5 conditions, 4 params
822.2980 	EXP 	Created sequence: random, trialTypes=5, nReps=1, seed=None
822.2984 	EXP 	New trial (rep=0, index=0): {'StimFile': 'Images_Faces/SH45.png', 'Name': 0, 'Proffession': 'Vetrinär', 'order_randomiser': 0.2685721616906883}
822.3009 	EXP 	text_6: autoDraw = False
822.3009 	EXP 	fingers: autoDraw = False
822.3009 	EXP 	polygon: autoDraw = True
826.0879 	EXP 	polygon: autoDraw = False
826.0879 	EXP 	polygon: autoDraw = False
826.0879 	EXP 	image: image = 'Images_Faces/SH45.png'
826.0879 	EXP 	letters_text: text = 'B.\t\t\t\tV.\t\t\t\tT.\t\t\t\tNY'
826.0879 	EXP 	image: autoDraw = True
826.0879 	EXP 	letters_text: autoDraw = True
829.9175 	DATA 	Keypress: 4
830.0664 	EXP 	New trial (rep=0, index=1): {'StimFile': 'Images_Faces/SH48.png', 'Name': 0, 'Proffession': 'Jurist', 'order_randomiser': 0.6661212858487379}
830.0729 	EXP 	image: autoDraw = False
830.0729 	EXP 	letters_text: autoDraw = False
830.0729 	EXP 	polygon: autoDraw = True
832.1078 	EXP 	polygon: autoDraw = False
832.1078 	EXP 	polygon: autoDraw = False
832.1078 	EXP 	image: image = 'Images_Faces/SH48.png'
832.1078 	EXP 	letters_text: text = 'J.\t\t\t\tE.\t\t\t\tV.\t\t\t\tNY'
832.1078 	EXP 	image: autoDraw = True
832.1078 	EXP 	letters_text: autoDraw = True
833.0727 	DATA 	Keypress: 1
836.0740 	EXP 	New trial (rep=0, index=2): {'StimFile': 'Images_Faces/SH34.png', 'Name': 0, 'Proffession': 'Marknadsförare', 'order_randomiser': 0.27664949845648457}
836.0808 	EXP 	image: autoDraw = False
836.0808 	EXP 	letters_text: autoDraw = False
836.0808 	EXP 	polygon: autoDraw = True
838.1030 	EXP 	polygon: autoDraw = False
838.1030 	EXP 	polygon: autoDraw = False
838.1030 	EXP 	image: image = 'Images_Faces/SH34.png'
838.1030 	EXP 	letters_text: text = 'M.\t\t\t\tU.\t\t\t\tA.\t\t\t\tNY'
838.1030 	EXP 	image: autoDraw = True
838.1030 	EXP 	letters_text: autoDraw = True
839.6634 	DATA 	Keypress: 1
842.0744 	EXP 	New trial (rep=0, index=3): {'StimFile': 'Images_Faces/SH36.png', 'Name': 0, 'Proffession': 'Bagare', 'order_randomiser': 0.6732825353877034}
842.0810 	EXP 	image: autoDraw = False
842.0810 	EXP 	letters_text: autoDraw = False
842.0810 	EXP 	polygon: autoDraw = True
846.2233 	EXP 	polygon: autoDraw = False
846.2233 	EXP 	polygon: autoDraw = False
846.2233 	EXP 	image: image = 'Images_Faces/SH36.png'
846.2233 	EXP 	letters_text: text = 'Ä.\t\t\t\tB.\t\t\t\tD.\t\t\t\tNY'
846.2233 	EXP 	image: autoDraw = True
846.2233 	EXP 	letters_text: autoDraw = True
849.5672 	DATA 	Keypress: 2
850.1988 	EXP 	New trial (rep=0, index=4): {'StimFile': 'Images_Faces/SH33.png', 'Name': 0, 'Proffession': 'Elektriker', 'order_randomiser': 0.22605714690624035}
850.2056 	EXP 	image: autoDraw = False
850.2056 	EXP 	letters_text: autoDraw = False
850.2056 	EXP 	polygon: autoDraw = True
855.9404 	EXP 	polygon: autoDraw = False
855.9404 	EXP 	polygon: autoDraw = False
855.9404 	EXP 	image: image = 'Images_Faces/SH33.png'
855.9404 	EXP 	letters_text: text = 'N.\t\t\t\tE.\t\t\t\tL.\t\t\t\tNY'
855.9404 	EXP 	image: autoDraw = True
855.9404 	EXP 	letters_text: autoDraw = True
856.6793 	DATA 	Keypress: 2
860.0025 	EXP 	New trial (rep=2, index=0): None
860.0089 	EXP 	image: autoDraw = False
860.0089 	EXP 	letters_text: autoDraw = False
860.0089 	EXP 	text_9: text = 'Memorera yrkestitel'
860.0089 	EXP 	text_9: autoDraw = True
863.9331 	EXP 	Imported Profession_condition.xlsx as conditions, 5 conditions, 4 params
863.9336 	EXP 	Created sequence: random, trialTypes=5, nReps=1, seed=None
863.9341 	EXP 	New trial (rep=0, index=0): {'StimFile': 'Images_Faces/SH40.png', 'Name': 0, 'Proffession': 'Proffessor', 'order_randomiser': 0.38502199212498567}
863.9376 	EXP 	text_9: autoDraw = False
863.9376 	EXP 	polygon: autoDraw = True
868.2363 	EXP 	polygon: autoDraw = False
868.2363 	EXP 	polygon: autoDraw = False
868.2363 	EXP 	image_3: image = 'Images_Faces/SH40.png'
868.2363 	EXP 	text_8: text = ''
868.2363 	EXP 	text_8: text = 'Proffessor'
868.2363 	EXP 	image_3: autoDraw = True
868.2363 	EXP 	text_8: autoDraw = True
872.2141 	EXP 	New trial (rep=0, index=1): {'StimFile': 'Images_Faces/SH42.png', 'Name': 0, 'Proffession': 'Tandläkare', 'order_randomiser': 0.045506161487107066}
872.2216 	EXP 	image_3: autoDraw = False
872.2216 	EXP 	text_8: autoDraw = False
872.2216 	EXP 	polygon: autoDraw = True
876.6959 	EXP 	polygon: autoDraw = False
876.6959 	EXP 	polygon: autoDraw = False
876.6959 	EXP 	image_3: image = 'Images_Faces/SH42.png'
876.6959 	EXP 	text_8: text = ''
876.6959 	EXP 	text_8: text = 'Tandläkare'
876.6959 	EXP 	image_3: autoDraw = True
876.6959 	EXP 	text_8: autoDraw = True
880.6719 	EXP 	New trial (rep=0, index=2): {'StimFile': 'Images_Faces/SH46.png', 'Name': 0, 'Proffession': 'Inköpare', 'order_randomiser': 0.4317306773705356}
880.6798 	EXP 	image_3: autoDraw = False
880.6798 	EXP 	text_8: autoDraw = False
880.6798 	EXP 	polygon: autoDraw = True
888.6614 	EXP 	polygon: autoDraw = False
888.6614 	EXP 	polygon: autoDraw = False
888.6614 	EXP 	image_3: image = 'Images_Faces/SH46.png'
888.6614 	EXP 	text_8: text = ''
888.6614 	EXP 	text_8: text = 'Inköpare'
888.6614 	EXP 	image_3: autoDraw = True
888.6614 	EXP 	text_8: autoDraw = True
892.6306 	EXP 	New trial (rep=0, index=3): {'StimFile': 'Images_Faces/SH50.png', 'Name': 0, 'Proffession': 'Bartender', 'order_randomiser': 0.5861841421794051}
892.6378 	EXP 	image_3: autoDraw = False
892.6378 	EXP 	text_8: autoDraw = False
892.6378 	EXP 	polygon: autoDraw = True
899.2499 	EXP 	polygon: autoDraw = False
899.2499 	EXP 	polygon: autoDraw = False
899.2499 	EXP 	image_3: image = 'Images_Faces/SH50.png'
899.2499 	EXP 	text_8: text = ''
899.2499 	EXP 	text_8: text = 'Bartender'
899.2499 	EXP 	image_3: autoDraw = True
899.2499 	EXP 	text_8: autoDraw = True
903.2220 	EXP 	New trial (rep=0, index=4): {'StimFile': 'Images_Faces/SH38.png', 'Name': 0, 'Proffession': 'Maskinoperatör', 'order_randomiser': 0.2097558878752076}
903.2294 	EXP 	image_3: autoDraw = False
903.2294 	EXP 	text_8: autoDraw = False
903.2294 	EXP 	polygon: autoDraw = True
905.2558 	EXP 	polygon: autoDraw = False
905.2558 	EXP 	polygon: autoDraw = False
905.2558 	EXP 	image_3: image = 'Images_Faces/SH38.png'
905.2558 	EXP 	text_8: text = ''
905.2558 	EXP 	text_8: text = 'Maskinoperatör'
905.2558 	EXP 	image_3: autoDraw = True
905.2558 	EXP 	text_8: autoDraw = True
909.3254 	EXP 	image_3: autoDraw = False
909.3254 	EXP 	text_8: autoDraw = False
909.3254 	EXP 	text_6: text = 'Välj första bokstaven i personens yrkestitel'
909.3254 	EXP 	fingers: text = '1 - Pekfinger, 2 - Långfinger, 3 - Ringfinger, 4 - Lillfinger'
909.3254 	EXP 	text_6: autoDraw = True
909.3254 	EXP 	fingers: autoDraw = True
915.2448 	EXP 	Imported Profession_condition.xlsx as conditions, 5 conditions, 4 params
915.2452 	EXP 	Created sequence: random, trialTypes=5, nReps=1, seed=None
915.2456 	EXP 	New trial (rep=0, index=0): {'StimFile': 'Images_Faces/SH38.png', 'Name': 0, 'Proffession': 'Maskinoperatör', 'order_randomiser': 0.2097558878752076}
915.2490 	EXP 	text_6: autoDraw = False
915.2490 	EXP 	fingers: autoDraw = False
915.2490 	EXP 	polygon: autoDraw = True
917.2751 	EXP 	polygon: autoDraw = False
917.2751 	EXP 	polygon: autoDraw = False
917.2751 	EXP 	image: image = 'Images_Faces/SH38.png'
917.2751 	EXP 	letters_text: text = 'Å.\t\t\t\tR.\t\t\t\tM.\t\t\t\tNY'
917.2751 	EXP 	image: autoDraw = True
917.2751 	EXP 	letters_text: autoDraw = True
918.1327 	DATA 	Keypress: 3
921.2555 	EXP 	New trial (rep=0, index=1): {'StimFile': 'Images_Faces/SH42.png', 'Name': 0, 'Proffession': 'Tandläkare', 'order_randomiser': 0.045506161487107066}
921.2622 	EXP 	image: autoDraw = False
921.2622 	EXP 	letters_text: autoDraw = False
921.2622 	EXP 	polygon: autoDraw = True
924.5435 	EXP 	polygon: autoDraw = False
924.5435 	EXP 	polygon: autoDraw = False
924.5435 	EXP 	image: image = 'Images_Faces/SH42.png'
924.5435 	EXP 	letters_text: text = 'P.\t\t\t\tT.\t\t\t\tB.\t\t\t\tNY'
924.5435 	EXP 	image: autoDraw = True
924.5435 	EXP 	letters_text: autoDraw = True
926.3089 	DATA 	Keypress: 2
928.5169 	EXP 	New trial (rep=0, index=2): {'StimFile': 'Images_Faces/SH40.png', 'Name': 0, 'Proffession': 'Proffessor', 'order_randomiser': 0.38502199212498567}
928.5241 	EXP 	image: autoDraw = False
928.5241 	EXP 	letters_text: autoDraw = False
928.5241 	EXP 	polygon: autoDraw = True
933.3818 	EXP 	polygon: autoDraw = False
933.3818 	EXP 	polygon: autoDraw = False
933.3818 	EXP 	image: image = 'Images_Faces/SH40.png'
933.3818 	EXP 	letters_text: text = 'H.\t\t\t\tÅ.\t\t\t\tP.\t\t\t\tNY'
933.3818 	EXP 	image: autoDraw = True
933.3818 	EXP 	letters_text: autoDraw = True
934.2250 	DATA 	Keypress: 3
937.3544 	EXP 	New trial (rep=0, index=3): {'StimFile': 'Images_Faces/SH50.png', 'Name': 0, 'Proffession': 'Bartender', 'order_randomiser': 0.5861841421794051}
937.3616 	EXP 	image: autoDraw = False
937.3616 	EXP 	letters_text: autoDraw = False
937.3616 	EXP 	polygon: autoDraw = True
939.7827 	EXP 	polygon: autoDraw = False
939.7827 	EXP 	polygon: autoDraw = False
939.7827 	EXP 	image: image = 'Images_Faces/SH50.png'
939.7827 	EXP 	letters_text: text = 'T.\t\t\t\tB.\t\t\t\tÅ.\t\t\t\tNY'
939.7827 	EXP 	image: autoDraw = True
939.7827 	EXP 	letters_text: autoDraw = True
943.2399 	DATA 	Keypress: 2
943.7547 	EXP 	New trial (rep=0, index=4): {'StimFile': 'Images_Faces/SH46.png', 'Name': 0, 'Proffession': 'Inköpare', 'order_randomiser': 0.4317306773705356}
943.7614 	EXP 	image: autoDraw = False
943.7614 	EXP 	letters_text: autoDraw = False
943.7614 	EXP 	polygon: autoDraw = True
946.6602 	EXP 	polygon: autoDraw = False
946.6602 	EXP 	polygon: autoDraw = False
946.6602 	EXP 	image: image = 'Images_Faces/SH46.png'
946.6602 	EXP 	letters_text: text = 'L.\t\t\t\tA.\t\t\t\tI.\t\t\t\tNY'
946.6602 	EXP 	image: autoDraw = True
946.6602 	EXP 	letters_text: autoDraw = True
947.3247 	DATA 	Keypress: 3
950.7244 	EXP 	New trial (rep=3, index=0): None
950.7317 	EXP 	image: autoDraw = False
950.7317 	EXP 	letters_text: autoDraw = False
950.7317 	EXP 	text_9: text = 'Memorera yrkestitel'
950.7317 	EXP 	text_9: autoDraw = True
954.6465 	EXP 	Imported Profession_condition.xlsx as conditions, 5 conditions, 4 params
954.6470 	EXP 	Created sequence: random, trialTypes=5, nReps=1, seed=None
954.6475 	EXP 	New trial (rep=0, index=0): {'StimFile': 'Images_Faces/SH49.png', 'Name': 0, 'Proffession': 'Hovmästare', 'order_randomiser': 0.8212304864272226}
954.6518 	EXP 	text_9: autoDraw = False
954.6518 	EXP 	polygon: autoDraw = True
959.2770 	EXP 	polygon: autoDraw = False
959.2770 	EXP 	polygon: autoDraw = False
959.2770 	EXP 	image_3: image = 'Images_Faces/SH49.png'
959.2770 	EXP 	text_8: text = ''
959.2770 	EXP 	text_8: text = 'Hovmästare'
959.2770 	EXP 	image_3: autoDraw = True
959.2770 	EXP 	text_8: autoDraw = True
963.2456 	EXP 	New trial (rep=0, index=1): {'StimFile': 'Images_Faces/SH56.png', 'Name': 0, 'Proffession': 'Musiker', 'order_randomiser': 0.7167771155973117}
963.2526 	EXP 	image_3: autoDraw = False
963.2526 	EXP 	text_8: autoDraw = False
963.2526 	EXP 	polygon: autoDraw = True
965.2803 	EXP 	polygon: autoDraw = False
965.2803 	EXP 	polygon: autoDraw = False
965.2803 	EXP 	image_3: image = 'Images_Faces/SH56.png'
965.2803 	EXP 	text_8: text = ''
965.2803 	EXP 	text_8: text = 'Musiker'
965.2803 	EXP 	image_3: autoDraw = True
965.2803 	EXP 	text_8: autoDraw = True
969.2534 	EXP 	New trial (rep=0, index=2): {'StimFile': 'Images_Faces/SH41.png', 'Name': 0, 'Proffession': 'Säkerhetsvakt', 'order_randomiser': 0.9854606583988191}
969.2608 	EXP 	image_3: autoDraw = False
969.2608 	EXP 	text_8: autoDraw = False
969.2608 	EXP 	polygon: autoDraw = True
975.8317 	EXP 	polygon: autoDraw = False
975.8317 	EXP 	polygon: autoDraw = False
975.8317 	EXP 	image_3: image = 'Images_Faces/SH41.png'
975.8317 	EXP 	text_8: text = ''
975.8317 	EXP 	text_8: text = 'Säkerhetsvakt'
975.8317 	EXP 	image_3: autoDraw = True
975.8317 	EXP 	text_8: autoDraw = True
979.8029 	EXP 	New trial (rep=0, index=3): {'StimFile': 'Images_Faces/SH37.png', 'Name': 0, 'Proffession': 'Brevbärare', 'order_randomiser': 0.49847430071286436}
979.8106 	EXP 	image_3: autoDraw = False
979.8106 	EXP 	text_8: autoDraw = False
979.8106 	EXP 	polygon: autoDraw = True
986.4691 	EXP 	polygon: autoDraw = False
986.4691 	EXP 	polygon: autoDraw = False
986.4691 	EXP 	image_3: image = 'Images_Faces/SH37.png'
986.4691 	EXP 	text_8: text = ''
986.4691 	EXP 	text_8: text = 'Brevbärare'
986.4691 	EXP 	image_3: autoDraw = True
986.4691 	EXP 	text_8: autoDraw = True
990.4440 	EXP 	New trial (rep=0, index=4): {'StimFile': 'Images_Faces/SH53.png', 'Name': 0, 'Proffession': 'Lastbilschaufför', 'order_randomiser': 0.9092216347646128}
990.4520 	EXP 	image_3: autoDraw = False
990.4520 	EXP 	text_8: autoDraw = False
990.4520 	EXP 	polygon: autoDraw = True
994.4368 	EXP 	polygon: autoDraw = False
994.4368 	EXP 	polygon: autoDraw = False
994.4368 	EXP 	image_3: image = 'Images_Faces/SH53.png'
994.4368 	EXP 	text_8: text = ''
994.4368 	EXP 	text_8: text = 'Lastbilschaufför'
994.4368 	EXP 	image_3: autoDraw = True
994.4368 	EXP 	text_8: autoDraw = True
998.5007 	EXP 	image_3: autoDraw = False
998.5007 	EXP 	text_8: autoDraw = False
998.5007 	EXP 	text_6: text = 'Välj första bokstaven i personens yrkestitel'
998.5007 	EXP 	fingers: text = '1 - Pekfinger, 2 - Långfinger, 3 - Ringfinger, 4 - Lillfinger'
998.5007 	EXP 	text_6: autoDraw = True
998.5007 	EXP 	fingers: autoDraw = True
1004.4168 	EXP 	Imported Profession_condition.xlsx as conditions, 5 conditions, 4 params
1004.4172 	EXP 	Created sequence: random, trialTypes=5, nReps=1, seed=None
1004.4176 	EXP 	New trial (rep=0, index=0): {'StimFile': 'Images_Faces/SH56.png', 'Name': 0, 'Proffession': 'Musiker', 'order_randomiser': 0.7167771155973117}
1004.4205 	EXP 	text_6: autoDraw = False
1004.4205 	EXP 	fingers: autoDraw = False
1004.4205 	EXP 	polygon: autoDraw = True
1006.8864 	EXP 	polygon: autoDraw = False
1006.8864 	EXP 	polygon: autoDraw = False
1006.8864 	EXP 	image: image = 'Images_Faces/SH56.png'
1006.8864 	EXP 	letters_text: text = 'G.\t\t\t\tM.\t\t\t\tN.\t\t\t\tNY'
1006.8864 	EXP 	image: autoDraw = True
1006.8864 	EXP 	letters_text: autoDraw = True
1010.8532 	EXP 	New trial (rep=0, index=1): {'StimFile': 'Images_Faces/SH53.png', 'Name': 0, 'Proffession': 'Lastbilschaufför', 'order_randomiser': 0.9092216347646128}
1010.8598 	EXP 	image: autoDraw = False
1010.8598 	EXP 	letters_text: autoDraw = False
1010.8598 	EXP 	polygon: autoDraw = True
1013.3775 	EXP 	polygon: autoDraw = False
1013.3775 	EXP 	polygon: autoDraw = False
1013.3775 	EXP 	image: image = 'Images_Faces/SH53.png'
1013.3775 	EXP 	letters_text: text = 'L.\t\t\t\tH.\t\t\t\tT.\t\t\t\tNY'
1013.3775 	EXP 	image: autoDraw = True
1013.3775 	EXP 	letters_text: autoDraw = True
1015.1059 	DATA 	Keypress: 1
1017.3531 	EXP 	New trial (rep=0, index=2): {'StimFile': 'Images_Faces/SH37.png', 'Name': 0, 'Proffession': 'Brevbärare', 'order_randomiser': 0.49847430071286436}
1017.3595 	EXP 	image: autoDraw = False
1017.3595 	EXP 	letters_text: autoDraw = False
1017.3595 	EXP 	polygon: autoDraw = True
1019.3820 	EXP 	polygon: autoDraw = False
1019.3820 	EXP 	polygon: autoDraw = False
1019.3820 	EXP 	image: image = 'Images_Faces/SH37.png'
1019.3820 	EXP 	letters_text: text = 'P.\t\t\t\tO.\t\t\t\tB.\t\t\t\tNY'
1019.3820 	EXP 	image: autoDraw = True
1019.3820 	EXP 	letters_text: autoDraw = True
1021.6232 	DATA 	Keypress: 3
1023.3604 	EXP 	New trial (rep=0, index=3): {'StimFile': 'Images_Faces/SH49.png', 'Name': 0, 'Proffession': 'Hovmästare', 'order_randomiser': 0.8212304864272226}
1023.3677 	EXP 	image: autoDraw = False
1023.3677 	EXP 	letters_text: autoDraw = False
1023.3677 	EXP 	polygon: autoDraw = True
1025.7907 	EXP 	polygon: autoDraw = False
1025.7907 	EXP 	polygon: autoDraw = False
1025.7907 	EXP 	image: image = 'Images_Faces/SH49.png'
1025.7907 	EXP 	letters_text: text = 'H.\t\t\t\tÅ.\t\t\t\tE.\t\t\t\tNY'
1025.7907 	EXP 	image: autoDraw = True
1025.7907 	EXP 	letters_text: autoDraw = True
1029.4498 	DATA 	Keypress: 4
1029.7536 	EXP 	New trial (rep=0, index=4): {'StimFile': 'Images_Faces/SH41.png', 'Name': 0, 'Proffession': 'Säkerhetsvakt', 'order_randomiser': 0.9854606583988191}
1029.7588 	EXP 	image: autoDraw = False
1029.7588 	EXP 	letters_text: autoDraw = False
1029.7588 	EXP 	polygon: autoDraw = True
1033.9333 	EXP 	polygon: autoDraw = False
1033.9333 	EXP 	polygon: autoDraw = False
1033.9333 	EXP 	image: image = 'Images_Faces/SH41.png'
1033.9333 	EXP 	letters_text: text = 'A.\t\t\t\tS.\t\t\t\tÅ.\t\t\t\tNY'
1033.9333 	EXP 	image: autoDraw = True
1033.9333 	EXP 	letters_text: autoDraw = True
1037.9993 	EXP 	New trial (rep=4, index=0): None
1038.0047 	EXP 	image: autoDraw = False
1038.0047 	EXP 	letters_text: autoDraw = False
1038.0047 	EXP 	text_9: text = 'Memorera yrkestitel'
1038.0047 	EXP 	text_9: autoDraw = True
1041.9278 	EXP 	Imported Profession_condition.xlsx as conditions, 5 conditions, 4 params
1041.9281 	EXP 	Created sequence: random, trialTypes=5, nReps=1, seed=None
1041.9285 	EXP 	New trial (rep=0, index=0): {'StimFile': 'Images_Faces/SH51.png', 'Name': 0, 'Proffession': 'Nätverkstekniker', 'order_randomiser': 0.3749649037832139}
1041.9333 	EXP 	text_9: autoDraw = False
1041.9333 	EXP 	polygon: autoDraw = True
1046.4447 	EXP 	polygon: autoDraw = False
1046.4447 	EXP 	polygon: autoDraw = False
1046.4447 	EXP 	image_3: image = 'Images_Faces/SH51.png'
1046.4447 	EXP 	text_8: text = ''
1046.4447 	EXP 	text_8: text = 'Nätverkstekniker'
1046.4447 	EXP 	image_3: autoDraw = True
1046.4447 	EXP 	text_8: autoDraw = True
1050.4184 	EXP 	New trial (rep=0, index=1): {'StimFile': 'Images_Faces/SH31.png', 'Name': 0, 'Proffession': 'Fastighetsskötare', 'order_randomiser': 0.10881627067326916}
1050.4255 	EXP 	image_3: autoDraw = False
1050.4255 	EXP 	text_8: autoDraw = False
1050.4255 	EXP 	polygon: autoDraw = True
1057.7789 	EXP 	polygon: autoDraw = False
1057.7789 	EXP 	polygon: autoDraw = False
1057.7789 	EXP 	image_3: image = 'Images_Faces/SH31.png'
1057.7789 	EXP 	text_8: text = ''
1057.7789 	EXP 	text_8: text = 'Fastighetsskötare'
1057.7789 	EXP 	image_3: autoDraw = True
1057.7789 	EXP 	text_8: autoDraw = True
1061.7513 	EXP 	New trial (rep=0, index=2): {'StimFile': 'Images_Faces/SH39.png', 'Name': 0, 'Proffession': 'Rektor', 'order_randomiser': 0.2821875721813104}
1061.7584 	EXP 	image_3: autoDraw = False
1061.7584 	EXP 	text_8: autoDraw = False
1061.7584 	EXP 	polygon: autoDraw = True
1067.5277 	EXP 	polygon: autoDraw = False
1067.5277 	EXP 	polygon: autoDraw = False
1067.5277 	EXP 	image_3: image = 'Images_Faces/SH39.png'
1067.5277 	EXP 	text_8: text = ''
1067.5277 	EXP 	text_8: text = 'Rektor'
1067.5277 	EXP 	image_3: autoDraw = True
1067.5277 	EXP 	text_8: autoDraw = True
1071.5085 	EXP 	New trial (rep=0, index=3): {'StimFile': 'Images_Faces/SH60.png', 'Name': 0, 'Proffession': 'Polis', 'order_randomiser': 0.1223308811919066}
1071.5167 	EXP 	image_3: autoDraw = False
1071.5167 	EXP 	text_8: autoDraw = False
1071.5167 	EXP 	polygon: autoDraw = True
1075.8077 	EXP 	polygon: autoDraw = False
1075.8077 	EXP 	polygon: autoDraw = False
1075.8077 	EXP 	image_3: image = 'Images_Faces/SH60.png'
1075.8077 	EXP 	text_8: text = ''
1075.8077 	EXP 	text_8: text = 'Polis'
1075.8077 	EXP 	image_3: autoDraw = True
1075.8077 	EXP 	text_8: autoDraw = True
1079.7833 	EXP 	New trial (rep=0, index=4): {'StimFile': 'Images_Faces/SH59.png', 'Name': 0, 'Proffession': 'Körskollärare', 'order_randomiser': 0.7308670509386236}
1079.7907 	EXP 	image_3: autoDraw = False
1079.7907 	EXP 	text_8: autoDraw = False
1079.7907 	EXP 	polygon: autoDraw = True
1082.0525 	EXP 	polygon: autoDraw = False
1082.0525 	EXP 	polygon: autoDraw = False
1082.0525 	EXP 	image_3: image = 'Images_Faces/SH59.png'
1082.0525 	EXP 	text_8: text = ''
1082.0525 	EXP 	text_8: text = 'Körskollärare'
1082.0525 	EXP 	image_3: autoDraw = True
1082.0525 	EXP 	text_8: autoDraw = True
1086.1296 	EXP 	image_3: autoDraw = False
1086.1296 	EXP 	text_8: autoDraw = False
1086.1296 	EXP 	text_6: text = 'Välj första bokstaven i personens yrkestitel'
1086.1296 	EXP 	fingers: text = '1 - Pekfinger, 2 - Långfinger, 3 - Ringfinger, 4 - Lillfinger'
1086.1296 	EXP 	text_6: autoDraw = True
1086.1296 	EXP 	fingers: autoDraw = True
1092.0405 	EXP 	Imported Profession_condition.xlsx as conditions, 5 conditions, 4 params
1092.0409 	EXP 	Created sequence: random, trialTypes=5, nReps=1, seed=None
1092.0413 	EXP 	New trial (rep=0, index=0): {'StimFile': 'Images_Faces/SH31.png', 'Name': 0, 'Proffession': 'Fastighetsskötare', 'order_randomiser': 0.10881627067326916}
1092.0456 	EXP 	text_6: autoDraw = False
1092.0456 	EXP 	fingers: autoDraw = False
1092.0456 	EXP 	polygon: autoDraw = True
1095.6243 	EXP 	polygon: autoDraw = False
1095.6243 	EXP 	polygon: autoDraw = False
1095.6243 	EXP 	image: image = 'Images_Faces/SH31.png'
1095.6243 	EXP 	letters_text: text = 'F.\t\t\t\tK.\t\t\t\tC.\t\t\t\tNY'
1095.6243 	EXP 	image: autoDraw = True
1095.6243 	EXP 	letters_text: autoDraw = True
1098.4954 	DATA 	Keypress: 1
1099.5922 	EXP 	New trial (rep=0, index=1): {'StimFile': 'Images_Faces/SH51.png', 'Name': 0, 'Proffession': 'Nätverkstekniker', 'order_randomiser': 0.3749649037832139}
1099.5988 	EXP 	image: autoDraw = False
1099.5988 	EXP 	letters_text: autoDraw = False
1099.5988 	EXP 	polygon: autoDraw = True
1107.6311 	EXP 	polygon: autoDraw = False
1107.6311 	EXP 	polygon: autoDraw = False
1107.6311 	EXP 	image: image = 'Images_Faces/SH51.png'
1107.6311 	EXP 	letters_text: text = 'N.\t\t\t\tL.\t\t\t\tT.\t\t\t\tNY'
1107.6311 	EXP 	image: autoDraw = True
1107.6311 	EXP 	letters_text: autoDraw = True
1110.7698 	DATA 	Keypress: 1
1111.6007 	EXP 	New trial (rep=0, index=2): {'StimFile': 'Images_Faces/SH39.png', 'Name': 0, 'Proffession': 'Rektor', 'order_randomiser': 0.2821875721813104}
1111.6071 	EXP 	image: autoDraw = False
1111.6071 	EXP 	letters_text: autoDraw = False
1111.6071 	EXP 	polygon: autoDraw = True
1116.3573 	EXP 	polygon: autoDraw = False
1116.3573 	EXP 	polygon: autoDraw = False
1116.3573 	EXP 	image: image = 'Images_Faces/SH39.png'
1116.3573 	EXP 	letters_text: text = 'V.\t\t\t\tÄ.\t\t\t\tR.\t\t\t\tNY'
1116.3573 	EXP 	image: autoDraw = True
1116.3573 	EXP 	letters_text: autoDraw = True
1120.3332 	EXP 	New trial (rep=0, index=3): {'StimFile': 'Images_Faces/SH60.png', 'Name': 0, 'Proffession': 'Polis', 'order_randomiser': 0.1223308811919066}
1120.3401 	EXP 	image: autoDraw = False
1120.3401 	EXP 	letters_text: autoDraw = False
1120.3401 	EXP 	polygon: autoDraw = True
1120.5757 	DATA 	Keypress: 3
1122.3560 	EXP 	polygon: autoDraw = False
1122.3560 	EXP 	polygon: autoDraw = False
1122.3560 	EXP 	image: image = 'Images_Faces/SH60.png'
1122.3560 	EXP 	letters_text: text = 'M.\t\t\t\tP.\t\t\t\tI.\t\t\t\tNY'
1122.3560 	EXP 	image: autoDraw = True
1122.3560 	EXP 	letters_text: autoDraw = True
1123.9801 	DATA 	Keypress: 2
1126.3417 	EXP 	New trial (rep=0, index=4): {'StimFile': 'Images_Faces/SH59.png', 'Name': 0, 'Proffession': 'Körskollärare', 'order_randomiser': 0.7308670509386236}
1126.3484 	EXP 	image: autoDraw = False
1126.3484 	EXP 	letters_text: autoDraw = False
1126.3484 	EXP 	polygon: autoDraw = True
1128.9041 	EXP 	polygon: autoDraw = False
1128.9041 	EXP 	polygon: autoDraw = False
1128.9041 	EXP 	image: image = 'Images_Faces/SH59.png'
1128.9041 	EXP 	letters_text: text = 'H.\t\t\t\tA.\t\t\t\tK.\t\t\t\tNY'
1128.9041 	EXP 	image: autoDraw = True
1128.9041 	EXP 	letters_text: autoDraw = True
1132.9802 	EXP 	New trial (rep=5, index=0): None
1132.9850 	EXP 	image: autoDraw = False
1132.9850 	EXP 	letters_text: autoDraw = False
1132.9850 	EXP 	text_9: text = 'Memorera yrkestitel'
1132.9850 	EXP 	text_9: autoDraw = True
1133.0525 	DATA 	Keypress: 3
1136.8925 	EXP 	Imported Profession_condition.xlsx as conditions, 5 conditions, 4 params
1136.8930 	EXP 	Created sequence: random, trialTypes=5, nReps=1, seed=None
1136.8935 	EXP 	New trial (rep=0, index=0): {'StimFile': 'Images_Faces/SH54.png', 'Name': 0, 'Proffession': 'Trädgårdsmästare', 'order_randomiser': 0.9452109373673346}
1136.8996 	EXP 	text_9: autoDraw = False
1136.8996 	EXP 	polygon: autoDraw = True
1138.9310 	EXP 	polygon: autoDraw = False
1138.9310 	EXP 	polygon: autoDraw = False
1138.9310 	EXP 	image_3: image = 'Images_Faces/SH54.png'
1138.9310 	EXP 	text_8: text = ''
1138.9310 	EXP 	text_8: text = 'Trädgårdsmästare'
1138.9310 	EXP 	image_3: autoDraw = True
1138.9310 	EXP 	text_8: autoDraw = True
1142.9070 	EXP 	New trial (rep=0, index=1): {'StimFile': 'Images_Faces/SH58.png', 'Name': 0, 'Proffession': 'Undersköterska', 'order_randomiser': 0.16067568711583546}
1142.9146 	EXP 	image_3: autoDraw = False
1142.9146 	EXP 	text_8: autoDraw = False
1142.9146 	EXP 	polygon: autoDraw = True
1144.9460 	EXP 	polygon: autoDraw = False
1144.9460 	EXP 	polygon: autoDraw = False
1144.9460 	EXP 	image_3: image = 'Images_Faces/SH58.png'
1144.9460 	EXP 	text_8: text = ''
1144.9460 	EXP 	text_8: text = 'Undersköterska'
1144.9460 	EXP 	image_3: autoDraw = True
1144.9460 	EXP 	text_8: autoDraw = True
1148.9155 	EXP 	New trial (rep=0, index=2): {'StimFile': 'Images_Faces/SH32.png', 'Name': 0, 'Proffession': 'Smed', 'order_randomiser': 0.4365171190702223}
1148.9229 	EXP 	image_3: autoDraw = False
1148.9229 	EXP 	text_8: autoDraw = False
1148.9229 	EXP 	polygon: autoDraw = True
1152.7799 	EXP 	polygon: autoDraw = False
1152.7799 	EXP 	polygon: autoDraw = False
1152.7799 	EXP 	image_3: image = 'Images_Faces/SH32.png'
1152.7799 	EXP 	text_8: text = ''
1152.7799 	EXP 	text_8: text = 'Smed'
1152.7799 	EXP 	image_3: autoDraw = True
1152.7799 	EXP 	text_8: autoDraw = True
1156.7567 	EXP 	New trial (rep=0, index=3): {'StimFile': 'Images_Faces/SH47.png', 'Name': 0, 'Proffession': 'Plåtslagare', 'order_randomiser': 0.781854895311222}
1156.7647 	EXP 	image_3: autoDraw = False
1156.7647 	EXP 	text_8: autoDraw = False
1156.7647 	EXP 	polygon: autoDraw = True
1163.4292 	EXP 	polygon: autoDraw = False
1163.4292 	EXP 	polygon: autoDraw = False
1163.4292 	EXP 	image_3: image = 'Images_Faces/SH47.png'
1163.4292 	EXP 	text_8: text = ''
1163.4292 	EXP 	text_8: text = 'Plåtslagare'
1163.4292 	EXP 	image_3: autoDraw = True
1163.4292 	EXP 	text_8: autoDraw = True
1167.4060 	EXP 	New trial (rep=0, index=4): {'StimFile': 'Images_Faces/SH57.png', 'Name': 0, 'Proffession': 'Slaktare', 'order_randomiser': 0.3225344699824524}
1167.4140 	EXP 	image_3: autoDraw = False
1167.4140 	EXP 	text_8: autoDraw = False
1167.4140 	EXP 	polygon: autoDraw = True
1170.5356 	EXP 	polygon: autoDraw = False
1170.5356 	EXP 	polygon: autoDraw = False
1170.5356 	EXP 	image_3: image = 'Images_Faces/SH57.png'
1170.5356 	EXP 	text_8: text = ''
1170.5356 	EXP 	text_8: text = 'Slaktare'
1170.5356 	EXP 	image_3: autoDraw = True
1170.5356 	EXP 	text_8: autoDraw = True
1174.6933 	EXP 	image_3: autoDraw = False
1174.6933 	EXP 	text_8: autoDraw = False
1174.6933 	EXP 	text_6: text = 'Välj första bokstaven i personens yrkestitel'
1174.6933 	EXP 	fingers: text = '1 - Pekfinger, 2 - Långfinger, 3 - Ringfinger, 4 - Lillfinger'
1174.6933 	EXP 	text_6: autoDraw = True
1174.6933 	EXP 	fingers: autoDraw = True
1180.5207 	EXP 	Imported Profession_condition.xlsx as conditions, 5 conditions, 4 params
1180.5212 	EXP 	Created sequence: random, trialTypes=5, nReps=1, seed=None
1180.5215 	EXP 	New trial (rep=0, index=0): {'StimFile': 'Images_Faces/SH57.png', 'Name': 0, 'Proffession': 'Slaktare', 'order_randomiser': 0.3225344699824524}
1180.5249 	EXP 	text_6: autoDraw = False
1180.5249 	EXP 	fingers: autoDraw = False
1180.5249 	EXP 	polygon: autoDraw = True
1186.4459 	EXP 	polygon: autoDraw = False
1186.4459 	EXP 	polygon: autoDraw = False
1186.4459 	EXP 	image: image = 'Images_Faces/SH57.png'
1186.4459 	EXP 	letters_text: text = 'S.\t\t\t\tE.\t\t\t\tV.\t\t\t\tNY'
1186.4459 	EXP 	image: autoDraw = True
1186.4459 	EXP 	letters_text: autoDraw = True
1187.8652 	DATA 	Keypress: 1
1190.4145 	EXP 	New trial (rep=0, index=1): {'StimFile': 'Images_Faces/SH32.png', 'Name': 0, 'Proffession': 'Smed', 'order_randomiser': 0.4365171190702223}
1190.4183 	EXP 	image: autoDraw = False
1190.4183 	EXP 	letters_text: autoDraw = False
1190.4183 	EXP 	polygon: autoDraw = True
1192.4451 	EXP 	polygon: autoDraw = False
1192.4451 	EXP 	polygon: autoDraw = False
1192.4451 	EXP 	image: image = 'Images_Faces/SH32.png'
1192.4451 	EXP 	letters_text: text = 'O.\t\t\t\tL.\t\t\t\tS.\t\t\t\tNY'
1192.4451 	EXP 	image: autoDraw = True
1192.4451 	EXP 	letters_text: autoDraw = True
1193.3712 	DATA 	Keypress: 3
1196.4188 	EXP 	New trial (rep=0, index=2): {'StimFile': 'Images_Faces/SH47.png', 'Name': 0, 'Proffession': 'Plåtslagare', 'order_randomiser': 0.781854895311222}
1196.4263 	EXP 	image: autoDraw = False
1196.4263 	EXP 	letters_text: autoDraw = False
1196.4263 	EXP 	polygon: autoDraw = True
1200.4822 	EXP 	polygon: autoDraw = False
1200.4822 	EXP 	polygon: autoDraw = False
1200.4822 	EXP 	image: image = 'Images_Faces/SH47.png'
1200.4822 	EXP 	letters_text: text = 'F.\t\t\t\tP.\t\t\t\tL.\t\t\t\tNY'
1200.4822 	EXP 	image: autoDraw = True
1200.4822 	EXP 	letters_text: autoDraw = True
1203.4760 	DATA 	Keypress: 4
1204.4563 	EXP 	New trial (rep=0, index=3): {'StimFile': 'Images_Faces/SH54.png', 'Name': 0, 'Proffession': 'Trädgårdsmästare', 'order_randomiser': 0.9452109373673346}
1204.4630 	EXP 	image: autoDraw = False
1204.4630 	EXP 	letters_text: autoDraw = False
1204.4630 	EXP 	polygon: autoDraw = True
1207.1997 	EXP 	polygon: autoDraw = False
1207.1997 	EXP 	polygon: autoDraw = False
1207.1997 	EXP 	image: image = 'Images_Faces/SH54.png'
1207.1997 	EXP 	letters_text: text = 'B.\t\t\t\tU.\t\t\t\tT.\t\t\t\tNY'
1207.1997 	EXP 	image: autoDraw = True
1207.1997 	EXP 	letters_text: autoDraw = True
1211.1211 	DATA 	Keypress: 4
1211.1682 	EXP 	New trial (rep=0, index=4): {'StimFile': 'Images_Faces/SH58.png', 'Name': 0, 'Proffession': 'Undersköterska', 'order_randomiser': 0.16067568711583546}
1211.1756 	EXP 	image: autoDraw = False
1211.1756 	EXP 	letters_text: autoDraw = False
1211.1756 	EXP 	polygon: autoDraw = True
1215.4739 	EXP 	polygon: autoDraw = False
1215.4739 	EXP 	polygon: autoDraw = False
1215.4739 	EXP 	image: image = 'Images_Faces/SH58.png'
1215.4739 	EXP 	letters_text: text = 'O.\t\t\t\tU.\t\t\t\tC.\t\t\t\tNY'
1215.4739 	EXP 	image: autoDraw = True
1215.4739 	EXP 	letters_text: autoDraw = True
1219.5683 	EXP 	image: autoDraw = False
1219.5683 	EXP 	letters_text: autoDraw = False
1219.5683 	EXP 	text_2: autoDraw = True
1219.7657 	DATA 	Keypress: 2
1225.4542 	EXP 	text_2: autoDraw = False
1225.4978 	EXP 	window1: mouseVisible = True
