4.0657 	WARNING 	We strongly recommend you activate the PTB sound engine in PsychoPy prefs as the preferred audio engine. Its timing is vastly superior. Your prefs are currently set to use ['sounddevice', 'PTB', 'pyo', 'pygame'] (in that order).
10.6656 	EXP 	Created window1 = Window(allowGUI=True, allowStencil=False, autoLog=True, backendConf=UNKNOWN, bitsMode=UNKNOWN, blendMode='avg', bpc=(8, 8, 8), color=array([1, 1, 1]), colorSpace='rgb', depthBits=8, fullscr=<method-wrapper '__getattribute__' of attributeSetter object at 0x000001ED915FE160>, gamma=None, gammaErrorPolicy='raise', lms=UNKNOWN, monitor=<psychopy.monitors.calibTools.Monitor object at 0x000001ED91653470>, multiSample=False, name='window1', numSamples=2, pos=[0.0, 0.0], screen=0, size=array([3440, 1421]), stencilBits=0, stereo=False, units='height', useFBO=True, useRetina=False, viewOri=0.0, viewPos=None, viewScale=None, waitBlanking=True, winType='glfw')
10.6657 	EXP 	window1: mouseVisible = True
10.6657 	EXP 	window1: recordFrameIntervals = False
10.7487 	EXP 	window1: recordFrameIntervals = True
10.8405 	EXP 	window1: recordFrameIntervals = False
11.8195 	EXP 	Created text = TextStim(__class__=<class 'psychopy.visual.text.TextStim'>, alignHoriz=method-wrapper(...), alignText='center', alignVert=method-wrapper(...), anchorHoriz='center', anchorVert='center', antialias=True, autoLog=True, bold=False, color=array([-1., -1., -1.]), colorSpace='rgb', contrast=1.0, depth=0.0, flipHoriz=False, flipVert=False, font='Open Sans', fontFiles=[], height=0.03, italic=False, languageStyle='LTR', name='text', opacity=1, ori=0.0, pos=array([0., 0.]), rgb=UNKNOWN, text=str(...), units='height', win=Window(...), wrapWidth=1)
11.8242 	EXP 	Created polygon_2 = ShapeStim(__class__=<class 'psychopy.visual.shape.ShapeStim'>, autoDraw=False, autoLog=True, closeShape=True, color=method-wrapper(...), colorSpace='rgb', contrast=None, depth=0.0, fillColor=array([-1, -1, -1]), fillColorSpace='rgb', fillRGB=array([-1, -1, -1]), interpolate=True, lineColor=array([0., 0., 0.]), lineColorSpace='rgb', lineRGB=array([0, 0, 0]), lineWidth=0.001, name='polygon_2', opacity=0.5, ori=0.0, pos=array([0., 0.]), size=array([0.1, 0.1]), units='height', vertices=ndarray(...), win=Window(...), windingRule=None)
11.8324 	EXP 	Created text_6 = TextStim(__class__=<class 'psychopy.visual.text.TextStim'>, alignHoriz=method-wrapper(...), alignText='center', alignVert=method-wrapper(...), anchorHoriz='center', anchorVert='center', antialias=True, autoLog=True, bold=False, color=array([-1., -1., -1.]), colorSpace='rgb', contrast=1.0, depth=0.0, flipHoriz=False, flipVert=False, font='Open Sans', fontFiles=[], height=0.1, italic=False, languageStyle='LTR', name='text_6', opacity=1, ori=0.0, pos=array([0., 0.]), rgb=UNKNOWN, text='Namn', units='height', win=Window(...), wrapWidth=1)
11.8346 	EXP 	Created polygon_5 = ShapeStim(__class__=<class 'psychopy.visual.shape.ShapeStim'>, autoDraw=False, autoLog=True, closeShape=True, color=method-wrapper(...), colorSpace='rgb', contrast=None, depth=-1.0, fillColor=array([-1, -1, -1]), fillColorSpace='rgb', fillRGB=array([-1, -1, -1]), interpolate=True, lineColor=array([0., 0., 0.]), lineColorSpace='rgb', lineRGB=array([0, 0, 0]), lineWidth=0.001, name='polygon_5', opacity=0.5, ori=0.0, pos=array([0., 0.]), size=array([0.1, 0.1]), units='height', vertices=ndarray(...), win=Window(...), windingRule=None)
11.8422 	EXP 	Created image = ImageStim(__class__=<class 'psychopy.visual.image.ImageStim'>, autoLog=True, color=array([1., 1., 1.]), colorSpace='rgb', contrast=1.0, depth=-1.0, flipHoriz=False, flipVert=False, image='sin', interpolate=True, mask=None, maskParams=None, name='image', opacity=1, ori=0.0, pos=array([0.   , 0.125]), size=array([0.743, 0.75 ]), texRes=128.0, units='height', win=Window(...))
11.8434 	EXP 	Created text_4 = TextStim(__class__=<class 'psychopy.visual.text.TextStim'>, alignHoriz=method-wrapper(...), alignText='center', alignVert=method-wrapper(...), anchorHoriz='center', anchorVert='center', antialias=True, autoLog=True, bold=False, color=array([-1., -1., -1.]), colorSpace='rgb', contrast=1.0, depth=-2.0, flipHoriz=False, flipVert=False, font='Open Sans', fontFiles=[], height=0.1, italic=False, languageStyle='LTR', name='text_4', opacity=1, ori=0.0, pos=array([ 0.   , -0.375]), rgb=UNKNOWN, text='', units='height', win=Window(...), wrapWidth=1)
11.8455 	EXP 	Created polygon_4 = ShapeStim(__class__=<class 'psychopy.visual.shape.ShapeStim'>, autoDraw=False, autoLog=True, closeShape=True, color=method-wrapper(...), colorSpace='rgb', contrast=None, depth=0.0, fillColor=array([-1, -1, -1]), fillColorSpace='rgb', fillRGB=array([-1, -1, -1]), interpolate=True, lineColor=array([0., 0., 0.]), lineColorSpace='rgb', lineRGB=array([0, 0, 0]), lineWidth=0.1, name='polygon_4', opacity=0.5, ori=0.0, pos=array([0., 0.]), size=array([0.1, 0.1]), units='height', vertices=ndarray(...), win=Window(...), windingRule=None)
11.8539 	EXP 	Created Circle = ImageStim(__class__=<class 'psychopy.visual.image.ImageStim'>, autoLog=True, color=array([1., 1., 1.]), colorSpace='rgb', contrast=1.0, depth=-1.0, flipHoriz=False, flipVert=False, image='sin', interpolate=True, mask=None, maskParams=None, name='Circle', opacity=1, ori=0.0, pos=array([0., 0.]), size=array([0.1, 0.1]), texRes=128.0, units='height', win=Window(...))
11.8561 	EXP 	Created polygon = ShapeStim(__class__=<class 'psychopy.visual.shape.ShapeStim'>, autoDraw=False, autoLog=True, closeShape=True, color=method-wrapper(...), colorSpace='rgb', contrast=None, depth=0.0, fillColor=array([-1, -1, -1]), fillColorSpace='rgb', fillRGB=array([-1, -1, -1]), interpolate=True, lineColor=array([0., 0., 0.]), lineColorSpace='rgb', lineRGB=array([0, 0, 0]), lineWidth=0.1, name='polygon', opacity=0.5, ori=0.0, pos=array([0., 0.]), size=array([0.1, 0.1]), units='height', vertices=ndarray(...), win=Window(...), windingRule=None)
11.8603 	EXP 	Created image = ImageStim(__class__=<class 'psychopy.visual.image.ImageStim'>, autoLog=True, color=array([1., 1., 1.]), colorSpace='rgb', contrast=1.0, depth=-1.0, flipHoriz=False, flipVert=False, image='sin', interpolate=True, mask=None, maskParams=None, name='image', opacity=1, ori=0.0, pos=array([0.   , 0.125]), size=array([0.743, 0.75 ]), texRes=128.0, units='height', win=Window(...))
11.8615 	EXP 	Created text_4 = TextStim(__class__=<class 'psychopy.visual.text.TextStim'>, alignHoriz=method-wrapper(...), alignText='center', alignVert=method-wrapper(...), anchorHoriz='center', anchorVert='center', antialias=True, autoLog=True, bold=False, color=array([-1., -1., -1.]), colorSpace='rgb', contrast=1.0, depth=-2.0, flipHoriz=False, flipVert=False, font='Open Sans', fontFiles=[], height=0.1, italic=False, languageStyle='LTR', name='text_4', opacity=1, ori=0.0, pos=array([ 0.   , -0.375]), rgb=UNKNOWN, text='', units='height', win=Window(...), wrapWidth=1)
11.8635 	EXP 	Created polygon = ShapeStim(__class__=<class 'psychopy.visual.shape.ShapeStim'>, autoDraw=False, autoLog=True, closeShape=True, color=method-wrapper(...), colorSpace='rgb', contrast=None, depth=0.0, fillColor=array([-1, -1, -1]), fillColorSpace='rgb', fillRGB=array([-1, -1, -1]), interpolate=True, lineColor=array([0., 0., 0.]), lineColorSpace='rgb', lineRGB=array([0, 0, 0]), lineWidth=0.1, name='polygon', opacity=0.5, ori=0.0, pos=array([0., 0.]), size=array([0.1, 0.1]), units='height', vertices=ndarray(...), win=Window(...), windingRule=None)
11.9018 	EXP 	Created text_2 = TextStim(__class__=<class 'psychopy.visual.text.TextStim'>, alignHoriz=method-wrapper(...), alignText='center', alignVert=method-wrapper(...), anchorHoriz='center', anchorVert='center', antialias=True, autoLog=True, bold=False, color=array([-1., -1., -1.]), colorSpace='rgb', contrast=1.0, depth=0.0, flipHoriz=False, flipVert=False, font='Open Sans', fontFiles=[], height=0.1, italic=False, languageStyle='LTR', name='text_2', opacity=1, ori=0.0, pos=array([0., 0.]), rgb=UNKNOWN, text=str(...), units='height', win=Window(...), wrapWidth=1)
12.0557 	EXP 	text: autoDraw = True
26.8224 	DATA 	Keypress: 1
26.8229 	EXP 	text: autoDraw = False
26.8229 	EXP 	polygon_2: autoDraw = True
27.0389 	DATA 	Keypress: 1
45.8630 	DATA 	Keypress: s
45.8636 	DATA 	Keypress: s
45.8768 	EXP 	polygon_2: autoDraw = False
45.8768 	EXP 	text_6: autoDraw = True
45.8768 	EXP 	polygon_5: autoDraw = True
48.8792 	EXP 	Imported Recall.xlsx as conditions, 15 conditions, 8 params
48.8798 	EXP 	Created sequence: random, trialTypes=15, nReps=1, seed=None
48.8801 	EXP 	New trial (rep=0, index=0): {'Task': 'recall_names', 'corrAns': 2, 'StimFile': 'Images_Faces/O10.jpg', 'Name': 'Jan', 'Proffession': 0, 'Letter1': 'E.', 'Letter2': 'J.', 'Letter3': 'P.'}
48.9231 	EXP 	text_6: autoDraw = False
48.9231 	EXP 	polygon_5: autoDraw = False
48.9231 	EXP 	image: image = 'Images_Faces/O10.jpg'
48.9231 	EXP 	text_4: text = 'E.\t\t\t\t\t\tJ.\t\t\t\t\t\tP.'
48.9231 	EXP 	image: autoDraw = True
48.9231 	EXP 	text_4: autoDraw = True
51.3074 	DATA 	Keypress: 1
51.5734 	DATA 	Keypress: 1
52.9155 	EXP 	image: autoDraw = False
52.9155 	EXP 	text_4: autoDraw = False
52.9155 	EXP 	Circle: image = 'Circle.png'
52.9155 	EXP 	polygon_4: autoDraw = True
54.4180 	EXP 	Circle: autoDraw = True
55.4265 	EXP 	Circle: autoDraw = False
55.7165 	DATA 	Keypress: 2
55.9819 	DATA 	Keypress: 2
56.9122 	EXP 	New trial (rep=0, index=1): {'Task': 'recall_names', 'corrAns': 3, 'StimFile': 'Images_Faces/O5.jpg', 'Name': 'Per', 'Proffession': 0, 'Letter1': 'A.', 'Letter2': 'B.', 'Letter3': 'P.'}
56.9324 	EXP 	polygon_4: autoDraw = False
56.9324 	EXP 	polygon_4: autoDraw = False
56.9324 	EXP 	Circle: autoDraw = False
56.9324 	EXP 	image: image = 'Images_Faces/O5.jpg'
56.9324 	EXP 	text_4: text = 'A.\t\t\t\t\t\tB.\t\t\t\t\t\tP.'
56.9324 	EXP 	image: autoDraw = True
56.9324 	EXP 	text_4: autoDraw = True
57.8489 	DATA 	Keypress: 1
58.0743 	DATA 	Keypress: 1
60.9325 	EXP 	image: autoDraw = False
60.9325 	EXP 	text_4: autoDraw = False
60.9325 	EXP 	Circle: image = 'Circle.png'
60.9325 	EXP 	polygon_4: autoDraw = True
63.3017 	EXP 	Circle: autoDraw = True
64.3100 	EXP 	Circle: autoDraw = False
66.6789 	EXP 	New trial (rep=0, index=2): {'Task': 'recall_names', 'corrAns': 1, 'StimFile': 'Images_Faces/O11.jpg', 'Name': 'Gustav', 'Proffession': 0, 'Letter1': 'G.', 'Letter2': 'M.', 'Letter3': 'S.'}
66.6991 	EXP 	polygon_4: autoDraw = False
66.6991 	EXP 	polygon_4: autoDraw = False
66.6991 	EXP 	Circle: autoDraw = False
66.6991 	EXP 	image: image = 'Images_Faces/O11.jpg'
66.6991 	EXP 	text_4: text = 'G.\t\t\t\t\t\tM.\t\t\t\t\t\tS.'
66.6991 	EXP 	image: autoDraw = True
66.6991 	EXP 	text_4: autoDraw = True
67.3222 	DATA 	Keypress: 2
67.6070 	DATA 	Keypress: 2
69.1646 	DATA 	Keypress: esc
69.3257 	EXP 	window1: mouseVisible = True
